You chose Namespace(Beta=300.0, Lambda=30000.0, Rho=10.0)
(60000, 784)
(60000, 1)
59
(29404, 784)
(29404, 1)
Total time for obtaining data = 1.06001
Cost before minimization: 342.574
Global step: 50
Global step: 100
Global step: 150
Global step: 200
  status: 0
 success: True
    nfev: 238
     fun: 11.927491006605202
       x: array([ -5.33465275e-04,  -1.91178607e-04,   1.47328886e-04, ...,
        -4.76828704e+00,  -4.77639732e+00,  -4.77532563e+00])
 message: 'CONVERGENCE: REL_REDUCTION_OF_F_<=_FACTR*EPSMCH'
     jac: array([ -1.60039582e-06,  -5.73535822e-07,   4.41986659e-07, ...,
         6.57964583e-05,   6.49217580e-05,   6.49779197e-05])
     nit: 227
Cost after minimization: 11.9275
Total time for minimization = 2440.72
