(1000, 784)
(1000, 1)
59
(490, 784)
Cost before minimization: 320.801
Global step: 50
Global step: 100
Global step: 150
Global step: 200
Global step: 250
Global step: 300
Global step: 350
Global step: 400
Global step: 450
Global step: 500
Global step: 550
Global step: 600
Global step: 650
Global step: 700
Global step: 750
Global step: 800
Global step: 850
Global step: 900
Global step: 950
Global step: 1000
Global step: 1050
Global step: 1100
Global step: 1150
Global step: 1200
Global step: 1250
Global step: 1300
Global step: 1350
Global step: 1400
Global step: 1450
Global step: 1500
Global step: 1550
Global step: 1600
Global step: 1650
Global step: 1700
Global step: 1750
Global step: 1800
Global step: 1850
Global step: 1900
Global step: 1950
Global step: 2000
Global step: 2050
Global step: 2100
Global step: 2150
Global step: 2200
Global step: 2250
Global step: 2300
Global step: 2350
Cost after minimization: 9.70832
