Using TensorFlow backend.
Loading images...
Finished.
Grabbing more features...
Finished.
[ 0.  0.  0.  0.  0.  0.  0.  0.  0.  0.  0.  0.  0.  0.  0.  0.  0.  0.
  0.  0.  0.  0.  0.  0.  0.  0.  0.  0.  0.  0.  0.  0.  0.  0.  0.  0.
  0.  0.  0.  0.  0.  0.  0.  0.  0.  0.  0.  0.  0.  0.  0.  0.  0.  0.
  0.  0.  0.  0.  0.  0.  0.  0.  0.  0.  0.  0.  0.  0.  0.  0.  0.  0.
  0.  0.  0.  0.  0.  0.  0.  0.  0.  0.  0.  0.  0.  0.  0.  0.  0.  0.
  0.  0.  0.  0.  0.  0.  0.  0.  0.]


0


[ 0.  0.  0.  0.  0.  0.  0.  0.  0.  0.  0.  0.  0.  0.  0.  0.  0.  0.
  0.  0.  0.  0.  0.  0.  0.  0.  0.  0.  0.  0.  0.  0.  0.  0.  0.  0.
  0.  0.  0.  0.  0.  0.  0.  0.  0.  0.  0.  0.  0.  0.  0.  0.  0.  0.
  0.  0.  0.  0.  0.  0.  0.  0.  0.  0.  0.  0.  0.  0.  0.  0.  0.  0.
  0.  0.  0.  0.  0.  0.  0.  0.  0.  0.  0.  0.  0.  0.  0.  0.  0.  0.
  0.  0.  0.  0.  0.  0.  0.  0.  0.]


0
/users/PAS1383/osu10173/.conda/envs/local/lib/python2.7/site-packages/keras/preprocessing/image.py:648: UserWarning: Expected input to be images (as Numpy array) following the data format convention "channels_last" (channels on axis 3), i.e. expected either 1, 3 or 4 channels on axis 3. However, it was passed an array with shape (990, 50, 50, 1) (1 channels).
  ' (' + str(x.shape[self.channel_axis]) + ' channels).')
(9900, 1)
(9900, 50, 50, 1)
(594, 50, 50, 1)
Applying PCA...
Number of components for PCA: 30
[t-SNE] Computing 121 nearest neighbors...
[t-SNE] Indexed 10494 samples in 0.028s...
[t-SNE] Computed neighbors for 10494 samples in 4.924s...
[t-SNE] Computed conditional probabilities for sample 1000 / 10494
[t-SNE] Computed conditional probabilities for sample 2000 / 10494
[t-SNE] Computed conditional probabilities for sample 3000 / 10494
[t-SNE] Computed conditional probabilities for sample 4000 / 10494
[t-SNE] Computed conditional probabilities for sample 5000 / 10494
[t-SNE] Computed conditional probabilities for sample 6000 / 10494
[t-SNE] Computed conditional probabilities for sample 7000 / 10494
[t-SNE] Computed conditional probabilities for sample 8000 / 10494
[t-SNE] Computed conditional probabilities for sample 9000 / 10494
[t-SNE] Computed conditional probabilities for sample 10000 / 10494
[t-SNE] Computed conditional probabilities for sample 10494 / 10494
[t-SNE] Mean sigma: 2.505501
[t-SNE] KL divergence after 250 iterations with early exaggeration: 74.171417
[t-SNE] Error after 1000 iterations: 1.010750
Finished.
Training...
Using the combined network fit.
2018-08-10 09:34:41.550027: W tensorflow/core/platform/cpu_feature_guard.cc:45] The TensorFlow library wasn't compiled to use SSE4.1 instructions, but these are available on your machine and could speed up CPU computations.
2018-08-10 09:34:41.550529: W tensorflow/core/platform/cpu_feature_guard.cc:45] The TensorFlow library wasn't compiled to use SSE4.2 instructions, but these are available on your machine and could speed up CPU computations.
Epoch 00000: val_loss improved from inf to 0.01921, saving model to bestWeights2.hdf5
Epoch 00001: val_loss improved from 0.01921 to 0.00237, saving model to bestWeights2.hdf5
Epoch 00002: val_loss improved from 0.00237 to 0.00196, saving model to bestWeights2.hdf5
Epoch 00003: val_loss improved from 0.00196 to 0.00045, saving model to bestWeights2.hdf5
Epoch 00004: val_loss improved from 0.00045 to 0.00037, saving model to bestWeights2.hdf5
Epoch 00005: val_loss improved from 0.00037 to 0.00036, saving model to bestWeights2.hdf5
Epoch 00006: val_loss improved from 0.00036 to 0.00019, saving model to bestWeights2.hdf5
Epoch 00007: val_loss improved from 0.00019 to 0.00017, saving model to bestWeights2.hdf5
Epoch 00008: val_loss improved from 0.00017 to 0.00014, saving model to bestWeights2.hdf5
Epoch 00009: val_loss improved from 0.00014 to 0.00011, saving model to bestWeights2.hdf5
Epoch 00010: val_loss improved from 0.00011 to 0.00007, saving model to bestWeights2.hdf5
Epoch 00011: val_loss did not improve
Epoch 00012: val_loss improved from 0.00007 to 0.00005, saving model to bestWeights2.hdf5
Epoch 00013: val_loss did not improve
Epoch 00014: val_loss improved from 0.00005 to 0.00003, saving model to bestWeights2.hdf5
Epoch 00015: val_loss improved from 0.00003 to 0.00003, saving model to bestWeights2.hdf5
Epoch 00016: val_loss improved from 0.00003 to 0.00003, saving model to bestWeights2.hdf5
Epoch 00017: val_loss improved from 0.00003 to 0.00002, saving model to bestWeights2.hdf5
Epoch 00018: val_loss did not improve
Epoch 00019: val_loss improved from 0.00002 to 0.00001, saving model to bestWeights2.hdf5
Epoch 00020: val_loss did not improve
Epoch 00021: val_loss did not improve
Epoch 00022: val_loss did not improve
Epoch 00023: val_loss improved from 0.00001 to 0.00001, saving model to bestWeights2.hdf5
Epoch 00024: val_loss did not improve
Epoch 00025: val_loss did not improve
Epoch 00026: val_loss improved from 0.00001 to 0.00001, saving model to bestWeights2.hdf5
Epoch 00027: val_loss did not improve
Epoch 00028: val_loss did not improve
Epoch 00029: val_loss did not improve
Epoch 00030: val_loss improved from 0.00001 to 0.00001, saving model to bestWeights2.hdf5
Epoch 00031: val_loss did not improve
Epoch 00032: val_loss improved from 0.00001 to 0.00001, saving model to bestWeights2.hdf5
Epoch 00033: val_loss improved from 0.00001 to 0.00001, saving model to bestWeights2.hdf5
Epoch 00034: val_loss did not improve
Epoch 00035: val_loss did not improve
Epoch 00036: val_loss improved from 0.00001 to 0.00001, saving model to bestWeights2.hdf5
Epoch 00037: val_loss improved from 0.00001 to 0.00001, saving model to bestWeights2.hdf5
Epoch 00038: val_loss improved from 0.00001 to 0.00001, saving model to bestWeights2.hdf5
Epoch 00039: val_loss improved from 0.00001 to 0.00001, saving model to bestWeights2.hdf5
Epoch 00040: val_loss did not improve
Epoch 00041: val_loss did not improve
Epoch 00042: val_loss did not improve
Epoch 00043: val_loss did not improve
Epoch 00044: val_loss did not improve
Epoch 00045: val_loss did not improve
Epoch 00046: val_loss improved from 0.00001 to 0.00001, saving model to bestWeights2.hdf5
Epoch 00047: val_loss did not improve
Epoch 00048: val_loss improved from 0.00001 to 0.00001, saving model to bestWeights2.hdf5
Epoch 00049: val_loss did not improve
Epoch 00050: val_loss improved from 0.00001 to 0.00001, saving model to bestWeights2.hdf5
Epoch 00051: val_loss did not improve
Epoch 00052: val_loss did not improve
Epoch 00053: val_loss did not improve
Epoch 00054: val_loss improved from 0.00001 to 0.00001, saving model to bestWeights2.hdf5
Epoch 00055: val_loss did not improve
Epoch 00056: val_loss improved from 0.00001 to 0.00001, saving model to bestWeights2.hdf5
Epoch 00057: val_loss did not improve
Epoch 00058: val_loss did not improve
Epoch 00059: val_loss improved from 0.00001 to 0.00001, saving model to bestWeights2.hdf5
Epoch 00060: val_loss improved from 0.00001 to 0.00001, saving model to bestWeights2.hdf5
Epoch 00061: val_loss improved from 0.00001 to 0.00001, saving model to bestWeights2.hdf5
Epoch 00062: val_loss improved from 0.00001 to 0.00001, saving model to bestWeights2.hdf5
Epoch 00063: val_loss improved from 0.00001 to 0.00001, saving model to bestWeights2.hdf5
Epoch 00064: val_loss did not improve
Epoch 00065: val_loss did not improve
Epoch 00066: val_loss improved from 0.00001 to 0.00001, saving model to bestWeights2.hdf5
Epoch 00067: val_loss improved from 0.00001 to 0.00001, saving model to bestWeights2.hdf5
Epoch 00068: val_loss improved from 0.00001 to 0.00001, saving model to bestWeights2.hdf5
Epoch 00069: val_loss improved from 0.00001 to 0.00001, saving model to bestWeights2.hdf5
Epoch 00070: val_loss improved from 0.00001 to 0.00001, saving model to bestWeights2.hdf5
Epoch 00071: val_loss improved from 0.00001 to 0.00001, saving model to bestWeights2.hdf5
Epoch 00072: val_loss improved from 0.00001 to 0.00001, saving model to bestWeights2.hdf5
Epoch 00073: val_loss improved from 0.00001 to 0.00001, saving model to bestWeights2.hdf5
Epoch 00074: val_loss improved from 0.00001 to 0.00001, saving model to bestWeights2.hdf5
Epoch 00075: val_loss improved from 0.00001 to 0.00001, saving model to bestWeights2.hdf5
Epoch 00076: val_loss did not improve
Epoch 00077: val_loss improved from 0.00001 to 0.00001, saving model to bestWeights2.hdf5
Epoch 00078: val_loss improved from 0.00001 to 0.00001, saving model to bestWeights2.hdf5
Epoch 00079: val_loss improved from 0.00001 to 0.00001, saving model to bestWeights2.hdf5
Epoch 00080: val_loss improved from 0.00001 to 0.00001, saving model to bestWeights2.hdf5
Epoch 00081: val_loss did not improve
Epoch 00082: val_loss improved from 0.00001 to 0.00001, saving model to bestWeights2.hdf5
Epoch 00083: val_loss improved from 0.00001 to 0.00001, saving model to bestWeights2.hdf5
Epoch 00084: val_loss improved from 0.00001 to 0.00001, saving model to bestWeights2.hdf5
Epoch 00085: val_loss improved from 0.00001 to 0.00001, saving model to bestWeights2.hdf5
Epoch 00086: val_loss did not improve
Epoch 00087: val_loss did not improve
Epoch 00088: val_loss did not improve
Epoch 00089: val_loss did not improve
Epoch 00090: val_loss did not improve
Epoch 00091: val_loss did not improve
Epoch 00092: val_loss did not improve
Epoch 00093: val_loss did not improve
Epoch 00094: val_loss did not improve
Epoch 00095: val_loss did not improve
Epoch 00096: val_loss improved from 0.00001 to 0.00001, saving model to bestWeights2.hdf5
Epoch 00097: val_loss improved from 0.00001 to 0.00001, saving model to bestWeights2.hdf5
Epoch 00098: val_loss did not improve
Epoch 00099: val_loss improved from 0.00001 to 0.00001, saving model to bestWeights2.hdf5
Epoch 00100: val_loss improved from 0.00001 to 0.00001, saving model to bestWeights2.hdf5
Epoch 00101: val_loss did not improve
Epoch 00102: val_loss did not improve
Epoch 00103: val_loss did not improve
Epoch 00104: val_loss did not improve
Epoch 00105: val_loss did not improve
Epoch 00106: val_loss did not improve
Epoch 00107: val_loss did not improve
Epoch 00108: val_loss did not improve
Epoch 00109: val_loss did not improve
Epoch 00110: val_loss did not improve
Epoch 00111: val_loss did not improve
Epoch 00112: val_loss did not improve
Epoch 00113: val_loss did not improve
Epoch 00114: val_loss did not improve
Epoch 00115: val_loss did not improve
Epoch 00116: val_loss did not improve
Epoch 00117: val_loss did not improve
Epoch 00118: val_loss did not improve
Epoch 00119: val_loss did not improve
Epoch 00120: val_loss did not improve
Epoch 00121: val_loss did not improve
Epoch 00122: val_loss did not improve
Epoch 00123: val_loss did not improve
Epoch 00124: val_loss did not improve
Epoch 00125: val_loss did not improve
Epoch 00126: val_loss did not improve
Epoch 00127: val_loss did not improve
Epoch 00128: val_loss did not improve
Epoch 00129: val_loss did not improve
Epoch 00130: val_loss did not improve
Epoch 00131: val_loss did not improve
Epoch 00132: val_loss did not improve
Epoch 00133: val_loss did not improve
Epoch 00134: val_loss did not improve
Epoch 00135: val_loss did not improve
Epoch 00136: val_loss did not improve
Epoch 00137: val_loss did not improve
Epoch 00138: val_loss did not improve
Epoch 00139: val_loss did not improve
Epoch 00140: val_loss did not improve
Epoch 00141: val_loss did not improve
Epoch 00142: val_loss did not improve
Epoch 00143: val_loss did not improve
Epoch 00144: val_loss did not improve
Epoch 00145: val_loss did not improve
Epoch 00146: val_loss did not improve
Epoch 00147: val_loss did not improve
Epoch 00148: val_loss did not improve
Epoch 00149: val_loss did not improve
Epoch 00150: val_loss did not improve
Epoch 00151: val_loss did not improve
Epoch 00152: val_loss did not improve
Epoch 00153: val_loss did not improve
Epoch 00154: val_loss did not improve
Epoch 00155: val_loss did not improve
Epoch 00156: val_loss did not improve
Epoch 00157: val_loss did not improve
Epoch 00158: val_loss did not improve
Epoch 00159: val_loss did not improve
Epoch 00160: val_loss did not improve
Epoch 00161: val_loss did not improve
Epoch 00162: val_loss did not improve
Epoch 00163: val_loss did not improve
Epoch 00164: val_loss did not improve
Epoch 00165: val_loss did not improve
Epoch 00166: val_loss did not improve
Epoch 00167: val_loss did not improve
Epoch 00168: val_loss did not improve
Epoch 00169: val_loss did not improve
Epoch 00170: val_loss did not improve
Epoch 00171: val_loss did not improve
Epoch 00172: val_loss did not improve
Epoch 00173: val_loss did not improve
Epoch 00174: val_loss did not improve
Epoch 00175: val_loss did not improve
Epoch 00176: val_loss did not improve
Epoch 00177: val_loss did not improve
Epoch 00178: val_loss did not improve
Epoch 00179: val_loss did not improve
Epoch 00180: val_loss did not improve
Epoch 00181: val_loss did not improve
Epoch 00182: val_loss did not improve
Epoch 00183: val_loss did not improve
Epoch 00184: val_loss did not improve
Epoch 00185: val_loss did not improve
Epoch 00186: val_loss did not improve
Epoch 00187: val_loss did not improve
Epoch 00188: val_loss did not improve
Epoch 00189: val_loss did not improve
Epoch 00190: val_loss did not improve
Epoch 00191: val_loss did not improve
Epoch 00192: val_loss did not improve
Epoch 00193: val_loss did not improve
Epoch 00194: val_loss did not improve
Epoch 00195: val_loss did not improve
Epoch 00196: val_loss did not improve
Epoch 00197: val_loss did not improve
Epoch 00198: val_loss did not improve
Epoch 00199: val_loss did not improve
Epoch 00200: val_loss did not improve
Epoch 00201: val_loss did not improve
Epoch 00202: val_loss did not improve
Epoch 00203: val_loss did not improve
Epoch 00204: val_loss did not improve
Epoch 00205: val_loss did not improve
Epoch 00206: val_loss did not improve
Epoch 00207: val_loss did not improve
Epoch 00208: val_loss did not improve
Epoch 00209: val_loss did not improve
Epoch 00210: val_loss did not improve
Epoch 00211: val_loss did not improve
Epoch 00212: val_loss did not improve
Epoch 00213: val_loss did not improve
Epoch 00214: val_loss did not improve
Epoch 00215: val_loss did not improve
Epoch 00216: val_loss did not improve
Epoch 00217: val_loss did not improve
Epoch 00218: val_loss did not improve
Epoch 00219: val_loss did not improve
Epoch 00220: val_loss did not improve
Epoch 00221: val_loss did not improve
Epoch 00222: val_loss did not improve
Epoch 00223: val_loss did not improve
Epoch 00224: val_loss did not improve
Epoch 00225: val_loss did not improve
Epoch 00226: val_loss did not improve
Epoch 00227: val_loss did not improve
Epoch 00228: val_loss did not improve
Epoch 00229: val_loss did not improve
Epoch 00230: val_loss did not improve
Epoch 00231: val_loss did not improve
Epoch 00232: val_loss did not improve
Epoch 00233: val_loss did not improve
Epoch 00234: val_loss did not improve
Epoch 00235: val_loss did not improve
Epoch 00236: val_loss did not improve
Epoch 00237: val_loss did not improve
Epoch 00238: val_loss did not improve
Epoch 00239: val_loss did not improve
Epoch 00240: val_loss did not improve
Epoch 00241: val_loss did not improve
Epoch 00242: val_loss did not improve
Epoch 00243: val_loss did not improve
Epoch 00244: val_loss did not improve
Epoch 00245: val_loss did not improve
Epoch 00246: val_loss did not improve
Epoch 00247: val_loss did not improve
Epoch 00248: val_loss did not improve
Epoch 00249: val_loss did not improve
loss: 5.9476e-06
Training...
Using the combined network fit.
Epoch 00000: val_loss improved from inf to 0.01275, saving model to bestWeights2.hdf5
Epoch 00001: val_loss improved from 0.01275 to 0.00266, saving model to bestWeights2.hdf5
Epoch 00002: val_loss improved from 0.00266 to 0.00138, saving model to bestWeights2.hdf5
Epoch 00003: val_loss improved from 0.00138 to 0.00068, saving model to bestWeights2.hdf5
Epoch 00004: val_loss improved from 0.00068 to 0.00039, saving model to bestWeights2.hdf5
Epoch 00005: val_loss improved from 0.00039 to 0.00028, saving model to bestWeights2.hdf5
Epoch 00006: val_loss improved from 0.00028 to 0.00015, saving model to bestWeights2.hdf5
Epoch 00007: val_loss improved from 0.00015 to 0.00010, saving model to bestWeights2.hdf5
Epoch 00008: val_loss did not improve
Epoch 00009: val_loss improved from 0.00010 to 0.00006, saving model to bestWeights2.hdf5
Epoch 00010: val_loss did not improve
Epoch 00011: val_loss did not improve
Epoch 00012: val_loss improved from 0.00006 to 0.00003, saving model to bestWeights2.hdf5
Epoch 00013: val_loss did not improve
Epoch 00014: val_loss did not improve
Epoch 00015: val_loss did not improve
Epoch 00016: val_loss improved from 0.00003 to 0.00002, saving model to bestWeights2.hdf5
Epoch 00017: val_loss improved from 0.00002 to 0.00002, saving model to bestWeights2.hdf5
Epoch 00018: val_loss did not improve
Epoch 00019: val_loss improved from 0.00002 to 0.00001, saving model to bestWeights2.hdf5
Epoch 00020: val_loss did not improve
Epoch 00021: val_loss did not improve
Epoch 00022: val_loss did not improve
Epoch 00023: val_loss improved from 0.00001 to 0.00001, saving model to bestWeights2.hdf5
Epoch 00024: val_loss improved from 0.00001 to 0.00001, saving model to bestWeights2.hdf5
Epoch 00025: val_loss did not improve
Epoch 00026: val_loss improved from 0.00001 to 0.00001, saving model to bestWeights2.hdf5
Epoch 00027: val_loss did not improve
Epoch 00028: val_loss did not improve
Epoch 00029: val_loss did not improve
Epoch 00030: val_loss did not improve
Epoch 00031: val_loss improved from 0.00001 to 0.00001, saving model to bestWeights2.hdf5
Epoch 00032: val_loss improved from 0.00001 to 0.00001, saving model to bestWeights2.hdf5
Epoch 00033: val_loss did not improve
Epoch 00034: val_loss did not improve
Epoch 00035: val_loss did not improve
Epoch 00036: val_loss did not improve
Epoch 00037: val_loss improved from 0.00001 to 0.00001, saving model to bestWeights2.hdf5
Epoch 00038: val_loss improved from 0.00001 to 0.00001, saving model to bestWeights2.hdf5
Epoch 00039: val_loss did not improve
Epoch 00040: val_loss improved from 0.00001 to 0.00001, saving model to bestWeights2.hdf5
Epoch 00041: val_loss improved from 0.00001 to 0.00000, saving model to bestWeights2.hdf5
Epoch 00042: val_loss improved from 0.00000 to 0.00000, saving model to bestWeights2.hdf5
Epoch 00043: val_loss improved from 0.00000 to 0.00000, saving model to bestWeights2.hdf5
Epoch 00044: val_loss improved from 0.00000 to 0.00000, saving model to bestWeights2.hdf5
Epoch 00045: val_loss did not improve
Epoch 00046: val_loss did not improve
Epoch 00047: val_loss did not improve
Epoch 00048: val_loss did not improve
Epoch 00049: val_loss improved from 0.00000 to 0.00000, saving model to bestWeights2.hdf5
Epoch 00050: val_loss improved from 0.00000 to 0.00000, saving model to bestWeights2.hdf5
Epoch 00051: val_loss improved from 0.00000 to 0.00000, saving model to bestWeights2.hdf5
Epoch 00052: val_loss did not improve
Epoch 00053: val_loss did not improve
Epoch 00054: val_loss did not improve
Epoch 00055: val_loss did not improve
Epoch 00056: val_loss did not improve
Epoch 00057: val_loss did not improve
Epoch 00058: val_loss did not improve
Epoch 00059: val_loss did not improve
Epoch 00060: val_loss did not improve
Epoch 00061: val_loss did not improve
Epoch 00062: val_loss did not improve
Epoch 00063: val_loss improved from 0.00000 to 0.00000, saving model to bestWeights2.hdf5
Epoch 00064: val_loss improved from 0.00000 to 0.00000, saving model to bestWeights2.hdf5
Epoch 00065: val_loss improved from 0.00000 to 0.00000, saving model to bestWeights2.hdf5
Epoch 00066: val_loss did not improve
Epoch 00067: val_loss did not improve
Epoch 00068: val_loss did not improve
Epoch 00069: val_loss did not improve
Epoch 00070: val_loss improved from 0.00000 to 0.00000, saving model to bestWeights2.hdf5
Epoch 00071: val_loss improved from 0.00000 to 0.00000, saving model to bestWeights2.hdf5
Epoch 00072: val_loss improved from 0.00000 to 0.00000, saving model to bestWeights2.hdf5
Epoch 00073: val_loss did not improve
Epoch 00074: val_loss did not improve
Epoch 00075: val_loss did not improve
Epoch 00076: val_loss did not improve
Epoch 00077: val_loss did not improve
Epoch 00078: val_loss did not improve
Epoch 00079: val_loss did not improve
