Using TensorFlow backend.
Loading images...
Finished.
Grabbing more features...
Finished.
Applying PCA...
Number of components for PCA: 30
Finished.
Training...
Using the combined network fit.
2018-08-02 16:10:01.066081: W tensorflow/core/platform/cpu_feature_guard.cc:45] The TensorFlow library wasn't compiled to use SSE4.1 instructions, but these are available on your machine and could speed up CPU computations.
2018-08-02 16:10:01.066109: W tensorflow/core/platform/cpu_feature_guard.cc:45] The TensorFlow library wasn't compiled to use SSE4.2 instructions, but these are available on your machine and could speed up CPU computations.
Epoch 00000: val_loss improved from inf to 3.25083, saving model to bestWeights.hdf5
Epoch 00001: val_loss improved from 3.25083 to 1.24351, saving model to bestWeights.hdf5
Epoch 00002: val_loss improved from 1.24351 to 0.49578, saving model to bestWeights.hdf5
Epoch 00003: val_loss improved from 0.49578 to 0.32261, saving model to bestWeights.hdf5
Epoch 00004: val_loss improved from 0.32261 to 0.21247, saving model to bestWeights.hdf5
Epoch 00005: val_loss improved from 0.21247 to 0.12174, saving model to bestWeights.hdf5
Epoch 00006: val_loss did not improve
Epoch 00007: val_loss improved from 0.12174 to 0.11089, saving model to bestWeights.hdf5
Epoch 00008: val_loss improved from 0.11089 to 0.08196, saving model to bestWeights.hdf5
Epoch 00009: val_loss improved from 0.08196 to 0.06553, saving model to bestWeights.hdf5
Epoch 00010: val_loss improved from 0.06553 to 0.06171, saving model to bestWeights.hdf5
Epoch 00011: val_loss improved from 0.06171 to 0.05865, saving model to bestWeights.hdf5
Epoch 00012: val_loss did not improve
Epoch 00013: val_loss did not improve
Epoch 00014: val_loss did not improve
Epoch 00015: val_loss improved from 0.05865 to 0.05353, saving model to bestWeights.hdf5
Epoch 00016: val_loss improved from 0.05353 to 0.04744, saving model to bestWeights.hdf5
Epoch 00017: val_loss improved from 0.04744 to 0.04598, saving model to bestWeights.hdf5
Epoch 00018: val_loss improved from 0.04598 to 0.04508, saving model to bestWeights.hdf5
Epoch 00019: val_loss improved from 0.04508 to 0.03928, saving model to bestWeights.hdf5
Epoch 00020: val_loss did not improve
Epoch 00021: val_loss did not improve
Epoch 00022: val_loss did not improve
Epoch 00023: val_loss did not improve
Epoch 00024: val_loss did not improve
Epoch 00025: val_loss did not improve
Epoch 00026: val_loss did not improve
Epoch 00027: val_loss did not improve
Epoch 00028: val_loss did not improve
Epoch 00029: val_loss improved from 0.03928 to 0.03631, saving model to bestWeights.hdf5
Epoch 00030: val_loss did not improve
Epoch 00031: val_loss did not improve
Epoch 00032: val_loss did not improve
Epoch 00033: val_loss did not improve
Epoch 00034: val_loss did not improve
Epoch 00035: val_loss improved from 0.03631 to 0.02627, saving model to bestWeights.hdf5
Epoch 00036: val_loss did not improve
Epoch 00037: val_loss improved from 0.02627 to 0.02609, saving model to bestWeights.hdf5
Epoch 00038: val_loss did not improve
Epoch 00039: val_loss did not improve
Epoch 00040: val_loss did not improve
Epoch 00041: val_loss did not improve
Epoch 00042: val_loss did not improve
Epoch 00043: val_loss did not improve
Epoch 00044: val_loss did not improve
Epoch 00045: val_loss did not improve
Epoch 00046: val_loss improved from 0.02609 to 0.02410, saving model to bestWeights.hdf5
Epoch 00047: val_loss did not improve
Epoch 00048: val_loss did not improve
Epoch 00049: val_loss did not improve
Epoch 00050: val_loss improved from 0.02410 to 0.02381, saving model to bestWeights.hdf5
Epoch 00051: val_loss did not improve
Epoch 00052: val_loss did not improve
Epoch 00053: val_loss did not improve
Epoch 00054: val_loss did not improve
Epoch 00055: val_loss did not improve
Epoch 00056: val_loss did not improve
Epoch 00057: val_loss did not improve
Epoch 00058: val_loss did not improve
Epoch 00059: val_loss improved from 0.02381 to 0.01724, saving model to bestWeights.hdf5
Epoch 00060: val_loss did not improve
Epoch 00061: val_loss did not improve
Epoch 00062: val_loss improved from 0.01724 to 0.01426, saving model to bestWeights.hdf5
Epoch 00063: val_loss improved from 0.01426 to 0.01332, saving model to bestWeights.hdf5
Epoch 00064: val_loss improved from 0.01332 to 0.01315, saving model to bestWeights.hdf5
Epoch 00065: val_loss did not improve
Epoch 00066: val_loss did not improve
Epoch 00067: val_loss did not improve
Epoch 00068: val_loss did not improve
Epoch 00069: val_loss did not improve
Epoch 00070: val_loss did not improve
Epoch 00071: val_loss did not improve
Epoch 00072: val_loss did not improve
Epoch 00073: val_loss did not improve
Epoch 00074: val_loss did not improve
Epoch 00075: val_loss did not improve
Epoch 00076: val_loss did not improve
Epoch 00077: val_loss did not improve
Epoch 00078: val_loss did not improve
Epoch 00079: val_loss did not improve
Epoch 00080: val_loss did not improve
Epoch 00081: val_loss did not improve
Epoch 00082: val_loss did not improve
Epoch 00083: val_loss did not improve
Epoch 00084: val_loss did not improve
Epoch 00085: val_loss did not improve
Epoch 00086: val_loss did not improve
Epoch 00087: val_loss did not improve
Epoch 00088: val_loss did not improve
Epoch 00089: val_loss did not improve
Epoch 00090: val_loss did not improve
Epoch 00091: val_loss did not improve
Epoch 00092: val_loss did not improve
Epoch 00093: val_loss did not improve
Epoch 00094: val_loss did not improve
Epoch 00095: val_loss did not improve
Epoch 00096: val_loss did not improve
Epoch 00097: val_loss did not improve
Epoch 00098: val_loss did not improve
Epoch 00099: val_loss did not improve
Epoch 00100: val_loss did not improve
Epoch 00101: val_loss did not improve
Epoch 00102: val_loss did not improve
Epoch 00103: val_loss did not improve
Epoch 00104: val_loss did not improve
Epoch 00105: val_loss did not improve
Epoch 00106: val_loss did not improve
Epoch 00107: val_loss did not improve
Epoch 00108: val_loss did not improve
Epoch 00109: val_loss did not improve
Epoch 00110: val_loss did not improve
Epoch 00111: val_loss did not improve
Epoch 00112: val_loss did not improve
Epoch 00113: val_loss did not improve
Epoch 00114: val_loss did not improve
Epoch 00115: val_loss did not improve
Epoch 00116: val_loss did not improve
Epoch 00117: val_loss did not improve
Epoch 00118: val_loss did not improve
Epoch 00119: val_loss did not improve
Epoch 00120: val_loss did not improve
Epoch 00121: val_loss did not improve
Epoch 00122: val_loss did not improve
Epoch 00123: val_loss did not improve
Epoch 00124: val_loss did not improve
Epoch 00125: val_loss did not improve
Epoch 00126: val_loss did not improve
Epoch 00127: val_loss did not improve
Epoch 00128: val_loss did not improve
Epoch 00129: val_loss did not improve
Epoch 00130: val_loss did not improve
Epoch 00131: val_loss did not improve
Epoch 00132: val_loss did not improve
Epoch 00133: val_loss did not improve
Epoch 00134: val_loss did not improve
Epoch 00135: val_loss did not improve
Epoch 00136: val_loss did not improve
Epoch 00137: val_loss did not improve
Epoch 00138: val_loss did not improve
Epoch 00139: val_loss did not improve
Epoch 00140: val_loss did not improve
Epoch 00141: val_loss did not improve
Epoch 00142: val_loss did not improve
Epoch 00143: val_loss did not improve
Epoch 00144: val_loss did not improve
Epoch 00145: val_loss did not improve
Epoch 00146: val_loss did not improve
Epoch 00147: val_loss did not improve
Epoch 00148: val_loss did not improve
Epoch 00149: val_loss did not improve
Epoch 00150: val_loss did not improve
Epoch 00151: val_loss did not improve
Epoch 00152: val_loss did not improve
Epoch 00153: val_loss did not improve
Epoch 00154: val_loss did not improve
Epoch 00155: val_loss did not improve
Epoch 00156: val_loss did not improve
Epoch 00157: val_loss did not improve
Epoch 00158: val_loss did not improve
Epoch 00159: val_loss did not improve
Epoch 00160: val_loss did not improve
Epoch 00161: val_loss did not improve
Epoch 00162: val_loss did not improve
Epoch 00163: val_loss did not improve
Epoch 00164: val_loss did not improve
Epoch 00165: val_loss did not improve
Epoch 00166: val_loss did not improve
Epoch 00167: val_loss did not improve
Epoch 00168: val_loss did not improve
Epoch 00169: val_loss did not improve
Epoch 00170: val_loss did not improve
Epoch 00171: val_loss did not improve
Epoch 00172: val_loss did not improve
Epoch 00173: val_loss did not improve
Epoch 00174: val_loss did not improve
Epoch 00175: val_loss did not improve
Epoch 00176: val_loss did not improve
Epoch 00177: val_loss did not improve
Epoch 00178: val_loss did not improve
Epoch 00179: val_loss did not improve
Epoch 00180: val_loss did not improve
Epoch 00181: val_loss did not improve
Epoch 00182: val_loss did not improve
Epoch 00183: val_loss did not improve
Epoch 00184: val_loss did not improve
Epoch 00185: val_loss did not improve
Epoch 00186: val_loss did not improve
Epoch 00187: val_loss did not improve
Epoch 00188: val_loss did not improve
Epoch 00189: val_loss did not improve
Epoch 00190: val_loss did not improve
Epoch 00191: val_loss did not improve
Epoch 00192: val_loss did not improve
Epoch 00193: val_loss did not improve
Epoch 00194: val_loss did not improve
Epoch 00195: val_loss did not improve
Epoch 00196: val_loss did not improve
Epoch 00197: val_loss did not improve
Epoch 00198: val_loss did not improve
Epoch 00199: val_loss did not improve
Epoch 00200: val_loss did not improve
Epoch 00201: val_loss did not improve
Epoch 00202: val_loss did not improve
Epoch 00203: val_loss did not improve
Epoch 00204: val_loss did not improve
Epoch 00205: val_loss did not improve
Epoch 00206: val_loss did not improve
Epoch 00207: val_loss did not improve
Epoch 00208: val_loss did not improve
Epoch 00209: val_loss did not improve
Epoch 00210: val_loss did not improve
Epoch 00211: val_loss did not improve
Epoch 00212: val_loss did not improve
Epoch 00213: val_loss did not improve
Epoch 00214: val_loss did not improve
Epoch 00215: val_loss did not improve
Epoch 00216: val_loss did not improve
Epoch 00217: val_loss did not improve
Epoch 00218: val_loss did not improve
Epoch 00219: val_loss did not improve
Epoch 00220: val_loss did not improve
Epoch 00221: val_loss did not improve
Epoch 00222: val_loss did not improve
Epoch 00223: val_loss did not improve
Epoch 00224: val_loss did not improve
Epoch 00225: val_loss did not improve
Epoch 00226: val_loss did not improve
Epoch 00227: val_loss did not improve
Epoch 00228: val_loss did not improve
Epoch 00229: val_loss did not improve
Epoch 00230: val_loss did not improve
Epoch 00231: val_loss did not improve
Epoch 00232: val_loss did not improve
Epoch 00233: val_loss did not improve
Epoch 00234: val_loss did not improve
Epoch 00235: val_loss did not improve
Epoch 00236: val_loss did not improve
Epoch 00237: val_loss did not improve
Epoch 00238: val_loss did not improve
Epoch 00239: val_loss did not improve
Epoch 00240: val_loss did not improve
Epoch 00241: val_loss did not improve
Epoch 00242: val_loss did not improve
Epoch 00243: val_loss did not improve
Epoch 00244: val_loss did not improve
Epoch 00245: val_loss did not improve
Epoch 00246: val_loss did not improve
Epoch 00247: val_loss did not improve
Epoch 00248: val_loss did not improve
Epoch 00249: val_loss did not improve
Epoch 00250: val_loss did not improve
Epoch 00251: val_loss did not improve
Epoch 00252: val_loss did not improve
Epoch 00253: val_loss did not improve
Epoch 00254: val_loss did not improve
Epoch 00255: val_loss did not improve
Epoch 00256: val_loss did not improve
Epoch 00257: val_loss did not improve
Epoch 00258: val_loss did not improve
Epoch 00259: val_loss did not improve
Epoch 00260: val_loss did not improve
Epoch 00261: val_loss did not improve
Epoch 00262: val_loss did not improve
Epoch 00263: val_loss did not improve
Epoch 00264: val_loss did not improve
Epoch 00265: val_loss did not improve
Epoch 00266: val_loss did not improve
Epoch 00267: val_loss did not improve
Epoch 00268: val_loss did not improve
Epoch 00269: val_loss did not improve
Epoch 00270: val_loss did not improve
Epoch 00271: val_loss did not improve
Epoch 00272: val_loss did not improve
Epoch 00273: val_loss did not improve
Epoch 00274: val_loss did not improve
Epoch 00275: val_loss did not improve
Epoch 00276: val_loss did not improve
Epoch 00277: val_loss did not improve
Epoch 00278: val_loss did not improve
Epoch 00279: val_loss did not improve
Epoch 00280: val_loss did not improve
Epoch 00281: val_loss did not improve
Epoch 00282: val_loss did not improve
Epoch 00283: val_loss did not improve
Epoch 00284: val_loss did not improve
Epoch 00285: val_loss did not improve
Epoch 00286: val_loss did not improve
Epoch 00287: val_loss did not improve
Epoch 00288: val_loss did not improve
Epoch 00289: val_loss did not improve
Epoch 00290: val_loss did not improve
Epoch 00291: val_loss did not improve
Epoch 00292: val_loss did not improve
Epoch 00293: val_loss did not improve
Epoch 00294: val_loss did not improve
Epoch 00295: val_loss did not improve
Epoch 00296: val_loss did not improve
Epoch 00297: val_loss did not improve
Epoch 00298: val_loss did not improve
Epoch 00299: val_loss did not improve
loss: 0.013145
Training...
Using the combined network fit.
Epoch 00000: val_loss improved from inf to 3.09467, saving model to bestWeights.hdf5
Epoch 00001: val_loss improved from 3.09467 to 1.27651, saving model to bestWeights.hdf5
Epoch 00002: val_loss improved from 1.27651 to 0.38450, saving model to bestWeights.hdf5
Epoch 00003: val_loss improved from 0.38450 to 0.15867, saving model to bestWeights.hdf5
Epoch 00004: val_loss did not improve
Epoch 00005: val_loss improved from 0.15867 to 0.08448, saving model to bestWeights.hdf5
Epoch 00006: val_loss improved from 0.08448 to 0.06079, saving model to bestWeights.hdf5
Epoch 00007: val_loss improved from 0.06079 to 0.05819, saving model to bestWeights.hdf5
Epoch 00008: val_loss did not improve
Epoch 00009: val_loss improved from 0.05819 to 0.04763, saving model to bestWeights.hdf5
Epoch 00010: val_loss did not improve
Epoch 00011: val_loss improved from 0.04763 to 0.04017, saving model to bestWeights.hdf5
Epoch 00012: val_loss improved from 0.04017 to 0.02053, saving model to bestWeights.hdf5
Epoch 00013: val_loss did not improve
Epoch 00014: val_loss improved from 0.02053 to 0.01592, saving model to bestWeights.hdf5
Epoch 00015: val_loss did not improve
Epoch 00016: val_loss did not improve
Epoch 00017: val_loss did not improve
Epoch 00018: val_loss improved from 0.01592 to 0.01287, saving model to bestWeights.hdf5
Epoch 00019: val_loss did not improve
Epoch 00020: val_loss did not improve
Epoch 00021: val_loss did not improve
Epoch 00022: val_loss did not improve
Epoch 00023: val_loss did not improve
Epoch 00024: val_loss did not improve
Epoch 00025: val_loss did not improve
Epoch 00026: val_loss did not improve
Epoch 00027: val_loss did not improve
Epoch 00028: val_loss did not improve
Epoch 00029: val_loss did not improve
Epoch 00030: val_loss did not improve
Epoch 00031: val_loss did not improve
Epoch 00032: val_loss did not improve
Epoch 00033: val_loss improved from 0.01287 to 0.01013, saving model to bestWeights.hdf5
Epoch 00034: val_loss improved from 0.01013 to 0.00902, saving model to bestWeights.hdf5
Epoch 00035: val_loss did not improve
Epoch 00036: val_loss did not improve
Epoch 00037: val_loss did not improve
Epoch 00038: val_loss did not improve
Epoch 00039: val_loss did not improve
Epoch 00040: val_loss did not improve
Epoch 00041: val_loss did not improve
Epoch 00042: val_loss did not improve
Epoch 00043: val_loss did not improve
Epoch 00044: val_loss did not improve
Epoch 00045: val_loss improved from 0.00902 to 0.00646, saving model to bestWeights.hdf5
Epoch 00046: val_loss did not improve
Epoch 00047: val_loss did not improve
Epoch 00048: val_loss did not improve
Epoch 00049: val_loss did not improve
Epoch 00050: val_loss did not improve
Epoch 00051: val_loss did not improve
Epoch 00052: val_loss did not improve
Epoch 00053: val_loss did not improve
Epoch 00054: val_loss did not improve
Epoch 00055: val_loss did not improve
Epoch 00056: val_loss did not improve
Epoch 00057: val_loss did not improve
Epoch 00058: val_loss did not improve
Epoch 00059: val_loss did not improve
Epoch 00060: val_loss did not improve
Epoch 00061: val_loss did not improve
Epoch 00062: val_loss did not improve
Epoch 00063: val_loss did not improve
Epoch 00064: val_loss did not improve
Epoch 00065: val_loss did not improve
Epoch 00066: val_loss did not improve
Epoch 00067: val_loss did not improve
Epoch 00068: val_loss did not improve
Epoch 00069: val_loss did not improve
Epoch 00070: val_loss did not improve
Epoch 00071: val_loss did not improve
Epoch 00072: val_loss did not improve
Epoch 00073: val_loss did not improve
Epoch 00074: val_loss did not improve
Epoch 00075: val_loss did not improve
Epoch 00076: val_loss did not improve
Epoch 00077: val_loss did not improve
Epoch 00078: val_loss did not improve
Epoch 00079: val_loss did not improve
Epoch 00080: val_loss did not improve
Epoch 00081: val_loss did not improve
Epoch 00082: val_loss did not improve
Epoch 00083: val_loss did not improve
Epoch 00084: val_loss did not improve
Epoch 00085: val_loss did not improve
Epoch 00086: val_loss did not improve
Epoch 00087: val_loss did not improve
Epoch 00088: val_loss did not improve
Epoch 00089: val_loss did not improve
Epoch 00090: val_loss did not improve
Epoch 00091: val_loss did not improve
Epoch 00092: val_loss improved from 0.00646 to 0.00611, saving model to bestWeights.hdf5
Epoch 00093: val_loss did not improve
Epoch 00094: val_loss did not improve
Epoch 00095: val_loss did not improve
Epoch 00096: val_loss did not improve
Epoch 00097: val_loss did not improve
Epoch 00098: val_loss did not improve
Epoch 00099: val_loss did not improve
Epoch 00100: val_loss did not improve
Epoch 00101: val_loss did not improve
Epoch 00102: val_loss did not improve
Epoch 00103: val_loss did not improve
Epoch 00104: val_loss did not improve
Epoch 00105: val_loss did not improve
Epoch 00106: val_loss did not improve
Epoch 00107: val_loss did not improve
Epoch 00108: val_loss did not improve
Epoch 00109: val_loss did not improve
Epoch 00110: val_loss did not improve
Epoch 00111: val_loss did not improve
Epoch 00112: val_loss did not improve
Epoch 00113: val_loss did not improve
Epoch 00114: val_loss did not improve
Epoch 00115: val_loss did not improve
Epoch 00116: val_loss did not improve
Epoch 00117: val_loss did not improve
Epoch 00118: val_loss did not improve
Epoch 00119: val_loss did not improve
Epoch 00120: val_loss did not improve
Epoch 00121: val_loss did not improve
Epoch 00122: val_loss did not improve
Epoch 00123: val_loss did not improve
Epoch 00124: val_loss did not improve
Epoch 00125: val_loss improved from 0.00611 to 0.00415, saving model to bestWeights.hdf5
Epoch 00126: val_loss improved from 0.00415 to 0.00328, saving model to bestWeights.hdf5
Epoch 00127: val_loss did not improve
Epoch 00128: val_loss did not improve
Epoch 00129: val_loss did not improve
Epoch 00130: val_loss did not improve
Epoch 00131: val_loss did not improve
Epoch 00132: val_loss did not improve
Epoch 00133: val_loss did not improve
Epoch 00134: val_loss did not improve
Epoch 00135: val_loss did not improve
Epoch 00136: val_loss did not improve
Epoch 00137: val_loss did not improve
Epoch 00138: val_loss did not improve
Epoch 00139: val_loss did not improve
Epoch 00140: val_loss did not improve
Epoch 00141: val_loss did not improve
Epoch 00142: val_loss did not improve
Epoch 00143: val_loss did not improve
Epoch 00144: val_loss did not improve
Epoch 00145: val_loss did not improve
Epoch 00146: val_loss did not improve
Epoch 00147: val_loss did not improve
Epoch 00148: val_loss did not improve
Epoch 00149: val_loss did not improve
Epoch 00150: val_loss did not improve
Epoch 00151: val_loss did not improve
Epoch 00152: val_loss did not improve
Epoch 00153: val_loss did not improve
Epoch 00154: val_loss did not improve
Epoch 00155: val_loss did not improve
Epoch 00156: val_loss did not improve
Epoch 00157: val_loss did not improve
Epoch 00158: val_loss did not improve
Epoch 00159: val_loss did not improve
Epoch 00160: val_loss did not improve
Epoch 00161: val_loss did not improve
Epoch 00162: val_loss did not improve
Epoch 00163: val_loss did not improve
Epoch 00164: val_loss did not improve
Epoch 00165: val_loss did not improve
Epoch 00166: val_loss did not improve
Epoch 00167: val_loss did not improve
Epoch 00168: val_loss did not improve
Epoch 00169: val_loss did not improve
Epoch 00170: val_loss did not improve
Epoch 00171: val_loss did not improve
Epoch 00172: val_loss did not improve
Epoch 00173: val_loss did not improve
Epoch 00174: val_loss did not improve
Epoch 00175: val_loss did not improve
Epoch 00176: val_loss did not improve
Epoch 00177: val_loss did not improve
Epoch 00178: val_loss did not improve
Epoch 00179: val_loss did not improve
Epoch 00180: val_loss did not improve
Epoch 00181: val_loss did not improve
Epoch 00182: val_loss did not improve
Epoch 00183: val_loss did not improve
Epoch 00184: val_loss did not improve
Epoch 00185: val_loss did not improve
Epoch 00186: val_loss did not improve
Epoch 00187: val_loss did not improve
Epoch 00188: val_loss did not improve
Epoch 00189: val_loss did not improve
Epoch 00190: val_loss did not improve
Epoch 00191: val_loss did not improve
Epoch 00192: val_loss did not improve
Epoch 00193: val_loss did not improve
Epoch 00194: val_loss did not improve
Epoch 00195: val_loss did not improve
Epoch 00196: val_loss did not improve
Epoch 00197: val_loss did not improve
Epoch 00198: val_loss did not improve
Epoch 00199: val_loss did not improve
Epoch 00200: val_loss did not improve
Epoch 00201: val_loss did not improve
Epoch 00202: val_loss did not improve
Epoch 00203: val_loss did not improve
Epoch 00204: val_loss did not improve
Epoch 00205: val_loss did not improve
Epoch 00206: val_loss did not improve
Epoch 00207: val_loss did not improve
Epoch 00208: val_loss did not improve
Epoch 00209: val_loss did not improve
Epoch 00210: val_loss did not improve
Epoch 00211: val_loss did not improve
Epoch 00212: val_loss did not improve
Epoch 00213: val_loss did not improve
Epoch 00214: val_loss did not improve
Epoch 00215: val_loss did not improve
Epoch 00216: val_loss did not improve
Epoch 00217: val_loss did not improve
Epoch 00218: val_loss did not improve
Epoch 00219: val_loss did not improve
Epoch 00220: val_loss did not improve
Epoch 00221: val_loss did not improve
Epoch 00222: val_loss did not improve
Epoch 00223: val_loss did not improve
Epoch 00224: val_loss did not improve
Epoch 00225: val_loss did not improve
Epoch 00226: val_loss did not improve
Epoch 00227: val_loss did not improve
Epoch 00228: val_loss did not improve
Epoch 00229: val_loss did not improve
Epoch 00230: val_loss did not improve
Epoch 00231: val_loss did not improve
Epoch 00232: val_loss did not improve
Epoch 00233: val_loss did not improve
Epoch 00234: val_loss did not improve
Epoch 00235: val_loss did not improve
Epoch 00236: val_loss did not improve
Epoch 00237: val_loss did not improve
Epoch 00238: val_loss did not improve
Epoch 00239: val_loss did not improve
Epoch 00240: val_loss did not improve
Epoch 00241: val_loss did not improve
Epoch 00242: val_loss did not improve
Epoch 00243: val_loss did not improve
Epoch 00244: val_loss did not improve
Epoch 00245: val_loss did not improve
Epoch 00246: val_loss did not improve
Epoch 00247: val_loss did not improve
Epoch 00248: val_loss did not improve
Epoch 00249: val_loss did not improve
Epoch 00250: val_loss did not improve
Epoch 00251: val_loss did not improve
Epoch 00252: val_loss did not improve
Epoch 00253: val_loss did not improve
Epoch 00254: val_loss did not improve
Epoch 00255: val_loss did not improve
Epoch 00256: val_loss did not improve
Epoch 00257: val_loss did not improve
Epoch 00258: val_loss did not improve
Epoch 00259: val_loss did not improve
Epoch 00260: val_loss did not improve
Epoch 00261: val_loss did not improve
Epoch 00262: val_loss did not improve
Epoch 00263: val_loss did not improve
Epoch 00264: val_loss did not improve
Epoch 00265: val_loss did not improve
Epoch 00266: val_loss did not improve
Epoch 00267: val_loss did not improve
Epoch 00268: val_loss did not improve
Epoch 00269: val_loss did not improve
Epoch 00270: val_loss did not improve
Epoch 00271: val_loss did not improve
Epoch 00272: val_loss did not improve
Epoch 00273: val_loss did not improve
Epoch 00274: val_loss did not improve
Epoch 00275: val_loss did not improve
Epoch 00276: val_loss did not improve
Epoch 00277: val_loss did not improve
Epoch 00278: val_loss did not improve
Epoch 00279: val_loss did not improve
Epoch 00280: val_loss did not improve
Epoch 00281: val_loss did not improve
Epoch 00282: val_loss did not improve
Epoch 00283: val_loss did not improve
Epoch 00284: val_loss did not improve
Epoch 00285: val_loss did not improve
Epoch 00286: val_loss did not improve
Epoch 00287: val_loss did not improve
Epoch 00288: val_loss did not improve
Epoch 00289: val_loss did not improve
Epoch 00290: val_loss did not improve
Epoch 00291: val_loss did not improve
Epoch 00292: val_loss did not improve
Epoch 00293: val_loss did not improve
Epoch 00294: val_loss did not improve
Epoch 00295: val_loss did not improve
Epoch 00296: val_loss did not improve
Epoch 00297: val_loss did not improve
Epoch 00298: val_loss did not improve
Epoch 00299: val_loss did not improve
loss: 0.0032804
Training...
Using the combined network fit.
Epoch 00000: val_loss improved from inf to 3.48198, saving model to bestWeights.hdf5
Epoch 00001: val_loss improved from 3.48198 to 1.41934, saving model to bestWeights.hdf5
Epoch 00002: val_loss improved from 1.41934 to 0.48694, saving model to bestWeights.hdf5
Epoch 00003: val_loss improved from 0.48694 to 0.18615, saving model to bestWeights.hdf5
Epoch 00004: val_loss improved from 0.18615 to 0.10944, saving model to bestWeights.hdf5
Epoch 00005: val_loss improved from 0.10944 to 0.08997, saving model to bestWeights.hdf5
Epoch 00006: val_loss improved from 0.08997 to 0.04968, saving model to bestWeights.hdf5
Epoch 00007: val_loss improved from 0.04968 to 0.04587, saving model to bestWeights.hdf5
