Using TensorFlow backend.
Loading images...
Finished.
Grabbing more features...
Finished.
Applying PCA...
Finished.
____________________________________________________________________________________________________
Layer (type)                     Output Shape          Param #     Connected to                     
====================================================================================================
input_1 (InputLayer)             (None, 50, 50, 1)     0                                            
____________________________________________________________________________________________________
conv2d_1 (Conv2D)                (None, 50, 50, 32)    832         input_1[0][0]                    
____________________________________________________________________________________________________
max_pooling2d_1 (MaxPooling2D)   (None, 10, 10, 32)    0           conv2d_1[0][0]                   
____________________________________________________________________________________________________
dropout_1 (Dropout)              (None, 10, 10, 32)    0           max_pooling2d_1[0][0]            
____________________________________________________________________________________________________
flatten_1 (Flatten)              (None, 3200)          0           dropout_1[0][0]                  
____________________________________________________________________________________________________
dense_1 (Dense)                  (None, 192)           614592      flatten_1[0][0]                  
____________________________________________________________________________________________________
dropout_2 (Dropout)              (None, 192)           0           dense_1[0][0]                    
____________________________________________________________________________________________________
input_2 (InputLayer)             (None, 228)           0                                            
____________________________________________________________________________________________________
concatenate_1 (Concatenate)      (None, 420)           0           dropout_2[0][0]                  
                                                                   input_2[0][0]                    
____________________________________________________________________________________________________
dense_2 (Dense)                  (None, 500)           210500      concatenate_1[0][0]              
____________________________________________________________________________________________________
dropout_3 (Dropout)              (None, 500)           0           dense_2[0][0]                    
____________________________________________________________________________________________________
dense_3 (Dense)                  (None, 250)           125250      dropout_3[0][0]                  
____________________________________________________________________________________________________
dropout_4 (Dropout)              (None, 250)           0           dense_3[0][0]                    
____________________________________________________________________________________________________
dense_4 (Dense)                  (None, 99)            24849       dropout_4[0][0]                  
====================================================================================================
Total params: 976,023
Trainable params: 976,023
Non-trainable params: 0
____________________________________________________________________________________________________
None
Using the combined network fit.
2018-07-27 14:08:48.956441: W tensorflow/core/platform/cpu_feature_guard.cc:45] The TensorFlow library wasn't compiled to use SSE4.1 instructions, but these are available on your machine and could speed up CPU computations.
2018-07-27 14:08:48.956483: W tensorflow/core/platform/cpu_feature_guard.cc:45] The TensorFlow library wasn't compiled to use SSE4.2 instructions, but these are available on your machine and could speed up CPU computations.
Epoch 00000: val_loss improved from inf to 2.12052, saving model to bestWeights4.hdf5
Epoch 00001: val_loss improved from 2.12052 to 0.42982, saving model to bestWeights4.hdf5
Epoch 00002: val_loss improved from 0.42982 to 0.22237, saving model to bestWeights4.hdf5
Epoch 00003: val_loss improved from 0.22237 to 0.07422, saving model to bestWeights4.hdf5
Epoch 00004: val_loss did not improve
Epoch 00005: val_loss improved from 0.07422 to 0.06257, saving model to bestWeights4.hdf5
Epoch 00006: val_loss did not improve
Epoch 00007: val_loss did not improve
Epoch 00008: val_loss did not improve
Epoch 00009: val_loss improved from 0.06257 to 0.05195, saving model to bestWeights4.hdf5
Epoch 00010: val_loss improved from 0.05195 to 0.04378, saving model to bestWeights4.hdf5
Epoch 00011: val_loss improved from 0.04378 to 0.03097, saving model to bestWeights4.hdf5
Epoch 00012: val_loss did not improve
Epoch 00013: val_loss did not improve
Epoch 00014: val_loss did not improve
Epoch 00015: val_loss did not improve
Epoch 00016: val_loss did not improve
Epoch 00017: val_loss did not improve
Epoch 00018: val_loss did not improve
Epoch 00019: val_loss did not improve
Epoch 00020: val_loss did not improve
Epoch 00021: val_loss did not improve
Epoch 00022: val_loss did not improve
Epoch 00023: val_loss did not improve
Epoch 00024: val_loss did not improve
Epoch 00025: val_loss improved from 0.03097 to 0.02890, saving model to bestWeights4.hdf5
Epoch 00026: val_loss improved from 0.02890 to 0.02848, saving model to bestWeights4.hdf5
Epoch 00027: val_loss improved from 0.02848 to 0.02777, saving model to bestWeights4.hdf5
Epoch 00028: val_loss did not improve
Epoch 00029: val_loss improved from 0.02777 to 0.02075, saving model to bestWeights4.hdf5
Epoch 00030: val_loss did not improve
Epoch 00031: val_loss did not improve
Epoch 00032: val_loss did not improve
Epoch 00033: val_loss did not improve
Epoch 00034: val_loss did not improve
Epoch 00035: val_loss did not improve
Epoch 00036: val_loss did not improve
Epoch 00037: val_loss did not improve
Epoch 00038: val_loss did not improve
Epoch 00039: val_loss did not improve
Epoch 00040: val_loss did not improve
Epoch 00041: val_loss did not improve
Epoch 00042: val_loss did not improve
Epoch 00043: val_loss did not improve
Epoch 00044: val_loss did not improve
Epoch 00045: val_loss did not improve
Epoch 00046: val_loss did not improve
Epoch 00047: val_loss did not improve
Epoch 00048: val_loss did not improve
Epoch 00049: val_loss did not improve
Epoch 00050: val_loss did not improve
Epoch 00051: val_loss did not improve
Epoch 00052: val_loss did not improve
Epoch 00053: val_loss did not improve
Epoch 00054: val_loss did not improve
Epoch 00055: val_loss did not improve
Epoch 00056: val_loss did not improve
Epoch 00057: val_loss did not improve
Epoch 00058: val_loss did not improve
Epoch 00059: val_loss did not improve
Epoch 00060: val_loss did not improve
Epoch 00061: val_loss did not improve
Epoch 00062: val_loss did not improve
Epoch 00063: val_loss did not improve
Epoch 00064: val_loss did not improve
Epoch 00065: val_loss did not improve
Epoch 00066: val_loss did not improve
Epoch 00067: val_loss did not improve
Epoch 00068: val_loss did not improve
Epoch 00069: val_loss did not improve
Epoch 00070: val_loss did not improve
Epoch 00071: val_loss did not improve
Epoch 00072: val_loss improved from 0.02075 to 0.02054, saving model to bestWeights4.hdf5
Epoch 00073: val_loss improved from 0.02054 to 0.01917, saving model to bestWeights4.hdf5
Epoch 00074: val_loss did not improve
Epoch 00075: val_loss did not improve
Epoch 00076: val_loss did not improve
Epoch 00077: val_loss did not improve
Epoch 00078: val_loss did not improve
Epoch 00079: val_loss did not improve
Epoch 00080: val_loss did not improve
Epoch 00081: val_loss did not improve
Epoch 00082: val_loss did not improve
Epoch 00083: val_loss did not improve
Epoch 00084: val_loss did not improve
Epoch 00085: val_loss did not improve
Epoch 00086: val_loss did not improve
Epoch 00087: val_loss did not improve
Epoch 00088: val_loss did not improve
Epoch 00089: val_loss did not improve
Epoch 00090: val_loss did not improve
Epoch 00091: val_loss did not improve
Epoch 00092: val_loss did not improve
Epoch 00093: val_loss did not improve
Epoch 00094: val_loss did not improve
Epoch 00095: val_loss did not improve
Epoch 00096: val_loss did not improve
Epoch 00097: val_loss did not improve
Epoch 00098: val_loss did not improve
Epoch 00099: val_loss did not improve
Epoch 00100: val_loss did not improve
Epoch 00101: val_loss did not improve
Epoch 00102: val_loss did not improve
Epoch 00103: val_loss did not improve
Epoch 00104: val_loss did not improve
Epoch 00105: val_loss did not improve
Epoch 00106: val_loss did not improve
Epoch 00107: val_loss did not improve
Epoch 00108: val_loss did not improve
Epoch 00109: val_loss did not improve
Epoch 00110: val_loss did not improve
Epoch 00111: val_loss did not improve
Epoch 00112: val_loss did not improve
Epoch 00113: val_loss did not improve
Epoch 00114: val_loss did not improve
Epoch 00115: val_loss did not improve
Epoch 00116: val_loss did not improve
Epoch 00117: val_loss did not improve
Epoch 00118: val_loss did not improve
Epoch 00119: val_loss did not improve
Epoch 00120: val_loss did not improve
Epoch 00121: val_loss did not improve
Epoch 00122: val_loss did not improve
Epoch 00123: val_loss did not improve
Epoch 00124: val_loss did not improve
Epoch 00125: val_loss did not improve
Epoch 00126: val_loss did not improve
Epoch 00127: val_loss did not improve
Epoch 00128: val_loss did not improve
Epoch 00129: val_loss did not improve
Epoch 00130: val_loss did not improve
Epoch 00131: val_loss did not improve
Epoch 00132: val_loss did not improve
Epoch 00133: val_loss did not improve
Epoch 00134: val_loss did not improve
Epoch 00135: val_loss did not improve
Epoch 00136: val_loss did not improve
Epoch 00137: val_loss did not improve
Epoch 00138: val_loss did not improve
Epoch 00139: val_loss did not improve
Epoch 00140: val_loss did not improve
Epoch 00141: val_loss did not improve
Epoch 00142: val_loss did not improve
Epoch 00143: val_loss did not improve
Epoch 00144: val_loss did not improve
Epoch 00145: val_loss did not improve
Epoch 00146: val_loss did not improve
Epoch 00147: val_loss did not improve
Epoch 00148: val_loss did not improve
Epoch 00149: val_loss did not improve
Epoch 00150: val_loss did not improve
Epoch 00151: val_loss did not improve
Epoch 00152: val_loss did not improve
Epoch 00153: val_loss did not improve
Epoch 00154: val_loss did not improve
Epoch 00155: val_loss did not improve
Epoch 00156: val_loss did not improve
Epoch 00157: val_loss did not improve
Epoch 00158: val_loss did not improve
Epoch 00159: val_loss did not improve
Epoch 00160: val_loss did not improve
Epoch 00161: val_loss did not improve
Epoch 00162: val_loss did not improve
Epoch 00163: val_loss did not improve
Epoch 00164: val_loss did not improve
Epoch 00165: val_loss did not improve
Epoch 00166: val_loss did not improve
Epoch 00167: val_loss did not improve
Epoch 00168: val_loss did not improve
Epoch 00169: val_loss did not improve
Epoch 00170: val_loss did not improve
Epoch 00171: val_loss did not improve
Epoch 00172: val_loss did not improve
Epoch 00173: val_loss did not improve
Epoch 00174: val_loss did not improve
Epoch 00175: val_loss did not improve
Epoch 00176: val_loss did not improve
Epoch 00177: val_loss did not improve
Epoch 00178: val_loss did not improve
Epoch 00179: val_loss did not improve
Epoch 00180: val_loss did not improve
Epoch 00181: val_loss did not improve
Epoch 00182: val_loss did not improve
Epoch 00183: val_loss did not improve
Epoch 00184: val_loss did not improve
Epoch 00185: val_loss did not improve
Epoch 00186: val_loss did not improve
Epoch 00187: val_loss did not improve
Epoch 00188: val_loss did not improve
Epoch 00189: val_loss did not improve
Epoch 00190: val_loss did not improve
Epoch 00191: val_loss did not improve
Epoch 00192: val_loss did not improve
Epoch 00193: val_loss did not improve
Epoch 00194: val_loss did not improve
Epoch 00195: val_loss did not improve
Epoch 00196: val_loss did not improve
Epoch 00197: val_loss did not improve
Epoch 00198: val_loss did not improve
Epoch 00199: val_loss did not improve
Epoch 00200: val_loss did not improve
Epoch 00201: val_loss did not improve
Epoch 00202: val_loss did not improve
Epoch 00203: val_loss did not improve
Epoch 00204: val_loss did not improve
Epoch 00205: val_loss did not improve
Epoch 00206: val_loss did not improve
Epoch 00207: val_loss did not improve
Epoch 00208: val_loss did not improve
Epoch 00209: val_loss did not improve
Epoch 00210: val_loss did not improve
Epoch 00211: val_loss did not improve
Epoch 00212: val_loss did not improve
Epoch 00213: val_loss did not improve
Epoch 00214: val_loss did not improve
Epoch 00215: val_loss did not improve
Epoch 00216: val_loss did not improve
Epoch 00217: val_loss did not improve
Epoch 00218: val_loss did not improve
Epoch 00219: val_loss did not improve
Epoch 00220: val_loss did not improve
Epoch 00221: val_loss did not improve
Epoch 00222: val_loss did not improve
Epoch 00223: val_loss did not improve
Epoch 00224: val_loss did not improve
Epoch 00225: val_loss did not improve
Epoch 00226: val_loss did not improve
Epoch 00227: val_loss did not improve
Epoch 00228: val_loss did not improve
Epoch 00229: val_loss did not improve
Epoch 00230: val_loss did not improve
Epoch 00231: val_loss did not improve
Epoch 00232: val_loss did not improve
Epoch 00233: val_loss did not improve
Epoch 00234: val_loss did not improve
Epoch 00235: val_loss did not improve
Epoch 00236: val_loss did not improve
Epoch 00237: val_loss did not improve
Epoch 00238: val_loss did not improve
Epoch 00239: val_loss did not improve
Epoch 00240: val_loss did not improve
Epoch 00241: val_loss did not improve
Epoch 00242: val_loss did not improve
Epoch 00243: val_loss did not improve
Epoch 00244: val_loss did not improve
Epoch 00245: val_loss did not improve
Epoch 00246: val_loss did not improve
Epoch 00247: val_loss did not improve
Epoch 00248: val_loss did not improve
Epoch 00249: val_loss did not improve
Epoch 00250: val_loss did not improve
Epoch 00251: val_loss did not improve
Epoch 00252: val_loss did not improve
Epoch 00253: val_loss did not improve
Epoch 00254: val_loss did not improve
Epoch 00255: val_loss did not improve
Epoch 00256: val_loss did not improve
Epoch 00257: val_loss did not improve
Epoch 00258: val_loss did not improve
Epoch 00259: val_loss did not improve
Epoch 00260: val_loss did not improve
Epoch 00261: val_loss did not improve
Epoch 00262: val_loss did not improve
Epoch 00263: val_loss did not improve
Epoch 00264: val_loss did not improve
Epoch 00265: val_loss did not improve
Epoch 00266: val_loss did not improve
Epoch 00267: val_loss did not improve
Epoch 00268: val_loss did not improve
Epoch 00269: val_loss did not improve
Epoch 00270: val_loss did not improve
Epoch 00271: val_loss did not improve
Epoch 00272: val_loss did not improve
Epoch 00273: val_loss did not improve
Epoch 00274: val_loss did not improve
Epoch 00275: val_loss did not improve
Epoch 00276: val_loss did not improve
Epoch 00277: val_loss did not improve
Epoch 00278: val_loss did not improve
Epoch 00279: val_loss did not improve
Epoch 00280: val_loss did not improve
Epoch 00281: val_loss did not improve
Epoch 00282: val_loss did not improve
Epoch 00283: val_loss did not improve
Epoch 00284: val_loss did not improve
Epoch 00285: val_loss did not improve
Epoch 00286: val_loss did not improve
Epoch 00287: val_loss did not improve
Epoch 00288: val_loss did not improve
Epoch 00289: val_loss did not improve
Epoch 00290: val_loss did not improve
Epoch 00291: val_loss did not improve
Epoch 00292: val_loss did not improve
Epoch 00293: val_loss did not improve
Epoch 00294: val_loss did not improve
Epoch 00295: val_loss did not improve
Epoch 00296: val_loss did not improve
Epoch 00297: val_loss did not improve
Epoch 00298: val_loss did not improve
Epoch 00299: val_loss did not improve
Epoch 00300: val_loss did not improve
Epoch 00301: val_loss did not improve
Epoch 00302: val_loss did not improve
Epoch 00303: val_loss did not improve
Epoch 00304: val_loss did not improve
Epoch 00305: val_loss did not improve
Epoch 00306: val_loss did not improve
Epoch 00307: val_loss did not improve
Epoch 00308: val_loss did not improve
Epoch 00309: val_loss did not improve
Epoch 00310: val_loss did not improve
Epoch 00311: val_loss did not improve
Epoch 00312: val_loss did not improve
Epoch 00313: val_loss did not improve
Epoch 00314: val_loss did not improve
Epoch 00315: val_loss did not improve
Epoch 00316: val_loss did not improve
Epoch 00317: val_loss did not improve
Epoch 00318: val_loss did not improve
Epoch 00319: val_loss did not improve
Epoch 00320: val_loss did not improve
Epoch 00321: val_loss did not improve
Epoch 00322: val_loss did not improve
Epoch 00323: val_loss did not improve
Epoch 00324: val_loss did not improve
Epoch 00325: val_loss did not improve
Epoch 00326: val_loss did not improve
Epoch 00327: val_loss did not improve
Epoch 00328: val_loss did not improve
Epoch 00329: val_loss did not improve
Epoch 00330: val_loss did not improve
Epoch 00331: val_loss did not improve
Epoch 00332: val_loss did not improve
Epoch 00333: val_loss did not improve
Epoch 00334: val_loss did not improve
Epoch 00335: val_loss did not improve
Epoch 00336: val_loss did not improve
Epoch 00337: val_loss did not improve
Epoch 00338: val_loss did not improve
Epoch 00339: val_loss did not improve
Epoch 00340: val_loss did not improve
Epoch 00341: val_loss did not improve
Epoch 00342: val_loss did not improve
Epoch 00343: val_loss did not improve
Epoch 00344: val_loss did not improve
Epoch 00345: val_loss did not improve
Epoch 00346: val_loss did not improve
Epoch 00347: val_loss did not improve
Epoch 00348: val_loss did not improve
Epoch 00349: val_loss did not improve
Epoch 00350: val_loss did not improve
Epoch 00351: val_loss did not improve
Epoch 00352: val_loss did not improve
Epoch 00353: val_loss did not improve
Epoch 00354: val_loss did not improve
Epoch 00355: val_loss did not improve
Epoch 00356: val_loss did not improve
Epoch 00357: val_loss did not improve
Epoch 00358: val_loss did not improve
Epoch 00359: val_loss did not improve
Epoch 00360: val_loss did not improve
Epoch 00361: val_loss did not improve
Epoch 00362: val_loss did not improve
Epoch 00363: val_loss did not improve
Epoch 00364: val_loss did not improve
Epoch 00365: val_loss did not improve
Epoch 00366: val_loss did not improve
Epoch 00367: val_loss did not improve
Epoch 00368: val_loss did not improve
Epoch 00369: val_loss did not improve
Epoch 00370: val_loss did not improve
Epoch 00371: val_loss did not improve
Epoch 00372: val_loss did not improve
Epoch 00373: val_loss did not improve
Epoch 00374: val_loss did not improve
Epoch 00374: early stopping


Saving to file submissions/submissionEpoch1000Batch20Softmax.csv ...
Finished.
