Using TensorFlow backend.
Loading images...
Finished.
Grabbing more features...
Finished.
Applying PCA...
Number of components for PCA: 30
(990, 2)
/users/PAS1383/osu10173/.conda/envs/local/lib/python2.7/site-packages/matplotlib/axes/_axes.py:475: UserWarning: No labelled objects found. Use label='...' kwarg on individual plots.
  warnings.warn("No labelled objects found. "
Finished.
Training...
Using the neural network fit.
2018-08-02 16:28:36.739121: W tensorflow/core/platform/cpu_feature_guard.cc:45] The TensorFlow library wasn't compiled to use SSE4.1 instructions, but these are available on your machine and could speed up CPU computations.
2018-08-02 16:28:36.739157: W tensorflow/core/platform/cpu_feature_guard.cc:45] The TensorFlow library wasn't compiled to use SSE4.2 instructions, but these are available on your machine and could speed up CPU computations.
loss: 0.0002084
Training...
Using the neural network fit.
loss: 0.00023905
Training...
Using the neural network fit.
loss: 1.2138e-05
Training...
Using the neural network fit.
loss: 3.0377e-05
Training...
Using the neural network fit.
loss: 5.8642e-07
Training...
Using the neural network fit.
Epoch 00330: early stopping
loss: 0.01579
Training...
Using the neural network fit.
loss: 8.2741e-06
Training...
Using the neural network fit.
Epoch 00326: early stopping
loss: 0.049937
Training...
Using the neural network fit.
Epoch 00388: early stopping
loss: 0.008721
Training...
Using the neural network fit.
loss: 2.209e-06
0.0074949 (+/- 0.015)
_________________________________________________________________
Layer (type)                 Output Shape              Param #   
=================================================================
dense_28 (Dense)             (None, 100)               23200     
_________________________________________________________________
dropout_19 (Dropout)         (None, 100)               0         
_________________________________________________________________
dense_29 (Dense)             (None, 50)                5050      
_________________________________________________________________
dropout_20 (Dropout)         (None, 50)                0         
_________________________________________________________________
dense_30 (Dense)             (None, 99)                5049      
=================================================================
Total params: 33,299
Trainable params: 33,299
Non-trainable params: 0
_________________________________________________________________
None
Saving to file submissions/submissionEpoch601Batch20Softmax.csv ...
Finished.
