Using TensorFlow backend.
Loading images...
Finished.
Grabbing more features...
Finished.
Applying PCA...
Number of components for PCA: 30
Finished.
Training...
Using the neural network fit.
2018-08-02 15:00:41.852615: W tensorflow/core/platform/cpu_feature_guard.cc:45] The TensorFlow library wasn't compiled to use SSE4.1 instructions, but these are available on your machine and could speed up CPU computations.
2018-08-02 15:00:41.852647: W tensorflow/core/platform/cpu_feature_guard.cc:45] The TensorFlow library wasn't compiled to use SSE4.2 instructions, but these are available on your machine and could speed up CPU computations.
loss: 0.0008325
Training...
Using the neural network fit.
Epoch 00508: early stopping
loss: 0.059374
Training...
Using the neural network fit.
loss: 0.021813
Training...
Using the neural network fit.
loss: 0.00091917
Training...
Using the neural network fit.
loss: 0.00018108
Training...
Using the neural network fit.
loss: 0.00025286
Training...
Using the neural network fit.
Epoch 00561: early stopping
loss: 0.0060529
Training...
Using the neural network fit.
loss: 0.029642
Training...
Using the neural network fit.
loss: 0.0023037
Training...
Using the neural network fit.
Epoch 00430: early stopping
loss: 0.0035265
0.01249 (+/- 0.0184)
_________________________________________________________________
Layer (type)                 Output Shape              Param #   
=================================================================
dense_28 (Dense)             (None, 400)               92800     
_________________________________________________________________
dropout_19 (Dropout)         (None, 400)               0         
_________________________________________________________________
dense_29 (Dense)             (None, 200)               80200     
_________________________________________________________________
dropout_20 (Dropout)         (None, 200)               0         
_________________________________________________________________
dense_30 (Dense)             (None, 99)                19899     
=================================================================
Total params: 192,899
Trainable params: 192,899
Non-trainable params: 0
_________________________________________________________________
None
Saving to file submissions/submissionEpoch602Batch20Softmax.csv ...
Finished.
