Using TensorFlow backend.
Loading images...
Finished.
Grabbing more features...
Finished.
Applying PCA...
Number of components for PCA: 30
Finished.
Training...
Using the neural network fit.
2018-08-02 14:06:08.172195: W tensorflow/core/platform/cpu_feature_guard.cc:45] The TensorFlow library wasn't compiled to use SSE4.1 instructions, but these are available on your machine and could speed up CPU computations.
2018-08-02 14:06:08.172229: W tensorflow/core/platform/cpu_feature_guard.cc:45] The TensorFlow library wasn't compiled to use SSE4.2 instructions, but these are available on your machine and could speed up CPU computations.
loss: 0.0015873
Training...
Using the neural network fit.
Epoch 00308: early stopping
loss: 0.14126
Training...
Using the neural network fit.
loss: 0.010431
Training...
Using the neural network fit.
Epoch 00444: early stopping
loss: 0.00088606
Training...
Using the neural network fit.
loss: 0.00060115
Training...
Using the neural network fit.
loss: 0.00031369
Training...
Using the neural network fit.
loss: 0.01989
Training...
Using the neural network fit.
Epoch 00401: early stopping
loss: 0.015197
Training...
Using the neural network fit.
loss: 0.00088289
Training...
Using the neural network fit.
Epoch 00323: early stopping
loss: 0.0075149
0.019857 (+/- 0.041)
_________________________________________________________________
Layer (type)                 Output Shape              Param #   
=================================================================
dense_28 (Dense)             (None, 800)               185600    
_________________________________________________________________
dropout_19 (Dropout)         (None, 800)               0         
_________________________________________________________________
dense_29 (Dense)             (None, 400)               320400    
_________________________________________________________________
dropout_20 (Dropout)         (None, 400)               0         
_________________________________________________________________
dense_30 (Dense)             (None, 99)                39699     
=================================================================
Total params: 545,699
Trainable params: 545,699
Non-trainable params: 0
_________________________________________________________________
None
Saving to file submissions/submissionEpoch602Batch20Softmax.csv ...
Finished.
