Using TensorFlow backend.
Loading images...
Finished.
Grabbing more features...
Finished.
Applying PCA...
Number of components for PCA: 30
Finished.
Training...
Using the neural network fit.
2018-08-02 12:13:00.384422: W tensorflow/core/platform/cpu_feature_guard.cc:45] The TensorFlow library wasn't compiled to use SSE4.1 instructions, but these are available on your machine and could speed up CPU computations.
2018-08-02 12:13:00.384461: W tensorflow/core/platform/cpu_feature_guard.cc:45] The TensorFlow library wasn't compiled to use SSE4.2 instructions, but these are available on your machine and could speed up CPU computations.
Epoch 00424: early stopping
loss: 0.0029545
Training...
Using the neural network fit.
Epoch 00325: early stopping
loss: 0.073948
Training...
Using the neural network fit.
loss: 0.020607
Training...
Using the neural network fit.
loss: 0.0010344
Training...
Using the neural network fit.
loss: 0.00032819
Training...
Using the neural network fit.
loss: 0.00022525
Training...
Using the neural network fit.
loss: 0.010307
Training...
Using the neural network fit.
loss: 0.020481
Training...
Using the neural network fit.
loss: 0.0012455
Training...
Using the neural network fit.
Epoch 00457: early stopping
loss: 0.0097727
0.01409 (+/- 0.0213)
_________________________________________________________________
Layer (type)                 Output Shape              Param #   
=================================================================
dense_28 (Dense)             (None, 500)               116000    
_________________________________________________________________
dropout_19 (Dropout)         (None, 500)               0         
_________________________________________________________________
dense_29 (Dense)             (None, 250)               125250    
_________________________________________________________________
dropout_20 (Dropout)         (None, 250)               0         
_________________________________________________________________
dense_30 (Dense)             (None, 99)                24849     
=================================================================
Total params: 266,099
Trainable params: 266,099
Non-trainable params: 0
_________________________________________________________________
None
Saving to file submissions/submissionEpoch600Batch20Softmax.csv ...
Finished.
