Using TensorFlow backend.
Loading images...
Finished.
Grabbing more features...
Finished.
Applying PCA...
Number of components for PCA: 30
Finished.
Fitting 5 folds for each of 16 candidates, totalling 80 fits
[Parallel(n_jobs=1)]: Done   1 out of   1 | elapsed:    4.5s finished
[Parallel(n_jobs=1)]: Done   1 out of   1 | elapsed:    4.7s finished
[Parallel(n_jobs=1)]: Done   1 out of   1 | elapsed:    4.7s finished
[Parallel(n_jobs=1)]: Done   1 out of   1 | elapsed:    5.0s finished
[Parallel(n_jobs=1)]: Done   1 out of   1 | elapsed:    5.0s finished
[Parallel(n_jobs=1)]: Done   1 out of   1 | elapsed:    5.4s finished
[Parallel(n_jobs=1)]: Done   1 out of   1 | elapsed:    5.5s finished
[Parallel(n_jobs=1)]: Done   1 out of   1 | elapsed:    5.4s finished
[Parallel(n_jobs=1)]: Done   1 out of   1 | elapsed:    5.6s finished
[Parallel(n_jobs=1)]: Done   1 out of   1 | elapsed:    5.8s finished
[Parallel(n_jobs=1)]: Done   1 out of   1 | elapsed:    6.4s finished
[Parallel(n_jobs=1)]: Done   1 out of   1 | elapsed:    6.6s finished
[Parallel(n_jobs=1)]: Done   1 out of   1 | elapsed:    6.1s finished
[Parallel(n_jobs=1)]: Done   1 out of   1 | elapsed:    6.0s finished
[Parallel(n_jobs=1)]: Done   1 out of   1 | elapsed:    6.1s finished
[Parallel(n_jobs=1)]: Done   1 out of   1 | elapsed:    5.1s finished
[Parallel(n_jobs=1)]: Done   1 out of   1 | elapsed:    5.3s finished
[Parallel(n_jobs=1)]: Done   1 out of   1 | elapsed:    4.6s finished
[Parallel(n_jobs=1)]: Done   1 out of   1 | elapsed:    4.8s finished
[Parallel(n_jobs=1)]: Done   1 out of   1 | elapsed:    4.8s finished
[Parallel(n_jobs=1)]: Done   1 out of   1 | elapsed:   11.1s finished
[Parallel(n_jobs=1)]: Done   1 out of   1 | elapsed:   11.5s finished
[Parallel(n_jobs=1)]: Done   1 out of   1 | elapsed:   10.7s finished
[Parallel(n_jobs=1)]: Done   1 out of   1 | elapsed:    5.5s finished
[Parallel(n_jobs=1)]: Done   1 out of   1 | elapsed:    5.4s finished
[Parallel(n_jobs=1)]: Done   1 out of   1 | elapsed:    5.4s finished
[Parallel(n_jobs=1)]: Done   1 out of   1 | elapsed:   11.2s finished
[Parallel(n_jobs=-1)]: Done  26 tasks      | elapsed:   17.2s
[Parallel(n_jobs=1)]: Done   1 out of   1 | elapsed:    5.4s finished
[Parallel(n_jobs=1)]: Done   1 out of   1 | elapsed:    6.2s finished
[Parallel(n_jobs=1)]: Done   1 out of   1 | elapsed:   12.1s finished
[Parallel(n_jobs=1)]: Done   1 out of   1 | elapsed:   10.0s finished
[Parallel(n_jobs=1)]: Done   1 out of   1 | elapsed:    5.2s finished
[Parallel(n_jobs=1)]: Done   1 out of   1 | elapsed:    5.1s finished
[Parallel(n_jobs=1)]: Done   1 out of   1 | elapsed:    9.1s finished
[Parallel(n_jobs=1)]: Done   1 out of   1 | elapsed:    9.1s finished
[Parallel(n_jobs=1)]: Done   1 out of   1 | elapsed:    9.9s finished
[Parallel(n_jobs=1)]: Done   1 out of   1 | elapsed:    4.5s finished
[Parallel(n_jobs=1)]: Done   1 out of   1 | elapsed:   10.2s finished
[Parallel(n_jobs=1)]: Done   1 out of   1 | elapsed:    4.5s finished
[Parallel(n_jobs=1)]: Done   1 out of   1 | elapsed:    4.7s finished
[Parallel(n_jobs=1)]: Done   1 out of   1 | elapsed:    8.4s finished
[Parallel(n_jobs=1)]: Done   1 out of   1 | elapsed:    8.3s finished
[Parallel(n_jobs=1)]: Done   1 out of   1 | elapsed:    7.5s finished
[Parallel(n_jobs=1)]: Done   1 out of   1 | elapsed:    7.8s finished
[Parallel(n_jobs=1)]: Done   1 out of   1 | elapsed:    8.3s finished
[Parallel(n_jobs=1)]: Done   1 out of   1 | elapsed:   23.3s finished
[Parallel(n_jobs=1)]: Done   1 out of   1 | elapsed:   23.5s finished
[Parallel(n_jobs=1)]: Done   1 out of   1 | elapsed:   24.7s finished
[Parallel(n_jobs=1)]: Done   1 out of   1 | elapsed:   24.7s finished
[Parallel(n_jobs=1)]: Done   1 out of   1 | elapsed:   27.4s finished
[Parallel(n_jobs=1)]: Done   1 out of   1 | elapsed:   20.1s finished
[Parallel(n_jobs=1)]: Done   1 out of   1 | elapsed:   21.5s finished
[Parallel(n_jobs=1)]: Done   1 out of   1 | elapsed:    7.7s finished
[Parallel(n_jobs=1)]: Done   1 out of   1 | elapsed:    6.3s finished
[Parallel(n_jobs=1)]: Done   1 out of   1 | elapsed:   21.1s finished
[Parallel(n_jobs=1)]: Done   1 out of   1 | elapsed:   21.1s finished
[Parallel(n_jobs=1)]: Done   1 out of   1 | elapsed:   20.5s finished
[Parallel(n_jobs=1)]: Done   1 out of   1 | elapsed:    6.8s finished
[Parallel(n_jobs=1)]: Done   1 out of   1 | elapsed:    6.8s finished
[Parallel(n_jobs=1)]: Done   1 out of   1 | elapsed:    7.2s finished
[Parallel(n_jobs=1)]: Done   1 out of   1 | elapsed:   18.4s finished
[Parallel(n_jobs=1)]: Done   1 out of   1 | elapsed:   17.1s finished
[Parallel(n_jobs=1)]: Done   1 out of   1 | elapsed:   17.8s finished
[Parallel(n_jobs=1)]: Done   1 out of   1 | elapsed:   18.2s finished
[Parallel(n_jobs=1)]: Done   1 out of   1 | elapsed:   18.3s finished
[Parallel(n_jobs=1)]: Done   1 out of   1 | elapsed:   42.0s finished
[Parallel(n_jobs=1)]: Done   1 out of   1 | elapsed:   45.3s finished
[Parallel(n_jobs=1)]: Done   1 out of   1 | elapsed:   43.8s finished
[Parallel(n_jobs=1)]: Done   1 out of   1 | elapsed:   47.3s finished
[Parallel(n_jobs=1)]: Done   1 out of   1 | elapsed:   47.4s finished
[Parallel(n_jobs=1)]: Done   1 out of   1 | elapsed:   36.1s finished
[Parallel(n_jobs=1)]: Done   1 out of   1 | elapsed:   37.4s finished
[Parallel(n_jobs=1)]: Done   1 out of   1 | elapsed:   31.3s finished
[Parallel(n_jobs=1)]: Done   1 out of   1 | elapsed:   30.8s finished
[Parallel(n_jobs=1)]: Done   1 out of   1 | elapsed:   36.1s finished
[Parallel(n_jobs=1)]: Done   1 out of   1 | elapsed:   38.3s finished
[Parallel(n_jobs=1)]: Done   1 out of   1 | elapsed:   38.9s finished
[Parallel(n_jobs=1)]: Done   1 out of   1 | elapsed:   37.5s finished
[Parallel(n_jobs=1)]: Done   1 out of   1 | elapsed:   29.6s finished
[Parallel(n_jobs=1)]: Done   1 out of   1 | elapsed:   34.8s finished
[Parallel(n_jobs=-1)]: Done  80 out of  80 | elapsed:  1.9min finished
[Parallel(n_jobs=1)]: Done   1 out of   1 | elapsed:    0.8s finished
best params: {'C': 10000.0, 'tol': 0.0001}
/users/PAS1383/osu10173/.conda/envs/local/lib/python2.7/site-packages/sklearn/model_selection/_search.py:747: DeprecationWarning: The grid_scores_ attribute was deprecated in version 0.18 in favor of the more elaborate cv_results_ attribute. The grid_scores_ attribute will not be available from 0.20
  DeprecationWarning)
-0.033 (+/-0.030) for {'C': 1000000.0, 'tol': 0.001}
[-0.09248358 -0.0165873  -0.01723507 -0.01668831 -0.02274217]
-0.035 (+/-0.033) for {'C': 1000000.0, 'tol': 0.0001}
[-0.10033656 -0.0170922  -0.01442437 -0.01589233 -0.02675543]
-0.036 (+/-0.036) for {'C': 1000000.0, 'tol': 1e-05}
[-0.10639071 -0.01853717 -0.01301175 -0.01353024 -0.02878826]
-0.026 (+/-0.027) for {'C': 1000000.0, 'tol': 1e-06}
[-0.07914642 -0.02179661 -0.0077168  -0.01040173 -0.01157673]
-0.033 (+/-0.030) for {'C': 100000.0, 'tol': 0.001}
[-0.09376079 -0.01649639 -0.01736472 -0.01663461 -0.02250228]
-0.034 (+/-0.032) for {'C': 100000.0, 'tol': 0.0001}
[-0.09738883 -0.01664274 -0.01443564 -0.01509771 -0.02455608]
-0.024 (+/-0.024) for {'C': 100000.0, 'tol': 1e-05}
[-0.07142079 -0.01823688 -0.00900624 -0.01091859 -0.01059551]
-0.025 (+/-0.024) for {'C': 100000.0, 'tol': 1e-06}
[-0.07146882 -0.02109856 -0.00979455 -0.0131928  -0.01022203]
-0.032 (+/-0.027) for {'C': 10000.0, 'tol': 0.001}
[-0.0859811  -0.01587496 -0.0186442  -0.01791894 -0.02115911]
-0.024 (+/-0.023) for {'C': 10000.0, 'tol': 0.0001}
[-0.06903431 -0.01787021 -0.01114272 -0.00882967 -0.01307992]
-0.024 (+/-0.021) for {'C': 10000.0, 'tol': 1e-05}
[-0.06475485 -0.02040793 -0.01123833 -0.01400618 -0.01094382]
-0.025 (+/-0.021) for {'C': 10000.0, 'tol': 1e-06}
[-0.06524874 -0.02112399 -0.01168386 -0.01469468 -0.00998972]
-0.024 (+/-0.018) for {'C': 1000.0, 'tol': 0.001}
[-0.0591747  -0.01936767 -0.01557074 -0.01390376 -0.01308693]
-0.025 (+/-0.018) for {'C': 1000.0, 'tol': 0.0001}
[-0.05935037 -0.02096169 -0.01411614 -0.0165329  -0.01178795]
-0.025 (+/-0.018) for {'C': 1000.0, 'tol': 1e-05}
[-0.05990731 -0.02148933 -0.01440326 -0.01645996 -0.0107231 ]
-0.025 (+/-0.018) for {'C': 1000.0, 'tol': 1e-06}
[-0.05990376 -0.0215183  -0.0143274  -0.01646253 -0.01069468]
Fitting 5 folds for each of 16 candidates, totalling 80 fits
[Parallel(n_jobs=1)]: Done   1 out of   1 | elapsed:    4.5s finished
[Parallel(n_jobs=1)]: Done   1 out of   1 | elapsed:    4.8s finished
[Parallel(n_jobs=1)]: Done   1 out of   1 | elapsed:    4.8s finished
[Parallel(n_jobs=1)]: Done   1 out of   1 | elapsed:    5.0s finished
[Parallel(n_jobs=1)]: Done   1 out of   1 | elapsed:    5.0s finished
[Parallel(n_jobs=1)]: Done   1 out of   1 | elapsed:    5.5s finished
[Parallel(n_jobs=1)]: Done   1 out of   1 | elapsed:    5.5s finished
[Parallel(n_jobs=1)]: Done   1 out of   1 | elapsed:    5.6s finished
[Parallel(n_jobs=1)]: Done   1 out of   1 | elapsed:    5.5s finished
[Parallel(n_jobs=1)]: Done   1 out of   1 | elapsed:    5.8s finished
[Parallel(n_jobs=1)]: Done   1 out of   1 | elapsed:    6.4s finished
[Parallel(n_jobs=1)]: Done   1 out of   1 | elapsed:    6.6s finished
[Parallel(n_jobs=1)]: Done   1 out of   1 | elapsed:    6.1s finished
[Parallel(n_jobs=1)]: Done   1 out of   1 | elapsed:    6.1s finished
[Parallel(n_jobs=1)]: Done   1 out of   1 | elapsed:    6.1s finished
[Parallel(n_jobs=1)]: Done   1 out of   1 | elapsed:    5.1s finished
[Parallel(n_jobs=1)]: Done   1 out of   1 | elapsed:    5.3s finished
[Parallel(n_jobs=1)]: Done   1 out of   1 | elapsed:    4.5s finished
[Parallel(n_jobs=1)]: Done   1 out of   1 | elapsed:    4.8s finished
[Parallel(n_jobs=1)]: Done   1 out of   1 | elapsed:    4.7s finished
[Parallel(n_jobs=1)]: Done   1 out of   1 | elapsed:   11.1s finished
[Parallel(n_jobs=1)]: Done   1 out of   1 | elapsed:   11.4s finished
[Parallel(n_jobs=1)]: Done   1 out of   1 | elapsed:   10.7s finished
[Parallel(n_jobs=1)]: Done   1 out of   1 | elapsed:    5.5s finished
[Parallel(n_jobs=1)]: Done   1 out of   1 | elapsed:    5.4s finished
[Parallel(n_jobs=1)]: Done   1 out of   1 | elapsed:    5.4s finished
[Parallel(n_jobs=1)]: Done   1 out of   1 | elapsed:   11.2s finished
[Parallel(n_jobs=-1)]: Done  26 tasks      | elapsed:   17.3s
[Parallel(n_jobs=1)]: Done   1 out of   1 | elapsed:    5.4s finished
[Parallel(n_jobs=1)]: Done   1 out of   1 | elapsed:    6.2s finished
[Parallel(n_jobs=1)]: Done   1 out of   1 | elapsed:   12.0s finished
[Parallel(n_jobs=1)]: Done   1 out of   1 | elapsed:   10.0s finished
[Parallel(n_jobs=1)]: Done   1 out of   1 | elapsed:    5.2s finished
[Parallel(n_jobs=1)]: Done   1 out of   1 | elapsed:    5.0s finished
[Parallel(n_jobs=1)]: Done   1 out of   1 | elapsed:    9.1s finished
[Parallel(n_jobs=1)]: Done   1 out of   1 | elapsed:    9.0s finished
[Parallel(n_jobs=1)]: Done   1 out of   1 | elapsed:    9.9s finished
[Parallel(n_jobs=1)]: Done   1 out of   1 | elapsed:    4.6s finished
[Parallel(n_jobs=1)]: Done   1 out of   1 | elapsed:   10.3s finished
[Parallel(n_jobs=1)]: Done   1 out of   1 | elapsed:    4.5s finished
[Parallel(n_jobs=1)]: Done   1 out of   1 | elapsed:    4.8s finished
[Parallel(n_jobs=1)]: Done   1 out of   1 | elapsed:    8.4s finished
[Parallel(n_jobs=1)]: Done   1 out of   1 | elapsed:    8.4s finished
[Parallel(n_jobs=1)]: Done   1 out of   1 | elapsed:    7.5s finished
[Parallel(n_jobs=1)]: Done   1 out of   1 | elapsed:    7.9s finished
[Parallel(n_jobs=1)]: Done   1 out of   1 | elapsed:    8.4s finished
[Parallel(n_jobs=1)]: Done   1 out of   1 | elapsed:   23.5s finished
[Parallel(n_jobs=1)]: Done   1 out of   1 | elapsed:   23.7s finished
[Parallel(n_jobs=1)]: Done   1 out of   1 | elapsed:   24.9s finished
[Parallel(n_jobs=1)]: Done   1 out of   1 | elapsed:   24.8s finished
[Parallel(n_jobs=1)]: Done   1 out of   1 | elapsed:   27.5s finished
[Parallel(n_jobs=1)]: Done   1 out of   1 | elapsed:   20.1s finished
[Parallel(n_jobs=1)]: Done   1 out of   1 | elapsed:   21.6s finished
[Parallel(n_jobs=1)]: Done   1 out of   1 | elapsed:    7.8s finished
[Parallel(n_jobs=1)]: Done   1 out of   1 | elapsed:    6.4s finished
[Parallel(n_jobs=1)]: Done   1 out of   1 | elapsed:   21.2s finished
[Parallel(n_jobs=1)]: Done   1 out of   1 | elapsed:   21.1s finished
[Parallel(n_jobs=1)]: Done   1 out of   1 | elapsed:   20.6s finished
[Parallel(n_jobs=1)]: Done   1 out of   1 | elapsed:    6.8s finished
[Parallel(n_jobs=1)]: Done   1 out of   1 | elapsed:    6.8s finished
[Parallel(n_jobs=1)]: Done   1 out of   1 | elapsed:    7.1s finished
[Parallel(n_jobs=1)]: Done   1 out of   1 | elapsed:   18.5s finished
[Parallel(n_jobs=1)]: Done   1 out of   1 | elapsed:   17.2s finished
[Parallel(n_jobs=1)]: Done   1 out of   1 | elapsed:   17.8s finished
[Parallel(n_jobs=1)]: Done   1 out of   1 | elapsed:   18.3s finished
[Parallel(n_jobs=1)]: Done   1 out of   1 | elapsed:   18.2s finished
[Parallel(n_jobs=1)]: Done   1 out of   1 | elapsed:   42.2s finished
[Parallel(n_jobs=1)]: Done   1 out of   1 | elapsed:   45.4s finished
[Parallel(n_jobs=1)]: Done   1 out of   1 | elapsed:   43.9s finished
[Parallel(n_jobs=1)]: Done   1 out of   1 | elapsed:   47.3s finished
[Parallel(n_jobs=1)]: Done   1 out of   1 | elapsed:   47.4s finished
[Parallel(n_jobs=1)]: Done   1 out of   1 | elapsed:   36.0s finished
[Parallel(n_jobs=1)]: Done   1 out of   1 | elapsed:   37.3s finished
[Parallel(n_jobs=1)]: Done   1 out of   1 | elapsed:   31.2s finished
[Parallel(n_jobs=1)]: Done   1 out of   1 | elapsed:   30.9s finished
[Parallel(n_jobs=1)]: Done   1 out of   1 | elapsed:   36.2s finished
[Parallel(n_jobs=1)]: Done   1 out of   1 | elapsed:   38.3s finished
[Parallel(n_jobs=1)]: Done   1 out of   1 | elapsed:   39.0s finished
[Parallel(n_jobs=1)]: Done   1 out of   1 | elapsed:   37.5s finished
[Parallel(n_jobs=1)]: Done   1 out of   1 | elapsed:   29.7s finished
[Parallel(n_jobs=1)]: Done   1 out of   1 | elapsed:   34.8s finished
[Parallel(n_jobs=-1)]: Done  80 out of  80 | elapsed:  1.9min finished
[Parallel(n_jobs=1)]: Done   1 out of   1 | elapsed:    0.8s finished
best params: {'C': 10000.0, 'tol': 0.0001}
/users/PAS1383/osu10173/.conda/envs/local/lib/python2.7/site-packages/sklearn/model_selection/_search.py:747: DeprecationWarning: The grid_scores_ attribute was deprecated in version 0.18 in favor of the more elaborate cv_results_ attribute. The grid_scores_ attribute will not be available from 0.20
  DeprecationWarning)
-0.033 (+/-0.030) for {'C': 1000000.0, 'tol': 0.001}
[-0.09248358 -0.0165873  -0.01723507 -0.01668831 -0.02274217]
-0.035 (+/-0.033) for {'C': 1000000.0, 'tol': 0.0001}
[-0.10033656 -0.0170922  -0.01442437 -0.01589233 -0.02675543]
-0.036 (+/-0.036) for {'C': 1000000.0, 'tol': 1e-05}
[-0.10639071 -0.01853717 -0.01301175 -0.01353024 -0.02878826]
-0.026 (+/-0.027) for {'C': 1000000.0, 'tol': 1e-06}
[-0.07914642 -0.02179661 -0.0077168  -0.01040173 -0.01157673]
-0.033 (+/-0.030) for {'C': 100000.0, 'tol': 0.001}
[-0.09376079 -0.01649639 -0.01736472 -0.01663461 -0.02250228]
-0.034 (+/-0.032) for {'C': 100000.0, 'tol': 0.0001}
[-0.09738883 -0.01664274 -0.01443564 -0.01509771 -0.02455608]
-0.024 (+/-0.024) for {'C': 100000.0, 'tol': 1e-05}
[-0.07142079 -0.01823688 -0.00900624 -0.01091859 -0.01059551]
-0.025 (+/-0.024) for {'C': 100000.0, 'tol': 1e-06}
[-0.07146882 -0.02109856 -0.00979455 -0.0131928  -0.01022203]
-0.032 (+/-0.027) for {'C': 10000.0, 'tol': 0.001}
[-0.0859811  -0.01587496 -0.0186442  -0.01791894 -0.02115911]
-0.024 (+/-0.023) for {'C': 10000.0, 'tol': 0.0001}
[-0.06903431 -0.01787021 -0.01114272 -0.00882967 -0.01307992]
-0.024 (+/-0.021) for {'C': 10000.0, 'tol': 1e-05}
[-0.06475485 -0.02040793 -0.01123833 -0.01400618 -0.01094382]
-0.025 (+/-0.021) for {'C': 10000.0, 'tol': 1e-06}
[-0.06524874 -0.02112399 -0.01168386 -0.01469468 -0.00998972]
-0.024 (+/-0.018) for {'C': 1000.0, 'tol': 0.001}
[-0.0591747  -0.01936767 -0.01557074 -0.01390376 -0.01308693]
-0.025 (+/-0.018) for {'C': 1000.0, 'tol': 0.0001}
[-0.05935037 -0.02096169 -0.01411614 -0.0165329  -0.01178795]
-0.025 (+/-0.018) for {'C': 1000.0, 'tol': 1e-05}
[-0.05990731 -0.02148933 -0.01440326 -0.01645996 -0.0107231 ]
-0.025 (+/-0.018) for {'C': 1000.0, 'tol': 1e-06}
[-0.05990376 -0.0215183  -0.0143274  -0.01646253 -0.01069468]
Fitting 5 folds for each of 16 candidates, totalling 80 fits
[Parallel(n_jobs=1)]: Done   1 out of   1 | elapsed:    4.6s finished
[Parallel(n_jobs=1)]: Done   1 out of   1 | elapsed:    4.8s finished
[Parallel(n_jobs=1)]: Done   1 out of   1 | elapsed:    4.8s finished
[Parallel(n_jobs=1)]: Done   1 out of   1 | elapsed:    5.1s finished
[Parallel(n_jobs=1)]: Done   1 out of   1 | elapsed:    5.1s finished
[Parallel(n_jobs=1)]: Done   1 out of   1 | elapsed:    5.5s finished
[Parallel(n_jobs=1)]: Done   1 out of   1 | elapsed:    5.5s finished
[Parallel(n_jobs=1)]: Done   1 out of   1 | elapsed:    5.6s finished
[Parallel(n_jobs=1)]: Done   1 out of   1 | elapsed:    5.5s finished
[Parallel(n_jobs=1)]: Done   1 out of   1 | elapsed:    5.8s finished
[Parallel(n_jobs=1)]: Done   1 out of   1 | elapsed:    6.5s finished
[Parallel(n_jobs=1)]: Done   1 out of   1 | elapsed:    6.7s finished
[Parallel(n_jobs=1)]: Done   1 out of   1 | elapsed:    6.1s finished
[Parallel(n_jobs=1)]: Done   1 out of   1 | elapsed:    6.0s finished
[Parallel(n_jobs=1)]: Done   1 out of   1 | elapsed:    6.1s finished
[Parallel(n_jobs=1)]: Done   1 out of   1 | elapsed:    5.1s finished
[Parallel(n_jobs=1)]: Done   1 out of   1 | elapsed:    5.3s finished
[Parallel(n_jobs=1)]: Done   1 out of   1 | elapsed:    4.5s finished
[Parallel(n_jobs=1)]: Done   1 out of   1 | elapsed:    4.8s finished
[Parallel(n_jobs=1)]: Done   1 out of   1 | elapsed:    4.8s finished
[Parallel(n_jobs=1)]: Done   1 out of   1 | elapsed:   11.0s finished
[Parallel(n_jobs=1)]: Done   1 out of   1 | elapsed:   11.4s finished
[Parallel(n_jobs=1)]: Done   1 out of   1 | elapsed:   10.7s finished
[Parallel(n_jobs=1)]: Done   1 out of   1 | elapsed:    5.4s finished
[Parallel(n_jobs=1)]: Done   1 out of   1 | elapsed:    5.5s finished
[Parallel(n_jobs=1)]: Done   1 out of   1 | elapsed:    5.4s finished
[Parallel(n_jobs=1)]: Done   1 out of   1 | elapsed:   11.2s finished
[Parallel(n_jobs=-1)]: Done  26 tasks      | elapsed:   17.3s
[Parallel(n_jobs=1)]: Done   1 out of   1 | elapsed:    5.4s finished
[Parallel(n_jobs=1)]: Done   1 out of   1 | elapsed:    6.1s finished
[Parallel(n_jobs=1)]: Done   1 out of   1 | elapsed:   12.1s finished
[Parallel(n_jobs=1)]: Done   1 out of   1 | elapsed:   10.0s finished
[Parallel(n_jobs=1)]: Done   1 out of   1 | elapsed:    5.2s finished
[Parallel(n_jobs=1)]: Done   1 out of   1 | elapsed:    5.1s finished
[Parallel(n_jobs=1)]: Done   1 out of   1 | elapsed:    9.1s finished
[Parallel(n_jobs=1)]: Done   1 out of   1 | elapsed:    9.1s finished
[Parallel(n_jobs=1)]: Done   1 out of   1 | elapsed:    9.9s finished
[Parallel(n_jobs=1)]: Done   1 out of   1 | elapsed:    4.6s finished
[Parallel(n_jobs=1)]: Done   1 out of   1 | elapsed:   10.2s finished
[Parallel(n_jobs=1)]: Done   1 out of   1 | elapsed:    4.5s finished
[Parallel(n_jobs=1)]: Done   1 out of   1 | elapsed:    4.8s finished
[Parallel(n_jobs=1)]: Done   1 out of   1 | elapsed:    8.4s finished
[Parallel(n_jobs=1)]: Done   1 out of   1 | elapsed:    8.4s finished
[Parallel(n_jobs=1)]: Done   1 out of   1 | elapsed:    7.6s finished
[Parallel(n_jobs=1)]: Done   1 out of   1 | elapsed:    7.9s finished
[Parallel(n_jobs=1)]: Done   1 out of   1 | elapsed:    8.3s finished
[Parallel(n_jobs=1)]: Done   1 out of   1 | elapsed:   23.4s finished
[Parallel(n_jobs=1)]: Done   1 out of   1 | elapsed:   23.6s finished
[Parallel(n_jobs=1)]: Done   1 out of   1 | elapsed:   24.9s finished
[Parallel(n_jobs=1)]: Done   1 out of   1 | elapsed:   24.9s finished
[Parallel(n_jobs=1)]: Done   1 out of   1 | elapsed:   27.4s finished
[Parallel(n_jobs=1)]: Done   1 out of   1 | elapsed:   20.2s finished
[Parallel(n_jobs=1)]: Done   1 out of   1 | elapsed:   21.7s finished
[Parallel(n_jobs=1)]: Done   1 out of   1 | elapsed:    7.8s finished
[Parallel(n_jobs=1)]: Done   1 out of   1 | elapsed:    6.4s finished
[Parallel(n_jobs=1)]: Done   1 out of   1 | elapsed:   21.2s finished
[Parallel(n_jobs=1)]: Done   1 out of   1 | elapsed:   21.1s finished
[Parallel(n_jobs=1)]: Done   1 out of   1 | elapsed:   20.5s finished
[Parallel(n_jobs=1)]: Done   1 out of   1 | elapsed:    6.8s finished
[Parallel(n_jobs=1)]: Done   1 out of   1 | elapsed:    6.8s finished
[Parallel(n_jobs=1)]: Done   1 out of   1 | elapsed:    7.2s finished
[Parallel(n_jobs=1)]: Done   1 out of   1 | elapsed:   18.4s finished
[Parallel(n_jobs=1)]: Done   1 out of   1 | elapsed:   17.2s finished
[Parallel(n_jobs=1)]: Done   1 out of   1 | elapsed:   17.9s finished
[Parallel(n_jobs=1)]: Done   1 out of   1 | elapsed:   18.2s finished
[Parallel(n_jobs=1)]: Done   1 out of   1 | elapsed:   18.4s finished
[Parallel(n_jobs=1)]: Done   1 out of   1 | elapsed:   42.2s finished
[Parallel(n_jobs=1)]: Done   1 out of   1 | elapsed:   45.4s finished
[Parallel(n_jobs=1)]: Done   1 out of   1 | elapsed:   43.9s finished
[Parallel(n_jobs=1)]: Done   1 out of   1 | elapsed:   47.4s finished
[Parallel(n_jobs=1)]: Done   1 out of   1 | elapsed:   47.4s finished
[Parallel(n_jobs=1)]: Done   1 out of   1 | elapsed:   36.2s finished
[Parallel(n_jobs=1)]: Done   1 out of   1 | elapsed:   37.4s finished
[Parallel(n_jobs=1)]: Done   1 out of   1 | elapsed:   31.3s finished
[Parallel(n_jobs=1)]: Done   1 out of   1 | elapsed:   30.9s finished
[Parallel(n_jobs=1)]: Done   1 out of   1 | elapsed:   36.2s finished
[Parallel(n_jobs=1)]: Done   1 out of   1 | elapsed:   38.3s finished
[Parallel(n_jobs=1)]: Done   1 out of   1 | elapsed:   38.8s finished
[Parallel(n_jobs=1)]: Done   1 out of   1 | elapsed:   37.4s finished
[Parallel(n_jobs=1)]: Done   1 out of   1 | elapsed:   29.6s finished
[Parallel(n_jobs=1)]: Done   1 out of   1 | elapsed:   34.9s finished
[Parallel(n_jobs=-1)]: Done  80 out of  80 | elapsed:  1.9min finished
[Parallel(n_jobs=1)]: Done   1 out of   1 | elapsed:    0.8s finished
best params: {'C': 10000.0, 'tol': 0.0001}
/users/PAS1383/osu10173/.conda/envs/local/lib/python2.7/site-packages/sklearn/model_selection/_search.py:747: DeprecationWarning: The grid_scores_ attribute was deprecated in version 0.18 in favor of the more elaborate cv_results_ attribute. The grid_scores_ attribute will not be available from 0.20
  DeprecationWarning)
-0.033 (+/-0.030) for {'C': 1000000.0, 'tol': 0.001}
[-0.09248358 -0.0165873  -0.01723507 -0.01668831 -0.02274217]
-0.035 (+/-0.033) for {'C': 1000000.0, 'tol': 0.0001}
[-0.10033656 -0.0170922  -0.01442437 -0.01589233 -0.02675543]
-0.036 (+/-0.036) for {'C': 1000000.0, 'tol': 1e-05}
[-0.10639071 -0.01853717 -0.01301175 -0.01353024 -0.02878826]
-0.026 (+/-0.027) for {'C': 1000000.0, 'tol': 1e-06}
[-0.07914642 -0.02179661 -0.0077168  -0.01040173 -0.01157673]
-0.033 (+/-0.030) for {'C': 100000.0, 'tol': 0.001}
[-0.09376079 -0.01649639 -0.01736472 -0.01663461 -0.02250228]
-0.034 (+/-0.032) for {'C': 100000.0, 'tol': 0.0001}
[-0.09738883 -0.01664274 -0.01443564 -0.01509771 -0.02455608]
-0.024 (+/-0.024) for {'C': 100000.0, 'tol': 1e-05}
[-0.07142079 -0.01823688 -0.00900624 -0.01091859 -0.01059551]
-0.025 (+/-0.024) for {'C': 100000.0, 'tol': 1e-06}
[-0.07146882 -0.02109856 -0.00979455 -0.0131928  -0.01022203]
-0.032 (+/-0.027) for {'C': 10000.0, 'tol': 0.001}
[-0.0859811  -0.01587496 -0.0186442  -0.01791894 -0.02115911]
-0.024 (+/-0.023) for {'C': 10000.0, 'tol': 0.0001}
[-0.06903431 -0.01787021 -0.01114272 -0.00882967 -0.01307992]
-0.024 (+/-0.021) for {'C': 10000.0, 'tol': 1e-05}
[-0.06475485 -0.02040793 -0.01123833 -0.01400618 -0.01094382]
-0.025 (+/-0.021) for {'C': 10000.0, 'tol': 1e-06}
[-0.06524874 -0.02112399 -0.01168386 -0.01469468 -0.00998972]
-0.024 (+/-0.018) for {'C': 1000.0, 'tol': 0.001}
[-0.0591747  -0.01936767 -0.01557074 -0.01390376 -0.01308693]
-0.025 (+/-0.018) for {'C': 1000.0, 'tol': 0.0001}
[-0.05935037 -0.02096169 -0.01411614 -0.0165329  -0.01178795]
-0.025 (+/-0.018) for {'C': 1000.0, 'tol': 1e-05}
[-0.05990731 -0.02148933 -0.01440326 -0.01645996 -0.0107231 ]
-0.025 (+/-0.018) for {'C': 1000.0, 'tol': 1e-06}
[-0.05990376 -0.0215183  -0.0143274  -0.01646253 -0.01069468]
Fitting 5 folds for each of 16 candidates, totalling 80 fits
[Parallel(n_jobs=1)]: Done   1 out of   1 | elapsed:    4.6s finished
[Parallel(n_jobs=1)]: Done   1 out of   1 | elapsed:    4.8s finished
[Parallel(n_jobs=1)]: Done   1 out of   1 | elapsed:    4.8s finished
[Parallel(n_jobs=1)]: Done   1 out of   1 | elapsed:    5.0s finished
[Parallel(n_jobs=1)]: Done   1 out of   1 | elapsed:    5.1s finished
[Parallel(n_jobs=1)]: Done   1 out of   1 | elapsed:    5.5s finished
[Parallel(n_jobs=1)]: Done   1 out of   1 | elapsed:    5.5s finished
[Parallel(n_jobs=1)]: Done   1 out of   1 | elapsed:    5.5s finished
[Parallel(n_jobs=1)]: Done   1 out of   1 | elapsed:    5.6s finished
[Parallel(n_jobs=1)]: Done   1 out of   1 | elapsed:    5.8s finished
[Parallel(n_jobs=1)]: Done   1 out of   1 | elapsed:    6.4s finished
[Parallel(n_jobs=1)]: Done   1 out of   1 | elapsed:    6.6s finished
[Parallel(n_jobs=1)]: Done   1 out of   1 | elapsed:    6.1s finished
[Parallel(n_jobs=1)]: Done   1 out of   1 | elapsed:    6.1s finished
[Parallel(n_jobs=1)]: Done   1 out of   1 | elapsed:    6.1s finished
[Parallel(n_jobs=1)]: Done   1 out of   1 | elapsed:    5.1s finished
[Parallel(n_jobs=1)]: Done   1 out of   1 | elapsed:    5.3s finished
[Parallel(n_jobs=1)]: Done   1 out of   1 | elapsed:    4.6s finished
[Parallel(n_jobs=1)]: Done   1 out of   1 | elapsed:    4.7s finished
[Parallel(n_jobs=1)]: Done   1 out of   1 | elapsed:    4.7s finished
[Parallel(n_jobs=1)]: Done   1 out of   1 | elapsed:   11.0s finished
[Parallel(n_jobs=1)]: Done   1 out of   1 | elapsed:   11.4s finished
[Parallel(n_jobs=1)]: Done   1 out of   1 | elapsed:   10.7s finished
[Parallel(n_jobs=1)]: Done   1 out of   1 | elapsed:    5.4s finished
[Parallel(n_jobs=1)]: Done   1 out of   1 | elapsed:    5.6s finished
[Parallel(n_jobs=1)]: Done   1 out of   1 | elapsed:    5.4s finished
[Parallel(n_jobs=1)]: Done   1 out of   1 | elapsed:   11.2s finished
[Parallel(n_jobs=-1)]: Done  26 tasks      | elapsed:   17.3s
[Parallel(n_jobs=1)]: Done   1 out of   1 | elapsed:    5.4s finished
[Parallel(n_jobs=1)]: Done   1 out of   1 | elapsed:    6.2s finished
[Parallel(n_jobs=1)]: Done   1 out of   1 | elapsed:   12.1s finished
[Parallel(n_jobs=1)]: Done   1 out of   1 | elapsed:   10.0s finished
[Parallel(n_jobs=1)]: Done   1 out of   1 | elapsed:    5.2s finished
[Parallel(n_jobs=1)]: Done   1 out of   1 | elapsed:    5.1s finished
[Parallel(n_jobs=1)]: Done   1 out of   1 | elapsed:    9.1s finished
[Parallel(n_jobs=1)]: Done   1 out of   1 | elapsed:    9.1s finished
[Parallel(n_jobs=1)]: Done   1 out of   1 | elapsed:    9.9s finished
[Parallel(n_jobs=1)]: Done   1 out of   1 | elapsed:    4.5s finished
[Parallel(n_jobs=1)]: Done   1 out of   1 | elapsed:   10.3s finished
[Parallel(n_jobs=1)]: Done   1 out of   1 | elapsed:    4.6s finished
[Parallel(n_jobs=1)]: Done   1 out of   1 | elapsed:    4.8s finished
[Parallel(n_jobs=1)]: Done   1 out of   1 | elapsed:    8.5s finished
[Parallel(n_jobs=1)]: Done   1 out of   1 | elapsed:    8.4s finished
[Parallel(n_jobs=1)]: Done   1 out of   1 | elapsed:    7.6s finished
[Parallel(n_jobs=1)]: Done   1 out of   1 | elapsed:    7.9s finished
[Parallel(n_jobs=1)]: Done   1 out of   1 | elapsed:    8.3s finished
[Parallel(n_jobs=1)]: Done   1 out of   1 | elapsed:   23.5s finished
[Parallel(n_jobs=1)]: Done   1 out of   1 | elapsed:   23.7s finished
[Parallel(n_jobs=1)]: Done   1 out of   1 | elapsed:   24.9s finished
[Parallel(n_jobs=1)]: Done   1 out of   1 | elapsed:   24.8s finished
[Parallel(n_jobs=1)]: Done   1 out of   1 | elapsed:   27.4s finished
[Parallel(n_jobs=1)]: Done   1 out of   1 | elapsed:   20.2s finished
[Parallel(n_jobs=1)]: Done   1 out of   1 | elapsed:   21.7s finished
[Parallel(n_jobs=1)]: Done   1 out of   1 | elapsed:    7.8s finished
[Parallel(n_jobs=1)]: Done   1 out of   1 | elapsed:    6.3s finished
[Parallel(n_jobs=1)]: Done   1 out of   1 | elapsed:   21.1s finished
[Parallel(n_jobs=1)]: Done   1 out of   1 | elapsed:   21.1s finished
[Parallel(n_jobs=1)]: Done   1 out of   1 | elapsed:   20.6s finished
[Parallel(n_jobs=1)]: Done   1 out of   1 | elapsed:    6.8s finished
[Parallel(n_jobs=1)]: Done   1 out of   1 | elapsed:    6.9s finished
[Parallel(n_jobs=1)]: Done   1 out of   1 | elapsed:    7.1s finished
[Parallel(n_jobs=1)]: Done   1 out of   1 | elapsed:   18.3s finished
[Parallel(n_jobs=1)]: Done   1 out of   1 | elapsed:   17.1s finished
[Parallel(n_jobs=1)]: Done   1 out of   1 | elapsed:   17.8s finished
[Parallel(n_jobs=1)]: Done   1 out of   1 | elapsed:   18.1s finished
[Parallel(n_jobs=1)]: Done   1 out of   1 | elapsed:   18.3s finished
[Parallel(n_jobs=1)]: Done   1 out of   1 | elapsed:   42.0s finished
[Parallel(n_jobs=1)]: Done   1 out of   1 | elapsed:   45.3s finished
[Parallel(n_jobs=1)]: Done   1 out of   1 | elapsed:   43.8s finished
[Parallel(n_jobs=1)]: Done   1 out of   1 | elapsed:   47.3s finished
[Parallel(n_jobs=1)]: Done   1 out of   1 | elapsed:   47.2s finished
[Parallel(n_jobs=1)]: Done   1 out of   1 | elapsed:   36.0s finished
[Parallel(n_jobs=1)]: Done   1 out of   1 | elapsed:   37.3s finished
[Parallel(n_jobs=1)]: Done   1 out of   1 | elapsed:   31.2s finished
[Parallel(n_jobs=1)]: Done   1 out of   1 | elapsed:   30.9s finished
[Parallel(n_jobs=1)]: Done   1 out of   1 | elapsed:   36.2s finished
[Parallel(n_jobs=1)]: Done   1 out of   1 | elapsed:   38.2s finished
[Parallel(n_jobs=1)]: Done   1 out of   1 | elapsed:   38.8s finished
[Parallel(n_jobs=1)]: Done   1 out of   1 | elapsed:   37.4s finished
[Parallel(n_jobs=1)]: Done   1 out of   1 | elapsed:   29.5s finished
[Parallel(n_jobs=1)]: Done   1 out of   1 | elapsed:   34.8s finished
[Parallel(n_jobs=-1)]: Done  80 out of  80 | elapsed:  1.9min finished
[Parallel(n_jobs=1)]: Done   1 out of   1 | elapsed:    0.8s finished
best params: {'C': 10000.0, 'tol': 0.0001}
/users/PAS1383/osu10173/.conda/envs/local/lib/python2.7/site-packages/sklearn/model_selection/_search.py:747: DeprecationWarning: The grid_scores_ attribute was deprecated in version 0.18 in favor of the more elaborate cv_results_ attribute. The grid_scores_ attribute will not be available from 0.20
  DeprecationWarning)
-0.033 (+/-0.030) for {'C': 1000000.0, 'tol': 0.001}
[-0.09248358 -0.0165873  -0.01723507 -0.01668831 -0.02274217]
-0.035 (+/-0.033) for {'C': 1000000.0, 'tol': 0.0001}
[-0.10033656 -0.0170922  -0.01442437 -0.01589233 -0.02675543]
-0.036 (+/-0.036) for {'C': 1000000.0, 'tol': 1e-05}
[-0.10639071 -0.01853717 -0.01301175 -0.01353024 -0.02878826]
-0.026 (+/-0.027) for {'C': 1000000.0, 'tol': 1e-06}
[-0.07914642 -0.02179661 -0.0077168  -0.01040173 -0.01157673]
-0.033 (+/-0.030) for {'C': 100000.0, 'tol': 0.001}
[-0.09376079 -0.01649639 -0.01736472 -0.01663461 -0.02250228]
-0.034 (+/-0.032) for {'C': 100000.0, 'tol': 0.0001}
[-0.09738883 -0.01664274 -0.01443564 -0.01509771 -0.02455608]
-0.024 (+/-0.024) for {'C': 100000.0, 'tol': 1e-05}
[-0.07142079 -0.01823688 -0.00900624 -0.01091859 -0.01059551]
-0.025 (+/-0.024) for {'C': 100000.0, 'tol': 1e-06}
[-0.07146882 -0.02109856 -0.00979455 -0.0131928  -0.01022203]
-0.032 (+/-0.027) for {'C': 10000.0, 'tol': 0.001}
[-0.0859811  -0.01587496 -0.0186442  -0.01791894 -0.02115911]
-0.024 (+/-0.023) for {'C': 10000.0, 'tol': 0.0001}
[-0.06903431 -0.01787021 -0.01114272 -0.00882967 -0.01307992]
-0.024 (+/-0.021) for {'C': 10000.0, 'tol': 1e-05}
[-0.06475485 -0.02040793 -0.01123833 -0.01400618 -0.01094382]
-0.025 (+/-0.021) for {'C': 10000.0, 'tol': 1e-06}
[-0.06524874 -0.02112399 -0.01168386 -0.01469468 -0.00998972]
-0.024 (+/-0.018) for {'C': 1000.0, 'tol': 0.001}
[-0.0591747  -0.01936767 -0.01557074 -0.01390376 -0.01308693]
-0.025 (+/-0.018) for {'C': 1000.0, 'tol': 0.0001}
[-0.05935037 -0.02096169 -0.01411614 -0.0165329  -0.01178795]
-0.025 (+/-0.018) for {'C': 1000.0, 'tol': 1e-05}
[-0.05990731 -0.02148933 -0.01440326 -0.01645996 -0.0107231 ]
-0.025 (+/-0.018) for {'C': 1000.0, 'tol': 1e-06}
[-0.05990376 -0.0215183  -0.0143274  -0.01646253 -0.01069468]
Fitting 5 folds for each of 16 candidates, totalling 80 fits
[Parallel(n_jobs=1)]: Done   1 out of   1 | elapsed:    4.6s finished
[Parallel(n_jobs=1)]: Done   1 out of   1 | elapsed:    4.8s finished
[Parallel(n_jobs=1)]: Done   1 out of   1 | elapsed:    4.8s finished
[Parallel(n_jobs=1)]: Done   1 out of   1 | elapsed:    5.1s finished
[Parallel(n_jobs=1)]: Done   1 out of   1 | elapsed:    5.1s finished
[Parallel(n_jobs=1)]: Done   1 out of   1 | elapsed:    5.5s finished
[Parallel(n_jobs=1)]: Done   1 out of   1 | elapsed:    5.6s finished
[Parallel(n_jobs=1)]: Done   1 out of   1 | elapsed:    5.5s finished
[Parallel(n_jobs=1)]: Done   1 out of   1 | elapsed:    5.5s finished
[Parallel(n_jobs=1)]: Done   1 out of   1 | elapsed:    5.8s finished
[Parallel(n_jobs=1)]: Done   1 out of   1 | elapsed:    6.5s finished
[Parallel(n_jobs=1)]: Done   1 out of   1 | elapsed:    6.6s finished
[Parallel(n_jobs=1)]: Done   1 out of   1 | elapsed:    6.0s finished
[Parallel(n_jobs=1)]: Done   1 out of   1 | elapsed:    6.0s finished
[Parallel(n_jobs=1)]: Done   1 out of   1 | elapsed:    6.1s finished
[Parallel(n_jobs=1)]: Done   1 out of   1 | elapsed:    5.0s finished
[Parallel(n_jobs=1)]: Done   1 out of   1 | elapsed:    5.2s finished
[Parallel(n_jobs=1)]: Done   1 out of   1 | elapsed:    4.5s finished
[Parallel(n_jobs=1)]: Done   1 out of   1 | elapsed:    4.7s finished
[Parallel(n_jobs=1)]: Done   1 out of   1 | elapsed:    4.8s finished
[Parallel(n_jobs=1)]: Done   1 out of   1 | elapsed:   10.9s finished
[Parallel(n_jobs=1)]: Done   1 out of   1 | elapsed:   11.3s finished
[Parallel(n_jobs=1)]: Done   1 out of   1 | elapsed:   10.7s finished
[Parallel(n_jobs=1)]: Done   1 out of   1 | elapsed:    5.3s finished
[Parallel(n_jobs=1)]: Done   1 out of   1 | elapsed:    5.3s finished
[Parallel(n_jobs=1)]: Done   1 out of   1 | elapsed:    5.6s finished
[Parallel(n_jobs=1)]: Done   1 out of   1 | elapsed:   11.1s finished
[Parallel(n_jobs=-1)]: Done  26 tasks      | elapsed:   17.3s
[Parallel(n_jobs=1)]: Done   1 out of   1 | elapsed:    5.4s finished
[Parallel(n_jobs=1)]: Done   1 out of   1 | elapsed:    6.1s finished
[Parallel(n_jobs=1)]: Done   1 out of   1 | elapsed:   12.0s finished
[Parallel(n_jobs=1)]: Done   1 out of   1 | elapsed:   10.0s finished
[Parallel(n_jobs=1)]: Done   1 out of   1 | elapsed:    5.2s finished
[Parallel(n_jobs=1)]: Done   1 out of   1 | elapsed:    5.1s finished
[Parallel(n_jobs=1)]: Done   1 out of   1 | elapsed:    9.2s finished
[Parallel(n_jobs=1)]: Done   1 out of   1 | elapsed:    9.1s finished
[Parallel(n_jobs=1)]: Done   1 out of   1 | elapsed:    9.8s finished
[Parallel(n_jobs=1)]: Done   1 out of   1 | elapsed:    4.5s finished
[Parallel(n_jobs=1)]: Done   1 out of   1 | elapsed:   10.2s finished
[Parallel(n_jobs=1)]: Done   1 out of   1 | elapsed:    4.5s finished
[Parallel(n_jobs=1)]: Done   1 out of   1 | elapsed:    4.7s finished
[Parallel(n_jobs=1)]: Done   1 out of   1 | elapsed:    8.4s finished
[Parallel(n_jobs=1)]: Done   1 out of   1 | elapsed:    8.3s finished
[Parallel(n_jobs=1)]: Done   1 out of   1 | elapsed:    7.5s finished
[Parallel(n_jobs=1)]: Done   1 out of   1 | elapsed:    7.9s finished
[Parallel(n_jobs=1)]: Done   1 out of   1 | elapsed:    8.3s finished
[Parallel(n_jobs=1)]: Done   1 out of   1 | elapsed:   23.4s finished
[Parallel(n_jobs=1)]: Done   1 out of   1 | elapsed:   23.5s finished
[Parallel(n_jobs=1)]: Done   1 out of   1 | elapsed:   24.9s finished
[Parallel(n_jobs=1)]: Done   1 out of   1 | elapsed:   24.7s finished
[Parallel(n_jobs=1)]: Done   1 out of   1 | elapsed:   27.3s finished
[Parallel(n_jobs=1)]: Done   1 out of   1 | elapsed:   20.1s finished
[Parallel(n_jobs=1)]: Done   1 out of   1 | elapsed:   21.5s finished
[Parallel(n_jobs=1)]: Done   1 out of   1 | elapsed:    7.7s finished
[Parallel(n_jobs=1)]: Done   1 out of   1 | elapsed:    6.3s finished
[Parallel(n_jobs=1)]: Done   1 out of   1 | elapsed:   21.0s finished
[Parallel(n_jobs=1)]: Done   1 out of   1 | elapsed:   21.0s finished
[Parallel(n_jobs=1)]: Done   1 out of   1 | elapsed:   20.4s finished
[Parallel(n_jobs=1)]: Done   1 out of   1 | elapsed:    6.8s finished
[Parallel(n_jobs=1)]: Done   1 out of   1 | elapsed:    6.8s finished
[Parallel(n_jobs=1)]: Done   1 out of   1 | elapsed:    7.1s finished
[Parallel(n_jobs=1)]: Done   1 out of   1 | elapsed:   18.3s finished
[Parallel(n_jobs=1)]: Done   1 out of   1 | elapsed:   17.1s finished
[Parallel(n_jobs=1)]: Done   1 out of   1 | elapsed:   17.8s finished
[Parallel(n_jobs=1)]: Done   1 out of   1 | elapsed:   18.1s finished
[Parallel(n_jobs=1)]: Done   1 out of   1 | elapsed:   18.3s finished
[Parallel(n_jobs=1)]: Done   1 out of   1 | elapsed:   41.9s finished
[Parallel(n_jobs=1)]: Done   1 out of   1 | elapsed:   45.1s finished
[Parallel(n_jobs=1)]: Done   1 out of   1 | elapsed:   43.8s finished
[Parallel(n_jobs=1)]: Done   1 out of   1 | elapsed:   47.2s finished
[Parallel(n_jobs=1)]: Done   1 out of   1 | elapsed:   47.2s finished
[Parallel(n_jobs=1)]: Done   1 out of   1 | elapsed:   36.2s finished
[Parallel(n_jobs=1)]: Done   1 out of   1 | elapsed:   37.4s finished
[Parallel(n_jobs=1)]: Done   1 out of   1 | elapsed:   31.4s finished
[Parallel(n_jobs=1)]: Done   1 out of   1 | elapsed:   31.0s finished
[Parallel(n_jobs=1)]: Done   1 out of   1 | elapsed:   36.4s finished
[Parallel(n_jobs=1)]: Done   1 out of   1 | elapsed:   38.4s finished
[Parallel(n_jobs=1)]: Done   1 out of   1 | elapsed:   39.0s finished
[Parallel(n_jobs=1)]: Done   1 out of   1 | elapsed:   37.7s finished
[Parallel(n_jobs=1)]: Done   1 out of   1 | elapsed:   29.5s finished
[Parallel(n_jobs=1)]: Done   1 out of   1 | elapsed:   34.9s finished
[Parallel(n_jobs=-1)]: Done  80 out of  80 | elapsed:  1.9min finished
[Parallel(n_jobs=1)]: Done   1 out of   1 | elapsed:    0.8s finished
best params: {'C': 10000.0, 'tol': 0.0001}
/users/PAS1383/osu10173/.conda/envs/local/lib/python2.7/site-packages/sklearn/model_selection/_search.py:747: DeprecationWarning: The grid_scores_ attribute was deprecated in version 0.18 in favor of the more elaborate cv_results_ attribute. The grid_scores_ attribute will not be available from 0.20
  DeprecationWarning)
-0.033 (+/-0.030) for {'C': 1000000.0, 'tol': 0.001}
[-0.09248358 -0.0165873  -0.01723507 -0.01668831 -0.02274217]
-0.035 (+/-0.033) for {'C': 1000000.0, 'tol': 0.0001}
[-0.10033656 -0.0170922  -0.01442437 -0.01589233 -0.02675543]
-0.036 (+/-0.036) for {'C': 1000000.0, 'tol': 1e-05}
[-0.10639071 -0.01853717 -0.01301175 -0.01353024 -0.02878826]
-0.026 (+/-0.027) for {'C': 1000000.0, 'tol': 1e-06}
[-0.07914642 -0.02179661 -0.0077168  -0.01040173 -0.01157673]
-0.033 (+/-0.030) for {'C': 100000.0, 'tol': 0.001}
[-0.09376079 -0.01649639 -0.01736472 -0.01663461 -0.02250228]
-0.034 (+/-0.032) for {'C': 100000.0, 'tol': 0.0001}
[-0.09738883 -0.01664274 -0.01443564 -0.01509771 -0.02455608]
-0.024 (+/-0.024) for {'C': 100000.0, 'tol': 1e-05}
[-0.07142079 -0.01823688 -0.00900624 -0.01091859 -0.01059551]
-0.025 (+/-0.024) for {'C': 100000.0, 'tol': 1e-06}
[-0.07146882 -0.02109856 -0.00979455 -0.0131928  -0.01022203]
-0.032 (+/-0.027) for {'C': 10000.0, 'tol': 0.001}
[-0.0859811  -0.01587496 -0.0186442  -0.01791894 -0.02115911]
-0.024 (+/-0.023) for {'C': 10000.0, 'tol': 0.0001}
[-0.06903431 -0.01787021 -0.01114272 -0.00882967 -0.01307992]
-0.024 (+/-0.021) for {'C': 10000.0, 'tol': 1e-05}
[-0.06475485 -0.02040793 -0.01123833 -0.01400618 -0.01094382]
-0.025 (+/-0.021) for {'C': 10000.0, 'tol': 1e-06}
[-0.06524874 -0.02112399 -0.01168386 -0.01469468 -0.00998972]
-0.024 (+/-0.018) for {'C': 1000.0, 'tol': 0.001}
[-0.0591747  -0.01936767 -0.01557074 -0.01390376 -0.01308693]
-0.025 (+/-0.018) for {'C': 1000.0, 'tol': 0.0001}
[-0.05935037 -0.02096169 -0.01411614 -0.0165329  -0.01178795]
-0.025 (+/-0.018) for {'C': 1000.0, 'tol': 1e-05}
[-0.05990731 -0.02148933 -0.01440326 -0.01645996 -0.0107231 ]
-0.025 (+/-0.018) for {'C': 1000.0, 'tol': 1e-06}
[-0.05990376 -0.0215183  -0.0143274  -0.01646253 -0.01069468]
Fitting 5 folds for each of 16 candidates, totalling 80 fits
[Parallel(n_jobs=1)]: Done   1 out of   1 | elapsed:    4.6s finished
[Parallel(n_jobs=1)]: Done   1 out of   1 | elapsed:    4.7s finished
[Parallel(n_jobs=1)]: Done   1 out of   1 | elapsed:    4.8s finished
[Parallel(n_jobs=1)]: Done   1 out of   1 | elapsed:    5.1s finished
[Parallel(n_jobs=1)]: Done   1 out of   1 | elapsed:    5.0s finished
[Parallel(n_jobs=1)]: Done   1 out of   1 | elapsed:    5.5s finished
[Parallel(n_jobs=1)]: Done   1 out of   1 | elapsed:    5.5s finished
[Parallel(n_jobs=1)]: Done   1 out of   1 | elapsed:    5.6s finished
[Parallel(n_jobs=1)]: Done   1 out of   1 | elapsed:    5.5s finished
[Parallel(n_jobs=1)]: Done   1 out of   1 | elapsed:    5.8s finished
[Parallel(n_jobs=1)]: Done   1 out of   1 | elapsed:    6.5s finished
[Parallel(n_jobs=1)]: Done   1 out of   1 | elapsed:    6.7s finished
[Parallel(n_jobs=1)]: Done   1 out of   1 | elapsed:    6.0s finished
[Parallel(n_jobs=1)]: Done   1 out of   1 | elapsed:    6.0s finished
[Parallel(n_jobs=1)]: Done   1 out of   1 | elapsed:    6.1s finished
[Parallel(n_jobs=1)]: Done   1 out of   1 | elapsed:    5.1s finished
[Parallel(n_jobs=1)]: Done   1 out of   1 | elapsed:    5.3s finished
[Parallel(n_jobs=1)]: Done   1 out of   1 | elapsed:    4.5s finished
[Parallel(n_jobs=1)]: Done   1 out of   1 | elapsed:    4.8s finished
[Parallel(n_jobs=1)]: Done   1 out of   1 | elapsed:    4.7s finished
[Parallel(n_jobs=1)]: Done   1 out of   1 | elapsed:   11.0s finished
[Parallel(n_jobs=1)]: Done   1 out of   1 | elapsed:   11.4s finished
[Parallel(n_jobs=1)]: Done   1 out of   1 | elapsed:   10.7s finished
[Parallel(n_jobs=1)]: Done   1 out of   1 | elapsed:    5.3s finished
[Parallel(n_jobs=1)]: Done   1 out of   1 | elapsed:    5.4s finished
[Parallel(n_jobs=1)]: Done   1 out of   1 | elapsed:    5.5s finished
[Parallel(n_jobs=1)]: Done   1 out of   1 | elapsed:   11.2s finished
[Parallel(n_jobs=-1)]: Done  26 tasks      | elapsed:   17.2s
[Parallel(n_jobs=1)]: Done   1 out of   1 | elapsed:    5.4s finished
[Parallel(n_jobs=1)]: Done   1 out of   1 | elapsed:    6.2s finished
[Parallel(n_jobs=1)]: Done   1 out of   1 | elapsed:   12.1s finished
[Parallel(n_jobs=1)]: Done   1 out of   1 | elapsed:   10.0s finished
[Parallel(n_jobs=1)]: Done   1 out of   1 | elapsed:    5.2s finished
[Parallel(n_jobs=1)]: Done   1 out of   1 | elapsed:    5.1s finished
[Parallel(n_jobs=1)]: Done   1 out of   1 | elapsed:    9.1s finished
[Parallel(n_jobs=1)]: Done   1 out of   1 | elapsed:    9.0s finished
[Parallel(n_jobs=1)]: Done   1 out of   1 | elapsed:    9.8s finished
[Parallel(n_jobs=1)]: Done   1 out of   1 | elapsed:    4.5s finished
[Parallel(n_jobs=1)]: Done   1 out of   1 | elapsed:   10.2s finished
[Parallel(n_jobs=1)]: Done   1 out of   1 | elapsed:    4.5s finished
[Parallel(n_jobs=1)]: Done   1 out of   1 | elapsed:    4.7s finished
[Parallel(n_jobs=1)]: Done   1 out of   1 | elapsed:    8.4s finished
[Parallel(n_jobs=1)]: Done   1 out of   1 | elapsed:    8.4s finished
[Parallel(n_jobs=1)]: Done   1 out of   1 | elapsed:    7.5s finished
[Parallel(n_jobs=1)]: Done   1 out of   1 | elapsed:    7.8s finished
[Parallel(n_jobs=1)]: Done   1 out of   1 | elapsed:    8.3s finished
[Parallel(n_jobs=1)]: Done   1 out of   1 | elapsed:   23.4s finished
[Parallel(n_jobs=1)]: Done   1 out of   1 | elapsed:   23.5s finished
[Parallel(n_jobs=1)]: Done   1 out of   1 | elapsed:   24.8s finished
[Parallel(n_jobs=1)]: Done   1 out of   1 | elapsed:   24.6s finished
[Parallel(n_jobs=1)]: Done   1 out of   1 | elapsed:   27.3s finished
[Parallel(n_jobs=1)]: Done   1 out of   1 | elapsed:   20.2s finished
[Parallel(n_jobs=1)]: Done   1 out of   1 | elapsed:   21.6s finished
[Parallel(n_jobs=1)]: Done   1 out of   1 | elapsed:    7.8s finished
[Parallel(n_jobs=1)]: Done   1 out of   1 | elapsed:    6.4s finished
[Parallel(n_jobs=1)]: Done   1 out of   1 | elapsed:   21.1s finished
[Parallel(n_jobs=1)]: Done   1 out of   1 | elapsed:   21.1s finished
[Parallel(n_jobs=1)]: Done   1 out of   1 | elapsed:   20.5s finished
[Parallel(n_jobs=1)]: Done   1 out of   1 | elapsed:    6.8s finished
[Parallel(n_jobs=1)]: Done   1 out of   1 | elapsed:    6.8s finished
[Parallel(n_jobs=1)]: Done   1 out of   1 | elapsed:    7.1s finished
[Parallel(n_jobs=1)]: Done   1 out of   1 | elapsed:   18.4s finished
[Parallel(n_jobs=1)]: Done   1 out of   1 | elapsed:   17.2s finished
[Parallel(n_jobs=1)]: Done   1 out of   1 | elapsed:   17.8s finished
[Parallel(n_jobs=1)]: Done   1 out of   1 | elapsed:   18.4s finished
[Parallel(n_jobs=1)]: Done   1 out of   1 | elapsed:   18.2s finished
[Parallel(n_jobs=1)]: Done   1 out of   1 | elapsed:   42.1s finished
[Parallel(n_jobs=1)]: Done   1 out of   1 | elapsed:   45.2s finished
[Parallel(n_jobs=1)]: Done   1 out of   1 | elapsed:   43.8s finished
[Parallel(n_jobs=1)]: Done   1 out of   1 | elapsed:   47.3s finished
[Parallel(n_jobs=1)]: Done   1 out of   1 | elapsed:   47.2s finished
[Parallel(n_jobs=1)]: Done   1 out of   1 | elapsed:   36.0s finished
[Parallel(n_jobs=1)]: Done   1 out of   1 | elapsed:   37.2s finished
[Parallel(n_jobs=1)]: Done   1 out of   1 | elapsed:   31.0s finished
[Parallel(n_jobs=1)]: Done   1 out of   1 | elapsed:   30.7s finished
[Parallel(n_jobs=1)]: Done   1 out of   1 | elapsed:   36.0s finished
[Parallel(n_jobs=1)]: Done   1 out of   1 | elapsed:   38.0s finished
[Parallel(n_jobs=1)]: Done   1 out of   1 | elapsed:   38.6s finished
[Parallel(n_jobs=1)]: Done   1 out of   1 | elapsed:   37.2s finished
[Parallel(n_jobs=1)]: Done   1 out of   1 | elapsed:   29.3s finished
[Parallel(n_jobs=1)]: Done   1 out of   1 | elapsed:   34.6s finished
[Parallel(n_jobs=-1)]: Done  80 out of  80 | elapsed:  1.9min finished
[Parallel(n_jobs=1)]: Done   1 out of   1 | elapsed:    0.8s finished
best params: {'C': 10000.0, 'tol': 0.0001}
/users/PAS1383/osu10173/.conda/envs/local/lib/python2.7/site-packages/sklearn/model_selection/_search.py:747: DeprecationWarning: The grid_scores_ attribute was deprecated in version 0.18 in favor of the more elaborate cv_results_ attribute. The grid_scores_ attribute will not be available from 0.20
  DeprecationWarning)
-0.033 (+/-0.030) for {'C': 1000000.0, 'tol': 0.001}
[-0.09248358 -0.0165873  -0.01723507 -0.01668831 -0.02274217]
-0.035 (+/-0.033) for {'C': 1000000.0, 'tol': 0.0001}
[-0.10033656 -0.0170922  -0.01442437 -0.01589233 -0.02675543]
-0.036 (+/-0.036) for {'C': 1000000.0, 'tol': 1e-05}
[-0.10639071 -0.01853717 -0.01301175 -0.01353024 -0.02878826]
-0.026 (+/-0.027) for {'C': 1000000.0, 'tol': 1e-06}
[-0.07914642 -0.02179661 -0.0077168  -0.01040173 -0.01157673]
-0.033 (+/-0.030) for {'C': 100000.0, 'tol': 0.001}
[-0.09376079 -0.01649639 -0.01736472 -0.01663461 -0.02250228]
-0.034 (+/-0.032) for {'C': 100000.0, 'tol': 0.0001}
[-0.09738883 -0.01664274 -0.01443564 -0.01509771 -0.02455608]
-0.024 (+/-0.024) for {'C': 100000.0, 'tol': 1e-05}
[-0.07142079 -0.01823688 -0.00900624 -0.01091859 -0.01059551]
-0.025 (+/-0.024) for {'C': 100000.0, 'tol': 1e-06}
[-0.07146882 -0.02109856 -0.00979455 -0.0131928  -0.01022203]
-0.032 (+/-0.027) for {'C': 10000.0, 'tol': 0.001}
[-0.0859811  -0.01587496 -0.0186442  -0.01791894 -0.02115911]
-0.024 (+/-0.023) for {'C': 10000.0, 'tol': 0.0001}
[-0.06903431 -0.01787021 -0.01114272 -0.00882967 -0.01307992]
-0.024 (+/-0.021) for {'C': 10000.0, 'tol': 1e-05}
[-0.06475485 -0.02040793 -0.01123833 -0.01400618 -0.01094382]
-0.025 (+/-0.021) for {'C': 10000.0, 'tol': 1e-06}
[-0.06524874 -0.02112399 -0.01168386 -0.01469468 -0.00998972]
-0.024 (+/-0.018) for {'C': 1000.0, 'tol': 0.001}
[-0.0591747  -0.01936767 -0.01557074 -0.01390376 -0.01308693]
-0.025 (+/-0.018) for {'C': 1000.0, 'tol': 0.0001}
[-0.05935037 -0.02096169 -0.01411614 -0.0165329  -0.01178795]
-0.025 (+/-0.018) for {'C': 1000.0, 'tol': 1e-05}
[-0.05990731 -0.02148933 -0.01440326 -0.01645996 -0.0107231 ]
-0.025 (+/-0.018) for {'C': 1000.0, 'tol': 1e-06}
[-0.05990376 -0.0215183  -0.0143274  -0.01646253 -0.01069468]
Fitting 5 folds for each of 16 candidates, totalling 80 fits
[Parallel(n_jobs=1)]: Done   1 out of   1 | elapsed:    4.5s finished
[Parallel(n_jobs=1)]: Done   1 out of   1 | elapsed:    4.7s finished
[Parallel(n_jobs=1)]: Done   1 out of   1 | elapsed:    4.8s finished
[Parallel(n_jobs=1)]: Done   1 out of   1 | elapsed:    5.0s finished
[Parallel(n_jobs=1)]: Done   1 out of   1 | elapsed:    5.1s finished
[Parallel(n_jobs=1)]: Done   1 out of   1 | elapsed:    5.4s finished
[Parallel(n_jobs=1)]: Done   1 out of   1 | elapsed:    5.5s finished
[Parallel(n_jobs=1)]: Done   1 out of   1 | elapsed:    5.4s finished
[Parallel(n_jobs=1)]: Done   1 out of   1 | elapsed:    5.5s finished
[Parallel(n_jobs=1)]: Done   1 out of   1 | elapsed:    5.8s finished
[Parallel(n_jobs=1)]: Done   1 out of   1 | elapsed:    6.3s finished
[Parallel(n_jobs=1)]: Done   1 out of   1 | elapsed:    6.6s finished
[Parallel(n_jobs=1)]: Done   1 out of   1 | elapsed:    6.0s finished
[Parallel(n_jobs=1)]: Done   1 out of   1 | elapsed:    6.1s finished
[Parallel(n_jobs=1)]: Done   1 out of   1 | elapsed:    6.0s finished
[Parallel(n_jobs=1)]: Done   1 out of   1 | elapsed:    5.0s finished
[Parallel(n_jobs=1)]: Done   1 out of   1 | elapsed:    5.2s finished
[Parallel(n_jobs=1)]: Done   1 out of   1 | elapsed:    4.5s finished
[Parallel(n_jobs=1)]: Done   1 out of   1 | elapsed:    4.7s finished
[Parallel(n_jobs=1)]: Done   1 out of   1 | elapsed:    4.7s finished
[Parallel(n_jobs=1)]: Done   1 out of   1 | elapsed:   11.0s finished
[Parallel(n_jobs=1)]: Done   1 out of   1 | elapsed:   10.7s finished
[Parallel(n_jobs=1)]: Done   1 out of   1 | elapsed:   11.4s finished
[Parallel(n_jobs=1)]: Done   1 out of   1 | elapsed:    5.4s finished
[Parallel(n_jobs=1)]: Done   1 out of   1 | elapsed:    5.4s finished
[Parallel(n_jobs=1)]: Done   1 out of   1 | elapsed:    5.5s finished
[Parallel(n_jobs=1)]: Done   1 out of   1 | elapsed:   11.2s finished
[Parallel(n_jobs=-1)]: Done  26 tasks      | elapsed:   17.2s
[Parallel(n_jobs=1)]: Done   1 out of   1 | elapsed:    5.4s finished
[Parallel(n_jobs=1)]: Done   1 out of   1 | elapsed:    6.1s finished
[Parallel(n_jobs=1)]: Done   1 out of   1 | elapsed:   12.0s finished
[Parallel(n_jobs=1)]: Done   1 out of   1 | elapsed:   10.0s finished
[Parallel(n_jobs=1)]: Done   1 out of   1 | elapsed:    5.2s finished
[Parallel(n_jobs=1)]: Done   1 out of   1 | elapsed:    5.0s finished
[Parallel(n_jobs=1)]: Done   1 out of   1 | elapsed:    9.2s finished
[Parallel(n_jobs=1)]: Done   1 out of   1 | elapsed:    9.0s finished
[Parallel(n_jobs=1)]: Done   1 out of   1 | elapsed:    9.8s finished
[Parallel(n_jobs=1)]: Done   1 out of   1 | elapsed:    4.5s finished
[Parallel(n_jobs=1)]: Done   1 out of   1 | elapsed:   10.2s finished
[Parallel(n_jobs=1)]: Done   1 out of   1 | elapsed:    4.5s finished
[Parallel(n_jobs=1)]: Done   1 out of   1 | elapsed:    4.7s finished
[Parallel(n_jobs=1)]: Done   1 out of   1 | elapsed:    8.3s finished
[Parallel(n_jobs=1)]: Done   1 out of   1 | elapsed:    8.3s finished
[Parallel(n_jobs=1)]: Done   1 out of   1 | elapsed:    7.5s finished
[Parallel(n_jobs=1)]: Done   1 out of   1 | elapsed:    7.9s finished
[Parallel(n_jobs=1)]: Done   1 out of   1 | elapsed:    8.3s finished
[Parallel(n_jobs=1)]: Done   1 out of   1 | elapsed:   23.3s finished
[Parallel(n_jobs=1)]: Done   1 out of   1 | elapsed:   23.5s finished
[Parallel(n_jobs=1)]: Done   1 out of   1 | elapsed:   24.8s finished
[Parallel(n_jobs=1)]: Done   1 out of   1 | elapsed:   24.7s finished
[Parallel(n_jobs=1)]: Done   1 out of   1 | elapsed:   27.3s finished
[Parallel(n_jobs=1)]: Done   1 out of   1 | elapsed:   20.0s finished
[Parallel(n_jobs=1)]: Done   1 out of   1 | elapsed:   21.4s finished
[Parallel(n_jobs=1)]: Done   1 out of   1 | elapsed:    7.7s finished
[Parallel(n_jobs=1)]: Done   1 out of   1 | elapsed:    6.3s finished
[Parallel(n_jobs=1)]: Done   1 out of   1 | elapsed:   20.9s finished
[Parallel(n_jobs=1)]: Done   1 out of   1 | elapsed:   20.9s finished
[Parallel(n_jobs=1)]: Done   1 out of   1 | elapsed:   20.4s finished
[Parallel(n_jobs=1)]: Done   1 out of   1 | elapsed:    6.7s finished
[Parallel(n_jobs=1)]: Done   1 out of   1 | elapsed:    6.8s finished
[Parallel(n_jobs=1)]: Done   1 out of   1 | elapsed:    7.1s finished
[Parallel(n_jobs=1)]: Done   1 out of   1 | elapsed:   18.4s finished
[Parallel(n_jobs=1)]: Done   1 out of   1 | elapsed:   17.2s finished
[Parallel(n_jobs=1)]: Done   1 out of   1 | elapsed:   17.8s finished
[Parallel(n_jobs=1)]: Done   1 out of   1 | elapsed:   18.1s finished
[Parallel(n_jobs=1)]: Done   1 out of   1 | elapsed:   18.4s finished
[Parallel(n_jobs=1)]: Done   1 out of   1 | elapsed:   41.9s finished
[Parallel(n_jobs=1)]: Done   1 out of   1 | elapsed:   45.1s finished
[Parallel(n_jobs=1)]: Done   1 out of   1 | elapsed:   43.6s finished
[Parallel(n_jobs=1)]: Done   1 out of   1 | elapsed:   47.1s finished
[Parallel(n_jobs=1)]: Done   1 out of   1 | elapsed:   47.1s finished
[Parallel(n_jobs=1)]: Done   1 out of   1 | elapsed:   36.0s finished
[Parallel(n_jobs=1)]: Done   1 out of   1 | elapsed:   37.3s finished
[Parallel(n_jobs=1)]: Done   1 out of   1 | elapsed:   31.2s finished
[Parallel(n_jobs=1)]: Done   1 out of   1 | elapsed:   30.9s finished
[Parallel(n_jobs=1)]: Done   1 out of   1 | elapsed:   36.1s finished
[Parallel(n_jobs=1)]: Done   1 out of   1 | elapsed:   38.3s finished
[Parallel(n_jobs=1)]: Done   1 out of   1 | elapsed:   38.8s finished
[Parallel(n_jobs=1)]: Done   1 out of   1 | elapsed:   37.5s finished
[Parallel(n_jobs=1)]: Done   1 out of   1 | elapsed:   29.6s finished
[Parallel(n_jobs=1)]: Done   1 out of   1 | elapsed:   34.8s finished
[Parallel(n_jobs=-1)]: Done  80 out of  80 | elapsed:  1.9min finished
[Parallel(n_jobs=1)]: Done   1 out of   1 | elapsed:    0.8s finished
best params: {'C': 10000.0, 'tol': 0.0001}
/users/PAS1383/osu10173/.conda/envs/local/lib/python2.7/site-packages/sklearn/model_selection/_search.py:747: DeprecationWarning: The grid_scores_ attribute was deprecated in version 0.18 in favor of the more elaborate cv_results_ attribute. The grid_scores_ attribute will not be available from 0.20
  DeprecationWarning)
-0.033 (+/-0.030) for {'C': 1000000.0, 'tol': 0.001}
[-0.09248358 -0.0165873  -0.01723507 -0.01668831 -0.02274217]
-0.035 (+/-0.033) for {'C': 1000000.0, 'tol': 0.0001}
[-0.10033656 -0.0170922  -0.01442437 -0.01589233 -0.02675543]
-0.036 (+/-0.036) for {'C': 1000000.0, 'tol': 1e-05}
[-0.10639071 -0.01853717 -0.01301175 -0.01353024 -0.02878826]
-0.026 (+/-0.027) for {'C': 1000000.0, 'tol': 1e-06}
[-0.07914642 -0.02179661 -0.0077168  -0.01040173 -0.01157673]
-0.033 (+/-0.030) for {'C': 100000.0, 'tol': 0.001}
[-0.09376079 -0.01649639 -0.01736472 -0.01663461 -0.02250228]
-0.034 (+/-0.032) for {'C': 100000.0, 'tol': 0.0001}
[-0.09738883 -0.01664274 -0.01443564 -0.01509771 -0.02455608]
-0.024 (+/-0.024) for {'C': 100000.0, 'tol': 1e-05}
[-0.07142079 -0.01823688 -0.00900624 -0.01091859 -0.01059551]
-0.025 (+/-0.024) for {'C': 100000.0, 'tol': 1e-06}
[-0.07146882 -0.02109856 -0.00979455 -0.0131928  -0.01022203]
-0.032 (+/-0.027) for {'C': 10000.0, 'tol': 0.001}
[-0.0859811  -0.01587496 -0.0186442  -0.01791894 -0.02115911]
-0.024 (+/-0.023) for {'C': 10000.0, 'tol': 0.0001}
[-0.06903431 -0.01787021 -0.01114272 -0.00882967 -0.01307992]
-0.024 (+/-0.021) for {'C': 10000.0, 'tol': 1e-05}
[-0.06475485 -0.02040793 -0.01123833 -0.01400618 -0.01094382]
-0.025 (+/-0.021) for {'C': 10000.0, 'tol': 1e-06}
[-0.06524874 -0.02112399 -0.01168386 -0.01469468 -0.00998972]
-0.024 (+/-0.018) for {'C': 1000.0, 'tol': 0.001}
[-0.0591747  -0.01936767 -0.01557074 -0.01390376 -0.01308693]
-0.025 (+/-0.018) for {'C': 1000.0, 'tol': 0.0001}
[-0.05935037 -0.02096169 -0.01411614 -0.0165329  -0.01178795]
-0.025 (+/-0.018) for {'C': 1000.0, 'tol': 1e-05}
[-0.05990731 -0.02148933 -0.01440326 -0.01645996 -0.0107231 ]
-0.025 (+/-0.018) for {'C': 1000.0, 'tol': 1e-06}
[-0.05990376 -0.0215183  -0.0143274  -0.01646253 -0.01069468]
Fitting 5 folds for each of 16 candidates, totalling 80 fits
[Parallel(n_jobs=1)]: Done   1 out of   1 | elapsed:    4.6s finished
[Parallel(n_jobs=1)]: Done   1 out of   1 | elapsed:    4.9s finished
[Parallel(n_jobs=1)]: Done   1 out of   1 | elapsed:    4.9s finished
[Parallel(n_jobs=1)]: Done   1 out of   1 | elapsed:    5.2s finished
[Parallel(n_jobs=1)]: Done   1 out of   1 | elapsed:    5.1s finished
[Parallel(n_jobs=1)]: Done   1 out of   1 | elapsed:    5.5s finished
[Parallel(n_jobs=1)]: Done   1 out of   1 | elapsed:    5.5s finished
[Parallel(n_jobs=1)]: Done   1 out of   1 | elapsed:    5.7s finished
[Parallel(n_jobs=1)]: Done   1 out of   1 | elapsed:    5.6s finished
[Parallel(n_jobs=1)]: Done   1 out of   1 | elapsed:    5.9s finished
[Parallel(n_jobs=1)]: Done   1 out of   1 | elapsed:    6.6s finished
[Parallel(n_jobs=1)]: Done   1 out of   1 | elapsed:    6.8s finished
[Parallel(n_jobs=1)]: Done   1 out of   1 | elapsed:    6.2s finished
[Parallel(n_jobs=1)]: Done   1 out of   1 | elapsed:    6.2s finished
[Parallel(n_jobs=1)]: Done   1 out of   1 | elapsed:    6.2s finished
[Parallel(n_jobs=1)]: Done   1 out of   1 | elapsed:    5.2s finished
[Parallel(n_jobs=1)]: Done   1 out of   1 | elapsed:    5.4s finished
[Parallel(n_jobs=1)]: Done   1 out of   1 | elapsed:    4.6s finished
[Parallel(n_jobs=1)]: Done   1 out of   1 | elapsed:    4.8s finished
[Parallel(n_jobs=1)]: Done   1 out of   1 | elapsed:    4.8s finished
[Parallel(n_jobs=1)]: Done   1 out of   1 | elapsed:   11.2s finished
[Parallel(n_jobs=1)]: Done   1 out of   1 | elapsed:   11.6s finished
[Parallel(n_jobs=1)]: Done   1 out of   1 | elapsed:   11.0s finished
[Parallel(n_jobs=1)]: Done   1 out of   1 | elapsed:    5.6s finished
[Parallel(n_jobs=1)]: Done   1 out of   1 | elapsed:    5.5s finished
[Parallel(n_jobs=1)]: Done   1 out of   1 | elapsed:    5.5s finished
[Parallel(n_jobs=1)]: Done   1 out of   1 | elapsed:   11.4s finished
[Parallel(n_jobs=-1)]: Done  26 tasks      | elapsed:   17.6s
[Parallel(n_jobs=1)]: Done   1 out of   1 | elapsed:    5.5s finished
[Parallel(n_jobs=1)]: Done   1 out of   1 | elapsed:    6.2s finished
[Parallel(n_jobs=1)]: Done   1 out of   1 | elapsed:   12.3s finished
[Parallel(n_jobs=1)]: Done   1 out of   1 | elapsed:   10.1s finished
[Parallel(n_jobs=1)]: Done   1 out of   1 | elapsed:    5.3s finished
[Parallel(n_jobs=1)]: Done   1 out of   1 | elapsed:    5.1s finished
[Parallel(n_jobs=1)]: Done   1 out of   1 | elapsed:    9.2s finished
[Parallel(n_jobs=1)]: Done   1 out of   1 | elapsed:    9.2s finished
[Parallel(n_jobs=1)]: Done   1 out of   1 | elapsed:   10.0s finished
[Parallel(n_jobs=1)]: Done   1 out of   1 | elapsed:    4.6s finished
[Parallel(n_jobs=1)]: Done   1 out of   1 | elapsed:   10.3s finished
[Parallel(n_jobs=1)]: Done   1 out of   1 | elapsed:    4.6s finished
[Parallel(n_jobs=1)]: Done   1 out of   1 | elapsed:    4.8s finished
[Parallel(n_jobs=1)]: Done   1 out of   1 | elapsed:    8.5s finished
[Parallel(n_jobs=1)]: Done   1 out of   1 | elapsed:    8.5s finished
[Parallel(n_jobs=1)]: Done   1 out of   1 | elapsed:    7.6s finished
[Parallel(n_jobs=1)]: Done   1 out of   1 | elapsed:    8.0s finished
[Parallel(n_jobs=1)]: Done   1 out of   1 | elapsed:    8.5s finished
[Parallel(n_jobs=1)]: Done   1 out of   1 | elapsed:   23.8s finished
[Parallel(n_jobs=1)]: Done   1 out of   1 | elapsed:   23.9s finished
[Parallel(n_jobs=1)]: Done   1 out of   1 | elapsed:   25.2s finished
[Parallel(n_jobs=1)]: Done   1 out of   1 | elapsed:   25.1s finished
[Parallel(n_jobs=1)]: Done   1 out of   1 | elapsed:   27.7s finished
[Parallel(n_jobs=1)]: Done   1 out of   1 | elapsed:   20.4s finished
[Parallel(n_jobs=1)]: Done   1 out of   1 | elapsed:   21.9s finished
[Parallel(n_jobs=1)]: Done   1 out of   1 | elapsed:    7.8s finished
[Parallel(n_jobs=1)]: Done   1 out of   1 | elapsed:    6.4s finished
[Parallel(n_jobs=1)]: Done   1 out of   1 | elapsed:   21.4s finished
[Parallel(n_jobs=1)]: Done   1 out of   1 | elapsed:   21.3s finished
[Parallel(n_jobs=1)]: Done   1 out of   1 | elapsed:   20.7s finished
[Parallel(n_jobs=1)]: Done   1 out of   1 | elapsed:    6.9s finished
[Parallel(n_jobs=1)]: Done   1 out of   1 | elapsed:    6.8s finished
[Parallel(n_jobs=1)]: Done   1 out of   1 | elapsed:    7.2s finished
[Parallel(n_jobs=1)]: Done   1 out of   1 | elapsed:   18.5s finished
[Parallel(n_jobs=1)]: Done   1 out of   1 | elapsed:   17.2s finished
[Parallel(n_jobs=1)]: Done   1 out of   1 | elapsed:   17.9s finished
[Parallel(n_jobs=1)]: Done   1 out of   1 | elapsed:   18.3s finished
[Parallel(n_jobs=1)]: Done   1 out of   1 | elapsed:   18.5s finished
[Parallel(n_jobs=1)]: Done   1 out of   1 | elapsed:   42.5s finished
[Parallel(n_jobs=1)]: Done   1 out of   1 | elapsed:   45.5s finished
[Parallel(n_jobs=1)]: Done   1 out of   1 | elapsed:   44.0s finished
[Parallel(n_jobs=1)]: Done   1 out of   1 | elapsed:   47.5s finished
[Parallel(n_jobs=1)]: Done   1 out of   1 | elapsed:   47.5s finished
[Parallel(n_jobs=1)]: Done   1 out of   1 | elapsed:   36.2s finished
[Parallel(n_jobs=1)]: Done   1 out of   1 | elapsed:   37.5s finished
[Parallel(n_jobs=1)]: Done   1 out of   1 | elapsed:   31.2s finished
[Parallel(n_jobs=1)]: Done   1 out of   1 | elapsed:   30.8s finished
[Parallel(n_jobs=1)]: Done   1 out of   1 | elapsed:   36.2s finished
[Parallel(n_jobs=1)]: Done   1 out of   1 | elapsed:   38.3s finished
[Parallel(n_jobs=1)]: Done   1 out of   1 | elapsed:   38.8s finished
[Parallel(n_jobs=1)]: Done   1 out of   1 | elapsed:   37.4s finished
[Parallel(n_jobs=1)]: Done   1 out of   1 | elapsed:   29.6s finished
[Parallel(n_jobs=1)]: Done   1 out of   1 | elapsed:   34.8s finished
[Parallel(n_jobs=-1)]: Done  80 out of  80 | elapsed:  1.9min finished
[Parallel(n_jobs=1)]: Done   1 out of   1 | elapsed:    0.8s finished
best params: {'C': 10000.0, 'tol': 0.0001}
/users/PAS1383/osu10173/.conda/envs/local/lib/python2.7/site-packages/sklearn/model_selection/_search.py:747: DeprecationWarning: The grid_scores_ attribute was deprecated in version 0.18 in favor of the more elaborate cv_results_ attribute. The grid_scores_ attribute will not be available from 0.20
  DeprecationWarning)
-0.033 (+/-0.030) for {'C': 1000000.0, 'tol': 0.001}
[-0.09248358 -0.0165873  -0.01723507 -0.01668831 -0.02274217]
-0.035 (+/-0.033) for {'C': 1000000.0, 'tol': 0.0001}
[-0.10033656 -0.0170922  -0.01442437 -0.01589233 -0.02675543]
-0.036 (+/-0.036) for {'C': 1000000.0, 'tol': 1e-05}
[-0.10639071 -0.01853717 -0.01301175 -0.01353024 -0.02878826]
-0.026 (+/-0.027) for {'C': 1000000.0, 'tol': 1e-06}
[-0.07914642 -0.02179661 -0.0077168  -0.01040173 -0.01157673]
-0.033 (+/-0.030) for {'C': 100000.0, 'tol': 0.001}
[-0.09376079 -0.01649639 -0.01736472 -0.01663461 -0.02250228]
-0.034 (+/-0.032) for {'C': 100000.0, 'tol': 0.0001}
[-0.09738883 -0.01664274 -0.01443564 -0.01509771 -0.02455608]
-0.024 (+/-0.024) for {'C': 100000.0, 'tol': 1e-05}
[-0.07142079 -0.01823688 -0.00900624 -0.01091859 -0.01059551]
-0.025 (+/-0.024) for {'C': 100000.0, 'tol': 1e-06}
[-0.07146882 -0.02109856 -0.00979455 -0.0131928  -0.01022203]
-0.032 (+/-0.027) for {'C': 10000.0, 'tol': 0.001}
[-0.0859811  -0.01587496 -0.0186442  -0.01791894 -0.02115911]
-0.024 (+/-0.023) for {'C': 10000.0, 'tol': 0.0001}
[-0.06903431 -0.01787021 -0.01114272 -0.00882967 -0.01307992]
-0.024 (+/-0.021) for {'C': 10000.0, 'tol': 1e-05}
[-0.06475485 -0.02040793 -0.01123833 -0.01400618 -0.01094382]
-0.025 (+/-0.021) for {'C': 10000.0, 'tol': 1e-06}
[-0.06524874 -0.02112399 -0.01168386 -0.01469468 -0.00998972]
-0.024 (+/-0.018) for {'C': 1000.0, 'tol': 0.001}
[-0.0591747  -0.01936767 -0.01557074 -0.01390376 -0.01308693]
-0.025 (+/-0.018) for {'C': 1000.0, 'tol': 0.0001}
[-0.05935037 -0.02096169 -0.01411614 -0.0165329  -0.01178795]
-0.025 (+/-0.018) for {'C': 1000.0, 'tol': 1e-05}
[-0.05990731 -0.02148933 -0.01440326 -0.01645996 -0.0107231 ]
-0.025 (+/-0.018) for {'C': 1000.0, 'tol': 1e-06}
[-0.05990376 -0.0215183  -0.0143274  -0.01646253 -0.01069468]
Fitting 5 folds for each of 16 candidates, totalling 80 fits
[Parallel(n_jobs=1)]: Done   1 out of   1 | elapsed:    4.5s finished
[Parallel(n_jobs=1)]: Done   1 out of   1 | elapsed:    4.7s finished
[Parallel(n_jobs=1)]: Done   1 out of   1 | elapsed:    4.7s finished
[Parallel(n_jobs=1)]: Done   1 out of   1 | elapsed:    5.0s finished
[Parallel(n_jobs=1)]: Done   1 out of   1 | elapsed:    5.0s finished
[Parallel(n_jobs=1)]: Done   1 out of   1 | elapsed:    5.4s finished
[Parallel(n_jobs=1)]: Done   1 out of   1 | elapsed:    5.4s finished
[Parallel(n_jobs=1)]: Done   1 out of   1 | elapsed:    5.6s finished
[Parallel(n_jobs=1)]: Done   1 out of   1 | elapsed:    5.4s finished
[Parallel(n_jobs=1)]: Done   1 out of   1 | elapsed:    5.8s finished
[Parallel(n_jobs=1)]: Done   1 out of   1 | elapsed:    6.4s finished
[Parallel(n_jobs=1)]: Done   1 out of   1 | elapsed:    6.6s finished
[Parallel(n_jobs=1)]: Done   1 out of   1 | elapsed:    6.0s finished
[Parallel(n_jobs=1)]: Done   1 out of   1 | elapsed:    6.0s finished
[Parallel(n_jobs=1)]: Done   1 out of   1 | elapsed:    5.9s finished
[Parallel(n_jobs=1)]: Done   1 out of   1 | elapsed:    5.0s finished
[Parallel(n_jobs=1)]: Done   1 out of   1 | elapsed:    5.3s finished
[Parallel(n_jobs=1)]: Done   1 out of   1 | elapsed:    4.5s finished
[Parallel(n_jobs=1)]: Done   1 out of   1 | elapsed:    4.7s finished
[Parallel(n_jobs=1)]: Done   1 out of   1 | elapsed:    4.8s finished
[Parallel(n_jobs=1)]: Done   1 out of   1 | elapsed:   11.0s finished
[Parallel(n_jobs=1)]: Done   1 out of   1 | elapsed:   11.3s finished
[Parallel(n_jobs=1)]: Done   1 out of   1 | elapsed:   10.7s finished
[Parallel(n_jobs=1)]: Done   1 out of   1 | elapsed:    5.4s finished
[Parallel(n_jobs=1)]: Done   1 out of   1 | elapsed:    5.5s finished
[Parallel(n_jobs=1)]: Done   1 out of   1 | elapsed:    5.3s finished
[Parallel(n_jobs=1)]: Done   1 out of   1 | elapsed:   11.1s finished
[Parallel(n_jobs=-1)]: Done  26 tasks      | elapsed:   17.2s
[Parallel(n_jobs=1)]: Done   1 out of   1 | elapsed:    5.4s finished
[Parallel(n_jobs=1)]: Done   1 out of   1 | elapsed:    6.2s finished
[Parallel(n_jobs=1)]: Done   1 out of   1 | elapsed:   12.0s finished
[Parallel(n_jobs=1)]: Done   1 out of   1 | elapsed:   10.0s finished
[Parallel(n_jobs=1)]: Done   1 out of   1 | elapsed:    5.2s finished
[Parallel(n_jobs=1)]: Done   1 out of   1 | elapsed:    5.0s finished
[Parallel(n_jobs=1)]: Done   1 out of   1 | elapsed:    9.1s finished
[Parallel(n_jobs=1)]: Done   1 out of   1 | elapsed:    9.0s finished
[Parallel(n_jobs=1)]: Done   1 out of   1 | elapsed:    9.9s finished
[Parallel(n_jobs=1)]: Done   1 out of   1 | elapsed:    4.5s finished
[Parallel(n_jobs=1)]: Done   1 out of   1 | elapsed:   10.2s finished
[Parallel(n_jobs=1)]: Done   1 out of   1 | elapsed:    4.5s finished
[Parallel(n_jobs=1)]: Done   1 out of   1 | elapsed:    4.7s finished
[Parallel(n_jobs=1)]: Done   1 out of   1 | elapsed:    8.4s finished
[Parallel(n_jobs=1)]: Done   1 out of   1 | elapsed:    8.3s finished
[Parallel(n_jobs=1)]: Done   1 out of   1 | elapsed:    7.5s finished
[Parallel(n_jobs=1)]: Done   1 out of   1 | elapsed:    7.9s finished
[Parallel(n_jobs=1)]: Done   1 out of   1 | elapsed:    8.3s finished
[Parallel(n_jobs=1)]: Done   1 out of   1 | elapsed:   23.4s finished
[Parallel(n_jobs=1)]: Done   1 out of   1 | elapsed:   23.5s finished
[Parallel(n_jobs=1)]: Done   1 out of   1 | elapsed:   24.7s finished
[Parallel(n_jobs=1)]: Done   1 out of   1 | elapsed:   24.7s finished
[Parallel(n_jobs=1)]: Done   1 out of   1 | elapsed:   27.3s finished
[Parallel(n_jobs=1)]: Done   1 out of   1 | elapsed:   20.0s finished
[Parallel(n_jobs=1)]: Done   1 out of   1 | elapsed:   21.5s finished
[Parallel(n_jobs=1)]: Done   1 out of   1 | elapsed:    7.7s finished
[Parallel(n_jobs=1)]: Done   1 out of   1 | elapsed:    6.3s finished
[Parallel(n_jobs=1)]: Done   1 out of   1 | elapsed:   21.1s finished
[Parallel(n_jobs=1)]: Done   1 out of   1 | elapsed:   21.0s finished
[Parallel(n_jobs=1)]: Done   1 out of   1 | elapsed:   20.4s finished
[Parallel(n_jobs=1)]: Done   1 out of   1 | elapsed:    6.8s finished
[Parallel(n_jobs=1)]: Done   1 out of   1 | elapsed:    6.8s finished
[Parallel(n_jobs=1)]: Done   1 out of   1 | elapsed:    7.2s finished
[Parallel(n_jobs=1)]: Done   1 out of   1 | elapsed:   18.4s finished
[Parallel(n_jobs=1)]: Done   1 out of   1 | elapsed:   17.2s finished
[Parallel(n_jobs=1)]: Done   1 out of   1 | elapsed:   17.8s finished
[Parallel(n_jobs=1)]: Done   1 out of   1 | elapsed:   18.2s finished
[Parallel(n_jobs=1)]: Done   1 out of   1 | elapsed:   18.4s finished
[Parallel(n_jobs=1)]: Done   1 out of   1 | elapsed:   42.0s finished
[Parallel(n_jobs=1)]: Done   1 out of   1 | elapsed:   45.2s finished
[Parallel(n_jobs=1)]: Done   1 out of   1 | elapsed:   43.8s finished
[Parallel(n_jobs=1)]: Done   1 out of   1 | elapsed:   47.2s finished
[Parallel(n_jobs=1)]: Done   1 out of   1 | elapsed:   47.3s finished
[Parallel(n_jobs=1)]: Done   1 out of   1 | elapsed:   36.1s finished
[Parallel(n_jobs=1)]: Done   1 out of   1 | elapsed:   37.4s finished
[Parallel(n_jobs=1)]: Done   1 out of   1 | elapsed:   31.2s finished
[Parallel(n_jobs=1)]: Done   1 out of   1 | elapsed:   30.9s finished
[Parallel(n_jobs=1)]: Done   1 out of   1 | elapsed:   36.2s finished
[Parallel(n_jobs=1)]: Done   1 out of   1 | elapsed:   38.3s finished
[Parallel(n_jobs=1)]: Done   1 out of   1 | elapsed:   38.9s finished
[Parallel(n_jobs=1)]: Done   1 out of   1 | elapsed:   37.5s finished
[Parallel(n_jobs=1)]: Done   1 out of   1 | elapsed:   29.6s finished
[Parallel(n_jobs=1)]: Done   1 out of   1 | elapsed:   34.8s finished
[Parallel(n_jobs=-1)]: Done  80 out of  80 | elapsed:  1.9min finished
[Parallel(n_jobs=1)]: Done   1 out of   1 | elapsed:    0.8s finished
best params: {'C': 10000.0, 'tol': 0.0001}
/users/PAS1383/osu10173/.conda/envs/local/lib/python2.7/site-packages/sklearn/model_selection/_search.py:747: DeprecationWarning: The grid_scores_ attribute was deprecated in version 0.18 in favor of the more elaborate cv_results_ attribute. The grid_scores_ attribute will not be available from 0.20
  DeprecationWarning)
-0.033 (+/-0.030) for {'C': 1000000.0, 'tol': 0.001}
[-0.09248358 -0.0165873  -0.01723507 -0.01668831 -0.02274217]
-0.035 (+/-0.033) for {'C': 1000000.0, 'tol': 0.0001}
[-0.10033656 -0.0170922  -0.01442437 -0.01589233 -0.02675543]
-0.036 (+/-0.036) for {'C': 1000000.0, 'tol': 1e-05}
[-0.10639071 -0.01853717 -0.01301175 -0.01353024 -0.02878826]
-0.026 (+/-0.027) for {'C': 1000000.0, 'tol': 1e-06}
[-0.07914642 -0.02179661 -0.0077168  -0.01040173 -0.01157673]
-0.033 (+/-0.030) for {'C': 100000.0, 'tol': 0.001}
[-0.09376079 -0.01649639 -0.01736472 -0.01663461 -0.02250228]
-0.034 (+/-0.032) for {'C': 100000.0, 'tol': 0.0001}
[-0.09738883 -0.01664274 -0.01443564 -0.01509771 -0.02455608]
-0.024 (+/-0.024) for {'C': 100000.0, 'tol': 1e-05}
[-0.07142079 -0.01823688 -0.00900624 -0.01091859 -0.01059551]
-0.025 (+/-0.024) for {'C': 100000.0, 'tol': 1e-06}
[-0.07146882 -0.02109856 -0.00979455 -0.0131928  -0.01022203]
-0.032 (+/-0.027) for {'C': 10000.0, 'tol': 0.001}
[-0.0859811  -0.01587496 -0.0186442  -0.01791894 -0.02115911]
-0.024 (+/-0.023) for {'C': 10000.0, 'tol': 0.0001}
[-0.06903431 -0.01787021 -0.01114272 -0.00882967 -0.01307992]
-0.024 (+/-0.021) for {'C': 10000.0, 'tol': 1e-05}
[-0.06475485 -0.02040793 -0.01123833 -0.01400618 -0.01094382]
-0.025 (+/-0.021) for {'C': 10000.0, 'tol': 1e-06}
[-0.06524874 -0.02112399 -0.01168386 -0.01469468 -0.00998972]
-0.024 (+/-0.018) for {'C': 1000.0, 'tol': 0.001}
[-0.0591747  -0.01936767 -0.01557074 -0.01390376 -0.01308693]
-0.025 (+/-0.018) for {'C': 1000.0, 'tol': 0.0001}
[-0.05935037 -0.02096169 -0.01411614 -0.0165329  -0.01178795]
-0.025 (+/-0.018) for {'C': 1000.0, 'tol': 1e-05}
[-0.05990731 -0.02148933 -0.01440326 -0.01645996 -0.0107231 ]
-0.025 (+/-0.018) for {'C': 1000.0, 'tol': 1e-06}
[-0.05990376 -0.0215183  -0.0143274  -0.01646253 -0.01069468]
Fitting 5 folds for each of 16 candidates, totalling 80 fits
[Parallel(n_jobs=1)]: Done   1 out of   1 | elapsed:    4.5s finished
[Parallel(n_jobs=1)]: Done   1 out of   1 | elapsed:    4.8s finished
[Parallel(n_jobs=1)]: Done   1 out of   1 | elapsed:    4.8s finished
[Parallel(n_jobs=1)]: Done   1 out of   1 | elapsed:    5.0s finished
[Parallel(n_jobs=1)]: Done   1 out of   1 | elapsed:    5.0s finished
[Parallel(n_jobs=1)]: Done   1 out of   1 | elapsed:    5.4s finished
[Parallel(n_jobs=1)]: Done   1 out of   1 | elapsed:    5.5s finished
[Parallel(n_jobs=1)]: Done   1 out of   1 | elapsed:    5.6s finished
[Parallel(n_jobs=1)]: Done   1 out of   1 | elapsed:    5.4s finished
[Parallel(n_jobs=1)]: Done   1 out of   1 | elapsed:    5.7s finished
[Parallel(n_jobs=1)]: Done   1 out of   1 | elapsed:    6.4s finished
[Parallel(n_jobs=1)]: Done   1 out of   1 | elapsed:    6.6s finished
[Parallel(n_jobs=1)]: Done   1 out of   1 | elapsed:    6.0s finished
[Parallel(n_jobs=1)]: Done   1 out of   1 | elapsed:    6.0s finished
[Parallel(n_jobs=1)]: Done   1 out of   1 | elapsed:    6.1s finished
[Parallel(n_jobs=1)]: Done   1 out of   1 | elapsed:    5.1s finished
[Parallel(n_jobs=1)]: Done   1 out of   1 | elapsed:    5.3s finished
[Parallel(n_jobs=1)]: Done   1 out of   1 | elapsed:    4.5s finished
[Parallel(n_jobs=1)]: Done   1 out of   1 | elapsed:    4.7s finished
[Parallel(n_jobs=1)]: Done   1 out of   1 | elapsed:    4.7s finished
[Parallel(n_jobs=1)]: Done   1 out of   1 | elapsed:   11.0s finished
[Parallel(n_jobs=1)]: Done   1 out of   1 | elapsed:   11.3s finished
[Parallel(n_jobs=1)]: Done   1 out of   1 | elapsed:   10.7s finished
[Parallel(n_jobs=1)]: Done   1 out of   1 | elapsed:    5.4s finished
[Parallel(n_jobs=1)]: Done   1 out of   1 | elapsed:    5.5s finished
[Parallel(n_jobs=1)]: Done   1 out of   1 | elapsed:    5.3s finished
[Parallel(n_jobs=1)]: Done   1 out of   1 | elapsed:   11.1s finished
[Parallel(n_jobs=-1)]: Done  26 tasks      | elapsed:   17.2s
[Parallel(n_jobs=1)]: Done   1 out of   1 | elapsed:    5.3s finished
[Parallel(n_jobs=1)]: Done   1 out of   1 | elapsed:    6.1s finished
[Parallel(n_jobs=1)]: Done   1 out of   1 | elapsed:   12.0s finished
[Parallel(n_jobs=1)]: Done   1 out of   1 | elapsed:    9.9s finished
[Parallel(n_jobs=1)]: Done   1 out of   1 | elapsed:    5.2s finished
[Parallel(n_jobs=1)]: Done   1 out of   1 | elapsed:    5.0s finished
[Parallel(n_jobs=1)]: Done   1 out of   1 | elapsed:    9.1s finished
[Parallel(n_jobs=1)]: Done   1 out of   1 | elapsed:    9.0s finished
[Parallel(n_jobs=1)]: Done   1 out of   1 | elapsed:    9.9s finished
[Parallel(n_jobs=1)]: Done   1 out of   1 | elapsed:    4.5s finished
[Parallel(n_jobs=1)]: Done   1 out of   1 | elapsed:   10.2s finished
[Parallel(n_jobs=1)]: Done   1 out of   1 | elapsed:    4.5s finished
[Parallel(n_jobs=1)]: Done   1 out of   1 | elapsed:    4.8s finished
[Parallel(n_jobs=1)]: Done   1 out of   1 | elapsed:    8.4s finished
[Parallel(n_jobs=1)]: Done   1 out of   1 | elapsed:    8.4s finished
[Parallel(n_jobs=1)]: Done   1 out of   1 | elapsed:    7.5s finished
[Parallel(n_jobs=1)]: Done   1 out of   1 | elapsed:    7.8s finished
[Parallel(n_jobs=1)]: Done   1 out of   1 | elapsed:    8.3s finished
[Parallel(n_jobs=1)]: Done   1 out of   1 | elapsed:   23.4s finished
[Parallel(n_jobs=1)]: Done   1 out of   1 | elapsed:   23.5s finished
[Parallel(n_jobs=1)]: Done   1 out of   1 | elapsed:   24.8s finished
[Parallel(n_jobs=1)]: Done   1 out of   1 | elapsed:   24.7s finished
[Parallel(n_jobs=1)]: Done   1 out of   1 | elapsed:   27.3s finished
[Parallel(n_jobs=1)]: Done   1 out of   1 | elapsed:   20.2s finished
[Parallel(n_jobs=1)]: Done   1 out of   1 | elapsed:   21.6s finished
[Parallel(n_jobs=1)]: Done   1 out of   1 | elapsed:    7.8s finished
[Parallel(n_jobs=1)]: Done   1 out of   1 | elapsed:    6.4s finished
[Parallel(n_jobs=1)]: Done   1 out of   1 | elapsed:   21.1s finished
[Parallel(n_jobs=1)]: Done   1 out of   1 | elapsed:   21.1s finished
[Parallel(n_jobs=1)]: Done   1 out of   1 | elapsed:   20.5s finished
[Parallel(n_jobs=1)]: Done   1 out of   1 | elapsed:    6.9s finished
[Parallel(n_jobs=1)]: Done   1 out of   1 | elapsed:    6.9s finished
[Parallel(n_jobs=1)]: Done   1 out of   1 | elapsed:    7.2s finished
[Parallel(n_jobs=1)]: Done   1 out of   1 | elapsed:   18.5s finished
[Parallel(n_jobs=1)]: Done   1 out of   1 | elapsed:   17.3s finished
[Parallel(n_jobs=1)]: Done   1 out of   1 | elapsed:   17.8s finished
[Parallel(n_jobs=1)]: Done   1 out of   1 | elapsed:   18.2s finished
[Parallel(n_jobs=1)]: Done   1 out of   1 | elapsed:   18.5s finished
[Parallel(n_jobs=1)]: Done   1 out of   1 | elapsed:   42.2s finished
[Parallel(n_jobs=1)]: Done   1 out of   1 | elapsed:   45.4s finished
[Parallel(n_jobs=1)]: Done   1 out of   1 | elapsed:   43.9s finished
[Parallel(n_jobs=1)]: Done   1 out of   1 | elapsed:   47.3s finished
[Parallel(n_jobs=1)]: Done   1 out of   1 | elapsed:   47.3s finished
[Parallel(n_jobs=1)]: Done   1 out of   1 | elapsed:   36.2s finished
[Parallel(n_jobs=1)]: Done   1 out of   1 | elapsed:   37.5s finished
[Parallel(n_jobs=1)]: Done   1 out of   1 | elapsed:   31.2s finished
[Parallel(n_jobs=1)]: Done   1 out of   1 | elapsed:   30.9s finished
[Parallel(n_jobs=1)]: Done   1 out of   1 | elapsed:   36.2s finished
[Parallel(n_jobs=1)]: Done   1 out of   1 | elapsed:   38.3s finished
[Parallel(n_jobs=1)]: Done   1 out of   1 | elapsed:   38.8s finished
[Parallel(n_jobs=1)]: Done   1 out of   1 | elapsed:   37.4s finished
[Parallel(n_jobs=1)]: Done   1 out of   1 | elapsed:   29.6s finished
[Parallel(n_jobs=1)]: Done   1 out of   1 | elapsed:   34.7s finished
[Parallel(n_jobs=-1)]: Done  80 out of  80 | elapsed:  1.9min finished
[Parallel(n_jobs=1)]: Done   1 out of   1 | elapsed:    0.8s finished
best params: {'C': 10000.0, 'tol': 0.0001}
/users/PAS1383/osu10173/.conda/envs/local/lib/python2.7/site-packages/sklearn/model_selection/_search.py:747: DeprecationWarning: The grid_scores_ attribute was deprecated in version 0.18 in favor of the more elaborate cv_results_ attribute. The grid_scores_ attribute will not be available from 0.20
  DeprecationWarning)
-0.033 (+/-0.030) for {'C': 1000000.0, 'tol': 0.001}
[-0.09248358 -0.0165873  -0.01723507 -0.01668831 -0.02274217]
-0.035 (+/-0.033) for {'C': 1000000.0, 'tol': 0.0001}
[-0.10033656 -0.0170922  -0.01442437 -0.01589233 -0.02675543]
-0.036 (+/-0.036) for {'C': 1000000.0, 'tol': 1e-05}
[-0.10639071 -0.01853717 -0.01301175 -0.01353024 -0.02878826]
-0.026 (+/-0.027) for {'C': 1000000.0, 'tol': 1e-06}
[-0.07914642 -0.02179661 -0.0077168  -0.01040173 -0.01157673]
-0.033 (+/-0.030) for {'C': 100000.0, 'tol': 0.001}
[-0.09376079 -0.01649639 -0.01736472 -0.01663461 -0.02250228]
-0.034 (+/-0.032) for {'C': 100000.0, 'tol': 0.0001}
[-0.09738883 -0.01664274 -0.01443564 -0.01509771 -0.02455608]
-0.024 (+/-0.024) for {'C': 100000.0, 'tol': 1e-05}
[-0.07142079 -0.01823688 -0.00900624 -0.01091859 -0.01059551]
-0.025 (+/-0.024) for {'C': 100000.0, 'tol': 1e-06}
[-0.07146882 -0.02109856 -0.00979455 -0.0131928  -0.01022203]
-0.032 (+/-0.027) for {'C': 10000.0, 'tol': 0.001}
[-0.0859811  -0.01587496 -0.0186442  -0.01791894 -0.02115911]
-0.024 (+/-0.023) for {'C': 10000.0, 'tol': 0.0001}
[-0.06903431 -0.01787021 -0.01114272 -0.00882967 -0.01307992]
-0.024 (+/-0.021) for {'C': 10000.0, 'tol': 1e-05}
[-0.06475485 -0.02040793 -0.01123833 -0.01400618 -0.01094382]
-0.025 (+/-0.021) for {'C': 10000.0, 'tol': 1e-06}
[-0.06524874 -0.02112399 -0.01168386 -0.01469468 -0.00998972]
-0.024 (+/-0.018) for {'C': 1000.0, 'tol': 0.001}
[-0.0591747  -0.01936767 -0.01557074 -0.01390376 -0.01308693]
-0.025 (+/-0.018) for {'C': 1000.0, 'tol': 0.0001}
[-0.05935037 -0.02096169 -0.01411614 -0.0165329  -0.01178795]
-0.025 (+/-0.018) for {'C': 1000.0, 'tol': 1e-05}
[-0.05990731 -0.02148933 -0.01440326 -0.01645996 -0.0107231 ]
-0.025 (+/-0.018) for {'C': 1000.0, 'tol': 1e-06}
[-0.05990376 -0.0215183  -0.0143274  -0.01646253 -0.01069468]
Averageing predictions...
Finished.
Saving to file sklearn_log_reg.csv ...
Finished.
