Using TensorFlow backend.
Loading images...
Finished.
____________________________________________________________________________________________________
Layer (type)                     Output Shape          Param #     Connected to                     
====================================================================================================
encoder_input (InputLayer)       (None, 50, 50, 1)     0                                            
____________________________________________________________________________________________________
conv2d_1 (Conv2D)                (None, 50, 50, 1)     26          encoder_input[0][0]              
____________________________________________________________________________________________________
dropout_1 (Dropout)              (None, 50, 50, 1)     0           conv2d_1[0][0]                   
____________________________________________________________________________________________________
conv2d_2 (Conv2D)                (None, 50, 50, 16)    416         dropout_1[0][0]                  
____________________________________________________________________________________________________
dropout_2 (Dropout)              (None, 50, 50, 16)    0           conv2d_2[0][0]                   
____________________________________________________________________________________________________
conv2d_3 (Conv2D)                (None, 50, 50, 8)     3208        dropout_2[0][0]                  
____________________________________________________________________________________________________
flatten_1 (Flatten)              (None, 20000)         0           conv2d_3[0][0]                   
____________________________________________________________________________________________________
dense_1 (Dense)                  (None, 192)           3840192     flatten_1[0][0]                  
____________________________________________________________________________________________________
z_mean (Dense)                   (None, 2)             386         dense_1[0][0]                    
____________________________________________________________________________________________________
z_log_var (Dense)                (None, 2)             386         dense_1[0][0]                    
____________________________________________________________________________________________________
z (Lambda)                       (None, 2)             0           z_mean[0][0]                     
                                                                   z_log_var[0][0]                  
====================================================================================================
Total params: 3,844,614
Trainable params: 3,844,614
Non-trainable params: 0
____________________________________________________________________________________________________
_________________________________________________________________
Layer (type)                 Output Shape              Param #   
=================================================================
z_sampling (InputLayer)      (None, 2)                 0         
_________________________________________________________________
dense_2 (Dense)              (None, 192)               576       
_________________________________________________________________
dense_3 (Dense)              (None, 20000)             3860000   
_________________________________________________________________
reshape_1 (Reshape)          (None, 50, 50, 8)         0         
_________________________________________________________________
conv2d_transpose_1 (Conv2DTr (None, 50, 50, 8)         1608      
_________________________________________________________________
dropout_3 (Dropout)          (None, 50, 50, 8)         0         
_________________________________________________________________
conv2d_transpose_2 (Conv2DTr (None, 50, 50, 16)        3216      
_________________________________________________________________
dropout_4 (Dropout)          (None, 50, 50, 16)        0         
_________________________________________________________________
conv2d_transpose_3 (Conv2DTr (None, 50, 50, 1)         401       
=================================================================
Total params: 3,865,801
Trainable params: 3,865,801
Non-trainable params: 0
_________________________________________________________________
VAE_modified_CNN.py:264: UserWarning: Output "decoder" missing from loss dictionary. We assume this was done on purpose, and we will not be expecting any data to be passed to "decoder" during training.
  vae.compile(optimizer='adam', loss = None)
_________________________________________________________________
Layer (type)                 Output Shape              Param #   
=================================================================
encoder_input (InputLayer)   (None, 50, 50, 1)         0         
_________________________________________________________________
encoder (Model)              [(None, 2), (None, 2), (N 3844614   
_________________________________________________________________
decoder (Model)              (None, 50, 50, 1)         3865801   
=================================================================
Total params: 7,710,415
Trainable params: 7,710,415
Non-trainable params: 0
_________________________________________________________________
Training model...
2018-07-27 12:42:57.362641: W tensorflow/core/platform/cpu_feature_guard.cc:45] The TensorFlow library wasn't compiled to use SSE4.1 instructions, but these are available on your machine and could speed up CPU computations.
2018-07-27 12:42:57.362677: W tensorflow/core/platform/cpu_feature_guard.cc:45] The TensorFlow library wasn't compiled to use SSE4.2 instructions, but these are available on your machine and could speed up CPU computations.
Epoch 00000: val_loss improved from inf to 1278258.25000, saving model to VAE/vae_mlp_leaves_weights_nn_dim50_CNN.h5
Epoch 00001: val_loss improved from 1278258.25000 to 881339.56250, saving model to VAE/vae_mlp_leaves_weights_nn_dim50_CNN.h5
Epoch 00002: val_loss improved from 881339.56250 to 778104.62500, saving model to VAE/vae_mlp_leaves_weights_nn_dim50_CNN.h5
Epoch 00003: val_loss improved from 778104.62500 to 732842.43750, saving model to VAE/vae_mlp_leaves_weights_nn_dim50_CNN.h5
Epoch 00004: val_loss improved from 732842.43750 to 671481.56250, saving model to VAE/vae_mlp_leaves_weights_nn_dim50_CNN.h5
Epoch 00005: val_loss improved from 671481.56250 to 619535.06250, saving model to VAE/vae_mlp_leaves_weights_nn_dim50_CNN.h5
Epoch 00006: val_loss improved from 619535.06250 to 601042.06250, saving model to VAE/vae_mlp_leaves_weights_nn_dim50_CNN.h5
Epoch 00007: val_loss improved from 601042.06250 to 588613.87500, saving model to VAE/vae_mlp_leaves_weights_nn_dim50_CNN.h5
Epoch 00008: val_loss did not improve
Epoch 00009: val_loss improved from 588613.87500 to 574304.62500, saving model to VAE/vae_mlp_leaves_weights_nn_dim50_CNN.h5
Epoch 00010: val_loss improved from 574304.62500 to 571213.06250, saving model to VAE/vae_mlp_leaves_weights_nn_dim50_CNN.h5
Epoch 00011: val_loss improved from 571213.06250 to 568644.25000, saving model to VAE/vae_mlp_leaves_weights_nn_dim50_CNN.h5
Epoch 00012: val_loss improved from 568644.25000 to 564634.06250, saving model to VAE/vae_mlp_leaves_weights_nn_dim50_CNN.h5
Epoch 00013: val_loss did not improve
Epoch 00014: val_loss did not improve
Epoch 00015: val_loss did not improve
Epoch 00016: val_loss improved from 564634.06250 to 549158.00000, saving model to VAE/vae_mlp_leaves_weights_nn_dim50_CNN.h5
Epoch 00017: val_loss did not improve
Epoch 00018: val_loss improved from 549158.00000 to 544355.87500, saving model to VAE/vae_mlp_leaves_weights_nn_dim50_CNN.h5
Epoch 00019: val_loss did not improve
Epoch 00020: val_loss improved from 544355.87500 to 535712.50000, saving model to VAE/vae_mlp_leaves_weights_nn_dim50_CNN.h5
Epoch 00021: val_loss improved from 535712.50000 to 524690.87500, saving model to VAE/vae_mlp_leaves_weights_nn_dim50_CNN.h5
Epoch 00022: val_loss improved from 524690.87500 to 511619.75000, saving model to VAE/vae_mlp_leaves_weights_nn_dim50_CNN.h5
Epoch 00023: val_loss improved from 511619.75000 to 484741.90625, saving model to VAE/vae_mlp_leaves_weights_nn_dim50_CNN.h5
Epoch 00024: val_loss improved from 484741.90625 to 458217.62500, saving model to VAE/vae_mlp_leaves_weights_nn_dim50_CNN.h5
Epoch 00025: val_loss did not improve
Epoch 00026: val_loss did not improve
Epoch 00027: val_loss improved from 458217.62500 to 445934.31250, saving model to VAE/vae_mlp_leaves_weights_nn_dim50_CNN.h5
Epoch 00028: val_loss improved from 445934.31250 to 431184.15625, saving model to VAE/vae_mlp_leaves_weights_nn_dim50_CNN.h5
Epoch 00029: val_loss improved from 431184.15625 to 428493.93750, saving model to VAE/vae_mlp_leaves_weights_nn_dim50_CNN.h5
Epoch 00030: val_loss improved from 428493.93750 to 423153.46875, saving model to VAE/vae_mlp_leaves_weights_nn_dim50_CNN.h5
Epoch 00031: val_loss improved from 423153.46875 to 414822.21875, saving model to VAE/vae_mlp_leaves_weights_nn_dim50_CNN.h5
Epoch 00032: val_loss did not improve
Epoch 00033: val_loss did not improve
Epoch 00034: val_loss did not improve
Epoch 00035: val_loss improved from 414822.21875 to 401703.87500, saving model to VAE/vae_mlp_leaves_weights_nn_dim50_CNN.h5
Epoch 00036: val_loss improved from 401703.87500 to 391944.68750, saving model to VAE/vae_mlp_leaves_weights_nn_dim50_CNN.h5
Epoch 00037: val_loss improved from 391944.68750 to 371675.18750, saving model to VAE/vae_mlp_leaves_weights_nn_dim50_CNN.h5
Epoch 00038: val_loss improved from 371675.18750 to 345573.50000, saving model to VAE/vae_mlp_leaves_weights_nn_dim50_CNN.h5
Epoch 00039: val_loss did not improve
Epoch 00040: val_loss did not improve
Epoch 00041: val_loss did not improve
Epoch 00042: val_loss did not improve
Epoch 00043: val_loss did not improve
Epoch 00044: val_loss improved from 345573.50000 to 338605.96875, saving model to VAE/vae_mlp_leaves_weights_nn_dim50_CNN.h5
Epoch 00045: val_loss improved from 338605.96875 to 335581.93750, saving model to VAE/vae_mlp_leaves_weights_nn_dim50_CNN.h5
Epoch 00046: val_loss did not improve
Epoch 00047: val_loss did not improve
Epoch 00048: val_loss did not improve
Epoch 00049: val_loss improved from 335581.93750 to 332242.15625, saving model to VAE/vae_mlp_leaves_weights_nn_dim50_CNN.h5
Epoch 00050: val_loss did not improve
Epoch 00051: val_loss did not improve
Epoch 00052: val_loss improved from 332242.15625 to 325219.90625, saving model to VAE/vae_mlp_leaves_weights_nn_dim50_CNN.h5
Epoch 00053: val_loss did not improve
Epoch 00054: val_loss improved from 325219.90625 to 324366.03125, saving model to VAE/vae_mlp_leaves_weights_nn_dim50_CNN.h5
Epoch 00055: val_loss did not improve
Epoch 00056: val_loss did not improve
Epoch 00057: val_loss did not improve
Epoch 00058: val_loss did not improve
Epoch 00059: val_loss did not improve
Epoch 00060: val_loss did not improve
Epoch 00061: val_loss did not improve
Epoch 00062: val_loss did not improve
Epoch 00063: val_loss improved from 324366.03125 to 322336.31250, saving model to VAE/vae_mlp_leaves_weights_nn_dim50_CNN.h5
Epoch 00064: val_loss did not improve
Epoch 00065: val_loss did not improve
Epoch 00066: val_loss did not improve
Epoch 00067: val_loss did not improve
Epoch 00068: val_loss improved from 322336.31250 to 312926.25000, saving model to VAE/vae_mlp_leaves_weights_nn_dim50_CNN.h5
Epoch 00069: val_loss did not improve
Epoch 00070: val_loss did not improve
Epoch 00071: val_loss did not improve
Epoch 00072: val_loss improved from 312926.25000 to 309792.25000, saving model to VAE/vae_mlp_leaves_weights_nn_dim50_CNN.h5
Epoch 00073: val_loss did not improve
Epoch 00074: val_loss did not improve
Epoch 00075: val_loss did not improve
Epoch 00076: val_loss did not improve
Epoch 00077: val_loss did not improve
Epoch 00078: val_loss did not improve
Epoch 00079: val_loss improved from 309792.25000 to 307646.40625, saving model to VAE/vae_mlp_leaves_weights_nn_dim50_CNN.h5
Epoch 00080: val_loss did not improve
Epoch 00081: val_loss did not improve
Epoch 00082: val_loss did not improve
Epoch 00083: val_loss improved from 307646.40625 to 290718.40625, saving model to VAE/vae_mlp_leaves_weights_nn_dim50_CNN.h5
Epoch 00084: val_loss did not improve
Epoch 00085: val_loss did not improve
Epoch 00086: val_loss did not improve
Epoch 00087: val_loss did not improve
Epoch 00088: val_loss did not improve
Epoch 00089: val_loss did not improve
Epoch 00090: val_loss did not improve
Epoch 00091: val_loss did not improve
Epoch 00092: val_loss did not improve
Epoch 00093: val_loss did not improve
Epoch 00094: val_loss did not improve
Epoch 00095: val_loss did not improve
Epoch 00096: val_loss did not improve
Epoch 00097: val_loss did not improve
Epoch 00098: val_loss did not improve
Epoch 00099: val_loss did not improve
Epoch 00100: val_loss did not improve
Epoch 00101: val_loss did not improve
Epoch 00102: val_loss did not improve
Epoch 00103: val_loss did not improve
Epoch 00104: val_loss did not improve
Epoch 00105: val_loss did not improve
Epoch 00106: val_loss did not improve
Epoch 00107: val_loss did not improve
Epoch 00108: val_loss did not improve
Epoch 00109: val_loss did not improve
Epoch 00110: val_loss did not improve
Epoch 00111: val_loss did not improve
Epoch 00112: val_loss did not improve
Epoch 00113: val_loss did not improve
Epoch 00114: val_loss did not improve
Epoch 00115: val_loss did not improve
Epoch 00116: val_loss improved from 290718.40625 to 288755.96875, saving model to VAE/vae_mlp_leaves_weights_nn_dim50_CNN.h5
Epoch 00117: val_loss did not improve
Epoch 00118: val_loss did not improve
Epoch 00119: val_loss did not improve
Epoch 00120: val_loss improved from 288755.96875 to 288319.37500, saving model to VAE/vae_mlp_leaves_weights_nn_dim50_CNN.h5
Epoch 00121: val_loss did not improve
Epoch 00122: val_loss did not improve
Epoch 00123: val_loss did not improve
Epoch 00124: val_loss did not improve
Epoch 00125: val_loss did not improve
Epoch 00126: val_loss did not improve
Epoch 00127: val_loss did not improve
Epoch 00128: val_loss did not improve
Epoch 00129: val_loss did not improve
Epoch 00130: val_loss improved from 288319.37500 to 285217.50000, saving model to VAE/vae_mlp_leaves_weights_nn_dim50_CNN.h5
Epoch 00131: val_loss improved from 285217.50000 to 284271.34375, saving model to VAE/vae_mlp_leaves_weights_nn_dim50_CNN.h5
Epoch 00132: val_loss did not improve
Epoch 00133: val_loss did not improve
Epoch 00134: val_loss did not improve
Epoch 00135: val_loss did not improve
Epoch 00136: val_loss did not improve
Epoch 00137: val_loss did not improve
Epoch 00138: val_loss did not improve
Epoch 00139: val_loss did not improve
Epoch 00140: val_loss did not improve
Epoch 00141: val_loss did not improve
Epoch 00142: val_loss did not improve
Epoch 00143: val_loss did not improve
Epoch 00144: val_loss did not improve
Epoch 00145: val_loss did not improve
Epoch 00146: val_loss did not improve
Epoch 00147: val_loss did not improve
Epoch 00148: val_loss did not improve
Epoch 00149: val_loss did not improve
Epoch 00150: val_loss did not improve
Epoch 00151: val_loss did not improve
Epoch 00152: val_loss did not improve
Epoch 00153: val_loss did not improve
Epoch 00154: val_loss did not improve
Epoch 00155: val_loss did not improve
Epoch 00156: val_loss did not improve
Epoch 00157: val_loss did not improve
Epoch 00158: val_loss did not improve
Epoch 00159: val_loss did not improve
Epoch 00160: val_loss did not improve
Epoch 00161: val_loss did not improve
Epoch 00162: val_loss did not improve
Epoch 00163: val_loss did not improve
Epoch 00164: val_loss improved from 284271.34375 to 282987.12500, saving model to VAE/vae_mlp_leaves_weights_nn_dim50_CNN.h5
Epoch 00165: val_loss did not improve
Epoch 00166: val_loss did not improve
Epoch 00167: val_loss did not improve
Epoch 00168: val_loss did not improve
Epoch 00169: val_loss improved from 282987.12500 to 277635.12500, saving model to VAE/vae_mlp_leaves_weights_nn_dim50_CNN.h5
Epoch 00170: val_loss did not improve
Epoch 00171: val_loss did not improve
Epoch 00172: val_loss did not improve
Epoch 00173: val_loss did not improve
Epoch 00174: val_loss did not improve
Epoch 00175: val_loss did not improve
Epoch 00176: val_loss did not improve
Epoch 00177: val_loss did not improve
Epoch 00178: val_loss did not improve
Epoch 00179: val_loss did not improve
Epoch 00180: val_loss did not improve
Epoch 00181: val_loss did not improve
Epoch 00182: val_loss did not improve
Epoch 00183: val_loss did not improve
Epoch 00184: val_loss did not improve
Epoch 00185: val_loss did not improve
Epoch 00186: val_loss did not improve
Epoch 00187: val_loss did not improve
Epoch 00188: val_loss improved from 277635.12500 to 275588.50000, saving model to VAE/vae_mlp_leaves_weights_nn_dim50_CNN.h5
Epoch 00189: val_loss did not improve
Epoch 00190: val_loss did not improve
Epoch 00191: val_loss did not improve
Epoch 00192: val_loss did not improve
Epoch 00193: val_loss did not improve
Epoch 00194: val_loss did not improve
Epoch 00195: val_loss did not improve
Epoch 00196: val_loss did not improve
Epoch 00197: val_loss did not improve
Epoch 00198: val_loss did not improve
Epoch 00199: val_loss improved from 275588.50000 to 272877.34375, saving model to VAE/vae_mlp_leaves_weights_nn_dim50_CNN.h5
Epoch 00200: val_loss did not improve
Epoch 00201: val_loss did not improve
Epoch 00202: val_loss did not improve
Epoch 00203: val_loss did not improve
Epoch 00204: val_loss did not improve
Epoch 00205: val_loss did not improve
Epoch 00206: val_loss did not improve
Epoch 00207: val_loss did not improve
Epoch 00208: val_loss did not improve
Epoch 00209: val_loss did not improve
Epoch 00210: val_loss did not improve
Epoch 00211: val_loss did not improve
Epoch 00212: val_loss did not improve
Epoch 00213: val_loss did not improve
Epoch 00214: val_loss did not improve
Epoch 00215: val_loss did not improve
Epoch 00216: val_loss did not improve
Epoch 00217: val_loss did not improve
Epoch 00218: val_loss did not improve
Epoch 00219: val_loss did not improve
Epoch 00220: val_loss did not improve
Epoch 00221: val_loss did not improve
Epoch 00222: val_loss did not improve
Epoch 00223: val_loss did not improve
Epoch 00224: val_loss did not improve
Epoch 00225: val_loss did not improve
Epoch 00226: val_loss did not improve
Epoch 00227: val_loss did not improve
Epoch 00228: val_loss did not improve
Epoch 00229: val_loss did not improve
Epoch 00230: val_loss did not improve
Epoch 00231: val_loss did not improve
Epoch 00232: val_loss did not improve
Epoch 00233: val_loss did not improve
Epoch 00234: val_loss did not improve
Epoch 00235: val_loss did not improve
Epoch 00236: val_loss did not improve
Epoch 00237: val_loss did not improve
Epoch 00238: val_loss did not improve
Epoch 00239: val_loss did not improve
Epoch 00240: val_loss did not improve
Epoch 00241: val_loss did not improve
Epoch 00242: val_loss did not improve
Epoch 00243: val_loss did not improve
Epoch 00244: val_loss did not improve
Epoch 00245: val_loss did not improve
Epoch 00246: val_loss did not improve
Epoch 00247: val_loss did not improve
Epoch 00248: val_loss did not improve
Epoch 00249: val_loss did not improve
Epoch 00250: val_loss did not improve
Epoch 00251: val_loss did not improve
Epoch 00252: val_loss did not improve
Epoch 00253: val_loss did not improve
Epoch 00254: val_loss did not improve
Epoch 00255: val_loss did not improve
Epoch 00256: val_loss improved from 272877.34375 to 268943.62500, saving model to VAE/vae_mlp_leaves_weights_nn_dim50_CNN.h5
Epoch 00257: val_loss did not improve
Epoch 00258: val_loss did not improve
Epoch 00259: val_loss did not improve
Epoch 00260: val_loss did not improve
Epoch 00261: val_loss did not improve
Epoch 00262: val_loss did not improve
Epoch 00263: val_loss did not improve
Epoch 00264: val_loss did not improve
Epoch 00265: val_loss did not improve
Epoch 00266: val_loss did not improve
Epoch 00267: val_loss did not improve
Epoch 00268: val_loss did not improve
Epoch 00269: val_loss did not improve
Epoch 00270: val_loss did not improve
Epoch 00271: val_loss did not improve
Epoch 00272: val_loss did not improve
Epoch 00273: val_loss did not improve
Epoch 00274: val_loss did not improve
Epoch 00275: val_loss did not improve
Epoch 00276: val_loss did not improve
Epoch 00277: val_loss did not improve
Epoch 00278: val_loss did not improve
Epoch 00279: val_loss did not improve
Epoch 00280: val_loss did not improve
Epoch 00281: val_loss did not improve
Epoch 00282: val_loss did not improve
Epoch 00283: val_loss did not improve
Epoch 00284: val_loss did not improve
Epoch 00285: val_loss did not improve
Epoch 00286: val_loss did not improve
Epoch 00287: val_loss did not improve
Epoch 00288: val_loss did not improve
Epoch 00289: val_loss did not improve
Epoch 00290: val_loss did not improve
Epoch 00291: val_loss did not improve
Epoch 00292: val_loss did not improve
Epoch 00293: val_loss did not improve
Epoch 00294: val_loss did not improve
Epoch 00295: val_loss did not improve
Epoch 00296: val_loss did not improve
Epoch 00297: val_loss improved from 268943.62500 to 268551.71875, saving model to VAE/vae_mlp_leaves_weights_nn_dim50_CNN.h5
Epoch 00298: val_loss did not improve
Epoch 00299: val_loss did not improve
