You chose Namespace(Beta=500.0, Lambda=30000.0, Rho=10.0)
(60000, 784)
(60000, 1)
Cost before minimization: 482.027
Global step: 50
Global step: 100
Global step: 150
Global step: 200
Global step: 250
  status: 0
 success: True
    nfev: 267
     fun: 12.622767919137154
       x: array([  7.44458128e-04,   3.48432369e-04,  -2.77853936e-03, ...,
        -4.85952259e+00,  -4.82701786e+00,  -4.84015079e+00])
 message: 'CONVERGENCE: REL_REDUCTION_OF_F_<=_FACTR*EPSMCH'
     jac: array([  2.23337438e-06,   1.04529711e-06,  -8.33561807e-06, ...,
         5.34048856e-05,   5.77621169e-05,   5.94477695e-05])
     nit: 258
Cost after minimization: 12.6228
Total time for minimization = 6037.63
