-4.072553775813093219e-02
-4.108346770595818626e-02
-4.116639463994530013e-02
-4.136244572195157260e-02
-4.105711058362339350e-02
-4.024174346478694153e-02
-4.000155549448113079e-02
-4.039501871929547516e-02
-4.014191875721851571e-02
-4.079270053128265100e-02
-4.097977144057785709e-02
-4.104978767796231554e-02
-4.103456598526794563e-02
-4.052378222910241884e-02
-4.030134531355952093e-02
-4.043312384531419501e-02
-3.995407969764659672e-02
-4.037478513305155225e-02
-4.079720032615245101e-02
-4.130371228553574026e-02
-4.179688878776263716e-02
-4.145086555670875195e-02
-4.056466117734644494e-02
-4.019952827345834451e-02
-4.052111302012068039e-02
-4.061282093054318504e-02
-4.077782182038282299e-02
-4.154911144318303856e-02
-4.227602690800189716e-02
-4.195910792820834595e-02
-4.085557847024321593e-02
-4.008506150378930710e-02
-4.093436143695845103e-02
-4.076699159121786875e-02
-4.063813708237036526e-02
-4.126146327667950392e-02
-4.189036688011530535e-02
-4.188772603591131571e-02
-4.141000484679692450e-02
-4.038176697869093335e-02
-4.073322342307693356e-02
-4.089721249773521639e-02
-4.112238764300929494e-02
-4.132198592795552350e-02
-4.123979104240750593e-02
-4.151409539104446850e-02
-4.182876899239184459e-02
-4.088648827458653962e-02
-4.014224242229692124e-02
-4.110453707623620834e-02
-4.182001012960804426e-02
-4.123946075613831724e-02
-4.024075927355237614e-02
-4.087404390571169194e-02
-4.205377096529007430e-02
-4.152115094493332575e-02
-3.952332179919313543e-02
-4.077997751935916876e-02
-4.175822198598928142e-02
-4.071723167814456784e-02
-3.937856902445602270e-02
-3.995001067836813358e-02
-4.143241020551601678e-02
-4.135683923540810214e-02
-4.003456195163236642e-02
-4.017146002012335348e-02
-4.087345536056671835e-02
-4.163230204639496029e-02
-4.090116248545947603e-02
-4.000022686486440909e-02
-4.049964952885590913e-02
-4.072141919164283530e-02
-3.988007825834139625e-02
-4.009192683773882271e-02
-4.105356073454089622e-02
-4.237228439749340242e-02
-4.179917131270587810e-02
-4.063122364960862487e-02
-4.079292005182021813e-02
-4.086436496779476124e-02
-4.033810330754582923e-02
-4.038950751179914284e-02
-4.103362950738535797e-02
-4.244402021259499613e-02
-4.257419859036493115e-02
-4.144181268168451587e-02
-4.110124945677084973e-02
-4.085563418897716209e-02
-4.099303355726118675e-02
-4.081979537306419659e-02
-4.094676519955510463e-02
-4.195550937012899190e-02
-4.232477816780234187e-02
-4.152684705550012401e-02
-4.097412621427264090e-02
-4.046005018251264823e-02
-4.109926240160378941e-02
-4.105942901266441958e-02
-4.103774389417647050e-02
-4.133174833460432490e-02
-4.145676993793384613e-02
-4.107863044692931093e-02
-4.079821435184659978e-02
-3.984529494619580559e-02
-4.096436231884917345e-02
-4.138988576499134237e-02
-4.142494202804808401e-02
-4.101229843664952468e-02
-4.057707498191166773e-02
-4.081065888265966030e-02
-4.110591227139844678e-02
-4.015914351272935334e-02
-4.076256402326221273e-02
-4.160495965395115403e-02
-4.155766029376174731e-02
-4.064839012720097150e-02
-3.994761547753914593e-02
-4.071759978467245911e-02
-4.177080007993862892e-02
-4.116698563119859655e-02
-4.009533831289245620e-02
-4.101158809153343521e-02
-4.104905074840592416e-02
-4.014317673443047740e-02
-3.970608733559036208e-02
-4.034273670558501806e-02
-4.149258752005589856e-02
-4.136958205357783858e-02
-4.341146586507722838e-02
-4.322171036594276566e-02
-4.382134716257853752e-02
-4.458430084694165602e-02
-4.400988929278004669e-02
-4.281583830289668186e-02
-4.230157775848761986e-02
-4.221891234222864553e-02
-4.277826935979631151e-02
-4.276035903805550098e-02
-4.382109166515962134e-02
-4.482885353951178431e-02
-4.452064886755336542e-02
-4.346059807748525738e-02
-4.247798445878608886e-02
-4.206200912459170937e-02
-4.260455179810173493e-02
-4.241677304109019858e-02
-4.344879955177364389e-02
-4.479983333469154255e-02
-4.504651171015472411e-02
-4.408355070866167014e-02
-4.290727577660886222e-02
-4.259108084869404204e-02
-4.329065131561642826e-02
-4.278218084263104432e-02
-4.354699791619270205e-02
-4.482449771305350300e-02
-4.537532483665653732e-02
-4.457602931611934910e-02
-4.312970197453835919e-02
-4.278414381409768874e-02
-4.368375132077992329e-02
-4.335950043761344769e-02
-4.375638838922742135e-02
-4.459894100734217159e-02
-4.536682022885088483e-02
-4.479768223992647985e-02
-4.316170543600165305e-02
-4.254791098478115374e-02
-4.351077000335700634e-02
-4.356251424104844866e-02
-4.362172085613449241e-02
-4.363123493210296217e-02
-4.435683530227566007e-02
-4.449412750671426914e-02
-4.345812227141080536e-02
-4.284927227937022909e-02
-4.294023641598712637e-02
-4.346457566238589448e-02
-4.347878294658084203e-02
-4.282870891235445593e-02
-4.289920960574447606e-02
-4.360338418875947530e-02
-4.391671251029044543e-02
-4.381228532941783965e-02
-4.223400387200648004e-02
-4.318107212666698336e-02
-4.373462210724814864e-02
-4.300892173461406953e-02
-4.229526401362145027e-02
-4.254284570075921729e-02
-4.332785284782209728e-02
-4.386267966104808597e-02
-4.152285619938386740e-02
-4.182000140992092607e-02
-4.218997212314212764e-02
-4.221353369659230914e-02
-4.170290501316707005e-02
-4.101851962322959622e-02
-4.054660596716760934e-02
-4.049926378061100007e-02
-4.113795039182088081e-02
-4.169278299519990627e-02
-4.221945386077054913e-02
-4.248894312646496474e-02
-4.243982542701525001e-02
-4.176227034876639488e-02
-4.081245429443729200e-02
-4.060287866614535612e-02
-4.112759980103928431e-02
-4.163245196451365732e-02
-4.227387365519442303e-02
-4.302041350895906974e-02
-4.385744727895357631e-02
-4.345153486930507930e-02
-4.164800594995825972e-02
-4.083586712848833594e-02
-4.156285351078038703e-02
-4.230405127936405496e-02
-4.273879760018692991e-02
-4.309001456034024929e-02
-4.419151036933234578e-02
-4.390433449384955472e-02
-4.195161914320370139e-02
-4.062503335707492308e-02
-4.200640757330202646e-02
-4.293595238511286466e-02
-4.283848051559147746e-02
-4.241269310107882717e-02
-4.298263905494738996e-02
-4.298620133295783657e-02
-4.175570099990224410e-02
-4.074253541104580489e-02
-4.198802941108881887e-02
-4.280058030756746928e-02
-4.250244650576235489e-02
-4.177396479263177642e-02
-4.184767704864178484e-02
-4.199759422590684105e-02
-4.168646611748930142e-02
-4.142040263742625267e-02
-4.136590427360007510e-02
-4.215014778587422573e-02
-4.236638430815236472e-02
-4.173919450029486833e-02
-4.135731206732735227e-02
-4.155831688368710752e-02
-4.205683177243767223e-02
-4.234954539317333649e-02
-4.063388735013624686e-02
-4.169766835937085969e-02
-4.240126226358210265e-02
-4.184253513450672535e-02
-4.109969768422466058e-02
-4.119720646424870208e-02
-4.216672077585796596e-02
-4.269703661744671946e-02
-4.189518862926516068e-02
-4.230813123290347311e-02
-4.183244393434946973e-02
-4.139631180106517760e-02
-4.145059601531028703e-02
-4.132241991476628962e-02
-4.135355609863622384e-02
-4.138411318711421316e-02
-4.164069775684395985e-02
-4.232249412172555542e-02
-4.239968067877001451e-02
-4.229341384545045462e-02
-4.221457134004673317e-02
-4.171248249019684357e-02
-4.148484461651610888e-02
-4.141937502640012647e-02
-4.156352145251823033e-02
-4.181603262157985307e-02
-4.226797278509700911e-02
-4.317752055999467958e-02
-4.344902557400747573e-02
-4.255527285920722436e-02
-4.156524046083605317e-02
-4.139015681447707345e-02
-4.219216167045415633e-02
-4.202088320841110974e-02
-4.203919545473431413e-02
-4.301357045796533329e-02
-4.378197985589407648e-02
-4.304435068179642693e-02
-4.179776740594805251e-02
-4.124053164672236010e-02
-4.257757489502329157e-02
-4.246118372566636684e-02
-4.205181324048420238e-02
-4.254241473864162071e-02
-4.316997741264814309e-02
-4.270400754223199757e-02
-4.170762123399293642e-02
-4.105835022754264485e-02
-4.218138980543054140e-02
-4.244374151069219003e-02
-4.241300674979991969e-02
-4.247916900135240842e-02
-4.242767544066489149e-02
-4.207500707753820957e-02
-4.164042995624802485e-02
-4.126157010437453421e-02
-4.174517284299197190e-02
-4.236406139997489495e-02
-4.274797109967486131e-02
-4.251856457510069798e-02
-4.209156116597122937e-02
-4.210449844619192777e-02
-4.226510533164742900e-02
-4.189857387780494824e-02
-4.138027828680769515e-02
-4.218330154696772749e-02
-4.257704377517699396e-02
-4.213762795823230989e-02
-4.162983897232049729e-02
-4.180389336289187796e-02
-4.222399072545660742e-02
-4.195561146188649115e-02
-4.108591857988658225e-02
-4.187748947880479827e-02
-4.191679667563290995e-02
-4.215977913828184570e-02
-4.194361274669215767e-02
-4.065341001431544560e-02
-4.027705832728325358e-02
-4.077782145869651709e-02
-4.128115580522788430e-02
-4.218866763506978756e-02
-4.192682654826688365e-02
-4.196793819870601322e-02
-4.236899411559097439e-02
-4.160996737047482213e-02
-4.106309635977109518e-02
-4.120138468035396129e-02
-4.135585743439228190e-02
-4.198543114433805901e-02
-4.160837671233961338e-02
-4.172816737433691914e-02
-4.281682116207454619e-02
-4.256230267116396793e-02
-4.163706707047503536e-02
-4.137884473801400204e-02
-4.165399669163136198e-02
-4.223427793450680590e-02
-4.171947612245217873e-02
-4.157808752226936633e-02
-4.272296849543828073e-02
-4.282525509619119347e-02
-4.166936231818146874e-02
-4.090656345573816244e-02
-4.203706499340275488e-02
-4.246375302449054839e-02
-4.156657854933617363e-02
-4.104804504793874848e-02
-4.208123171592274836e-02
-4.272530753687886484e-02
-4.171964477957226802e-02
-4.051857949469545028e-02
-4.216101052638818181e-02
-4.250806670608762300e-02
-4.179864748566543969e-02
-4.111067598177325227e-02
-4.184313892777360294e-02
-4.251551891566391489e-02
-4.203142453976416865e-02
-4.082763997276792067e-02
-4.171668816171227034e-02
-4.239429577347227085e-02
-4.218095748762683284e-02
-4.151454055661750464e-02
-4.145105339635080793e-02
-4.199916055269638238e-02
-4.224985338167421001e-02
-4.164429121232481046e-02
-4.062495385314490032e-02
-4.144158187378458452e-02
-4.176255587563826310e-02
-4.105608381836751281e-02
-4.043233120857684521e-02
-4.058451309769883775e-02
-4.150939276150054230e-02
-4.177330275367149848e-02
-4.205378669050022222e-02
-4.212749267146127102e-02
-4.214876725933869306e-02
-4.227320071323142220e-02
-4.226366621201784607e-02
-4.167492378284025356e-02
-4.138889731888584916e-02
-4.187605204690272170e-02
-4.152569770952736078e-02
-4.169940919578044025e-02
-4.217897161332774536e-02
-4.264576299470815984e-02
-4.286168571104484459e-02
-4.223279684320083854e-02
-4.172203819795834018e-02
-4.203682714010638366e-02
-4.101567073410539860e-02
-4.122977101288576030e-02
-4.221420350649341541e-02
-4.334671096398572121e-02
-4.392019878171327801e-02
-4.318583078449078627e-02
-4.209360874076633480e-02
-4.210325608819381893e-02
-4.154105856159626131e-02
-4.195300749012087493e-02
-4.276268068592901234e-02
-4.364297515927036131e-02
-4.426479336413896570e-02
-4.350335730147571883e-02
-4.206261441255530059e-02
-4.170159749670249161e-02
-4.226046525818579619e-02
-4.281733471250789153e-02
-4.309810914863331649e-02
-4.310562209468830203e-02
-4.355475180227285498e-02
-4.320783146302260153e-02
-4.211652126732660928e-02
-4.129602555862159352e-02
-4.206572894519327449e-02
-4.274212672604738028e-02
-4.292679091225894139e-02
-4.256164411535082875e-02
-4.270135606808437428e-02
-4.284795306226690803e-02
-4.240857679555375126e-02
-4.173065552728696948e-02
-4.133940686403851650e-02
-4.222166648173199255e-02
-4.268091450857951219e-02
-4.234992272519690071e-02
-4.231124387468179066e-02
-4.261518049923455204e-02
-4.304896549292536179e-02
-4.278838803603939034e-02
-4.088902201759413158e-02
-4.193671148063465165e-02
-4.254057549490784101e-02
-4.238913073427140465e-02
-4.196570227340291198e-02
-4.203593176402139336e-02
-4.288510687081016626e-02
-4.303395048223958991e-02
-3.917934821924190514e-02
-3.975139679812231958e-02
-4.005506073859370353e-02
-4.009648599593823581e-02
-4.035631377295371969e-02
-4.001172061461124446e-02
-3.941023832327777976e-02
-3.925343606378318972e-02
-3.938828780190773565e-02
-4.023615968761094785e-02
-4.049569671960170231e-02
-4.019363918626047555e-02
-4.042527471821333318e-02
-4.024726827786336697e-02
-3.982764439804123424e-02
-3.986402999471334169e-02
-3.968960457599880753e-02
-4.020900468928039623e-02
-4.034421622858103823e-02
-4.007407139770580856e-02
-4.025893590169277864e-02
-4.010971300747828011e-02
-3.979149293867970116e-02
-4.020061288405641503e-02
-3.978366959665765451e-02
-4.003564968818241337e-02
-4.016623884000136008e-02
-4.023842378249746499e-02
-4.067039978108288184e-02
-4.047073154593314182e-02
-4.005135841098760724e-02
-4.021341625287120497e-02
-3.967739203423964467e-02
-3.994609419463144434e-02
-4.031287960598312764e-02
-4.043115811497864642e-02
-4.092770741970721410e-02
-4.090148271462180907e-02
-4.055540473616485453e-02
-4.032204611500946057e-02
-4.000535144351146516e-02
-4.019349587030891097e-02
-4.029992357500981892e-02
-4.025863132788977394e-02
-4.033215030281638719e-02
-4.037997115861478858e-02
-4.040221494551420739e-02
-4.025176332587276917e-02
-4.021010043266122491e-02
-4.046987414331178895e-02
-4.023898837550030083e-02
-3.995813449661951566e-02
-3.978975153846715102e-02
-3.983536222519372394e-02
-4.007927816537035920e-02
-4.018573298025085450e-02
-3.972586855345481421e-02
-4.020301310456884242e-02
-4.012906198569619887e-02
-3.975174203396755063e-02
-3.948397483244639461e-02
-3.944144774916669843e-02
-3.976380914690973850e-02
-4.002552494197957056e-02
-4.298754390444179535e-02
-4.279417437123395063e-02
-4.261312567604109286e-02
-4.324447328453487338e-02
-4.355482989664183346e-02
-4.299275314005383125e-02
-4.225967318724078298e-02
-4.176696153245530729e-02
-4.286909648314380511e-02
-4.273056892850927296e-02
-4.279817399192342026e-02
-4.367087657688249747e-02
-4.394947786652154270e-02
-4.336942195421649576e-02
-4.246881529316560294e-02
-4.190704850526902336e-02
-4.270789518293326148e-02
-4.262865862026593566e-02
-4.296990816722473516e-02
-4.404622709855307572e-02
-4.452076658291327649e-02
-4.379657684274482210e-02
-4.266683434644493594e-02
-4.205314921390131827e-02
-4.313975499728767149e-02
-4.301060017817318754e-02
-4.317426666327313367e-02
-4.392752377195586339e-02
-4.429763904419260767e-02
-4.376917397593657610e-02
-4.259702803990162573e-02
-4.191886958279700953e-02
-4.339204095016798574e-02
-4.348447255383900562e-02
-4.334293343098579582e-02
-4.324278505685012763e-02
-4.357823720279767332e-02
-4.361810998721072502e-02
-4.287747420968385237e-02
-4.192384596210295411e-02
-4.271730267828893063e-02
-4.332167627091836754e-02
-4.327963442752803119e-02
-4.252582439844822260e-02
-4.285404045577505955e-02
-4.362618423489154212e-02
-4.342311250465686473e-02
-4.236163210635059823e-02
-4.162397017497184576e-02
-4.283385874750249983e-02
-4.295209727045058018e-02
-4.181754632597633331e-02
-4.197129448471630109e-02
-4.322453955714528756e-02
-4.364004332150976662e-02
-4.287780532823598501e-02
-4.111008473764902332e-02
-4.260327419520053976e-02
-4.297218457636766548e-02
-4.184702648490806060e-02
-4.147319535401066543e-02
-4.209679847418594523e-02
-4.290640767861265970e-02
-4.281610034208158111e-02
-4.068103953769942882e-02
-4.131412769261380569e-02
-4.230120545568193807e-02
-4.243121288931724772e-02
-4.175199355996943307e-02
-4.159510259571901070e-02
-4.159782464647852201e-02
-4.127453112880929281e-02
-4.053488955927574133e-02
-4.150108461577264179e-02
-4.251393714266877427e-02
-4.228225515395685891e-02
-4.177610137647019134e-02
-4.196739418337796373e-02
-4.208752465546399674e-02
-4.180643994273428032e-02
-4.069410234130453607e-02
-4.137522867667910165e-02
-4.192266773691649684e-02
-4.166388757581950680e-02
-4.190228236402018802e-02
-4.247240010545278582e-02
-4.225151141594176568e-02
-4.199286722262791233e-02
-4.116003912709297052e-02
-4.150504791994558129e-02
-4.163416687993980181e-02
-4.159651143430882075e-02
-4.253061641138525945e-02
-4.297282191456969908e-02
-4.205943246433614668e-02
-4.148143665970585592e-02
-4.153720614545055451e-02
-4.177087586697420668e-02
-4.166832983214034669e-02
-4.172520318228978287e-02
-4.269274270695787299e-02
-4.287612330885742090e-02
-4.181068299633444729e-02
-4.113136612298004535e-02
-4.151484640663131997e-02
-4.204904618171780017e-02
-4.185766217363424274e-02
-4.146103628422254800e-02
-4.180118145882840558e-02
-4.196828410008165283e-02
-4.144298891026453047e-02
-4.117902542752491929e-02
-4.140486209286350916e-02
-4.199703323824936080e-02
-4.194500191632397068e-02
-4.150437247051613071e-02
-4.147648819241863544e-02
-4.168167196246065631e-02
-4.161310029269048999e-02
-4.161830892745603527e-02
-4.101849629936808045e-02
-4.155829180516179555e-02
-4.177784238056566485e-02
-4.172710815946915897e-02
-4.170774685469996051e-02
-4.173417834160060569e-02
-4.167680607818603777e-02
-4.167442919281649089e-02
-3.986132214712095195e-02
-4.044639987704659601e-02
-4.030429944118502777e-02
-3.965800539375212430e-02
-3.913966012201133826e-02
-3.924147982303105575e-02
-3.956860336623991420e-02
-3.912107032406907797e-02
-3.956504066980884304e-02
-4.046840584734905100e-02
-4.064460739778816972e-02
-3.986135649867656588e-02
-3.937011676293014628e-02
-3.969128907645796261e-02
-4.002290524538747868e-02
-3.937689888084544565e-02
-3.887363801312198469e-02
-3.960234934687633518e-02
-4.026500168229430604e-02
-4.033717821463788517e-02
-4.029761238012114638e-02
-4.028697512757260790e-02
-4.011966125660551552e-02
-3.951427579313513544e-02
-3.910597516996890816e-02
-3.945588804630476010e-02
-4.001496172991292344e-02
-4.045058592710651379e-02
-4.088034899457432259e-02
-4.081781728644242463e-02
-4.035710466919511380e-02
-3.959380100156628668e-02
-4.006752659842657827e-02
-4.042099000064297565e-02
-4.019923252906891509e-02
-4.004405010308139529e-02
-4.050332601377885922e-02
-4.073489884161778790e-02
-4.044671162938745512e-02
-3.956413825393367140e-02
-4.054205091029080416e-02
-4.099061356164379610e-02
-4.057596172847872246e-02
-3.991478685543514704e-02
-3.995313255944227260e-02
-3.999473506399366801e-02
-3.987888275409774697e-02
-3.920946951930203567e-02
-3.992026511846671205e-02
-4.059834745593756539e-02
-4.039753669889344784e-02
-3.992587891907089376e-02
-3.981128659708486894e-02
-3.957115622976149771e-02
-3.943325944774674768e-02
-3.906329524035459522e-02
-3.872326275800469508e-02
-3.950656437101381785e-02
-3.960428328247891927e-02
-3.962568741420814666e-02
-3.947325696039097331e-02
-3.900056263292153713e-02
-3.894316041163200376e-02
-3.894805245413317935e-02
-4.223613020222503900e-02
-4.264577755247423579e-02
-4.251708631422856932e-02
-4.255085977500491778e-02
-4.256692472366847835e-02
-4.199769425188737415e-02
-4.103710575398350491e-02
-4.054832076636357557e-02
-4.209873711875905533e-02
-4.265865493248641171e-02
-4.282915092040710109e-02
-4.301040985015990720e-02
-4.311461066921812996e-02
-4.270685257489757747e-02
-4.159112493753068518e-02
-4.081234931642802044e-02
-4.199297858988720183e-02
-4.246998312798545144e-02
-4.294056416257985287e-02
-4.357041030935181192e-02
-4.412689554051416052e-02
-4.394185352157890800e-02
-4.256467888114945364e-02
-4.164004582284331485e-02
-4.191775169729564099e-02
-4.258200083357922827e-02
-4.308013488640568406e-02
-4.356669648614045626e-02
-4.434434621757869788e-02
-4.419892722626903719e-02
-4.275757230033144785e-02
-4.182098570388786962e-02
-4.227202635025231053e-02
-4.299938369035623958e-02
-4.323571061359084838e-02
-4.310778910714090778e-02
-4.365660374395747417e-02
-4.353878605774928051e-02
-4.249808899482457325e-02
-4.171109833172659959e-02
-4.282398419263624967e-02
-4.352105450569340728e-02
-4.337840596111504354e-02
-4.266356199791181136e-02
-4.270747642387279913e-02
-4.290065735154192927e-02
-4.247853821463063589e-02
-4.206721387349241642e-02
-4.247055951939236046e-02
-4.324824475086514602e-02
-4.302894161670899054e-02
-4.208490125000303311e-02
-4.196027495336408092e-02
-4.246828483725658548e-02
-4.277677819221194916e-02
-4.271204018194356411e-02
-4.125782214579542390e-02
-4.218525271111186331e-02
-4.225697965813368651e-02
-4.152774525505736197e-02
-4.140742089600574216e-02
-4.189578061320439056e-02
-4.237543654760720507e-02
-4.266389163708377702e-02
-4.329964754273409738e-02
-4.295959707010148232e-02
-4.278650664506181145e-02
-4.393125998513394692e-02
-4.382475855263702480e-02
-4.244906763733954924e-02
-4.154666050349409973e-02
-4.127575828534683217e-02
-4.271083283136721531e-02
-4.237888010091141883e-02
-4.250296732595598703e-02
-4.384094352235044095e-02
-4.415198119699349777e-02
-4.321699057050169823e-02
-4.233365327941947948e-02
-4.173545485634114205e-02
-4.238027414827233441e-02
-4.173862245086752687e-02
-4.191801417548951525e-02
-4.361434317027357288e-02
-4.452127543457384817e-02
-4.421500992326001661e-02
-4.314941245862456004e-02
-4.220336003803046993e-02
-4.299175194290597024e-02
-4.224797595004237821e-02
-4.222985857149443023e-02
-4.403807864276698680e-02
-4.529436637489501344e-02
-4.493253246250376864e-02
-4.321689624846038885e-02
-4.181337275122316843e-02
-4.308923329077520709e-02
-4.261975957412430377e-02
-4.274160328744032455e-02
-4.421657089646844480e-02
-4.527341570835582973e-02
-4.492963208821187243e-02
-4.314443825902344876e-02
-4.161001058334513197e-02
-4.259670381277697038e-02
-4.263901246119628646e-02
-4.298148613590478673e-02
-4.358750584754187557e-02
-4.397967973464176478e-02
-4.422587722938949029e-02
-4.335370044927461253e-02
-4.221188495016749143e-02
-4.190258217519908512e-02
-4.268619335670949949e-02
-4.308375103014116386e-02
-4.231898508361469496e-02
-4.195207937546000659e-02
-4.308960567395540148e-02
-4.387970050778281644e-02
-4.337182572687202364e-02
-4.157123541943064798e-02
-4.298074037368576628e-02
-4.318934209424696302e-02
-4.171192905932120942e-02
-4.088378938991516637e-02
-4.212888451649363097e-02
-4.359378824843300471e-02
-4.340314044902658652e-02
-4.297684029214667023e-02
-4.232849915853176270e-02
-4.262358850027711532e-02
-4.369346617451357051e-02
-4.347617275392934300e-02
-4.253656325646320430e-02
-4.195462961862696238e-02
-4.151088587129018320e-02
-4.261559972253391171e-02
-4.199182467178944750e-02
-4.254396162846112855e-02
-4.381034862513407541e-02
-4.369233912864430719e-02
-4.274443959942129251e-02
-4.186111470832526438e-02
-4.119949452618605623e-02
-4.244810284193622357e-02
-4.178611480770987735e-02
-4.260517123336268058e-02
-4.384427176930372899e-02
-4.386105879855013018e-02
-4.316140436379573703e-02
-4.214826419933342949e-02
-4.143182391504626749e-02
-4.283492596929236451e-02
-4.229789148133724502e-02
-4.294817344810235998e-02
-4.407879649404167904e-02
-4.418264151056067873e-02
-4.383482464075393742e-02
-4.294015811314612352e-02
-4.174255130985438794e-02
-4.359007080294215186e-02
-4.321672036801119110e-02
-4.336518613958143670e-02
-4.381968702808471117e-02
-4.405583839169306681e-02
-4.427757883225239693e-02
-4.339620564326448354e-02
-4.189295359678671393e-02
-4.383233623903773357e-02
-4.406868118748281937e-02
-4.374564863191846009e-02
-4.298664920966218522e-02
-4.309800031142264204e-02
-4.390927954927763971e-02
-4.351709221312504566e-02
-4.202439103554462402e-02
-4.281199908319140851e-02
-4.349142325862720426e-02
-4.328950206380186710e-02
-4.202041362481135495e-02
-4.204152651244325717e-02
-4.350110738270086819e-02
-4.365698447108961461e-02
-4.253216073584802775e-02
-4.130606340450884012e-02
-4.212884137825627373e-02
-4.241056789121912252e-02
-4.171765163652221831e-02
-4.175102986395234916e-02
-4.287645102074972431e-02
-4.320419345967023428e-02
-4.258345649227546909e-02
-4.020696315943429744e-02
-4.067838570036522855e-02
-4.086995058420490184e-02
-4.075936420254921977e-02
-4.050495683080452408e-02
-4.037393981121743802e-02
-4.049426404553799902e-02
-4.059456498180040451e-02
-3.985957527656006777e-02
-4.043741267611507956e-02
-4.125914334029154307e-02
-4.142718595934174325e-02
-4.118861365633202237e-02
-4.078763868986454849e-02
-4.075073930395323174e-02
-4.087463217444072677e-02
-3.976514443067854371e-02
-4.027005599308427358e-02
-4.142843663836513063e-02
-4.181836560775836764e-02
-4.162923448808423382e-02
-4.112381362472707774e-02
-4.063942311825729375e-02
-4.080553899074690349e-02
-4.019579988282678817e-02
-4.046804938661762580e-02
-4.135641662796553375e-02
-4.188736996740888979e-02
-4.187443267087520571e-02
-4.134086148645644415e-02
-4.053067090677074658e-02
-4.034649966496062223e-02
-4.079365547418459942e-02
-4.086779151876470534e-02
-4.130916363244919315e-02
-4.172393571713876176e-02
-4.188957311482539858e-02
-4.145613748607149956e-02
-4.073117620357752378e-02
-4.045564895048603393e-02
-4.106526626267270608e-02
-4.114017469530937415e-02
-4.107033152262189180e-02
-4.113231741162881594e-02
-4.121013145976127473e-02
-4.106650749707496662e-02
-4.079732645707227073e-02
-4.057309289427176585e-02
-4.091017751878768538e-02
-4.127494267169325159e-02
-4.093625768399577342e-02
-4.047368861681542584e-02
-4.054800384035654043e-02
-4.074678634016330736e-02
-4.065271431256917839e-02
-4.035596824477532402e-02
-4.046210440796159380e-02
-4.114142430718000648e-02
-4.095167796007011252e-02
-4.032716735239307709e-02
-4.018578913830208460e-02
-4.046975527675852197e-02
-4.032002748194909308e-02
-4.005423173152539151e-02
-4.173959846966660003e-02
-4.198272636801470697e-02
-4.244324978173379809e-02
-4.292030869099412033e-02
-4.297785178009544405e-02
-4.209201841974856417e-02
-4.130265073008802107e-02
-4.122374499588670610e-02
-4.164921608792553770e-02
-4.177960764643538771e-02
-4.234457378667440958e-02
-4.314971981520689809e-02
-4.338157087980160781e-02
-4.264152821131245163e-02
-4.183187964592775809e-02
-4.164063240700704993e-02
-4.211590235910200181e-02
-4.191930447925897724e-02
-4.251206980788244105e-02
-4.336796873339006375e-02
-4.358168710070216972e-02
-4.293822790767955200e-02
-4.228672851752805079e-02
-4.195476728879660167e-02
-4.263452809877011501e-02
-4.224404070861213084e-02
-4.254124553671335268e-02
-4.334490050645711801e-02
-4.355566598561845526e-02
-4.293552831954831200e-02
-4.235084062532034482e-02
-4.197474992078326778e-02
-4.244924357124770647e-02
-4.199949955781420025e-02
-4.211190651916412592e-02
-4.297600372944187369e-02
-4.329536939441099019e-02
-4.301139719224396363e-02
-4.257164910125516011e-02
-4.186703156874758969e-02
-4.224519511230747509e-02
-4.228234133005632361e-02
-4.232760958737950135e-02
-4.259084489836924281e-02
-4.287568968327333530e-02
-4.283190989572056157e-02
-4.238490330787652444e-02
-4.167510862121565768e-02
-4.232435877960741277e-02
-4.298912855089960516e-02
-4.293542353026726793e-02
-4.229780134628589178e-02
-4.189559951124818132e-02
-4.204141587240609046e-02
-4.236243259016546359e-02
-4.217634859041683587e-02
-4.191269453554948704e-02
-4.290267551323548312e-02
-4.290668227391396250e-02
-4.193958678924736977e-02
-4.116045629743798895e-02
-4.141366698342970054e-02
-4.255666128769624440e-02
-4.285894539429728478e-02
-3.957981166459157568e-02
-4.009132865681433455e-02
-4.076997910667966296e-02
-4.076537994868949244e-02
-4.009041475772012753e-02
-3.935749297042004380e-02
-3.929540222203641020e-02
-3.993385735174794643e-02
-3.928339786767495734e-02
-4.031522833987553900e-02
-4.128319825883581401e-02
-4.127700729830694609e-02
-4.085412709004613424e-02
-4.022647764931759629e-02
-3.997216630725794473e-02
-4.025265684496297930e-02
-3.916148637964247947e-02
-4.028303835601516891e-02
-4.146151829013589030e-02
-4.155527481689014896e-02
-4.141805406585769012e-02
-4.120953025999644914e-02
-4.054758895767320015e-02
-4.026548092345444418e-02
-3.952823102755041729e-02
-4.031847344938120636e-02
-4.134472715822320316e-02
-4.128481396763888922e-02
-4.132216129132197657e-02
-4.136025066346105117e-02
-4.044836650311332132e-02
-3.968792261377401820e-02
-3.989388131221063144e-02
-4.016584737712463465e-02
-4.046431385484779847e-02
-4.038958811397244664e-02
-4.069110887185558439e-02
-4.120637290548306159e-02
-4.047259118709786718e-02
-3.957394238102890371e-02
-4.028247233281165296e-02
-4.017767294676407447e-02
-3.985334265570696088e-02
-3.968314224931702300e-02
-4.017527271143938455e-02
-4.090142773388131398e-02
-4.062406787206396253e-02
-4.000317304659660456e-02
-4.069147536709159102e-02
-4.071422323999318582e-02
-4.013795898896830444e-02
-3.978885675428980168e-02
-3.993344756113146460e-02
-4.050486420886804939e-02
-4.049323753648425422e-02
-4.013384475440652521e-02
-4.022334431559956847e-02
-4.050860411281999307e-02
-4.023461283146068102e-02
-3.992976210721983082e-02
-3.975180897246301942e-02
-3.979063835330556853e-02
-3.995049508461758631e-02
-4.001353290957482961e-02
-4.180299635423531668e-02
-4.183905014061864436e-02
-4.227676618742386150e-02
-4.264194943163360924e-02
-4.193903331562261888e-02
-4.141427562257141148e-02
-4.120658114373790953e-02
-4.092523290187374124e-02
-4.197745216617392722e-02
-4.204446952750245936e-02
-4.276003333767621623e-02
-4.332984252767130284e-02
-4.269725184031909759e-02
-4.220345447784464715e-02
-4.170674779161379075e-02
-4.104431127740694463e-02
-4.178957122128493240e-02
-4.164547604988102364e-02
-4.268118563556088513e-02
-4.361025484966795512e-02
-4.334940582597233277e-02
-4.289626926436904825e-02
-4.211649398796649124e-02
-4.136241467468482896e-02
-4.189548767595150519e-02
-4.171620023094255170e-02
-4.257230889614314201e-02
-4.332536224330715141e-02
-4.324580579307982925e-02
-4.300126251724646631e-02
-4.218506770777906423e-02
-4.139948274445456877e-02
-4.226672531454627596e-02
-4.218287417663476452e-02
-4.259737047426904316e-02
-4.271353796597973651e-02
-4.282106628993341546e-02
-4.284243590197465285e-02
-4.226279905050861485e-02
-4.162607961394908240e-02
-4.223942460766651891e-02
-4.249317997584867862e-02
-4.253030408066506285e-02
-4.216346613269343624e-02
-4.207355714931737545e-02
-4.236315946829977142e-02
-4.230452404554901208e-02
-4.184575958614580871e-02
-4.177140561923554929e-02
-4.244021669648249256e-02
-4.267426763195387301e-02
-4.201384317636098348e-02
-4.154880611584930300e-02
-4.177358622387664783e-02
-4.211421711912652355e-02
-4.221329431322237008e-02
-4.122681651806404252e-02
-4.225295593222389706e-02
-4.287906152604535615e-02
-4.233243666931178067e-02
-4.151588963351153516e-02
-4.130948715068992472e-02
-4.190223188408982724e-02
-4.240588496357103332e-02
-4.141349007848506986e-02
-4.175356145313987438e-02
-4.190305596608667749e-02
-4.235243417179666847e-02
-4.210438435708179633e-02
-4.138604668394169767e-02
-4.104273613541199739e-02
-4.088504062252819315e-02
-4.155291879737486871e-02
-4.215944660809260031e-02
-4.257349019094211484e-02
-4.289192504379009396e-02
-4.243895200665095957e-02
-4.162359411130465286e-02
-4.143469152719177900e-02
-4.133055445460775967e-02
-4.190269450929595685e-02
-4.227663395876417318e-02
-4.247107499056204660e-02
-4.288586408012155793e-02
-4.274985063239006983e-02
-4.216849486162266986e-02
-4.214531891297192828e-02
-4.217870729825297371e-02
-4.205291338753418262e-02
-4.205374853712200850e-02
-4.196197382140380572e-02
-4.243907097135745515e-02
-4.281334704368085914e-02
-4.255917645913833564e-02
-4.256343567621660717e-02
-4.251432921297167850e-02
-4.197163859278338349e-02
-4.218842183555927133e-02
-4.200327841192052353e-02
-4.222728918258827208e-02
-4.285806541703470612e-02
-4.276223096614388541e-02
-4.252374227124187944e-02
-4.244894218971471261e-02
-4.226586553552696274e-02
-4.264234157731010277e-02
-4.224321004515002587e-02
-4.206536097263820217e-02
-4.263598134401812290e-02
-4.254240079451483691e-02
-4.211836141656083443e-02
-4.206669686162223254e-02
-4.234415350618111334e-02
-4.271472224923085481e-02
-4.216835413731877258e-02
-4.171466893509592766e-02
-4.197376603975847692e-02
-4.201073072271150483e-02
-4.181439151453614916e-02
-4.199344065380705704e-02
-4.146327339195299277e-02
-4.208659846226517343e-02
-4.200847852777878783e-02
-4.147580502248807838e-02
-4.138612241845154860e-02
-4.144520037202720913e-02
-4.167731391232972621e-02
-4.212122418147153796e-02
-4.027909979068670238e-02
-4.094497506108545765e-02
-4.125088796300233063e-02
-4.129943424631765669e-02
-4.134298800161526760e-02
-4.103308954054096791e-02
-4.055263424798905697e-02
-4.030147220960979271e-02
-4.043567795885991828e-02
-4.114369810126360799e-02
-4.150627919693009038e-02
-4.148988327487979078e-02
-4.133834050090547108e-02
-4.081503207703339464e-02
-4.051725606007933189e-02
-4.052654227998622738e-02
-4.074168031244965876e-02
-4.091278901321789702e-02
-4.119295651704445171e-02
-4.135230054786547677e-02
-4.151862883650581093e-02
-4.105645752054076780e-02
-4.057437369777919939e-02
-4.076739375084326156e-02
-4.075627958905221615e-02
-4.065630985494265992e-02
-4.090962056986345574e-02
-4.159754345440903195e-02
-4.227747310343642206e-02
-4.201070418913987331e-02
-4.105667123321498496e-02
-4.064375473473488126e-02
-4.052535659910997540e-02
-4.082776065720479519e-02
-4.122476327389895667e-02
-4.178292793671793681e-02
-4.244272496143473850e-02
-4.230445107209416383e-02
-4.130499994598681168e-02
-4.047027565938949439e-02
-4.060162788406430218e-02
-4.133992671145503284e-02
-4.166047196110494316e-02
-4.146976545320538859e-02
-4.161328988973563014e-02
-4.173883415443625094e-02
-4.130712944891037214e-02
-4.067696524632000155e-02
-4.075643282760034458e-02
-4.146142659868776864e-02
-4.159136546561244957e-02
-4.102901405451174488e-02
-4.109845322015791974e-02
-4.162082407479808510e-02
-4.150433834547776618e-02
-4.108065366245605698e-02
-4.047361603555021947e-02
-4.108478094324960472e-02
-4.114548983003989829e-02
-4.061909203438322791e-02
-4.086402712823915262e-02
-4.140060775837044876e-02
-4.125181664187993480e-02
-4.090903272614882652e-02
-4.145084065763419978e-02
-4.167623220511340598e-02
-4.162331142253874322e-02
-4.139951168310843088e-02
-4.113063732165960634e-02
-4.079593331863463901e-02
-4.052095830728393716e-02
-4.050530498369412508e-02
-4.127884409924808401e-02
-4.197815737441746436e-02
-4.209736910079158595e-02
-4.188780545579926656e-02
-4.199683717873571587e-02
-4.171252038829535713e-02
-4.099123599534860996e-02
-4.065543428672836052e-02
-4.111450279401516333e-02
-4.186971067158888615e-02
-4.220217623554894937e-02
-4.231290933449340791e-02
-4.269900814514634296e-02
-4.231358266641644522e-02
-4.141614412815210894e-02
-4.105021356970893487e-02
-4.121167238807639521e-02
-4.154009783947862355e-02
-4.201438738467942052e-02
-4.226446292289998130e-02
-4.252256260692437867e-02
-4.239071140489442807e-02
-4.141479627105078970e-02
-4.095621312627444055e-02
-4.171846538334106347e-02
-4.181589638373716528e-02
-4.193885666529707096e-02
-4.188581280859878658e-02
-4.212469566235024082e-02
-4.224865688696913257e-02
-4.130258014222071283e-02
-4.061841625915368209e-02
-4.195260241150054747e-02
-4.225950046841218249e-02
-4.201543042711261555e-02
-4.143620568988479191e-02
-4.148087493820982324e-02
-4.177355702472849985e-02
-4.118031166213507316e-02
-4.071199129094223851e-02
-4.158411911881516876e-02
-4.212410383265669661e-02
-4.160660456261846413e-02
-4.083675478432205463e-02
-4.102981068810651610e-02
-4.154727808561375219e-02
-4.154437192192139694e-02
-4.133187876130405003e-02
-4.097338958953784110e-02
-4.170931007980535621e-02
-4.131484718885500285e-02
-4.075453172358387000e-02
-4.095675731209404841e-02
-4.147937440623492011e-02
-4.169086803077440284e-02
-4.161344130075069619e-02
-4.319077314863417616e-02
-4.358703182804082865e-02
-4.359628374584709892e-02
-4.386991931126550670e-02
-4.397091531192906522e-02
-4.354890889596998993e-02
-4.329713704780849270e-02
-4.292168445121382486e-02
-4.269192318415332421e-02
-4.314465944064280190e-02
-4.353798471367743145e-02
-4.424927201467446225e-02
-4.466732827478051698e-02
-4.424068211753394431e-02
-4.372627371363537602e-02
-4.300461429246866391e-02
-4.293465494390251436e-02
-4.299931050212137812e-02
-4.382755575470806408e-02
-4.506413101622195466e-02
-4.566293470280871625e-02
-4.505957520852543058e-02
-4.377618304390189230e-02
-4.272186183475164961e-02
-4.349886886119967710e-02
-4.369387209283415174e-02
-4.446225716067166156e-02
-4.552763506857460812e-02
-4.606590946283383586e-02
-4.538845911601309402e-02
-4.365827640795390957e-02
-4.237691170217375985e-02
-4.346998202420822993e-02
-4.424722475200552896e-02
-4.484690485944441141e-02
-4.509554395820304651e-02
-4.541565136540112041e-02
-4.494008581110112144e-02
-4.339725439760450110e-02
-4.226136734769583153e-02
-4.283370784699931655e-02
-4.407832773480985233e-02
-4.476217701594534248e-02
-4.432435669677604190e-02
-4.416859759015981379e-02
-4.419309365234535408e-02
-4.330914589304706019e-02
-4.257826396106724476e-02
-4.235697109535682681e-02
-4.368351337197474288e-02
-4.439119797514133603e-02
-4.350435549859793527e-02
-4.285929513462335971e-02
-4.353232530854096727e-02
-4.376627490399915416e-02
-4.349186873992551966e-02
-4.236748226819543606e-02
-4.365639696081827920e-02
-4.426453007937838219e-02
-4.322265803785473731e-02
-4.231469193629661119e-02
-4.285820098910694820e-02
-4.361020054292157055e-02
-4.381136351092629333e-02
-4.227444600488715343e-02
-4.252337960219999130e-02
-4.237117578873787066e-02
-4.245158641164494678e-02
-4.240895236318586309e-02
-4.204280255267776184e-02
-4.204547906727693074e-02
-4.215274793219278560e-02
-4.195423700132231565e-02
-4.234198672142366199e-02
-4.249001859513840129e-02
-4.315018075076151177e-02
-4.357666700405123106e-02
-4.290359961743408362e-02
-4.248087798135008475e-02
-4.254971547112360725e-02
-4.214539351478106127e-02
-4.229531972156924668e-02
-4.255614099415919865e-02
-4.370315854592492916e-02
-4.453760307677245150e-02
-4.338784324619494870e-02
-4.232559190768796914e-02
-4.236995687140687056e-02
-4.279793970123860203e-02
-4.284148692846915379e-02
-4.290989182061661494e-02
-4.383534295428495597e-02
-4.446628526175649271e-02
-4.328329110747112379e-02
-4.213492734901649883e-02
-4.200449623720363401e-02
-4.293977820802828693e-02
-4.329653413465787970e-02
-4.316846958238925586e-02
-4.373137604318289018e-02
-4.399132338844581602e-02
-4.326688035230353419e-02
-4.257472087753796930e-02
-4.194100968947359065e-02
-4.275592471644933806e-02
-4.326565262109342141e-02
-4.313937854921590098e-02
-4.316701599577259241e-02
-4.334895713516576793e-02
-4.297422788576505531e-02
-4.279420706264310675e-02
-4.220835492843805214e-02
-4.248112242794399585e-02
-4.313118123188883213e-02
-4.291027642252625424e-02
-4.236080813890861357e-02
-4.222887450188901604e-02
-4.238640185793459553e-02
-4.274446984240948266e-02
-4.256263968452120294e-02
-4.182019537737868831e-02
-4.283299362604166272e-02
-4.279166100117110655e-02
-4.190678229679027644e-02
-4.141193612583061318e-02
-4.167661292431414782e-02
-4.239404992614789758e-02
-4.244590701347276951e-02
-4.157194038103768918e-02
-4.167615646109332217e-02
-4.153694999181491848e-02
-4.168042507415979647e-02
-4.153192999777992334e-02
-4.099388992066437670e-02
-4.089474440574224212e-02
-4.110178491598914796e-02
-4.168020881889406698e-02
-4.188622088104603652e-02
-4.180745671049324041e-02
-4.186362507660430082e-02
-4.191449257549382384e-02
-4.129039468157292420e-02
-4.104368640428995157e-02
-4.119619798536654914e-02
-4.169085889295288949e-02
-4.182598380784444125e-02
-4.198346943098815731e-02
-4.242213232710707188e-02
-4.283062850913728348e-02
-4.212548372743455533e-02
-4.138830399300701818e-02
-4.130283114111493042e-02
-4.157701120113783261e-02
-4.174629821900606441e-02
-4.206460579038545644e-02
-4.295814972233012036e-02
-4.353419507981379916e-02
-4.280742901347170393e-02
-4.181065092022625412e-02
-4.137247420653748786e-02
-4.154513375939544728e-02
-4.175314437326577838e-02
-4.213500487257205995e-02
-4.257318490673207140e-02
-4.277640201261075081e-02
-4.247193495725389706e-02
-4.189803834144138761e-02
-4.123527893273921940e-02
-4.152019014159483157e-02
-4.192923698686316925e-02
-4.201058910161110937e-02
-4.169285156990260033e-02
-4.145688661975934636e-02
-4.161854569594605063e-02
-4.186239227328997226e-02
-4.135123981430688378e-02
-4.129410226271556378e-02
-4.202460251353242610e-02
-4.196840872737141181e-02
-4.117918826435152529e-02
-4.071953203370139857e-02
-4.120591276678339104e-02
-4.178823861643295168e-02
-4.158390135507618324e-02
-4.080146204258788128e-02
-4.190370383045604469e-02
-4.188874703571088959e-02
-4.098587448674325534e-02
-4.055345058736800623e-02
-4.067415323521141046e-02
-4.105355824336082149e-02
-4.116103739054483707e-02
-4.150114571860001600e-02
-4.162789561699246910e-02
-4.179141750442447872e-02
-4.232431493936679445e-02
-4.232537849202162861e-02
-4.158229092334649740e-02
-4.095554847272030174e-02
-4.086178312747773544e-02
-4.109814258102442719e-02
-4.146260954355188849e-02
-4.211707419067527852e-02
-4.270551837380558852e-02
-4.280190293433629167e-02
-4.188104363274601505e-02
-4.090964505911079407e-02
-4.071669042451930148e-02
-4.057470399110528481e-02
-4.117684511923276613e-02
-4.216463221616300466e-02
-4.301784820033299761e-02
-4.332811454658520856e-02
-4.258774817000826607e-02
-4.129834181004388149e-02
-4.104808840813534143e-02
-4.096732937366855815e-02
-4.144523079043272579e-02
-4.205992117702855165e-02
-4.263381319357947147e-02
-4.325584334393052510e-02
-4.309763971155908258e-02
-4.204947160137817441e-02
-4.122214074991242122e-02
-4.189154846389308434e-02
-4.222388579194587960e-02
-4.214209318923145542e-02
-4.202513322900546661e-02
-4.268298749577163764e-02
-4.311096631892726017e-02
-4.239850929468694934e-02
-4.121873918332572689e-02
-4.217565783660957163e-02
-4.249856133112069750e-02
-4.206545061476161390e-02
-4.146445137083745736e-02
-4.193163198712897277e-02
-4.277966717833885796e-02
-4.243653153525595717e-02
-4.103836986737645354e-02
-4.170087937878286244e-02
-4.202728043261625551e-02
-4.176854927191815670e-02
-4.111815124601348598e-02
-4.122267767375888819e-02
-4.240404904923890383e-02
-4.249574799786212664e-02
-4.130541182564463620e-02
-4.089919700137348291e-02
-4.145121078130327430e-02
-4.161387274685961896e-02
-4.122892434845194798e-02
-4.107913080512829579e-02
-4.177063654190355663e-02
-4.198938053514329055e-02
-4.127636488810180332e-02
-4.966372724733990850e-03
-5.078858579038416504e-03
-4.336095789614471778e-03
-5.187369819418666435e-03
-4.805653086903802738e-03
-5.288889151359880102e-03
-4.688631069521213834e-03
-5.042086844086433005e-03
-4.764015224349560547e-03
-5.809745545597903502e-03
-4.366812540922688016e-03
-4.987697177133648165e-03
-3.709564537946295846e-03
-4.300704483435116403e-03
-4.630912762622826917e-03
-4.743884059820581943e-03
-5.404083279447605311e-03
-5.043304925571375809e-03
-5.089604881165224297e-03
-5.042379787483097439e-03
-5.125857942075325024e-03
-4.538613302658962498e-03
-4.610518362635653358e-03
-4.615645446125262417e-03
-4.722183075220178633e-03
-7.707762390834703957e-03
-8.461921717428199166e-03
-8.079814921143639930e-03
-7.873877522718026462e-03
-7.800334976031795230e-03
-7.863143764564824167e-03
-7.661936839869349682e-03
-7.291268806921045662e-03
-8.063701750633204407e-03
-8.079037407669237628e-03
-6.789073160122290930e-03
-7.439644368881542097e-03
-7.477282267115530241e-03
-8.025845723290863168e-03
-7.371077533003531253e-03
-8.174830987588022763e-03
-7.795992247722761427e-03
-8.131008093940246539e-03
-8.168611988667584534e-03
-7.613645116732275370e-03
-7.641892688973774689e-03
-8.000440453503404256e-03
-7.583389771399732561e-03
-7.458590280804194318e-03
-7.737556169081556516e-03
-7.265018103335707002e-03
-7.550618169465680464e-03
-7.331179784074084473e-03
-7.174834194175822716e-03
-8.121521727697148668e-03
-7.327081025205147043e-03
-7.315849219983987760e-03
-7.073181538878898535e-03
-7.660652461563785889e-03
-6.766751815542106606e-03
-6.903045816286061329e-03
-7.394562454343782572e-03
-7.084749366508189677e-03
-7.781555559908641916e-03
-6.960020731891751120e-03
-7.950230915998271128e-03
-7.169602747411312274e-03
-7.209526852468096068e-03
-7.676143185028122019e-03
-6.795381963775314407e-03
-7.255689339375587590e-03
-7.751934674271089738e-03
-7.553185177526190383e-03
-7.675019099086710130e-03
-7.377494481064590139e-03
-6.425518565185995082e-03
-5.922074302822843452e-03
-5.777587047808088044e-03
-6.480611899670852410e-03
-7.407312413020239635e-03
-6.335164908465465081e-03
-6.680683196139775189e-03
-6.263154981665334034e-03
-6.161748020772756657e-03
-6.072811875132711965e-03
-6.481724632490074543e-03
-6.731611885367241518e-03
-5.401910855962236205e-03
-5.931456945598509098e-03
-6.166250953306064153e-03
-6.513164305143388962e-03
-6.308926663306443049e-03
-6.227214885073323672e-03
-6.508811586267895105e-03
-5.763810033438543888e-03
-6.702384355208501968e-03
-6.537542389179024430e-03
-6.683325174887836360e-03
-6.714670290956540818e-03
-6.270609558263424976e-03
-6.764918617125868609e-03
-6.861226235597818815e-03
-7.013342552292906387e-03
-7.119200862936435857e-03
-7.644521218672317708e-03
-6.866891923255700157e-03
-7.327153609624409425e-03
-6.234906895308253878e-03
-6.367957928626632666e-03
-6.852538214020386514e-03
-6.750461096234554315e-03
-6.819941119408682965e-03
-6.572189010945615924e-03
-6.320124470755285329e-03
-6.759736810408365978e-03
-6.845118264424770137e-03
-6.731978308156118251e-03
-7.218103853407866095e-03
-6.906680632022239343e-03
-6.540945490456661661e-03
-7.384607717620500847e-03
-7.097936548347346698e-03
-6.945631546380900447e-03
-6.756512136846127420e-03
-6.687143900967171956e-03
-7.506299703727540781e-03
-8.000312156632537544e-03
-8.403975094235805951e-03
-8.143161252120978064e-03
-8.353739682742391051e-03
-8.107431231076694250e-03
-8.186530399962546611e-03
-6.849396527047735099e-03
-7.657751911266032219e-03
-7.499319525718688151e-03
-7.087348963342919583e-03
-7.789715940817799542e-03
-8.973564212503191972e-03
-7.612432080298586062e-03
-7.405411503208992469e-03
-7.521748393217352752e-03
-7.639515266114652384e-03
-8.219688333909401165e-03
-7.933217509316354069e-03
-7.469561108842637590e-03
-8.180506868602669540e-03
-8.090900463147339752e-03
-7.799012772104858479e-03
-7.557795024378269333e-03
-7.696514198129668707e-03
-8.688098106760359235e-03
-8.760960876441082831e-03
-1.002728833194870516e-02
-9.935881788082759347e-03
-9.157861136980402494e-03
-9.617131734977356003e-03
-9.247985879926373318e-03
-8.325830178175581270e-03
-9.442123493813027110e-03
-8.557114371250802015e-03
-8.186060792957319809e-03
-9.913932708652640341e-03
-1.099890484743948696e-02
-9.640285433459136813e-03
-8.358380117983925037e-03
-8.980876730529226137e-03
-8.771700412515735443e-03
-9.432617589656775575e-03
-9.277068851180609796e-03
-8.916327402365312876e-03
-9.484601374671879082e-03
-9.401371531546362861e-03
-9.053355991583430726e-03
-9.007916451556253687e-03
-9.475831281404037756e-03
-7.765230893101120538e-03
-7.773094965509843440e-03
-9.469498638191794354e-03
-9.157333453930712602e-03
-7.990078503873593307e-03
-8.597954727061993610e-03
-8.001265042389108309e-03
-7.691361598712641821e-03
-8.773264980639787491e-03
-7.737688583704096720e-03
-7.621410497682399969e-03
-9.431690903535438694e-03
-9.656260844321268993e-03
-9.342960755396244668e-03
-7.604570183594677388e-03
-8.770651719929729515e-03
-7.530248357394111504e-03
-8.616322421445407262e-03
-8.368380447600754987e-03
-8.570416654246505034e-03
-8.671984360858055879e-03
-8.387344939323335830e-03
-8.183841971977664012e-03
-8.212610917402270866e-03
-8.801329124624392500e-03
-6.694834840534578772e-03
-6.968979098786303068e-03
-6.706624623574203130e-03
-7.068088794965414826e-03
-6.750411737413712990e-03
-7.003338173964079698e-03
-6.752415387951857598e-03
-6.908875571722652813e-03
-6.689374051121305641e-03
-7.931668449658054940e-03
-6.391635953015889840e-03
-7.012965262823986010e-03
-5.985925277066437948e-03
-6.497287910043170189e-03
-6.972462448914442529e-03
-6.747544639513990659e-03
-7.157148139653804475e-03
-6.780289259024495536e-03
-6.824442829417950128e-03
-7.006928778322181819e-03
-7.078817164700186917e-03
-6.775050720987797585e-03
-6.696868005149445892e-03
-6.460724959090808663e-03
-7.073022487815336726e-03
-1.096329205534093965e-02
-1.225276676647480377e-02
-1.272720397934999463e-02
-1.176300976209040082e-02
-1.157825585880078306e-02
-1.154577679193203969e-02
-1.162343289476506884e-02
-1.091278139024594307e-02
-1.203910118647639679e-02
-1.179784670214069700e-02
-1.019270679047000819e-02
-1.112759746998937330e-02
-1.232272815402096940e-02
-1.228679142150123325e-02
-1.130392365913731462e-02
-1.182704177326098990e-02
-1.101395563647341452e-02
-1.177862845745637765e-02
-1.175442837435989804e-02
-1.119945485417798460e-02
-1.171278467470210707e-02
-1.230195116694171413e-02
-1.167097412186190487e-02
-1.128684762899716601e-02
-1.180026146600045463e-02
-1.088776703662332201e-02
-1.181227522965232375e-02
-1.247531152786256203e-02
-1.151932982081120896e-02
-1.205776861909401212e-02
-1.153566503879832963e-02
-1.159771023190224459e-02
-1.131432579678715890e-02
-1.231046455436675229e-02
-1.122737975219311596e-02
-1.055133459660453389e-02
-1.159675012580854529e-02
-1.260155443091726980e-02
-1.253916608437347265e-02
-1.126504503244550766e-02
-1.198395978631573537e-02
-1.070496362785004936e-02
-1.136173044529951298e-02
-1.182224674959426146e-02
-1.102460884699450576e-02
-1.167216422863313723e-02
-1.242447354694967664e-02
-1.211043083447439772e-02
-1.194146134565433372e-02
-1.155099097095290718e-02
-9.102221288173933250e-03
-8.895390102762914045e-03
-9.452754993884223897e-03
-9.676628771482660360e-03
-9.760252721541249135e-03
-9.290485149174732699e-03
-9.508328419652956401e-03
-9.665339327871969380e-03
-9.605237314864496431e-03
-9.889808061079320353e-03
-9.280726695347020841e-03
-9.863007379784400133e-03
-9.503149361670914369e-03
-9.511756559753253848e-03
-9.473442958295365257e-03
-9.580863300154136147e-03
-9.202627084916918665e-03
-9.086650838356358229e-03
-9.531836112717663456e-03
-9.146571590606949673e-03
-9.614027363967053361e-03
-9.932578854853579484e-03
-9.883599653902515325e-03
-9.715456350282964879e-03
-9.343833093837213347e-03
-9.073048249883471777e-03
-9.118923559040830254e-03
-9.878522774321604055e-03
-9.668570719276597947e-03
-9.636647602200032817e-03
-9.099877841289865169e-03
-9.404717306057373827e-03
-9.141463911600755665e-03
-9.091266923748009265e-03
-1.024511546188238732e-02
-9.352834941132009972e-03
-9.196366568254678645e-03
-9.659526189662599738e-03
-9.360437431435093478e-03
-9.643110689512813041e-03
-9.506805964093641842e-03
-9.337741653726288477e-03
-9.393953760624349988e-03
-9.584266444942309698e-03
-9.425698941339951883e-03
-9.413062449225574960e-03
-9.779037733646470804e-03
-9.420964946245490371e-03
-9.338341319701504856e-03
-9.321100692911829175e-03
-1.015524280907061268e-02
-1.008339548904013672e-02
-1.094851042536180638e-02
-1.042527179430432702e-02
-1.086839634948375335e-02
-1.048791921680372607e-02
-1.049876937355653274e-02
-9.669944369969847922e-03
-1.023995223889776450e-02
-1.054098744076217148e-02
-9.840037686191354868e-03
-9.913261056780630145e-03
-1.150250071773760256e-02
-1.049563121859044094e-02
-1.013243402765883795e-02
-1.017388809846070212e-02
-1.010182298958519839e-02
-1.039662012696723585e-02
-1.061746643149492388e-02
-1.002699127176756924e-02
-1.022334885018230145e-02
-1.049622376934517681e-02
-1.023757630642218100e-02
-1.024804170881135797e-02
-1.044876525473433480e-02
-1.150700358308549484e-02
-1.083057762165855718e-02
-1.217093517119317153e-02
-1.227652082994334405e-02
-1.188207486859830728e-02
-1.197071919026198965e-02
-1.165947251797088725e-02
-1.089129557650049020e-02
-1.209264780332616925e-02
-1.100661278322474963e-02
-1.051798405540683989e-02
-1.200367442958007701e-02
-1.288498327685945119e-02
-1.240525819662488712e-02
-1.054593833602209506e-02
-1.137483330826712102e-02
-1.112364723750349817e-02
-1.165422494763643235e-02
-1.174628080467092321e-02
-1.119656387346679854e-02
-1.179638290287596432e-02
-1.184481539106896873e-02
-1.127973718736218801e-02
-1.145366528800765595e-02
-1.209319950908646808e-02
-9.857090480930507867e-03
-9.646296218610430490e-03
-1.107434547589763833e-02
-1.104331316605671257e-02
-1.006205268720533272e-02
-1.005677707541060423e-02
-9.822667699700530358e-03
-9.584728525260278673e-03
-1.098201170860679463e-02
-9.463898460484678268e-03
-9.215991625817687369e-03
-1.113475517273840310e-02
-1.101980419440815040e-02
-1.158226870766815471e-02
-9.157485008965685763e-03
-1.035856939002898457e-02
-9.300604526960390764e-03
-1.049554926272560154e-02
-1.007296134226482939e-02
-1.028143891018416974e-02
-1.055618962736493485e-02
-1.044051786983568597e-02
-9.964716350253586749e-03
-1.001181795610741471e-02
-1.070185544136429204e-02
-6.674681636777842278e-03
-6.645179800149905724e-03
-7.199718761482280793e-03
-7.195776179838451504e-03
-6.929891554489002979e-03
-6.773630261834671235e-03
-7.253112743418369326e-03
-6.805324169517767627e-03
-6.486089430347634702e-03
-7.508937833888854052e-03
-7.039973664614067490e-03
-6.972262267342909867e-03
-6.664484429599128873e-03
-6.859907618136340014e-03
-7.415132639212085666e-03
-6.531154049889156994e-03
-7.125290446357394024e-03
-6.723587062507671401e-03
-6.586340787569889936e-03
-6.735243180541693707e-03
-7.164061571812910603e-03
-7.027904572538540631e-03
-7.026558813025024497e-03
-6.727937388615036658e-03
-7.315003338799468992e-03
-1.062601169968297767e-02
-1.159014545018507113e-02
-1.246060966752707277e-02
-1.164585193550219701e-02
-1.156061365837358391e-02
-1.136010422829197147e-02
-1.177102838958783010e-02
-1.053893096858444373e-02
-1.161083621621410329e-02
-1.151463660757551764e-02
-1.054498772922531601e-02
-1.111796464026445358e-02
-1.245951278050812412e-02
-1.228407624337085093e-02
-1.150707075090067963e-02
-1.120879631211695385e-02
-1.061441327571004990e-02
-1.135554153474495342e-02
-1.136931101686661054e-02
-1.093726341108047957e-02
-1.167649275891284068e-02
-1.185739597127028443e-02
-1.183760734693872600e-02
-1.133097704286916037e-02
-1.175367318327524835e-02
-1.117133980252710962e-02
-1.177434576848284536e-02
-1.277675423750512622e-02
-1.202748143830400726e-02
-1.201588168098339897e-02
-1.224871088166985117e-02
-1.196467958269735107e-02
-1.137907642855363714e-02
-1.278000682721999216e-02
-1.206412262567219985e-02
-1.123599516444228133e-02
-1.217502747453696847e-02
-1.328657428173816123e-02
-1.294323627537599490e-02
-1.188824850935799732e-02
-1.226671878617682440e-02
-1.090571160807343037e-02
-1.160722538330344333e-02
-1.213032885140492498e-02
-1.164558177514887771e-02
-1.199545567140639611e-02
-1.245078700429394329e-02
-1.256615376678519441e-02
-1.202099983249254288e-02
-1.193733691958599047e-02
-1.048641885045432411e-02
-1.000785424653358527e-02
-1.105272539354437700e-02
-1.084875486222391418e-02
-1.026008240980469562e-02
-1.104715400273705711e-02
-1.049506431358912008e-02
-1.076623999237311113e-02
-1.128844001731351548e-02
-1.176878128539163293e-02
-1.060414665015821899e-02
-1.135341618398207943e-02
-1.135390763183941748e-02
-1.121329457323532765e-02
-1.077495444640066101e-02
-1.097174186515708326e-02
-1.048985441671014193e-02
-1.027568960618837485e-02
-1.088132415865365743e-02
-1.074737228565126115e-02
-1.045093924182824950e-02
-1.116224570533427829e-02
-1.097041765843807630e-02
-1.044447069475330954e-02
-1.073336056830135124e-02
-1.054106137398669318e-02
-1.045954504654054810e-02
-1.142237647626022541e-02
-1.056441065068315817e-02
-1.025049082068769934e-02
-1.057227058119534352e-02
-1.050590920211992574e-02
-1.070994501673938788e-02
-1.085402195706696403e-02
-1.186347521413108445e-02
-1.062994925809887352e-02
-1.077137303672305590e-02
-1.130818087276607570e-02
-1.142170088469487629e-02
-1.105902438163497599e-02
-1.101765903368986596e-02
-1.057178427158709556e-02
-1.047897188129363714e-02
-1.114280584680838772e-02
-1.101652535611422762e-02
-1.002186711803991666e-02
-1.113481558872129670e-02
-1.070863283751329748e-02
-1.051494289583224627e-02
-1.099530333168338876e-02
-1.082779053792153751e-02
-1.050809638965287743e-02
-1.141151646872990734e-02
-1.042812324032355367e-02
-1.083625903133053799e-02
-1.057228984142981505e-02
-1.106687697143065446e-02
-1.062812886839191451e-02
-1.103488563493199362e-02
-1.097819828659749204e-02
-1.025871717098294188e-02
-1.016941676309372766e-02
-1.169460338039175415e-02
-1.152872668456551147e-02
-1.093720141230632333e-02
-1.101866144855028276e-02
-1.035296220099971368e-02
-1.063752982700423393e-02
-1.135748477568969406e-02
-1.065203909174627234e-02
-1.008753458961300989e-02
-1.101648388246627940e-02
-1.107140556827167742e-02
-1.076361065138186669e-02
-1.110664018117336026e-02
-1.145660249396146871e-02
-1.032950723711842551e-02
-1.157265831114524801e-02
-1.155067440696660487e-02
-1.138725711701919947e-02
-1.114340258546405935e-02
-1.169698944588556597e-02
-1.085680424154902152e-02
-1.200764618889778486e-02
-1.069659988975647964e-02
-1.008621501882720449e-02
-1.085671429358711464e-02
-1.185089699926347197e-02
-1.200936917743655220e-02
-1.068101141096427370e-02
-1.112964383296265354e-02
-1.071672924725234136e-02
-1.094812476683617447e-02
-1.130064072643769540e-02
-1.071229443727799227e-02
-1.109355197613188550e-02
-1.188648626213421357e-02
-1.151543041671241989e-02
-1.107359462975800006e-02
-1.154230467457083298e-02
-9.029323924467059018e-03
-8.618468770406468443e-03
-9.796677790553487419e-03
-9.881142988338394509e-03
-9.262981739243454637e-03
-8.893700158696908956e-03
-9.213430200125096933e-03
-8.860940104013408439e-03
-1.015961038742537771e-02
-8.598674089488571662e-03
-8.085585752283073677e-03
-9.621833564166624650e-03
-9.618845776803429740e-03
-1.041233087507284841e-02
-8.614827023657158078e-03
-8.979908442833396676e-03
-8.632160888012295474e-03
-9.254437145999411252e-03
-8.777347395016957959e-03
-9.077485813235466536e-03
-9.312265778767502000e-03
-1.012814201001164399e-02
-9.357397494306796820e-03
-9.107919877717071677e-03
-9.641171325532224903e-03
-7.506109550845466855e-03
-7.150321613922968299e-03
-7.691008698590660192e-03
-7.594894198702467278e-03
-7.423791264029491743e-03
-7.187873492466278699e-03
-7.867960888544793530e-03
-7.415084411355860571e-03
-7.204910130903544214e-03
-7.857769765751788926e-03
-8.044582007768530385e-03
-7.701525149458670998e-03
-7.320374484246418290e-03
-7.496969447256712597e-03
-7.857451112324425474e-03
-7.195542031780128092e-03
-7.842407421673386336e-03
-7.500485329373898259e-03
-7.597552140967229681e-03
-7.297778366354454142e-03
-7.630324681336911330e-03
-7.794878033010503929e-03
-7.630053716341911492e-03
-7.583904806235984911e-03
-7.534183559913414097e-03
-1.072283699204988269e-02
-1.104761393006389869e-02
-1.142378837563932069e-02
-1.102747282482391400e-02
-1.139667559540699648e-02
-1.080963704373501429e-02
-1.157358864075094460e-02
-1.028384252386415829e-02
-1.084262001174499286e-02
-1.109984457412427697e-02
-1.089911254183096798e-02
-1.122083320793096882e-02
-1.134330667765166487e-02
-1.189728542461387061e-02
-1.098285003378582890e-02
-1.104648668978775762e-02
-1.050242883328730316e-02
-1.095789278942712816e-02
-1.149742240003360540e-02
-1.059504517605320412e-02
-1.104136453985862278e-02
-1.110536113880066997e-02
-1.129727919842975735e-02
-1.132920960868800953e-02
-1.098238344558822438e-02
-1.033310250790027592e-02
-1.040068762036548862e-02
-1.113250117238204565e-02
-1.061300053518671530e-02
-1.079749908376603264e-02
-1.102456624699594753e-02
-1.089590908825099728e-02
-9.799085802120551317e-03
-1.088091266259423595e-02
-1.085224703968372222e-02
-1.059682718273990097e-02
-1.108868756958331959e-02
-1.104060378568700110e-02
-1.159223593212859241e-02
-1.037448788378659420e-02
-1.121514846681902385e-02
-9.978420945900829883e-03
-1.031199045992021307e-02
-1.120312276647028767e-02
-1.044143676096648266e-02
-1.051539744796569503e-02
-1.049742905034788988e-02
-1.110342696253185067e-02
-1.054437376528821572e-02
-1.049696048765670804e-02
-9.994870288343296605e-03
-9.608102278521277531e-03
-1.070208594675930991e-02
-1.014845552593974208e-02
-9.777667354557387225e-03
-1.078164179681012982e-02
-1.016164485565139268e-02
-9.687200238917392792e-03
-1.053468356890990137e-02
-1.093300591013910208e-02
-1.017172879203571620e-02
-1.078643190342427026e-02
-1.041323086714533025e-02
-1.091622614506113434e-02
-9.880422487135531381e-03
-1.076796829486430067e-02
-1.018616472795360987e-02
-9.608130896009745014e-03
-1.050427173759213052e-02
-1.018126370352656282e-02
-9.951831294395961994e-03
-1.047461265189968474e-02
-1.028295355805292945e-02
-9.526737337766953695e-03
-1.021165725456782587e-02
-1.039623822722759994e-02
-1.096959556121177189e-02
-1.188526191354581998e-02
-1.063354738203449099e-02
-1.030258351771923264e-02
-1.075362584913380423e-02
-1.115318874663492887e-02
-1.066795404631961687e-02
-1.112190012731866830e-02
-1.146027332426182745e-02
-1.060171902419297825e-02
-1.125221987552439858e-02
-1.137289187822995706e-02
-1.199417522190749687e-02
-1.093874667075829706e-02
-1.145582468755275939e-02
-1.073780474867898523e-02
-1.072590078844936484e-02
-1.130552235332671004e-02
-1.090381695204961990e-02
-1.046156571283406687e-02
-1.162800855162798852e-02
-1.096279562574835331e-02
-1.055811506315684940e-02
-1.130542406959252760e-02
-1.042099806838496512e-02
-1.078289752372954373e-02
-1.176920336411352297e-02
-1.024783150207322392e-02
-1.049018699767309201e-02
-1.010909900154949997e-02
-1.145764279385219284e-02
-1.051185287241627672e-02
-1.116671222433043321e-02
-1.048091573091761500e-02
-1.006412726495630600e-02
-1.051918478324747816e-02
-1.149403933682270097e-02
-1.138893976421588572e-02
-1.103440792985917011e-02
-1.127522362905320798e-02
-1.007201264674182153e-02
-1.084379805062488621e-02
-1.123647584818934786e-02
-1.056278690711987163e-02
-1.032823823247363930e-02
-1.144572403556258847e-02
-1.143093519483282840e-02
-1.076141801329446798e-02
-1.096740385003375229e-02
-1.064171946509410993e-02
-1.005987982782396289e-02
-1.125119761658619801e-02
-1.080863728829000760e-02
-1.069370831691681886e-02
-1.039545679107258848e-02
-1.133896049579960659e-02
-9.987448538018573602e-03
-1.145718137343659099e-02
-1.009784158376142958e-02
-9.554447836938349120e-03
-1.050646250036468138e-02
-1.151296273569401944e-02
-1.094420221327967700e-02
-1.053783791822926127e-02
-1.067114052111314826e-02
-9.852718819728194938e-03
-1.043451542204107407e-02
-1.031452189443448145e-02
-1.021142854597966929e-02
-1.035510777226665395e-02
-1.198100712242509622e-02
-1.162110356829010489e-02
-1.049956455422713236e-02
-1.059585031258225736e-02
-8.020885292920046025e-03
-7.717901726185073981e-03
-8.756778417514524473e-03
-8.592687380884755921e-03
-8.480176931773527119e-03
-8.172562541545106904e-03
-8.444570592002952070e-03
-7.433643597680129542e-03
-8.893895463955284533e-03
-7.772952876568196140e-03
-7.102082890149605081e-03
-8.617332648437352541e-03
-9.082992074846583594e-03
-8.760596062528075434e-03
-7.853405889237588880e-03
-7.761917474015829314e-03
-7.443645429595972113e-03
-7.966716063704809211e-03
-7.227678125814981230e-03
-7.958363357409455746e-03
-7.912951346417710155e-03
-9.799490335335885038e-03
-8.709980899154704664e-03
-8.063535650005546063e-03
-8.322322866477650100e-03
-8.547162766726292341e-03
-8.548619688448839959e-03
-8.382631796009678074e-03
-8.435545341304046679e-03
-8.124783222417199247e-03
-8.140628132482858464e-03
-8.227621018204447564e-03
-8.609616463040450224e-03
-8.850215440498665140e-03
-9.002561111390949486e-03
-8.649411140495427003e-03
-9.014668388237107380e-03
-7.926698834389931531e-03
-8.160329135384680049e-03
-8.667453037196747728e-03
-8.803152572189431105e-03
-9.232418347626067737e-03
-8.613089199425300047e-03
-8.931785118151118474e-03
-8.876555265887724547e-03
-8.556412361403864519e-03
-9.022914392235441977e-03
-8.270868645588349069e-03
-8.806104800936334978e-03
-8.191055369204525496e-03
-1.102929987989430781e-02
-1.128578817362031750e-02
-1.132677468929413518e-02
-1.077458905262593941e-02
-1.118155858013895713e-02
-1.051571522495824661e-02
-1.118617199561375807e-02
-1.069748066157284218e-02
-1.099183453628195702e-02
-1.093929537213416195e-02
-1.052410330304797553e-02
-1.122443489902502471e-02
-1.089737202955761743e-02
-1.127654561599231511e-02
-1.090875421545964286e-02
-1.158642083981977801e-02
-1.102722050279553341e-02
-1.114643511404204111e-02
-1.182228772720692392e-02
-1.104656560464219346e-02
-1.086773177648924296e-02
-1.122645380879639179e-02
-1.110922482346653022e-02
-1.141004754677325990e-02
-1.065850445444721517e-02
-1.002275623511175370e-02
-1.019750586748248943e-02
-1.099477191288069505e-02
-9.938282899801840348e-03
-1.032983579758416093e-02
-1.012337448081353057e-02
-1.034043005542095717e-02
-9.498782148585517907e-03
-1.019361088794437827e-02
-9.955534632218557278e-03
-9.743287528109798729e-03
-1.019754982953609453e-02
-1.010434541472781181e-02
-1.061134150430577579e-02
-9.845092731711378720e-03
-1.098020922969355703e-02
-9.983173826462682712e-03
-1.008580192177208588e-02
-1.098505591465061791e-02
-9.848684346442425006e-03
-9.943351209173417748e-03
-9.845547482749886573e-03
-1.061082613488698902e-02
-9.971729754107238816e-03
-9.950506006378765159e-03
-9.357873015709514478e-03
-9.451794798689192381e-03
-1.062665534636792787e-02
-9.998166779937608592e-03
-9.651469048293760677e-03
-9.884806789540413405e-03
-9.911413043153835534e-03
-9.118007899775581321e-03
-9.951205426159922748e-03
-9.964878916383691082e-03
-9.482638802426661406e-03
-9.907284185898175902e-03
-9.856424548823856935e-03
-1.044275090296024888e-02
-9.386604603028777735e-03
-1.038723436144337910e-02
-1.004249034498128253e-02
-9.408398106865115823e-03
-9.994810134905759980e-03
-9.335080570752350704e-03
-9.615945915224986817e-03
-1.000288665720808039e-02
-1.007906973626441355e-02
-9.255169220614894998e-03
-9.890029435890677553e-03
-9.434163106930456427e-03
-1.040390793011954952e-02
-1.111223435180706473e-02
-1.042872244189321437e-02
-1.011458936553909400e-02
-9.774192493510037646e-03
-1.086636838084911565e-02
-9.733136843390407730e-03
-1.042788233437751469e-02
-1.043620662843764042e-02
-9.910781386743549096e-03
-1.060132983088936734e-02
-1.067559247005369326e-02
-1.099183909115950507e-02
-1.004902100855138355e-02
-1.062382257922267828e-02
-1.032401738863988894e-02
-1.022287517453321706e-02
-1.020606210369507001e-02
-9.785839649989419228e-03
-1.010570313212050438e-02
-1.118489011014847309e-02
-1.030387402911653490e-02
-1.029483266065837378e-02
-1.071384699464657947e-02
-1.005525512442273853e-02
-1.101515023221287005e-02
-1.157579962727100543e-02
-1.062185205976533438e-02
-1.077059434314978081e-02
-9.964533630097496125e-03
-1.156219955095175514e-02
-1.027101291506322435e-02
-1.108721756961838362e-02
-1.059176147531779716e-02
-1.028390691020345839e-02
-1.099649874435286098e-02
-1.139712737593443631e-02
-1.071633866775709674e-02
-1.080629909475786139e-02
-1.104053578785315140e-02
-1.024655886301031361e-02
-1.106264038492332270e-02
-1.088870851040046883e-02
-1.049329443867771244e-02
-1.064436674878634255e-02
-1.169694044141950801e-02
-1.128291027670210757e-02
-1.091926070117987986e-02
-1.080130496994854972e-02
-1.125375671367440447e-02
-1.147925818129071941e-02
-1.227379695728309135e-02
-1.181725821394103045e-02
-1.184543773957565278e-02
-1.146737140922532427e-02
-1.227740344008278889e-02
-1.033141627049030849e-02
-1.225073759120584582e-02
-1.122027377205307881e-02
-1.068969578644395069e-02
-1.178361485863991739e-02
-1.286643057692911894e-02
-1.126874813999040673e-02
-1.116349438829527911e-02
-1.159326755215063856e-02
-1.036108199459902755e-02
-1.174118477692738700e-02
-1.108594597787035917e-02
-1.133126724829727067e-02
-1.136775677808682557e-02
-1.296380164899569969e-02
-1.234921718390988472e-02
-1.124373120908552133e-02
-1.117589623578762147e-02
-8.465125406637463712e-03
-8.674370103511552452e-03
-9.540318734361202813e-03
-9.006553224534962279e-03
-9.242956611863641439e-03
-9.164406734901726220e-03
-9.353076592364738956e-03
-7.230839968665297469e-03
-9.462708913878910277e-03
-8.490760938607936140e-03
-7.770502328578861480e-03
-9.274645542371612664e-03
-1.066682616558441501e-02
-9.325224338295341406e-03
-7.978842697466227013e-03
-8.662956469625216621e-03
-7.460707070512221512e-03
-8.882028769038808474e-03
-7.906456308655948964e-03
-8.765509008452755310e-03
-8.703383023875386343e-03
-1.035575465359341724e-02
-9.091000819830098029e-03
-8.560228598533217367e-03
-8.612417045507889807e-03
-9.672791309397495499e-03
-9.662263830448034052e-03
-9.770988126828640888e-03
-9.645470043239044028e-03
-9.315145530394324316e-03
-9.382702163874000884e-03
-9.633893031108070257e-03
-9.461054895778128748e-03
-1.034880542691597911e-02
-9.820004069336450009e-03
-8.815603843445473167e-03
-9.839919931808825335e-03
-9.624145517466362043e-03
-9.140175774785210330e-03
-9.597116234265578444e-03
-1.002481934232577268e-02
-9.714786129661106065e-03
-9.907252165283108453e-03
-9.356708947061370338e-03
-9.922604612453651829e-03
-9.466403156052318607e-03
-1.060532462569602034e-02
-9.516667730913348430e-03
-9.715936153454850926e-03
-9.337166205264856370e-03
-1.071170774292653019e-02
-1.079325207487719443e-02
-1.117127819532646310e-02
-1.062149128620861437e-02
-1.062821936107186116e-02
-1.052626890250576812e-02
-1.095348400805631894e-02
-1.066861819949169350e-02
-1.102890208344950440e-02
-1.088087246542046582e-02
-9.522240951526218453e-03
-1.035921650871932109e-02
-1.080140352668616278e-02
-1.028991085910249334e-02
-1.106743133617597331e-02
-1.136903018741725405e-02
-1.074574843441663576e-02
-1.128871494692724152e-02
-1.077694898203319408e-02
-1.091664541382936400e-02
-1.033753529016452621e-02
-1.102713411293731668e-02
-1.089255931355367739e-02
-1.068102775119886272e-02
-1.031167374161640234e-02
-9.751855953699208393e-03
-1.003172492883411954e-02
-1.102192750563260777e-02
-9.950130326974646749e-03
-9.861547837391761856e-03
-1.003708552885938451e-02
-1.017278399959723433e-02
-9.891256711829631010e-03
-1.023245639526278693e-02
-1.001574185796904812e-02
-9.106545982862557578e-03
-9.683448353675939979e-03
-1.006170154138826857e-02
-1.004009037305593315e-02
-1.049075382846661325e-02
-1.081357623047714094e-02
-1.018784926153732708e-02
-1.052565398231262127e-02
-1.050803444496577373e-02
-9.805318001006207637e-03
-9.642083566065636283e-03
-9.767364815488026666e-03
-1.063075365148767257e-02
-9.725493018547378896e-03
-9.933785120956446779e-03
-1.051974109933704465e-02
-1.057777324512415053e-02
-1.181174502808579954e-02
-1.129349593028240901e-02
-1.064078853090330047e-02
-1.067939941448032420e-02
-1.093757045672682365e-02
-1.021023967405832768e-02
-1.139224239053478714e-02
-1.089376469173513294e-02
-1.010132627446715115e-02
-1.090432504571700947e-02
-1.139572904518461327e-02
-1.147002779789313247e-02
-1.060658004368273365e-02
-1.129356755872810633e-02
-1.101426724400819505e-02
-1.104239324279134710e-02
-1.075737043977203176e-02
-1.010702961252800229e-02
-1.046195196541723285e-02
-1.140155995163851313e-02
-1.147571580208392797e-02
-1.058374287613590529e-02
-1.104369371677732005e-02
-1.044012559815069886e-02
-1.059397442458334150e-02
-1.133608831681658102e-02
-1.113996011697220880e-02
-1.077796047529846687e-02
-1.029813100821282135e-02
-1.125201246830425175e-02
-1.011039433429836848e-02
-1.130253620089154837e-02
-1.101838320772461494e-02
-1.025967730844371852e-02
-1.131967306688043060e-02
-1.158409614804154809e-02
-1.129695580959070959e-02
-1.023435094372214180e-02
-1.098850291135568431e-02
-1.068212198272400909e-02
-1.110621044115273764e-02
-1.043194504167645024e-02
-1.022403537195174308e-02
-1.047226889180531001e-02
-1.206012791635267811e-02
-1.108354934207415529e-02
-1.118846027172492111e-02
-1.115352943336845454e-02
-1.006169648184907298e-02
-1.018263907330548695e-02
-1.060082761861185635e-02
-1.054044642826716151e-02
-1.078310259294479150e-02
-1.001990239488288054e-02
-1.082494431324807806e-02
-1.001202466585105616e-02
-1.051392397958476020e-02
-1.064402248231475882e-02
-1.004960556291237782e-02
-1.089862746091018603e-02
-1.091478850159965409e-02
-9.726524039221400714e-03
-1.001003376601700308e-02
-1.037982719765994863e-02
-9.935676907986808193e-03
-1.102188299934870122e-02
-1.040373293727803010e-02
-1.036328299710561132e-02
-1.008688735940423652e-02
-1.135689583602824369e-02
-1.067076481868348657e-02
-1.073582833925219165e-02
-1.025262749060877783e-02
-1.099079318230773879e-02
-1.108846407548241819e-02
-1.169478951269633561e-02
-1.168844952860878354e-02
-1.187313020620411712e-02
-1.152491990473225071e-02
-1.183155612038406732e-02
-1.037209695451482734e-02
-1.167306181141478105e-02
-1.131895327142183431e-02
-1.082393186582365080e-02
-1.141912672167916948e-02
-1.228194986456856291e-02
-1.075169244831084003e-02
-1.046901294605452615e-02
-1.118673025436086113e-02
-1.042010171605310155e-02
-1.195519696949575751e-02
-1.120995593394099113e-02
-1.159568997838273004e-02
-1.133205268855925520e-02
-1.230059574503338318e-02
-1.178731851987036700e-02
-1.106835933163891061e-02
-1.075955472621332662e-02
-8.161568097855577061e-03
-8.247151390397377060e-03
-9.093108838000253311e-03
-8.653324154383624373e-03
-8.903330049012144268e-03
-8.890779379134726781e-03
-9.384409165872629674e-03
-6.970813927725859858e-03
-9.009522892927068066e-03
-8.213579994181621075e-03
-7.909214926350474975e-03
-8.314184398334551612e-03
-1.025867756243469507e-02
-9.086118312157802010e-03
-7.323702073409666877e-03
-8.584086954350726370e-03
-7.591751372106800115e-03
-9.086559802189038415e-03
-8.193617658198780462e-03
-8.694446497283403463e-03
-8.875416876856122989e-03
-9.537725101749165019e-03
-8.717506785561322455e-03
-8.139887021340443465e-03
-8.236145353874294722e-03
-1.143671739214847070e-02
-1.084687970190343145e-02
-1.206206169606879181e-02
-1.148462123482414839e-02
-1.098100017428017827e-02
-1.061084043709852563e-02
-1.202286431751683517e-02
-1.022064884971857733e-02
-1.204135722697616782e-02
-1.058786185839191013e-02
-9.965151046576728802e-03
-1.098802377962557197e-02
-1.208203187474916895e-02
-1.160006849071849866e-02
-1.033428075093918361e-02
-1.117026480391559475e-02
-9.783225042347614558e-03
-1.151340139246463841e-02
-1.038457244229106999e-02
-1.085057021632770437e-02
-1.044214169089894596e-02
-1.257000481075331091e-02
-1.167377762595100434e-02
-1.074312567344846980e-02
-1.080895047702614895e-02
-1.150632585319297241e-02
-1.134089976427537366e-02
-1.230355381014168990e-02
-1.159079932739661215e-02
-1.168360275006545893e-02
-1.155687149627403557e-02
-1.239834866234786927e-02
-1.128438381778809965e-02
-1.187852987137932165e-02
-1.181167201960669003e-02
-1.061889262350572752e-02
-1.134795937960130126e-02
-1.171972800125202496e-02
-1.178097420378532156e-02
-1.175867994193735382e-02
-1.187760379647283260e-02
-1.089704618005953030e-02
-1.219964471216345749e-02
-1.130924650447728309e-02
-1.148593230041428798e-02
-1.101905816955330193e-02
-1.201720163081326787e-02
-1.198212825757266793e-02
-1.114963940701234682e-02
-1.121047274571889719e-02
-9.961457299805676763e-03
-1.032590384549885235e-02
-1.123335219924249083e-02
-1.016825248865792578e-02
-1.009286431363945295e-02
-1.060638908241281174e-02
-1.050340626119526666e-02
-1.025626135441672603e-02
-1.055645393733922917e-02
-1.072872777225038210e-02
-9.849318640074575942e-03
-1.066006215313035355e-02
-1.004529535577853086e-02
-1.080934624050857579e-02
-1.103626299296622468e-02
-1.084422822799073483e-02
-1.028304906247638935e-02
-1.089349281390955375e-02
-1.067104270221709388e-02
-1.029374298079015725e-02
-1.003005455017644265e-02
-1.022623402023509556e-02
-1.078801737676930717e-02
-1.001421939751759825e-02
-1.043567179223684090e-02
-1.159369051165980505e-02
-1.173658315325517079e-02
-1.297530876653903500e-02
-1.186244574739685025e-02
-1.110383001826000839e-02
-1.160920925562345697e-02
-1.186864991771469091e-02
-1.095894561287248312e-02
-1.250526899176482645e-02
-1.151256681875806667e-02
-1.090111274910797109e-02
-1.239957417072957459e-02
-1.281473613988020309e-02
-1.281763216063322094e-02
-1.148996652284279760e-02
-1.225013103786322909e-02
-1.147779372793990629e-02
-1.209858715026740361e-02
-1.169163920342039531e-02
-1.134923441941192331e-02
-1.148761683186312610e-02
-1.261114555462310681e-02
-1.227982951607822955e-02
-1.174760745920383313e-02
-1.213322482526638275e-02
-1.248931961365793049e-02
-1.209558288638509262e-02
-1.326089429743009841e-02
-1.238393077894492378e-02
-1.197279633409218703e-02
-1.189815736766218317e-02
-1.264934848826148109e-02
-1.125750986249193439e-02
-1.318026431534318962e-02
-1.186171401776642959e-02
-1.102475600055207935e-02
-1.289539525156557093e-02
-1.415996422953132335e-02
-1.299238038787722989e-02
-1.112307395247402048e-02
-1.271196161668589238e-02
-1.126041982013015370e-02
-1.285695088117498608e-02
-1.185496936795511595e-02
-1.189391449398489141e-02
-1.171944875331042656e-02
-1.387489184166558476e-02
-1.279138745886273035e-02
-1.263449080055930804e-02
-1.222514948321144421e-02
-1.081761435380970519e-02
-1.015600004159303987e-02
-1.117381299155437852e-02
-1.059958868564980436e-02
-1.089720167633091708e-02
-1.058976373469250332e-02
-1.058290984596425149e-02
-1.034157141000683310e-02
-1.084929641689670946e-02
-1.052195311397168855e-02
-9.795175023638268141e-03
-1.103011601056779964e-02
-1.159920217346770838e-02
-1.016372583532537677e-02
-9.760448438297873383e-03
-1.068576230616359764e-02
-9.606172636254592043e-03
-1.148716137177719851e-02
-1.053194873967873944e-02
-1.055245105657359565e-02
-1.029853424235326054e-02
-1.181571464375712546e-02
-1.120133776726984359e-02
-1.096944448046465077e-02
-1.019598535702248045e-02
-9.713417271615537585e-03
-9.075076388789718798e-03
-9.914899252964515242e-03
-9.745642260822400677e-03
-1.028834592287932413e-02
-1.018606728732346887e-02
-9.755289840591036335e-03
-9.652603537235739453e-03
-9.872438793471985038e-03
-9.854806942038298739e-03
-9.853497465067454289e-03
-9.770141042486789676e-03
-9.767822474265001192e-03
-9.329537611166477395e-03
-9.242851787923191814e-03
-9.532880795137864058e-03
-9.328751699703792880e-03
-1.054320763058083123e-02
-9.954568450508599620e-03
-9.849288539170209661e-03
-1.003503954841126859e-02
-1.038428062423207322e-02
-1.034243006738562454e-02
-9.952734999007561978e-03
-9.486485874893712394e-03
-6.658215153691822603e-03
-6.050328631380464187e-03
-6.727713226358761345e-03
-6.436892204175126940e-03
-7.046696930810320177e-03
-7.096094443211183739e-03
-7.261762485011100457e-03
-6.271015256792411563e-03
-7.033350463233153937e-03
-6.738289244445274523e-03
-7.193679912942839080e-03
-6.438276583656729439e-03
-7.121247407153769721e-03
-7.156275693919479305e-03
-6.442331345610374446e-03
-6.828024300922316825e-03
-6.716711994652025883e-03
-7.236583128522881131e-03
-6.893357570803715188e-03
-6.861855738527043377e-03
-7.282204385810445678e-03
-7.356669920002967614e-03
-7.063548041658619485e-03
-7.049196044644113687e-03
-6.953241932785569034e-03
-9.379367675726398013e-03
-8.580221349319998997e-03
-9.966748446674391151e-03
-9.616569384786891744e-03
-8.971744088998933470e-03
-8.026958295231464979e-03
-9.879811631918049633e-03
-8.042941654459822773e-03
-9.932863500713188035e-03
-8.118119253306873770e-03
-8.193252914405226711e-03
-8.944953787628351707e-03
-1.017220008497334537e-02
-1.011732509581327738e-02
-7.633178590965587242e-03
-8.865256699806206217e-03
-7.311011492275311732e-03
-9.133008254881974652e-03
-8.783715227383715254e-03
-8.741240449175922966e-03
-8.338732917119980395e-03
-1.042035471415215901e-02
-9.694394082184306510e-03
-8.479669296994172753e-03
-8.561491789528198962e-03
-9.824415242971524381e-03
-9.617923406139889525e-03
-1.068930842304442914e-02
-9.944644459486107896e-03
-1.028068226401900216e-02
-9.524503634556931442e-03
-1.053378383153870390e-02
-9.556668164357389611e-03
-1.035331629126783753e-02
-9.838597547603578075e-03
-9.595666269498689949e-03
-1.018931920699004887e-02
-9.897747339707994516e-03
-1.093851588866555542e-02
-9.335816697524024904e-03
-1.004935346459313872e-02
-9.121529569189200728e-03
-1.017609753005863441e-02
-1.023483123256412053e-02
-9.887088166879850690e-03
-9.648358678664224752e-03
-1.056481450884183028e-02
-1.026456833669695673e-02
-9.558883265163626089e-03
-9.660099618210394451e-03
-7.523933686114155084e-03
-8.081825087917739875e-03
-8.759209034388858520e-03
-7.453289883264627332e-03
-8.017038087308237665e-03
-8.153957607422093398e-03
-7.977644922244592207e-03
-7.962591956679193964e-03
-8.050556973590959967e-03
-8.097692840737009609e-03
-8.074283607592144807e-03
-8.777657412926607311e-03
-7.280593730753100526e-03
-8.826552590805549978e-03
-8.220333942437867136e-03
-8.255035060158899540e-03
-8.179082508202364585e-03
-8.086167945434997659e-03
-8.627800516747543766e-03
-8.201180627247253024e-03
-8.212640062907844082e-03
-7.857096051473916321e-03
-7.994335556335220930e-03
-7.951822815462595770e-03
-8.346013100093569934e-03
-8.241948986298985869e-03
-8.720838597245841178e-03
-9.570625015837551028e-03
-8.052597738077274525e-03
-7.883938155168026055e-03
-8.348298537445850501e-03
-8.593791236028897745e-03
-7.882743862728290932e-03
-8.962373567692312470e-03
-7.832258857660076568e-03
-7.894503278901864041e-03
-9.003079952863800653e-03
-9.426348274936782734e-03
-9.276688928420049121e-03
-8.040321194244999872e-03
-8.866591664146983992e-03
-8.392119690184895314e-03
-8.455379743726183783e-03
-8.446747159109932804e-03
-8.490680127964538720e-03
-8.569373381666340814e-03
-8.935383538966217010e-03
-8.551651638888465093e-03
-8.498513830204907499e-03
-8.946928512498161790e-03
-9.601696247866121567e-03
-9.571164230056550259e-03
-1.060016871457896900e-02
-9.166312450774705134e-03
-8.562031623033542621e-03
-8.891091369054139951e-03
-9.567994854025152485e-03
-8.310228902393166500e-03
-1.004172742299456328e-02
-8.173867909102476917e-03
-7.752640913768039412e-03
-9.320057200917147150e-03
-1.180471806517940231e-02
-9.722458169255689120e-03
-8.049669212871198715e-03
-9.892674900271146432e-03
-8.125664612765988448e-03
-9.546123735357174567e-03
-8.785660930468329813e-03
-9.016923187521756408e-03
-8.789004156808983767e-03
-1.059525401642236707e-02
-9.650676679941645048e-03
-9.183639855153689566e-03
-9.028788174885081508e-03
-8.825437418721509067e-03
-8.382795260554517375e-03
-9.490041756482752583e-03
-8.429471709941674037e-03
-8.159425807486235527e-03
-8.338329415674586992e-03
-8.200727249494249582e-03
-8.112594432917357226e-03
-8.853022630695773706e-03
-7.899817839697389696e-03
-7.330878516641355438e-03
-8.439803941988500285e-03
-1.016966381052982447e-02
-8.346117853941131468e-03
-7.547886843971154426e-03
-8.739249215593767814e-03
-7.029513607031324766e-03
-9.052775683271251095e-03
-8.374559914620842774e-03
-8.014462565888391676e-03
-8.080204799518634143e-03
-9.612548419628223068e-03
-9.148156314764841965e-03
-8.657791461866352206e-03
-7.882030758911754559e-03
-7.070881747378176055e-03
-6.713033817334031379e-03
-7.043581209874480789e-03
-6.809100455731438920e-03
-7.248107946368180163e-03
-7.538018296637781675e-03
-6.493894112274460617e-03
-7.553710762227263883e-03
-7.357770262942350641e-03
-7.298951019448868434e-03
-7.602519031476665315e-03
-7.121996393788035395e-03
-6.835699974454036328e-03
-7.047481359522209284e-03
-7.246070253524301667e-03
-6.999322744159560024e-03
-6.667322679423013342e-03
-7.484874698784225663e-03
-7.436248566620980507e-03
-6.849795046676135715e-03
-7.396097401060655087e-03
-7.340125431322355731e-03
-7.653171665094142366e-03
-7.856368692167154180e-03
-7.149528829218151221e-03
-4.066566383120259233e-03
-3.671319496586871161e-03
-3.358143208983552751e-03
-3.377389518823585395e-03
-4.306300374461891935e-03
-4.669724097018836638e-03
-3.840576579351551601e-03
-4.670889906374794780e-03
-4.362143464122184011e-03
-4.355052106323708400e-03
-5.353805994100270527e-03
-4.195768768010670578e-03
-3.275456754762402257e-03
-4.421984040574851969e-03
-4.906811843550502525e-03
-4.063367955798018877e-03
-4.393150077897157654e-03
-4.259748418164078718e-03
-4.625868113625074621e-03
-4.151124517434491915e-03
-4.343784226867317307e-03
-4.136302889398152903e-03
-4.214967450877547123e-03
-5.151166356726468235e-03
-4.698817086199767040e-03
-3.289186498679696591e+00
-3.288167985644696145e+00
-3.207590924483805228e+00
-3.255778040892254310e+00
-3.251861333622360739e+00
-3.264836818249677197e+00
-3.243160841224047353e+00
-3.315740663034322022e+00
-3.226358293648536435e+00
-3.263224598792552555e+00
-3.322531784413848666e+00
-3.236856035279622734e+00
-3.224027095359937256e+00
-3.227169242100267343e+00
-3.291865757651276425e+00
-3.242212448813653669e+00
-3.307613524193709242e+00
-3.248777820366497426e+00
-3.251640891758205587e+00
-3.282760670433018557e+00
-3.269038972907653662e+00
-3.198986102443826418e+00
-3.232085984226201525e+00
-3.264973501874033790e+00
-3.259850305467391518e+00
8.374959734965714553e-03
2.400807546916853066e-02
2.406743173880146816e-02
1.438510537267425476e-02
3.649305286738725035e-03
-3.735323893924625757e-03
2.601634916427824165e-04
2.164342016546098348e-04
-5.802555662691740064e-03
1.572536411738675172e-02
2.000904777846942983e-02
1.175661840651914120e-02
4.363487159662264407e-03
-1.890136539595483039e-03
1.591555996207400132e-03
2.859115513500774201e-03
-1.656627003712123763e-02
-7.636868840435125788e-03
2.497998239923215165e-04
5.506332731756644061e-03
1.258798750850601694e-02
6.781915572006676739e-03
1.105551908932875770e-03
4.908716636378775665e-03
-1.084480283930312067e-02
-1.915911513184712436e-02
-1.823509292778275476e-02
-1.001965268865791757e-02
6.638378072183751498e-03
1.063189797525850196e-02
6.427604502539727670e-03
6.312270052675114304e-03
5.261348816141305906e-04
-8.792112967471947538e-03
-2.078954300703760374e-02
-2.558817379208560075e-02
-9.579213642174099971e-03
4.523094137873382055e-03
1.330568552215753882e-02
1.390904871229979925e-02
9.191139631689979050e-03
1.015826179079261718e-02
-4.794863572739523246e-03
-2.429095956937536369e-02
-2.283245344491504833e-02
-8.551389578150327478e-03
8.124061369836604179e-03
1.513329318709632706e-02
9.650896276780285277e-03
1.747497801521086594e-02
6.319052522052991464e-03
-1.578814979367828067e-02
-2.512406453147605565e-02
-1.559422140831758993e-02
-6.861607417081829396e-04
8.400408033403165484e-03
-4.997820327687287935e-03
6.602802827863201232e-03
4.366502417065478044e-03
-9.161499397282252266e-03
-1.732652219971769422e-02
-1.823154978043719718e-02
-1.088170324387524243e-02
9.545159669426738977e-04
