2.761521986828674446e-01
-1.248887202548667336e-01
-3.126470812685120393e-01
5.464062059452833298e-01
-4.447436285186154858e-01
-4.857008385477009638e-01
5.489411369669653373e-01
-1.836960836327818647e-01
2.136352460889764660e-01
1.006449214179477337e-02
7.060049001715417161e-01
-8.611780456610007572e-02
9.996963226028168226e-01
-5.453196847058087160e-01
-4.953629190689314288e-01
-1.782668102351938344e-01
-2.503733230702672174e-01
-5.737313725863897318e-01
4.890250180970344696e-01
8.892287695863512753e-02
-4.011208557430702704e-01
3.048338913429138874e-01
6.295774118569933409e-01
-3.299858486867202623e-01
-1.503233094424049066e-01
1.550226907409021082e-01
-8.638013894709747342e-01
1.579418076757677925e-01
5.041418045160188655e-01
-8.153502108910055945e-02
-7.955195349605637123e-01
-3.652200486612039998e-01
6.144413262080997695e-01
-8.128730600354245883e-01
1.583805577524756425e-01
-3.155588277998159219e-01
-2.975252463649674106e-01
3.476068570591867024e-01
1.120691789330037769e-01
5.766386678397100729e-01
-9.825514224386090734e-02
1.125371959725047333e+00
-7.018517630271914332e-01
-8.138640800192329383e-01
2.489636204388532281e-01
-1.159615291541199689e+00
-5.068870724143185180e-01
-1.472037263262902518e-01
1.473455598288614610e+00
-1.129030309001064936e+00
9.910845852636353606e-03
4.240938997815603684e-01
8.136139864998952476e-01
-3.499412364542038578e-02
5.974748846152470039e-01
1.815323390819282012e-01
1.587922046844335022e-01
6.704403938434850829e-01
-3.353002890508205991e-01
1.107845178346394954e+00
1.944738279282894444e+00
1.979282095721135004e+00
-6.138894764648370472e-01
1.259006406743426176e-01
-1.678010670580680985e+00
-1.850748471585624347e-02
7.057509657195870645e-02
-2.569374841661450914e-02
-6.147770300838321100e-01
-2.064422534968417267e-01
3.233124636926915652e-01
-2.489867137080476467e-01
-3.841823444634276385e-01
-6.379586088018198708e-01
2.849206069607287395e-01
-5.613043089082773163e-01
1.437563874007984910e-01
2.247970136935625030e-01
-4.553360199379160589e-01
4.656787359348483757e-01
-3.381089491479530862e-01
-2.146192691848342327e-01
-4.278490632830156404e-01
4.460104375286023659e-01
4.498914529687533248e-01
-4.383942246117282782e-01
7.744524163332230371e-01
-5.783349945755975607e-01
1.220434110523669902e-01
2.615108135218412455e-01
-2.636811000863060750e-01
-6.850752281540879451e-01
-3.848697698134785107e-03
1.214849764814891486e+00
-1.064518590297211409e+00
-4.101605345370736844e-01
7.545243717524593996e-02
7.868044578445899662e-01
-1.864348429102564708e-01
7.169916257798427672e-01
-3.236681286474000219e-01
7.880868479838940566e-01
7.780532305730364362e-01
-3.882754960527519117e-01
1.972700857425883081e-01
9.140525753495701636e-03
6.089549507872009659e-01
-1.076947470169974608e+00
-6.478939459305101956e-01
-5.526175333795372291e-01
-6.706135591752783176e-01
9.322342291460242181e-02
-5.023210690804412737e-01
-6.061507046958020117e-01
5.279845043058482013e-01
-6.480125737143035414e-01
2.874680295152179932e-01
-2.426580292232141112e-01
-1.262546372270777262e+00
-7.899549028059126288e-01
-3.537893798511153598e-01
-1.366764169587280503e-02
-3.500082427677428942e-01
1.016472570116479845e+00
-2.804061952585170658e-01
-7.169068989490119392e-01
-9.551285585514170950e-01
-5.466748757079499255e-01
5.475448320599655971e-02
-2.769082997056369622e-01
6.902202427532178053e-01
-7.518234792319905546e-01
1.152112593131063178e+00
-4.575570474358151563e-01
2.225393093219084906e-01
3.998726798112005598e-01
1.480790197499360084e-01
-6.512916300799804770e-01
6.655185850045209905e-01
8.910173840445646531e-01
-3.225522523260117985e-02
1.245617120181682802e+00
-1.050138619035569792e-01
-5.096203850759422060e-01
2.671840648096044379e-01
3.462571975739664465e-01
4.065796663518109755e-01
1.598057697244106956e+00
1.613495507313200683e+00
-6.933935578377711240e-01
4.240829123363978881e-01
3.511222627945865815e-01
-5.311449385654850586e-01
-9.448780698958740842e-01
-1.368625019143929374e-02
-9.237679636185759657e-02
6.944202303111559615e-01
6.944971618437852934e-01
1.863315838471667207e-01
-3.055105744866776218e-01
2.985724821464971757e-01
-5.930348761748868158e-01
-8.166713178760265368e-02
6.730314638166871033e-01
-6.916103128052142335e-01
9.811993091161347325e-01
-4.215504208847256629e-01
7.199890246880948086e-02
7.747715541788209592e-02
8.245869907415651623e-01
-2.528220913262690384e-01
5.970066786368423140e-01
5.236820727406976683e-01
4.221721573301911445e-01
4.466227366678666155e-01
-1.468358887662400136e-01
6.585173815547198384e-01
-3.369929719739712670e-01
1.597337773765769242e+00
-3.938067766040224682e-01
-4.936372289787491763e-01
6.459545225622449482e-01
-1.745202167958293249e-01
2.460760485199818270e-01
-3.101172959968146459e-01
-5.283909197850329420e-01
-6.919309510415169173e-01
6.649233420312883336e-01
4.531819775229840863e-02
-6.110682691521012178e-01
4.282398418212738367e-01
-1.220911581983776389e-01
2.597628699551514653e-01
2.372459256976509057e-01
-6.294477862037340943e-01
-7.754643127745537712e-02
-5.741406907858050968e-01
-1.325215997035641968e-01
1.551770649131840818e+00
-9.794917099310007647e-01
3.018734645433929775e-01
4.040921611386524837e-01
1.644318452659374818e+00
-1.335249939946418385e+00
5.055562559999696726e-01
3.004916293563299479e-01
2.726579743252899313e-01
5.549880539744512786e-01
6.667178943051854656e-01
5.022817766873194367e-01
-3.260913640958752746e-02
2.651704481298547300e+00
-2.184159236164378903e+00
2.954073887635384477e-01
8.404448793069764501e-02
-8.434949612897210125e-01
-3.162004763812471531e-01
5.880017010131324273e-01
1.024623754335370673e+00
-7.840991663190441940e-01
-2.486556343376976619e-01
4.324944899091618944e-01
1.664324242900825923e-01
8.517784567614823388e-01
-1.396105688068488559e-01
-1.359788090084512069e+00
1.055825661531837045e-01
-6.228781850180484803e-01
6.793579157991436190e-01
-4.232972750187682931e-01
4.472182032865795742e-01
-2.113784240893842314e-01
-6.877420691745370629e-01
3.469342794400698260e-01
-1.490423403877714659e+00
1.272762363212870840e+00
-1.579581689157258273e+00
4.203407501776424415e-01
9.298725655722417383e-01
-3.360627955601883099e-01
1.025528267765374313e-01
-2.793710068781449229e-01
3.942330155531308944e-01
1.939676955221666388e-01
-5.242841688770296660e-01
1.144319219080542016e+00
-1.868715268756306891e+00
-5.040318136547458083e-01
4.073598400782835749e-01
1.771807068596755463e-01
3.133275621623385354e-01
-3.884332722436492080e-01
3.937023222304695813e-01
-1.182896944309640208e+00
3.024807218387511321e-01
-2.367561494222077401e-01
-1.133300366660833225e+00
-7.458649383914539577e-01
9.693752040083224164e-02
6.133030923614861685e-01
-8.446223039503326646e-01
-1.263313072068041054e-01
3.731131883946781636e-01
-1.730845162145546456e-01
2.736493234677488395e-01
-7.630835760381573518e-01
6.500000371976394353e-01
2.177718487203298692e-01
1.090174502920415733e+00
-5.458901129594020962e-02
-2.053968820047842592e-02
3.150799289901668465e-01
-2.910828286194296899e-01
5.452341403806094666e-01
4.967838493323784022e-01
1.935890120473601483e-01
-1.009439732974939385e+00
2.197319125198682055e-01
-2.906160701125625745e-01
6.729176326757670967e-01
1.061627432739660426e+00
5.422446474964736085e-01
-4.955585531175561442e-01
-9.046262302819689516e-02
-4.587270297597095259e-01
-1.695582206945867587e-01
3.462876654800781107e-01
-5.556346202148593205e-01
6.573197290977471630e-01
-4.077869280693309229e-01
1.376805816000335470e-01
-2.674204012656614116e-01
1.918710560043859481e-01
-3.458349266424829982e-01
3.370994652399905145e-01
-3.780488543862710604e-01
-5.594498776557556979e-02
-3.362437627237019333e-02
1.588317084635315901e-01
2.171055946475952125e-01
-1.864078605095696728e-01
-1.209382456843147990e-01
-1.261955475509269897e-01
-2.357394913217892296e-01
-9.552939122929616778e-01
-3.380072400509585018e-01
-6.825467817621690969e-01
1.195377448925518948e-01
7.343107248293477551e-02
3.470774450998143079e-01
2.286747917159029919e-01
9.554473930705166262e-01
-3.786245724987447048e-01
-1.007029043705853333e+00
-1.413217881687338362e-01
-7.030511133397325807e-01
-5.069668527159463256e-01
4.685501604647824836e-01
8.236461357117819126e-01
9.285118738429753993e-01
-3.698735798343324443e-01
-1.606737144467662581e-01
-3.404564910719430348e-01
-1.596296176776608733e-01
1.351190380990237916e+00
4.058800539658794504e-01
5.170022549242082599e-01
-2.241592923672771354e-01
3.853788210095099309e-01
-4.246217219706013291e-01
4.798035751934351945e-01
-9.905451615488797268e-01
-2.930583520641013573e-01
8.586295648519551849e-01
-9.762384609730596630e-01
-6.735663838605880915e-01
5.313550681830702116e-01
3.238839752471959210e-01
-9.087732795606510150e-01
-3.491920261137307913e-01
1.991150814560166127e-01
-7.985055784565651127e-01
1.917445504726623395e-01
-7.655942194496052622e-01
-7.306241768439111217e-01
-5.454148126525983908e-01
6.717664511172177777e-01
-6.562377629463056472e-01
-1.851375111003565888e-01
4.379600394716030021e-01
-7.954472508085473625e-02
-3.537279442627377923e-01
-1.774488980445530162e+00
-4.637733863338871360e-02
1.688391599844383389e-02
1.145403340348222082e-01
-4.133082915632113052e-01
2.874503715751091093e-01
1.336321063070185482e-03
-2.222834927482788825e-01
-5.963354448718959366e-01
-8.732058074416699789e-01
-4.582774700359646403e-01
1.109190192588237700e+00
5.297144471199216609e-01
-4.686324151608846633e-01
-6.115128650042477298e-01
-6.426545547020510174e-01
-7.457242790054013915e-02
-2.478141810059402705e-01
6.033840958147841382e-01
-4.988620989096176905e-01
2.956949684165796066e-01
-1.868655642708783038e-01
-4.620874800395151083e-01
6.942637323526940074e-01
3.456215036604187163e-01
-7.654184748655002979e-01
-1.068454248713264665e+00
3.832302808376036179e-02
4.571822481336822175e-02
1.102055293165068728e-01
3.554194938462583719e-01
1.950630054056990692e-01
8.333508359764549844e-01
-1.748566513724963689e-01
8.441279078254698698e-01
-1.353689043606755016e-01
2.305519218563520933e+00
1.232651985323125698e+00
4.218297245604911705e-01
5.536029932809553022e-01
-1.327701309775690452e+00
1.090548226573087476e+00
-2.735202635843419494e-01
1.399362599380513661e+00
8.936968637062690790e-02
5.869312028264166425e-01
3.848944189388301962e-01
-2.573398301037221891e-01
-3.177689603844449096e-01
3.068997155611948371e-02
-3.451452888641403094e-01
-6.564674558646566016e-01
1.309430244969098933e-01
4.425326764069179020e-02
-3.008486894163969194e-01
3.365329389549694961e-01
-3.324606688976500940e-02
-4.956536248209563178e-01
1.146087566548516179e+00
-7.172919572928889709e-01
5.396837679565422707e-01
-8.042862100415510973e-01
-1.819063065789678080e-01
4.466380683216591430e-01
7.262340055619428414e-01
6.146410179534138596e-01
-3.952847111823166726e-01
-1.008229732983129345e+00
1.845005882862323088e-01
-6.786693558773167212e-02
6.897136247441697510e-01
-3.564933176731737707e-01
1.819020375312930260e-01
7.958621067476472077e-02
-8.648205417112075910e-01
7.136639332088937637e-01
-1.844165588711597914e-01
4.021012556927414661e-01
-9.727645148685739596e-01
7.781205649814549874e-01
-7.094391410842137979e-01
4.216340156156347940e-01
2.504887152582808973e-02
1.558000546365918837e-01
-4.588117877862811778e-01
-2.373550417385117406e-01
7.248004234506259802e-02
-6.800160252690090612e-01
-3.026367316772882177e-01
-1.923862296512325321e-01
1.435251754620594733e+00
-8.856951318136166984e-01
7.148113136355810360e-01
-7.494437276181284968e-01
6.429868769263568096e-01
-5.114887844644134818e-01
-1.756446726686892723e-01
4.037304448333609019e-01
-8.925197898792082141e-01
2.440631326970320036e-01
-8.998008273708025806e-01
6.314288171172263153e-01
4.903843349181936095e-01
-1.384707308814364879e+00
4.210239908477143023e-01
-1.631377152680534515e+00
-7.855187320553033148e-01
-6.062138233353374650e-01
1.130874978992915780e+00
2.498198942905164033e-01
7.827127829429348926e-01
-3.443397075338915370e-01
-1.206407934302099916e+00
-1.031853035472587221e+00
-4.006870913570076409e-01
5.070523450851072145e-01
-1.044097636255148620e+00
-3.686461010271514516e-01
-6.155401321456813735e-01
-4.554445222101352608e-02
-3.395573511432500302e-01
6.569814551180186424e-02
-1.001095606034587415e-01
5.474638988105979820e-01
-6.071066144731105396e-01
2.400274861702073326e-01
3.868472336319649096e-02
1.137688791393261373e-01
5.787070676501498978e-01
-2.234867847459756293e-02
6.763926394310600942e-01
4.939642557696326541e-01
-8.009377659719266185e-02
-7.653951542048893497e-01
9.415737707221337460e-02
9.542348854289879612e-02
6.823092371368238984e-02
5.773327243075545567e-01
-1.339966696264757451e-01
2.051800601274558489e-01
-3.111932858570591320e-01
1.843691860900908419e-01
1.635418837831454919e+00
-6.001239146472217012e-01
7.657574559398278025e-02
-2.673107642907437409e-01
-2.498949683066889471e-02
3.479298924733350007e-01
1.067253774732368626e-01
1.583429857480831204e+00
-5.850165435118400703e-01
-1.192306148702470814e-01
2.666753457310522823e-01
-5.139836398703902937e-02
2.451166090055190705e-01
-2.810398657431302794e-01
4.885574924342152570e-01
2.064881564464742317e-02
9.607819823256736891e-01
-4.451039045876671874e-01
-2.205927284645071637e-02
8.580544606483351266e-01
5.133878553546200596e-01
3.187336683313438668e-01
-2.206940573794465288e-01
6.801828623514931671e-01
-6.368462762293707335e-01
7.706711569947183316e-01
5.640723704689024620e-01
-2.776487099989763951e-01
-9.087782961863468678e-01
-8.161149708580274498e-02
-2.331710615720049840e-01
-1.049050913111522876e+00
1.804753766856469932e+00
5.984347616850740348e-01
1.677125535920678812e-01
1.546665587832516953e-01
-3.064218691610663958e-01
9.836309984372634818e-02
4.149780375061344895e-01
3.604147887459879795e-01
-5.282949592862311583e-01
1.580033423180373209e+00
4.231542648698314313e-01
-5.180053560829499526e-01
-3.896683694663915509e-01
5.087354574609739277e-01
-7.151946514248892772e-02
6.552524664079557581e-01
1.202950938487945320e+00
1.090687405466705506e+00
-3.853273003481019199e-01
2.613454441426740771e-01
5.813874017193121357e-01
-2.990788497646107991e-01
-4.499646653389777207e-02
-2.615784699944304625e-01
-4.607745339809743990e-01
5.293145476008295214e-01
-1.714641516199275628e-01
-6.986292188151228544e-01
-2.306498960354637917e-01
5.607958232638572682e-02
8.014834288885697156e-01
-4.001632984829777695e-01
4.980929265059718114e-01
-3.865763085156167511e-01
-4.443408225422175173e-01
-3.312310010095181334e-01
4.172930700913689006e-01
8.947881199032035049e-01
-9.877341178584626846e-02
2.534805332888791507e-01
-7.347678891495000864e-01
3.177389092723437169e-01
7.564993446116812237e-01
-4.100264312368263608e-01
-1.461195424289424005e-01
6.934033226050002607e-01
3.321241513973532955e-01
-3.183513700241214495e-01
8.951065444023622586e-01
-2.160818741581548297e-01
8.829000428022250047e-01
-1.080925754552978721e-02
2.485545286794587361e-01
4.829640047173849871e-01
6.585760976293945912e-02
-5.014812426687755842e-01
-1.127229809032175956e+00
-6.433526293283938977e-03
4.046375302773126403e-01
-7.433540293011569045e-01
-3.028153067146963640e-01
3.938854041146105378e-01
1.038516701785233032e+00
-1.687981469192913586e+00
2.112707291725623715e-01
-8.609466339951415970e-01
-5.487947238692107987e-01
-3.170522316152904474e-01
1.065403154532951202e+00
-1.074050872413209873e-01
3.505188623540540782e-02
-4.987029248610082011e-01
-8.463164738445846935e-02
7.006836469402241141e-01
2.161722752659204216e-01
-5.730812570505096071e-01
1.044685617274692557e+00
6.441093031492005627e-01
-5.479279971774496660e-01
2.705571260978044679e-01
-6.835049612403333308e-01
-3.007022316899951586e-01
-4.143173339253613530e-01
1.510662807949963549e+00
-2.293097695970030547e-01
-1.236740102648236916e-01
7.197631550718526505e-02
-2.862092482884422751e+00
3.359980188315311866e-02
-3.343320765720617094e-02
6.260488804467938262e-02
-1.231640189405777353e+00
7.684572269292292424e-01
-2.136823392384885889e-01
-3.707460692364917820e-01
1.008161017439127116e+00
-5.323024884320831651e-01
4.512604203274509507e-01
1.318156185713705297e-01
-4.597808454907745257e-01
-5.912864093077899730e-01
9.142083487114048834e-01
-5.247209090674941068e-02
-6.528219409099694781e-01
-2.279138603033852295e-01
2.455892949765039746e-01
1.423650827947886832e-01
4.437060658950706116e-01
4.668284562064888843e-01
-2.746662490945740442e-01
-1.736060880365556669e-01
-1.081585362844708076e+00
-4.432982790070962298e-01
-7.977236479750811071e-01
-8.008242090644775157e-02
-2.758660589447847200e-01
-3.004571818506055481e-01
-7.150614689555438996e-01
1.084909611209347258e+00
-1.890537194729170201e-01
-1.212646297190059369e-01
9.020418596009268652e-01
-3.625559881865395018e-01
-7.381564601794914082e-02
-5.202620055530183807e-01
-4.189709882599228497e-01
1.013946816133817763e-01
-1.027502126691092421e+00
1.730404421046654873e-01
-6.732115482793969985e-01
3.791378170395426350e-01
4.372644627742961476e-01
4.489179422022391841e-01
4.077624195170161947e-01
6.385248749109889710e-01
8.868003976619571738e-01
-1.028213085239077396e+00
6.930601865353150925e-01
4.936904743223589631e-01
3.367663086095817881e-01
1.087536032729633284e+00
1.070132756822972597e+00
3.088140063391389689e-01
2.782603961384657459e-02
5.312995603216947860e-01
-2.148727069783780419e-01
-2.601114263556283390e-01
6.971510638195619336e-01
1.634678791557446775e+00
-8.433983265703380861e-01
8.593292764372386650e-01
6.051912371292976767e-01
-1.462309052625563044e-01
3.086394795360214438e-01
-2.722736901039828072e-02
3.840064649523495122e-03
-4.400822607107175433e-01
1.174016959876688360e-01
-7.345004183695852396e-01
-4.117931806988654048e-02
7.305328556742517188e-02
-2.811001607813392034e-01
-3.483754053507440718e-01
7.404326411083316239e-01
1.153673687599541392e-01
-2.662452749609712788e-01
-7.249038393199720431e-01
6.086142232224280857e-01
-2.854581309700620628e-01
-2.820110878080479139e-02
-1.249355538345400633e-02
-1.829885500734190484e-01
9.345449502614270321e-01
-1.222185278283838494e+00
1.171721366393990715e+00
2.075282975754538239e-01
9.522048654675874246e-01
-5.811527851262371369e-01
-4.386114254764163500e-01
-1.339910347221638098e-01
-2.275593027368357293e-02
-4.016508561665991794e-01
2.291854470443536185e-01
4.692640608635875177e-01
6.436947783629506370e-01
5.382471379936067946e-01
-2.630369797640365048e-01
-5.355011312617141694e-01
-4.922932252845700907e-01
-5.824355407314246724e-01
-5.726580639597729228e-01
4.145312841782348712e-01
-3.028480715925264133e-01
5.420583984631024282e-02
2.668114147215838172e-01
9.551785502439243958e-01
2.758231539811228372e-01
2.439031403123251840e-01
6.563293165063736889e-02
-1.146523892128345379e+00
9.423330054219314356e-01
-2.146882390959702347e-01
2.342222671999509842e-01
2.640743798789016439e-01
-2.674418824220115565e-01
-5.315331564897711747e-01
-3.043211439347765640e-02
-3.130019380265014473e-02
-6.550333357517730271e-01
5.243538836220388299e-01
1.034771268364870211e+00
3.566675032016239921e-01
1.624445101576970640e-01
2.182492597033807713e-01
-9.000066036196658903e-01
4.307497058393908174e-01
-4.013611234713577725e-01
-2.927740153498944453e-01
9.174560105901510276e-01
7.260250881895367048e-01
-8.120840835953104797e-01
1.755903370430243193e-01
4.888235243599675650e-01
-3.860382868944998158e-01
7.463673866702691395e-01
-1.102079349339076669e-01
1.797439466123568641e+00
1.725873605413765638e-02
9.875776736224725072e-01
-7.488408767826522372e-02
-3.657207709785776917e-01
-2.319950733824750061e-02
-8.623224587540192498e-01
1.066880761908769237e+00
8.487433361025910061e-01
-2.734227383217393559e-01
-7.345979691541515422e-02
-5.176615231433462361e-01
6.736760261860175181e-01
-1.510260473012065230e+00
8.378825981777445753e-01
1.935558459983354254e-02
1.557282323518448253e-01
6.169019512627275242e-02
2.155089693435872089e-01
2.113844738271826451e-01
-2.364443694950128794e-01
-6.313157182720190441e-01
9.123890927489536340e-01
8.492215381204432090e-01
-7.868260187913364012e-01
4.844199147586970566e-01
-7.303252339188067051e-03
-2.767774025337947363e-01
4.459710771092487147e-02
-9.066959270785753811e-01
-2.351331033592919950e-01
8.533378741398534029e-01
-8.624561333674243824e-02
-5.121056367162899470e-01
-5.200492355448272930e-01
3.373475464487742936e-01
8.891360671935748250e-02
-9.294419542137082324e-01
-5.384433016681602902e-02
-1.820099229971892940e-01
-2.879884071455342531e-01
-1.428728167583568354e+00
1.906354763066392954e-01
1.535124470863939716e-01
-4.765400265222800025e-01
-5.068580275412037407e-03
-9.105897861687878292e-01
9.562970359082510752e-02
-5.566479225763820704e-01
-2.955362935176263361e-01
-2.937516548287077978e-01
-8.880293416005594631e-01
4.687658274606285036e-02
4.905523527842811649e-01
-5.796174985377106070e-01
-7.430418014321893416e-02
5.934933519172965605e-02
-3.971018743857837596e-01
-2.382914475795050446e-01
-2.299480919899724307e-01
4.962838689305472673e-01
-5.271940774289466392e-01
4.371452730067145742e-01
-3.414619719357139260e-01
9.146911418480475897e-02
3.232398443081718198e-01
-6.378593090122093578e-02
-1.500703149890840082e+00
-7.432651509448148230e-01
5.221444986818033485e-01
4.673721428442721010e-02
-6.641968759952012746e-01
4.676891085926194180e-01
-5.032799358668518241e-01
-2.297454527941692748e-01
-1.222045323154785423e+00
5.603993750473555968e-01
-5.077563086671109671e-01
5.058927958924598345e-01
-5.421546805720239837e-01
8.956969694657945791e-01
-1.049406014182735492e-01
8.461074985661047876e-01
-9.365978276531365943e-01
8.502507623056347885e-01
-1.058841885772607849e+00
1.327898518021012331e-01
-9.205873690792823472e-02
4.783831076702675378e-01
-6.707036311259795269e-01
-1.406675737541759119e+00
7.824361231370456915e-01
-1.111032602936903979e+00
9.616971211200897596e-01
2.753900393176705319e-01
-7.058076610245370142e-02
-1.125867265468119438e+00
1.535491663857376121e+00
6.477941567288245106e-02
-2.793330396977850572e-01
-1.353925210875169816e-01
1.046409293180975197e+00
8.750520466908959794e-01
3.135705510434686483e-01
1.184166621634458849e+00
-1.617164898442191134e+00
8.755151266501957907e-02
-1.135501939629262047e+00
9.642727326150714040e-01
1.209629284499296187e+00
6.114305413611474949e-01
-8.727169695244372249e-01
-5.285854845450452810e-01
1.133389386368889307e+00
4.546364082243625204e-01
-9.308815760513746707e-01
9.537904420413238771e-02
-6.425274034283625646e-01
-5.736703406957370521e-02
-7.807848806721233714e-01
-3.799551879538807242e-01
1.248628554610114599e-01
-1.794897371768087835e+00
-2.535334517279450584e-01
6.464355429585603163e-01
7.525050094079367424e-01
9.982327512190715124e-01
7.098461246983707174e-01
1.101709525899174036e+00
-1.293328930849745984e+00
5.215223310277793400e-01
-4.048490140161737361e-01
-8.393324635341326001e-01
1.027530297123618652e+00
-6.488878695277605635e-01
5.308384810721323843e-01
-4.445843579330486239e-01
1.045668086370341365e+00
3.397230479958060489e-02
-4.663325155564310709e-01
5.089182490396368941e-01
-9.957826019663426065e-01
5.161163529012754436e-01
-7.012080444073014451e-01
2.986892502439034147e-01
1.232908385723815226e+00
1.523372685828673578e+00
5.549409853694031725e-01
-8.699746538422707953e-01
1.048675036592519705e+00
-1.720006402614806806e-01
-1.419010405241720452e-01
9.995801880342011225e-01
1.263645651496770217e+00
-3.467982312527608801e-01
-1.507991190894612810e-01
1.212700436039375163e+00
-1.060703146189484469e+00
1.236234573671141534e+00
-7.197114119209325755e-01
9.255120997790746706e-01
-4.715994746508569979e-01
-3.212494191966367985e-01
4.522359065121669963e-01
-4.757054823173428315e-01
2.832318098241679016e-01
-7.376386183107029870e-01
1.330107037590606001e-01
3.417357549857187315e-01
-1.756549425253336669e-02
-2.322408447718658508e-01
-2.460754272127171904e-01
3.542137494074223958e-01
7.463944861108809947e-01
-6.035244821671466031e-01
-1.025116864258660554e+00
1.283859727601573686e-01
3.321749129924043142e-01
1.067595849829385823e+00
4.225228543565546224e-01
4.869755776861823052e-03
-7.792112881794234225e-01
4.120308972445468204e-02
-7.897412236180608724e-01
-2.523034395915415770e-02
4.893753553085452013e-01
-6.582764780950981498e-01
3.635194765097476410e-01
-7.227491162945736125e-01
2.981273973665102273e-02
-1.632686404333757724e-01
9.042030486888175123e-02
1.128904345999925118e-01
6.896849522925549425e-02
2.754451711249274459e-01
-6.251640024309574883e-01
-3.917907027509929252e-01
5.641055813097888283e-01
1.940830849017975146e-01
-1.585908097152296803e-01
4.831624504035807455e-01
-2.170141044320281487e-01
2.162658721075468721e-02
3.561941506174581829e-01
-3.585988237746793317e-01
1.362535614983179655e-01
3.534010123809306347e-01
8.613028763917507380e-01
-3.799385969705877941e-01
-7.473146103089543801e-02
-6.835761651474514533e-01
1.105571350295775218e-01
8.382264156600098548e-02
-9.169350518193281063e-01
7.102961230362618561e-02
-3.796141256241000739e-01
6.574907264510319038e-01
-5.799173329684313982e-01
-4.493928874980744892e-01
9.679865180501492916e-02
7.942835022238550202e-01
1.781919121278626936e-02
-3.041587522280247979e-01
-3.229304904809970900e-01
4.814765383397608955e-01
-2.473803756126752296e-01
-4.219976114237463660e-01
6.013472114364135646e-01
7.387791690049042015e-02
-1.587583300022119559e-01
-1.070267729145973234e+00
4.671536865295909668e-02
6.208103811429116492e-01
2.594948613383960545e-01
-8.093640373296389079e-01
-5.165703381650114112e-01
3.112575266740497115e-01
-2.953553744742978271e-01
6.744320402847745477e-01
-7.426496311066222988e-01
7.184911632751135313e-01
-1.021822438009450273e+00
-9.458949434296324288e-01
-1.684861549674341458e-02
3.788856028992427238e-01
8.380314080021472600e-01
-9.007823565461208215e-01
1.109826390590417766e+00
-1.216895925408431944e+00
5.943327681852378364e-01
-3.350466761439435115e-01
5.754092182364203278e-01
-6.359014846073791638e-01
-3.882926933408824000e-01
8.782382525876731849e-01
-1.306739070210558129e+00
8.211465657376948446e-01
-2.856114038031462021e-01
4.133795546940767229e-01
-3.007927045788365283e-02
1.016403493513570622e+00
-5.326119878941677488e-01
-2.121048091956696524e-01
-3.929332550479285868e-01
4.749345163709637885e-01
1.667308822116742917e+00
6.330364292340577848e-01
-1.680811726104440573e-01
-1.261627122918600241e+00
1.004796773799992160e-01
4.603672291125421312e-02
4.502150230828554367e-01
-9.793586880766335101e-01
-5.787247748771200406e-01
8.617767193343299770e-01
5.235457484303095432e-01
-1.241800795944034419e-01
3.616533642001881765e-01
-8.519341528450007361e-01
-1.568564483378544594e+00
-2.881525284008872867e-01
6.654843578112665803e-01
5.069662763376012737e-01
-2.376775665694497441e-01
6.390096333379079452e-01
5.259016839655100695e-01
-9.006676543071495677e-01
5.654418798211537922e-01
9.394502079910499459e-02
-5.354018861582089395e-01
5.870312464618341330e-01
4.609843156025055649e-02
-5.589639251092658467e-01
1.131274139271228607e-01
1.287461125438530196e+00
1.751412011479771824e-01
-1.454948072337890475e-01
-1.008533132732732963e-02
-2.030012479407426185e-01
-3.362603726997784315e-01
7.125598417824560160e-01
-5.827169767358680863e-01
8.637015543967745471e-03
1.683205089997115156e+00
-8.521587788901544558e-01
3.137596131998041799e-02
1.895755220292476007e-01
6.246882658263491067e-02
1.477086766243693172e-01
3.666840131712590933e-01
-5.243244634558311135e-02
-3.861388280102422133e-02
2.459349158554941794e-01
-6.523419672592056795e-01
9.927249923876257931e-02
-3.711670495030847117e-01
-3.189055107483297347e-01
-7.884956066371823225e-01
3.017255637933561885e-01
2.647744991640039736e-01
1.808896524789938287e-01
1.125981941433838118e+00
-2.893582357149809270e-01
-1.485752671668800096e+00
-4.320061847047316772e-01
3.494029482987169311e-01
1.760874523448830442e-01
-1.699671278726606061e-01
4.979626652876938953e-01
1.927581191635543700e-01
-6.606407144336957638e-01
-6.779888917744829324e-02
-1.374574209679797487e-01
5.498612618467801222e-02
2.306480719458949002e-01
-5.227901310179006167e-01
1.694134382477945067e-02
3.820936707627084483e-01
-3.778651556326124705e-01
-1.206228662401858998e+00
-1.426987832969673076e-01
-1.066504913564332857e-01
6.035562428089871201e-01
-2.158161442007498487e-01
5.607241296118654628e-01
5.504481540334883044e-02
2.322116862937892087e-02
4.735878633535196003e-01
-1.809486112537318503e-01
7.712099173040500855e-01
4.164801015922202088e-01
9.118381968334313137e-02
-1.231580557429169609e+00
2.731084880380019730e-01
-2.691813601869673667e-01
-1.458909310941211013e-01
1.643308388490069216e+00
1.331510338659688486e+00
-4.091096015178656842e-01
-1.414963414558571275e-01
1.191412144842611376e+00
-8.883734642297498318e-01
1.156856804903545477e+00
3.074593127920492996e-01
2.774354952653686479e-01
-1.053895758787812831e+00
2.409754765981015068e-01
1.498872880510757899e-01
-7.584614674091920694e-01
1.022602172242716101e+00
-4.794867008516923712e-01
-7.794358462815910160e-01
8.375638829660082552e-01
-5.986276502248097930e-01
-4.251697747360884683e-01
4.127456798899052925e-01
2.451540629416148753e-01
-2.394828733029649437e-01
-5.524063092891565718e-01
1.078686149440293507e+00
-7.265147929370865398e-01
-7.902010183641786645e-01
-8.923468762852129199e-01
8.128766199647869950e-01
-4.550844169645667375e-02
1.307189679710027141e-01
-8.897607593163880946e-01
-1.946490646049860163e-01
4.328539171944102981e-01
-2.354615822061443264e-01
5.729531076153777658e-01
-1.070017647428135543e+00
2.664722407842631813e-01
-6.202693316764357201e-01
-8.970971727204344326e-01
-1.336706458183210877e+00
-3.704589208493431346e-02
-5.930378500156261445e-01
-2.477279691655772664e-01
5.841247905226609749e-01
-5.599091191810919854e-01
8.522921571383101913e-02
-8.216170361630484864e-01
-2.629463103628253973e-01
-9.277728639162924340e-01
-5.689773510223347652e-02
-7.649114332401023286e-02
2.723781646089907249e-01
1.059141802562525658e+00
-1.385087656639361342e-01
3.578493396774437008e-01
-7.309011337659999663e-01
-4.078889793021577698e-02
1.041211989551880102e+00
1.460784957795289440e-01
9.317450788670186834e-02
-1.552687779028862236e+00
5.035480651302858268e-01
1.830761460581705746e-01
-4.706560991659684001e-01
4.350232167387984017e-01
-6.380800667046740982e-01
1.072301031645867875e+00
3.578366724192642012e-01
6.339371679398990711e-01
-3.153713922138997594e-01
-1.077128376360419137e+00
-6.688684080503025375e-02
1.369272609410036035e-01
1.608645344965011492e-01
-1.477180350846420076e+00
-1.253971601326203666e-01
-8.923812181899424267e-01
-1.420275500533882740e+00
1.355406949876767131e+00
-7.472591713424356352e-02
-1.558741593715120555e+00
4.288734424063459644e-02
-8.288921016407255760e-01
-6.169153828708827669e-01
-1.704805234722969742e-01
1.749079492528452517e+00
-9.883000834829895886e-01
4.542436915966040489e-01
6.553323753910456073e-01
-1.943678708248831155e+00
4.757483654847060595e-01
7.547045564669040418e-01
-4.658489487430468867e-01
-5.281354405056912227e-02
2.012111737697066083e+00
-3.230704524427111153e-03
-9.011626548980598006e-01
7.707209551756971644e-01
-4.408196608796592919e-01
4.007895978302036810e-01
-2.963494818718154233e-01
-1.541952633503893277e-01
1.028488164565559249e+00
-3.389554746595073442e-02
3.566458580368069842e-01
-1.769467750780866488e-01
6.824707603131522360e-01
-1.288092277193237101e-01
1.914594575708615520e-01
5.736329102817493419e-01
-4.816336528571041886e-01
-4.485205939133468656e-01
5.973279964153583865e-01
-3.467475423864994077e-01
-5.278007656425840466e-01
-4.100431466964886140e-01
5.080831846928437479e-01
-1.205506717753915547e-01
-2.984363973740272180e-01
-2.440955191827843263e-01
-3.798881715838411943e-01
4.576489493221349014e-01
-1.008851020857209679e+00
-5.836604166474601563e-01
1.001940292804936794e+00
8.577334538751407722e-01
-2.228619904369531779e-01
3.378983425377145577e-01
5.405093007965481311e-01
-2.061553537644237322e-01
1.341598921163873748e-01
4.700734283223743093e-01
8.822464113328045213e-03
-2.290090853675980434e-02
-7.984417591970669470e-01
-4.277523675312683293e-01
-7.929078720738153008e-01
-6.420079425107269033e-01
-6.033644108907928461e-01
3.753681074219119007e-01
5.157494420894415121e-01
3.988704994006142535e-01
-7.166665188888691196e-01
-1.197184634641680345e-01
-7.700987522800659679e-01
1.064512421463146508e+00
-3.862158907879212344e-01
6.997330691482667175e-02
2.276424942727475198e-01
6.842388171191287061e-01
-8.150312098532466187e-01
-7.880411059157499398e-02
1.525485966672177063e-02
-1.133819199870447436e+00
8.936483916824972118e-01
-5.317976721605658375e-01
-1.482360073662967181e-01
-7.077952172486524640e-01
1.112366028137828478e+00
-2.304342107064391854e-01
3.394294172451249869e-01
1.045389924801945813e+00
3.796708414488093875e-02
-9.541205664957655985e-01
-1.054350743803964541e+00
-4.390776122771969381e-01
-1.435387985098272035e+00
4.767843993776102463e-01
-2.736308356419948559e-02
-1.762084487089051743e-01
8.486886744449230469e-02
-9.737233331501127243e-01
-5.168849029820436064e-02
-1.872742078509392616e-01
-5.374991298308378074e-01
-2.306310722657819723e-01
3.187112764246824992e-01
-2.406201750098921066e-01
2.158482217919353852e-01
1.949055486024535710e-01
2.237788822791508259e-01
6.282893022714473863e-02
2.779416528054234892e-01
-1.494814132848561183e-01
-6.129549441383850411e-02
7.063459657612642939e-01
7.810524215122333080e-02
-3.515107549391983666e-01
1.898892703634281476e-01
1.689216132611307264e-01
-1.370038852298188337e+00
8.299296429754431381e-01
3.292880017166033846e-01
-9.463206650322337765e-01
-7.612574691524682802e-01
8.329254691619242257e-02
-1.694757262351620497e-01
-4.560915526174145335e-02
2.023148935115674230e-01
-8.542015803117583017e-01
5.146067087370026494e-01
-2.722112536531521854e-01
4.891259476007723817e-01
-6.591067101974321663e-01
7.871867612502869704e-01
-1.064919963840008643e+00
2.690252432672930460e-01
6.571057662828249102e-01
-1.945120315590214144e-01
2.889333165445110985e-01
8.110107460438191751e-01
1.460190275451060060e+00
-7.937577499112855595e-01
4.688098171661424507e-01
5.002742933749405596e-01
-1.279949640147279855e+00
9.211374664727373096e-02
3.638843581877423961e-02
9.090152945733660506e-01
2.172043149806940132e+00
4.549572328414515643e-01
-1.047264809294515375e+00
-1.670277480894486744e-01
-1.054602568744984203e-01
-4.590167312316923987e-01
-9.385473483803097317e-01
9.309214795172124912e-01
2.922121387365905210e-01
-2.419558562922722311e-01
6.030436410222815048e-03
7.100217744441400525e-02
1.971142174183654339e-01
2.492425229805642073e-01
2.315251852321432435e-01
-6.191272273683416927e-01
9.606468257534926669e-02
5.745945395315851245e-01
1.560712046315982926e-01
8.837883661692638171e-01
-7.064106002582983823e-01
4.673655998153491420e-01
-1.388599426083467980e+00
7.354711410949408279e-01
2.731161012472405059e-02
-7.590098891447005780e-01
3.867383705074564637e-01
5.666173857642945455e-01
2.907377361085679568e-01
-3.443634198061030216e-01
5.410634781109773250e-01
-1.900593257579488382e+00
1.677936681234867000e-01
4.108276469059376490e-01
-4.219810367218315705e-01
4.426918430767493723e-02
-1.687906229368604100e-02
-6.389182231842280846e-01
6.902787996561754458e-01
-1.709212925495651458e-01
5.498429349086327717e-02
-9.157699021528441508e-01
1.072593595235135644e-03
-2.470292425210706203e-02
-2.879252680730526315e-01
-1.083772366465691056e-01
-8.552227780954912983e-02
8.350427280633956340e-01
-1.954225189016723652e-01
-6.819242610756661056e-03
4.100460332827996490e-01
4.112248757488361495e-01
-1.479824789523105810e+00
3.383107852174516150e-01
3.959268215217471298e-01
1.497851790290861906e+00
7.285661445939956016e-01
7.485895629124553197e-02
9.635144576452207010e-01
1.501892488234561895e+00
8.464808807416434044e-01
-1.705221366517451209e-01
-3.871084933891523749e-01
-3.717811740426115591e-02
-3.724074480831758849e-01
1.042763397509627460e-01
8.124935968409782161e-01
5.445906618631846108e-01
-2.384067968381836308e-02
4.721118541506210131e-01
3.085966572496402494e-01
1.097102418720080283e-03
1.263700261654869816e-01
2.269933126086852715e-01
-2.043536760474725933e-01
-1.925568618975920521e-01
-5.822271562516958543e-01
2.689992287336905319e-01
-3.909442204478382754e-01
1.663622301300305695e-01
3.562185477161499692e-01
2.381598666485967297e-01
8.366283186264928950e-01
9.115361100902419356e-02
-7.367673550807646299e-01
-1.466877881826564312e-01
-9.188920202988583308e-02
-9.882392977665915845e-02
-1.058173744550973794e+00
-1.216749568479268850e+00
7.826864227906626947e-01
7.919238108614817806e-02
-9.652494316620127135e-01
-1.264675503162340231e-01
-1.660412848325391266e+00
-7.992803599977358342e-01
-7.905729551697437962e-02
-6.980651107349661322e-01
-4.896304575744263032e-01
1.889716080841305212e-01
-1.959138181578083393e-01
-6.287856919799398314e-01
7.415356641447026220e-01
1.890667211188026831e-01
-5.407998561076038380e-01
-3.882699325548730762e-01
-1.182003915144923534e+00
-6.196666166213228299e-01
9.811960464524771552e-01
4.688866802450213922e-01
-2.572811967626462137e-01
-6.851342439624587000e-01
4.882571140188860515e-01
3.127963187820065327e-01
9.176067378547979603e-01
-7.709970338029497050e-01
-6.217773869693272726e-01
1.171830870692731175e+00
2.807653191483910904e-01
1.011213871709756296e+00
-2.416517925194056893e-01
4.462022435860512615e-01
-9.864476505528263495e-01
-7.648971966706517023e-01
2.388334141043522152e-01
-2.285148845555872166e-01
-6.867637183351132935e-01
-9.899135900091331486e-01
-1.311577365467293810e-01
-6.040395368527103903e-01
5.730959921626350706e-01
-6.598527964850279259e-01
1.037970310771695992e+00
-8.679717554681158909e-01
7.096617159195926783e-02
6.549165544469901512e-01
7.097906900178376777e-01
-3.914909779985945026e-01
-9.968212552477344612e-01
8.807799863904041127e-01
-6.259178251946595495e-01
2.207170311734157619e-01
-3.757250913055022457e-01
1.822961733138734053e-01
5.718102863804644942e-01
-7.493229686154052605e-01
-5.713526720536130643e-01
1.783214935809142476e+00
-1.227482547791272971e+00
2.747539702283033347e-01
6.932661563549301353e-02
-2.699512134806901220e-01
8.954792390300000959e-02
-8.735211469551787955e-01
1.023995850251098183e+00
1.982168703245248964e-01
4.062189872026700233e-02
-3.211914963778214060e-01
-1.036977820290739150e+00
3.238742584229610810e-01
-7.099715030219412581e-02
-2.548973714866362150e-02
1.143607016287788991e-01
-1.718152157502797761e-01
-1.052813578940278300e-01
3.534398026823392103e-01
1.078726915493822158e+00
-1.258612439134620953e+00
6.112368566801288372e-01
3.254750479751659653e-01
-1.171399290812340510e-01
7.736136215103917024e-01
-3.291768759350962581e-01
-6.147542778444630152e-01
-6.420004019906797588e-01
-7.945657573629212322e-01
-3.875067489427150291e-01
-6.267387862668531984e-01
6.858206396009521866e-01
-1.892157548060157124e-01
-6.301899338265056771e-01
1.588332545442785237e+00
1.685901020070321998e-01
-1.399548038654241378e-02
1.529171594653139232e-01
-2.218599346373496123e-02
-1.050677991122203059e+00
-1.004625686161292331e-02
6.295365942517092694e-01
1.320895638212747081e-01
4.624039552619891302e-01
5.447514511483019239e-01
2.738331720122427204e-01
-3.793359430903374685e-01
7.139144882280952231e-01
-2.634210407721245817e-01
5.592480115998813561e-01
1.430895437287984739e+00
1.484417393561579646e+00
3.693139483907434961e-01
-1.010917773012702664e-01
4.696071874580794447e-01
-3.298000183020029508e-01
6.715339362527019684e-01
-1.623174625074305377e-01
7.146541700693846977e-01
-1.086344337726366183e+00
4.322440452523164667e-01
-4.220835881185005523e-01
1.674446808271948528e-01
1.314338235502319208e-01
-8.667866526715275466e-01
6.833182123072516490e-01
-6.257880732499452314e-01
4.337351633616887830e-02
2.394831983019723998e-01
-2.954117989532761279e-01
9.254956475510303093e-01
3.502420722120964669e-01
5.314464315478629741e-01
-3.767121994926113104e-01
4.437774181993021649e-01
-6.008406736752162081e-01
4.071521044274750145e-01
3.827929189650219888e-01
-5.680710318080834931e-01
7.626367247243570624e-02
9.241967152970634314e-02
-5.717317535190861166e-01
-6.508343588437903726e-01
3.897901840979704491e-01
-2.207205437144834081e-01
3.557746313548710293e-01
9.308898300793650993e-01
-1.062023958334504803e-01
-8.895771773289720130e-01
1.999047842743682524e-01
1.681882606271597191e-01
-3.540211727382061840e-03
-8.158154556565724858e-03
1.915149711629700151e-03
-1.501376460661536100e-02
-1.382822907677785096e-01
9.605184911140499660e-01
1.274717131334322628e+00
2.245601334846231367e+00
-6.300068907588787237e-01
7.676368348528147534e-01
-1.142585553777143437e-01
6.266182701402764899e-01
5.807197171468805319e-01
3.292955183981917111e-01
3.864177099385787684e-01
6.217167288447108531e-01
8.420866082848292855e-01
-9.418290042920699490e-01
2.783842291726399409e-01
2.312822811945093315e-01
-1.770085578984992580e-01
-3.144591600444165969e-01
4.699173368495584979e-01
6.914405337306857302e-02
-6.485346089268865244e-01
-2.478399142273104427e-01
-1.667211747565655253e-02
-4.244038523250744932e-01
-8.395076810715543236e-02
2.199360068537374868e-01
-1.107844618486186317e+00
3.139475141542051873e-01
1.326136997208413604e-01
-5.402262639689197066e-01
-9.818310420565938834e-01
1.200347043775255917e+00
-1.832766673975526572e+01
-1.906704235096949862e+00
5.164802947167362213e+00
-1.452417992515430889e+01
-2.956499915186481253e+00
2.837247038228290386e+00
-7.495433741749257806e-01
5.114604555620414494e+00
2.535835788360946808e+00
-2.586961302228949044e+00
-5.139527944989233710e+00
1.144287287167292666e+00
5.306330513401562143e+00
1.373158019635648408e+01
1.451403647239830341e-01
-1.319794881727341540e+01
4.471243148965151626e+00
-2.173604793546203506e+00
1.061923425212228622e+01
5.542925071179974905e-01
4.356566497487872169e+00
1.827136316268483274e+00
-1.172248086109470400e+01
5.408544665700117271e+00
-1.834199261472556630e-01
-9.065319742767293576e+00
-3.713484122307431079e+00
5.392394298448494716e+00
-1.303112279801335127e+01
-4.401351274466396291e+00
8.294799966955475057e+00
-8.676568942481445390e+00
4.567854964033762677e+00
-1.439979844159119116e-01
-5.693044544210748015e+00
-5.096655893716059538e+00
1.707308341442183908e+00
2.046805710903099484e+00
2.460589909652541962e+01
-7.264428062488601512e+00
-2.908712133695972923e+00
4.449584127889485430e+00
-1.161017506286398770e+00
4.255124290437641399e+00
-1.540752602382690961e+00
7.256017869777196871e+00
8.731046858322839554e+00
3.313631968410020168e+00
1.700796695363729905e+00
2.356520416069345369e+00
3.121774930660357938e+00
7.487082974314913653e-01
-9.291739447843902835e-03
1.298096305641434745e+00
-4.073293732102386322e+00
1.040050341660929689e+01
-1.138343780328556321e+01
2.436002154745003700e+00
3.266284897533568987e+00
-1.024993157764022911e+01
-6.430456226019130028e+00
2.850695814826088359e+00
-1.000076504238513131e+00
1.907301127970675836e+01
-8.305265634797420304e+00
9.394706441946535591e+00
-4.804638927053893838e+00
-5.948500868202503788e+00
-8.929771877386503576e+00
-3.830128338295136992e+00
8.216853833602783652e+00
1.686895752366625922e+00
1.005960928885587080e+01
-3.111049466344139036e-01
4.742159525409900489e+00
-7.303536878085716832e-01
6.076189681903442441e+00
-9.360795206306343985e+00
6.471204060995160212e+00
9.301133008230173527e-01
1.743589749213137452e+01
-5.742047574251808228e+00
1.000286240386960346e+00
1.061446336475546026e+01
-6.646963542737928776e+00
-7.565979175644565125e+00
3.031520491265906170e+00
-2.980738184989248474e+00
7.432460277806358206e+00
1.805020794080396840e+00
7.710575798933136049e+00
-1.250265082584638598e+01
-1.206043494330468135e+01
-7.918337544368101000e+00
-1.790973467157129351e+00
4.577031538310368575e+00
-1.143527034752522020e+01
-1.550634723284776362e+00
1.167349328465867364e+00
1.087624254950863567e-01
-6.858468641630205198e+00
5.296110217754032234e+00
-1.036666687281857868e+01
-3.120072822450428607e+00
1.179027582132126462e+01
3.029577553147798952e+01
7.847778947093112523e-01
-1.133317940114920042e+00
1.192009278725763455e+00
1.190193738543024127e+00
-2.145833375399480047e+00
-4.558438985476555239e+00
-2.983734803275528424e+00
1.215964040016126235e+00
3.435836079505102614e+00
4.614111337598284734e+00
-4.826444118617641443e+00
-6.885025600707178839e+00
8.057956773565714270e-01
2.100557972128138218e+00
-3.821126982744566636e+00
-1.017602055283368401e+01
-4.892133190389549746e+00
-4.544845732550125139e-01
-2.620894827899404866e+00
-3.909570353427990863e+00
4.609747520806205756e+00
4.829066744942543288e+00
-4.007271065478717809e+00
1.453811337387768354e+01
2.463558277120546691e+01
7.353923481453942479e+00
-1.099952195575229164e+00
-1.129882306106810219e+01
-2.356337377440880676e+00
6.726923869896617170e+00
-7.322426651770034489e+00
-6.429171537585399721e-01
1.874600058452314810e+00
-5.223133968032898977e+00
-2.035995569483870060e+00
2.699833486938796767e+00
1.611409534116683695e-01
-2.690808830565448062e+00
2.690909615002020416e+00
-7.841920158569044119e+00
-7.780657648855671127e+00
-3.275626229255021560e+00
-1.035225804533209004e+00
-6.717206618744878677e-01
4.737141577326185460e-01
3.477886174988496393e+00
1.186985728450976296e+01
2.275144130089362893e+00
9.747901300861201435e-01
1.113381777423050778e+01
3.558048162595777608e+00
6.121130886021886042e+00
-1.258820071107038707e+01
-3.795385304940874782e+00
9.172619515969568482e+00
9.238818248548733791e+00
-4.597031007218705390e-01
2.393144016514014538e+00
-7.332581900303973832e+00
-1.595255299522488635e+01
3.074470857468429852e+00
2.135285856234609980e+00
-1.106815968479186196e+01
2.551698214449973801e+00
-4.189303628031592730e+00
-1.105056658000188818e+01
-2.492652109756850365e+00
-2.678205945222402969e-04
1.294237768601481431e+00
-1.075466672439582411e-01
2.475770735867220740e+00
9.025133193510748164e-01
2.275200647250369634e+00
-5.663870167532278010e+00
7.648714130425520175e+00
-8.443694886820850343e+00
1.203632015599190552e+01
-4.996013773884181219e+00
3.847680478026727080e+00
5.786661732255026891e+00
2.045050466275248624e+01
-2.725577255475308380e+00
-1.037899946700373555e+00
-5.247461282730453647e+00
-1.886311853360364665e+01
2.164179675587731388e+00
1.419020022921839708e+00
-9.656216439286032127e+00
4.540684635169173866e+00
-3.260831461192761210e-02
-1.082258038670502387e+01
1.871777080525756309e+00
-1.587798806881316471e+00
1.040444433603860519e+00
-1.538656240002094933e+01
-3.276218602113606382e-01
7.764928959244572049e+00
-8.313182023507426521e+00
1.413671951781291014e+00
-5.052625075659807230e+00
-8.507750431421644777e+00
4.207914010323551501e+00
-5.580852959215397702e-01
-1.257311755185950286e+00
-4.479542943368143071e+00
-3.404499200253186419e+00
2.828483159788747869e+00
1.922057963391611679e+01
2.794095447775370555e+00
-6.013903611606147059e+00
-1.475580932840949745e-02
9.952908567686855612e-01
1.518928028770715066e+01
2.609461307886134840e+00
4.152336685898708746e-01
-7.409397277292356421e+00
-8.279940456376222002e+00
8.405807205456060416e+00
1.533902643797208531e+00
-9.766837751835341308e+00
-8.641644960922831853e-01
1.441972978394191429e+01
-3.989067480810581934e+00
-2.193883552464804154e+00
2.830522650064321688e+00
-2.014963941662036717e+01
-2.342387324167588769e+00
-3.688391410861944664e+00
-2.605056589953745672e+00
-3.582899209559596621e+00
-4.455960589624359258e+00
-4.644186625521385392e-01
1.976978016132960292e+01
-8.090009861823642012e+00
2.184806167839123070e+00
1.431304567109837000e+00
3.842587219440569246e+00
7.795631512162763954e+00
-1.102923736908672514e-01
4.815154268243656333e+00
6.834150075884799502e-01
5.700166447385257129e+00
5.315896671761683123e+00
4.931895719097544983e+00
-7.453573210689632411e-01
9.258749377046228801e+00
1.480770243926338914e+01
8.477586992355407247e+00
-7.378607605137323944e+00
7.267957295552096575e+00
-1.722531031545129565e+01
-7.992634215924691254e+00
3.175153224081635361e+00
-7.034869806950279525e+00
-4.972809238417790212e+00
-1.910939566797089650e+00
-4.086362782787373860e+00
9.431546956822195682e+00
-1.179082162332735706e+01
8.737117218447695066e+00
-3.667381770401488605e+00
-1.289511210410556830e+00
-6.199403152320687838e+00
-3.675016274765792179e+00
6.980138316825688527e+00
-4.036613829668335707e-01
9.218323104042752902e+00
7.672996429700082999e-01
6.523194460174853049e+00
-5.067886716126176472e-01
2.165928400129878995e+01
5.912474289267072303e-01
1.092749270181121979e+01
-7.045425871376277627e+00
1.026071422803518018e+01
-5.120938779519559780e+00
-4.635628532500627230e+00
1.175564789646314345e+01
-6.556605923752026222e+00
-8.432257286650324701e+00
-6.139947777455031759e-04
-7.140967186885228912e+00
2.714707458490218883e+00
3.480363439153107752e+00
4.639696063983009822e+00
-3.173047059959400062e+00
-7.833675281317723282e+00
-4.788681227033721122e+00
-1.019235441772698092e+00
1.708298274952203544e+00
-1.197500126074400661e+01
-2.687269706917504664e+00
-1.895234626268180067e+00
1.458908824753806677e+00
-1.722043631577873768e+00
1.826023529555710212e+01
-9.930122773541899761e+00
-9.697930022312394316e-01
2.753436930862457999e+00
1.787285167786725637e+01
7.339934572519958289e-01
-3.899615516617075617e+00
1.202805518488497594e+00
-1.154701091977139216e+00
-6.784628264389839458e+00
-9.331173900488714423e+00
-1.584939200869219578e+00
5.789963352580649314e-01
8.807602112085882951e+00
3.686156501713452105e+00
1.034293220646859623e+01
-1.437248278787116806e+00
1.726766664673755836e+00
2.167431676564885112e+00
-5.309691732189680380e+00
-1.520935966711718734e+01
-2.826314353933542023e+00
-4.640647637639474077e+00
-2.017134031227820756e+00
1.072548997192678932e+00
8.115760730559573588e+00
2.628935154520813722e+00
-1.612669117518477302e+00
5.487734609019188525e+00
1.452862152779300153e+01
7.373012924375643706e+00
-1.501968764320807059e+00
-1.392558061234237243e+01
-5.440215661391722968e+00
-9.664890360359921218e-01
-1.534585640457288136e+01
8.064944868163189895e+00
8.274039538407333971e-01
-2.513706875407093033e+00
2.460896837187370068e+00
1.508383777860850650e+01
8.012997301171109754e+00
-4.073931800779838852e+00
-6.394552367033334850e-02
-8.442594150309734147e+00
-1.356419116657408708e+01
-1.891339782805118830e+00
-2.277562483067272492e+00
-1.988941774471729484e+00
1.303434641132714011e+00
1.315078884596761588e+00
1.038772940887022500e+01
5.001387998376372934e+00
-8.575194267283855254e+00
6.126721108999398702e+00
6.004558378448267675e+00
1.313868696359697630e+01
-1.213283412685000684e+01
-7.727354376689246074e+00
4.034276873807500330e+00
1.660155938144716181e+00
8.120132984581330149e+00
-5.828254414948583761e-01
-8.693945214870506533e+00
-3.058093415901754319e+00
6.471185904402170230e+00
1.009768949655456893e+01
-1.004743367569308532e+01
-2.674575998187045389e+00
-8.189679722773895776e+00
-1.425762357070742681e+01
-3.706451947433968108e+00
3.621553659962459371e+00
-4.758259659338471836e-01
-9.534885644346441369e-01
-1.208341734735376205e+00
-4.894143733222772880e-02
3.771666955984565472e+00
-1.502046978034932145e+01
4.433847104100883563e+00
-4.799410766873469569e+00
2.237622168174129911e+01
-3.504196135375804211e+00
8.048968230677436830e-01
4.653475338172770925e+00
1.609172857773714682e+01
3.135550404778523204e-01
-2.765932195156933115e+00
-6.225412342310659319e+00
-4.620883320398068150e+00
1.893768361272467837e+00
6.119136623579407797e+00
-7.718317776111263129e+00
-7.065943731792084792e-01
-3.589688133033748230e+00
-1.027869297989336062e+01
7.180377831228087482e-01
3.475176729949338128e+00
-3.044626831529764210e+00
-5.895698023081510364e+00
-2.527267642952288007e+00
4.891954468072841067e+00
6.480804741517632195e+00
2.901794656255737515e+00
-7.981587546509854469e+00
-1.578917091841847054e+01
4.761448435963377968e+00
-5.008373157595965353e+00
5.905292044384278682e+00
3.148524286964434982e+00
-8.023768899732505844e+00
-3.450609607314545912e-01
1.331614960599661224e+01
9.320491570878591148e+00
-2.209226200327545353e+00
-4.149490015440580493e+00
-7.019430182542865104e-01
1.562968295376808747e+01
3.375857286728451978e+00
-6.623357877033972940e+00
-1.369618975506285707e+01
-1.765404123199047381e+00
5.819015963586231521e+00
-2.844994134047940104e-01
-6.097411586315920395e+00
-3.240308990573439907e+00
1.743102090620540778e+01
7.359841277611810284e+00
8.763737213757298861e-01
-9.940154804646493814e-01
-2.177420387375544308e+01
-4.801064538436960127e+00
-2.035550513250058646e+00
1.144265074290458273e+01
5.069903130060851026e+00
-1.181299317773599000e+01
-1.254919108740184086e+00
5.565682321024943313e+00
-4.201277899113232017e+00
2.120900482275782650e+00
-9.667076843813152687e-01
1.102594541961533947e+00
7.059574353791091994e+00
-4.351224491664109628e-01
-2.297394835310950345e+00
-6.960122549264369241e+00
6.722598700095610447e+00
1.430057263863585781e+00
3.353378461335927874e+00
-4.735745557056217692e+00
1.034829230741359751e+01
2.612791720180555544e+01
7.514581637265213665e+00
-6.285254250720846869e+00
-5.029748921743792955e-01
-1.036289604345967774e+01
-1.029980322851217700e+01
7.313985665132430647e+00
1.075284100683584931e+01
1.806679927646263062e+00
-6.125537838938329926e+00
-4.552987275336811024e+00
-3.588420897102357010e+00
-1.229061038703159170e+01
2.371872821825965705e+00
3.489468184719176080e-01
-8.219584276311462379e-01
-6.250773611591633028e+00
-3.721838665885651931e+00
-6.749848583352779929e-01
-4.637234138256108862e-01
4.639862242359570565e+00
-3.508824392595694786e+00
4.552612563740095375e+00
-3.528696248159910009e+00
2.803983282049984993e+01
9.103158588007305596e+00
2.252846974670746238e+00
-1.230910038012506824e+01
-4.081811407503861844e+00
-4.212487159064628450e-01
-2.496073535101897001e+00
1.076187952195306252e+01
8.346242201653177872e+00
-3.880919779523348101e+00
-2.483594978889389904e-01
-7.661931375592225812e+00
-3.531077136850727438e+00
1.383228714804952908e+00
-2.308372174708902769e+00
8.214585537440548535e+00
-3.245712973856359707e+00
-4.086795577724539719e+00
-1.676151966835265128e+00
-6.039039261930751579e+00
-1.880653158801810498e+00
-3.357313572970999971e+00
-5.598722948633171548e+00
3.375869892191187827e+00
2.283293812668412137e+00
2.296416768205595460e+01
-1.019538231058803213e+01
-6.728020521911122209e+00
-5.844858353900294290e+00
-6.842871530770814337e-01
-4.315076231090759329e+00
1.600094520286228894e+00
-6.573900771818033117e-01
8.409771999233518258e+00
-7.504405485148595290e+00
-6.994399411484670814e+00
2.477354315337706225e+00
3.823256737051258097e-02
8.393563757033742689e+00
-1.067550252099724206e+00
2.320643804899657070e+01
1.050943189997987082e+00
-7.456197565245129555e-01
-7.290649031909585132e-01
-5.258372486466028839e+00
-3.846090889193637175e+00
4.956699631225814917e-01
-7.607092058614931318e+00
1.289494468109940950e+00
5.725641690602034650e+00
9.706631277734894425e+00
-3.911878111113095802e+00
-2.178738027726373261e+00
4.898043179985664408e-01
-1.213990990406158099e+00
-3.364947782488675987e+00
3.917715070740809935e+00
-1.048902515613932707e+01
1.515503387712060501e+00
-6.139804219047852563e+00
-1.633897019800264871e+01
2.160480969698397402e+01
-1.050993956190164669e+00
-2.510120058542171684e+00
4.571860091572923501e+00
1.599445154634236133e+01
5.578884224186940521e+00
-5.521754269424178574e+00
-6.139018603972774102e+00
-1.339582563208190080e-01
-5.087843130753040732e+00
-2.252118469958131808e+00
-4.632553623613292260e+00
-1.597584925863168026e+00
-4.666341815535602899e-01
1.788881895027855551e+00
4.856190952556014295e+00
5.859724706782460935e+00
-7.189089152847149222e+00
-1.704698248810753602e+00
2.236481663531610042e+00
1.935722720770213101e+01
-5.930833527314365305e+00
-3.514404515601745604e+00
-3.832606065530019257e-01
-9.123275296248140265e+00
1.530242030544498988e+01
-6.644674381315706313e+00
-9.722819554213501192e+00
1.182810962851471004e+01
1.713095157297889193e+00
5.779035257100987977e+00
-4.500620598483702217e+00
-9.492362518874827515e+00
-1.013392323139336720e-01
-5.585429028307848931e+00
-9.514391351530692376e+00
2.185413118310723934e+00
-3.165507370431388523e+00
-5.838104387771586801e+00
-1.223683723024380443e+00
-1.611030047655498620e+00
3.414788054632279302e+00
-1.211150345758570346e+01
1.212544550200333138e+00
-1.550181839364256131e+00
2.768029116078167817e+01
1.821578474476454879e-01
4.727435008196844146e-01
4.023325059963166694e+00
2.678476193855879206e+00
4.192855104428831470e-01
-8.400982199093888880e+00
-6.182474644622813820e+00
1.531679785365173885e+01
-1.594583530160812224e+00
4.483113371188158780e+00
1.036528647414568960e+00
-5.804180642071316676e+00
-1.492046876697517011e+00
-2.086949783325842134e+00
-3.858419245955710952e+00
4.844789814303356756e+00
-4.458526792355863577e+00
2.586427582877333542e+00
-6.386301039427274340e+00
-7.388011476122414711e-01
1.318645169966524300e+01
-1.006898154334777651e+01
6.212029592288437208e-01
-6.334229940366276956e+00
2.863046416367686753e+00
-3.437240579667143692e+00
8.264005324578050704e+00
1.171041662213759160e+01
-1.185201592671887383e+01
2.751370037022999870e-01
7.603983938507448137e+00
1.039455995391137932e+01
-7.962395136313229038e+00
-1.191184796492598119e+00
-7.477524670249724892e+00
1.206169285575492545e+01
3.716779235709489759e-01
-7.825210882503348842e+00
-5.777585372196207381e+00
8.232696831612550392e-01
3.883934276230277316e+00
-4.270315335359841313e+00
3.207257364559795043e+00
-1.260456335856144072e+01
5.124969963346225121e+00
9.058444938071456676e+00
-5.677900238499027807e+00
2.225328190827725816e+00
-5.643635146045119733e+00
-1.467431041597176078e+00
4.222681451034413946e+00
2.054698183910988263e+01
9.455487030496508183e+00
-1.538408996557246233e+01
1.317123783228614231e+00
4.332492236056348034e+00
-3.768836451918195163e+00
-3.329582780945130160e+00
1.918673554648994140e+00
-9.628395601242202062e+00
2.350400030773735160e+00
-2.973110196012951345e+00
-1.836926850166262781e+00
-7.855542165227631379e+00
7.295934121247260151e+00
-1.671739851543230015e+00
-2.086563592195028072e+00
-8.953490331201708896e-01
-8.399234537600033246e-01
1.355893487809342624e+01
8.033952707482254763e-01
-2.470143782607775229e+00
-3.191006284461149978e+00
2.975883276448879844e+00
-3.468191501125529097e+00
1.194998381006133314e+01
2.578913694830963266e+01
1.600072016315623680e+00
-7.311583433217743178e+00
-4.374843971663901598e+00
1.300328689806868887e+00
-1.435982692351009682e+01
8.059019122933008816e-01
1.939220478999281960e+00
-5.906675838745767848e+00
-1.158200313247682445e+01
-2.628859211572050381e+00
-4.545959068454108021e+00
-2.871892232752776941e+00
3.436987975131194251e+00
-1.420901804240267685e+00
4.545111218663103192e-01
-3.300939856319089039e+00
1.443625184439110143e+01
5.011620999573209723e+00
-6.638051703846342022e+00
-7.041213380973758262e+00
-9.781152553951374173e+00
5.170050162188317699e+00
1.978263513425535747e+00
7.635043853224290800e+00
1.859527478790825583e+01
-3.633110117367518210e+00
-1.719942725557412455e+00
-8.929239654572199925e+00
2.973376488410486740e+00
-2.997798300193733834e+00
4.893799905975836362e-01
6.149646166556336446e+00
-4.729488077082343089e+00
-1.131445122722261942e+01
-4.165021186201884329e-01
-1.310593314462418135e+01
6.080490491327615210e+00
-2.409087079821636834e+00
4.684102754537829760e+00
2.332188766484805331e+00
4.144964632406045624e+00
1.591864005008833516e+01
-8.770210184603266512e+00
-9.944603028214388019e+00
-3.119940722367558372e+00
-6.008229515805304288e+00
-7.455540985629801831e+00
4.109287121055208658e+00
-7.152362562913562094e+00
1.526578604817008156e+01
-5.379089167345812328e+00
-4.304565332211351958e+00
2.105517770777577624e+00
3.549783740469094617e+00
6.278914685925505168e+00
-7.011273164139089631e-02
1.066677154060216814e+01
-5.856938218529555762e+00
-8.507667088539545119e+00
1.550817419850591683e-01
-7.844302500906397135e+00
1.217114581478847057e+01
4.198378081916188664e-01
6.742310829020623508e+00
2.133113091687597329e+00
9.630393314317405640e+00
9.772550529854372670e+00
-1.846668890398475815e+00
-3.737117307155045420e+00
3.525054936761695679e+00
-4.872250885633053308e+00
-9.080488831512791847e+00
5.150105405674096914e+00
-1.347999949806294495e+01
9.889232432874932144e+00
-5.113135067468467021e+00
-8.725778596810000565e+00
1.958494277205403833e+01
-6.492218853007963864e-01
6.012760457771126887e-01
1.238423527543055069e+00
-6.669586341581691391e-01
-8.335062997457157508e+00
-7.835970673278217724e+00
-3.741204818665002652e+00
7.411716288300148392e+00
7.691507149976607671e+00
-6.280514199001834719e+00
2.392014913639183060e+00
-9.649875190654733093e-02
-4.241803638518597541e-01
2.591698893785624680e+00
7.924933490371494749e+00
3.376267668372697983e+00
-5.455962825527327364e-01
-2.772088694847464119e+00
4.361422328060972631e-01
1.681758236492239433e+01
-7.375348198261295174e+00
3.001048514551731827e+00
-2.028005235489521496e+00
-1.061093356193701887e+01
7.461134650644082988e+00
-1.069995472570875172e+01
-2.233444809653202245e+00
9.926625214918914253e+00
-5.471722553874157846e+00
-1.029272507924890334e+01
-1.936459777637103308e+00
-1.280010517878344078e+00
1.308699240407744391e+01
2.019714546073608119e+00
-1.542599207352478352e+01
6.937312559030252013e-01
-2.724542526142944787e+00
-8.851652004787160521e+00
-1.771011773733825345e+00
1.695156105842615002e+00
-1.216604291499550738e+00
-5.169631315572874364e+00
1.982974033490523480e+00
-2.076301960351497125e-02
2.265631208972245147e+01
-8.418117110910653400e-01
2.600672625915497971e+00
2.070670829992374173e+00
-5.692575380124045736e+00
-8.581434734700119193e+00
-1.367998269799753608e+01
-4.153616307154747722e-02
1.850040365532046494e+01
1.450893807911454392e+00
-4.865639532317619143e+00
4.643394420949259249e+00
3.134637196230782852e+00
6.309243236278417655e+00
2.899015486217465298e+00
-6.909466521662050553e+00
1.897462082366399017e+00
2.132293094561235058e+00
5.060811911978575495e+00
-1.734632996691172435e+00
-7.364972910473068346e+00
7.527778027136394989e+00
-2.254650275310092411e+01
6.455420377543967803e+00
4.231383384277885185e+00
-2.842112173193480196e+00
-1.074188959033896884e+00
1.516162443951148298e+00
1.850791182126405943e+01
-9.537275812064468283e+00
1.014543294261680106e+00
4.152735559766741247e+00
-3.410849290792577482e-01
-9.348956851946846669e+00
2.665149207087623040e+00
-8.401126336618716550e+00
8.989348424032206353e+00
-2.553218938191812892e+00
-1.943209390111829471e+00
4.983102273467951093e+00
-3.734957349191299958e+00
6.522932071142837351e+00
-2.856164338137300529e+00
1.033073346119900293e+01
-9.540985108747353394e+00
-1.020848138724484677e+01
4.644586393113174339e+00
-1.392792007732359316e+01
3.123824207448522294e+00
7.270034024798923689e+00
-1.491019071848671773e+00
3.945453978894104985e+00
1.315274879917410722e+01
9.645234949178844275e+00
-1.229958285089081826e+01
-2.282068645696089249e-01
7.786558402214764918e+00
-1.103892152403494897e+01
-3.883809493073690167e+00
3.219522536272460655e+00
-7.125819960184911928e+00
2.097689170293112415e+00
-2.442399146062260940e+00
9.454483721963130805e+00
-7.256672722339023274e+00
4.626288609919791961e-01
3.145092510882497194e+00
-7.599090850963998278e+00
3.821966855995902801e+00
-2.912601645362240976e+00
-4.479647359419733021e+00
-6.193241160690277081e-01
1.769990802398183405e+00
-5.060263852517618233e+00
1.061698972513861960e+01
-3.748445038241766669e-01
1.014353614246652668e+01
1.767090682335190621e+01
-1.218702281480317895e+00
-8.031762017377367613e+00
-8.161065905279137667e+00
8.755792978009905525e+00
-1.523977410684383749e+01
1.513395764136605814e+00
4.775487994632889865e-01
1.312427600003470418e-01
-1.049620965993915256e+01
-9.370821915261995372e-01
6.790900893022978835e+00
-1.118054826558375581e+01
-6.351331537199045307e-01
8.638731418119061090e+00
-5.929516677263479529e+00
-4.144887044124424769e+00
7.990723372634952248e+00
-2.568525716040161999e+00
-2.907362268993919585e+00
3.904720059180854186e+00
-7.943158761527661760e+00
7.082427739307740389e+00
1.785200187405959982e+00
5.273149447204885654e+00
7.515585952778932821e+00
-3.414813897157376488e+00
-5.944919794495811871e+00
-1.087107369849169025e+01
4.675820140097504130e+00
-2.179017033216529509e+00
2.952253780123912819e+00
1.106561234476207689e+00
-2.362014129097782966e+00
-1.332046441933175274e+01
-3.499794636412816851e-01
-7.269716038023818605e+00
1.569672733344142923e+00
7.056452754384931469e-02
2.483804214151289003e+01
-3.539142634328187320e+00
-4.668181747532339221e-02
1.130717734052451107e+01
-5.339828558500683720e+00
-3.971182154792591401e+00
3.427846883385177179e+00
-2.479170577613163395e+00
-4.008999473458145779e+00
5.007262805346438528e-01
-8.873353764635712793e+00
5.516982039377564817e+00
-1.956034822225095393e+00
-2.528372924870273319e+00
3.262903498223364007e-01
-1.080540297980624731e-01
5.120775706218927859e+00
1.880948542072546359e-01
-1.444041948623376870e+00
-1.072915478079875840e+01
-9.192462540037146468e+00
1.833535871587433641e-01
-6.915217926096855372e+00
1.106034296184141930e+01
6.945289419670473308e+00
2.784685767967386028e+01
-4.405951778197939817e+00
6.655292846820567654e+00
1.116122426981442217e+01
4.529244208681126871e+00
-3.312328233610949635e+00
1.506321538627940271e+00
-1.685397638917745633e+00
-1.317640201055907845e+00
-9.553453012815430467e-01
-1.564445846794958328e+01
5.548253153238584368e+00
-2.791243483369592493e+00
-2.224797035202230600e-01
1.182889753304487357e+01
-1.630994001673285121e+00
3.031709910390245621e+00
-3.618368325765780380e+00
-1.357514237261632672e+01
-1.766242299613985267e+01
-3.665534012695044641e+00
2.851889561097696646e+00
6.935563119387896158e+00
6.126104566915672400e+00
3.417805524079891910e+00
1.075084550888196944e+01
-4.914667237665106825e+00
-1.291265063985127082e+00
3.314833373548772055e+00
1.108639376415877287e+01
-1.978179301921128452e+00
-4.800775829688370244e+00
-2.390948825420839419e-01
5.046459635172365843e+00
5.746622738316919943e+00
-8.436607186552400606e+00
2.144296157783161405e+00
-2.711126763104675597e+00
-4.177745468376892646e+00
2.915210580024649722e+00
-7.325784834230733011e+00
1.809189690845167897e+00
8.787743623647609192e-01
-9.535164457886553535e+00
-1.503985262230341569e+01
4.296210429994273272e-01
1.799854070932234151e+01
1.583377169035512466e+01
-9.561612115049568372e-02
-2.567170966066901094e+00
1.017003526408341990e-01
-2.193309556794853954e+00
-7.747256930421318799e+00
-4.438517969650436434e+00
2.000331070135519695e+00
-6.079142200439441979e+00
-6.757923297107557126e+00
2.872190162239660616e+00
-7.573239831155087476e-01
1.013854529915874814e+01
-4.311405027104164289e-01
5.925607496728102497e-01
1.997380303876935825e-01
-6.761478260296814646e+00
-7.705170479948585616e+00
-1.101278796337719967e+01
5.938880535655104431e-01
8.844803981816140137e+00
5.514254935748994946e+00
-4.805836478761608355e+00
1.619255198452045130e+00
2.609205645538409968e+01
8.227891849365391863e+00
2.591634420245829129e-01
7.443396395630594853e-01
1.108595483344942290e+00
9.434636440769203602e+00
-1.525506797465028264e+00
5.967969824989991068e+00
-7.281303931667782336e+00
-3.825306368515648536e+00
-1.695825492651659872e+01
2.211834432440286768e+00
3.582012961262747819e+00
-8.329519738155299891e+00
-2.361936870332924876e+00
-4.085503582128292344e+00
2.714372581118496086e+01
-1.835636903754206184e+00
8.256368890020978624e-01
1.764129016649402137e+00
-7.282787052119116034e+00
9.714291710984522821e-01
4.111226352007578688e-01
-4.199949725398381517e+00
4.267490056655956820e+00
-4.896188583027337060e+00
3.006965586958170178e+00
5.687315856103991152e+00
-7.817529913765444149e+00
9.019909597185746364e+00
5.599426684939290411e-01
4.682825258091992460e+00
3.999870755806312239e+00
-1.182958327386189801e+01
-3.796811784301865611e+00
-1.236770532924054677e+01
4.050050284335218742e-01
5.405160849556800429e+00
-6.579173731571819062e+00
-2.393158120375278752e+00
3.998085398516141087e+00
1.270909946665614498e+01
-1.184596814992724401e+00
-3.552845675614486609e+00
4.467657569248753902e+00
-6.944568508322222833e+00
1.222201539897470601e+00
-1.322593537078913917e+00
6.128943330726755789e+00
2.677149340624991769e+00
-4.327133248900136842e+00
2.297025493282627906e+01
-6.490607152020766435e+00
-5.851927004508040042e+00
5.935820299128408806e+00
-9.049193682209196510e+00
1.641208945388697993e+00
5.795245647625978158e+00
-7.674783418289679027e+00
-1.607887893292739845e+00
2.242236678484183621e+00
-3.446488253744987684e+00
5.796670193839761787e+00
1.155613870381790642e+00
3.415425248381857237e+00
4.695802660429057696e+00
2.931069161490365005e-01
-6.687172453388951610e+00
-1.088524784015606173e+01
2.947697635583426123e+00
-3.926207294273929893e+00
-4.644601213966417674e+00
-3.940410798414641924e+00
1.561509992280902104e+01
-2.435207693418600439e+00
-2.395346626191077188e+00
2.418943095859241765e+01
-1.127157237261235601e+01
-3.649781333030792219e+00
9.079607755464705221e+00
-6.928176762212195250e+00
-7.698963636589629012e+00
7.931940399350974502e+00
-3.750874928199474656e+00
2.468095323328882706e-01
8.979027399121555675e+00
-3.734680069787899459e+00
3.325073461801425267e+00
6.660107740760047079e+00
6.423143725502547419e+00
-5.118314399879703380e+00
7.670624853127670784e-02
-1.252216449672653731e+01
-9.986180990036384486e+00
-5.047486423046084525e+00
2.946181119105255597e+00
-9.607217426287444795e+00
9.408802194057680479e-01
3.937050147461871763e+00
-5.701215112546452524e+00
-5.524106984153980271e+00
7.210501795261631486e+00
-3.702733186361065076e+00
6.728177139777682392e+00
2.001878996504453667e+01
-4.385485972849156866e+00
-7.619462700415851053e+00
6.953670736182830936e+00
-4.342076233515331118e+00
-2.535767453478821043e-01
3.983707474990325181e+00
-6.097079782688377136e-01
1.579434122237232341e+00
3.224818942436175728e+00
-2.460645344866963402e+00
-5.789693357786395822e+00
-2.886990807483154620e-01
-4.638297528962690208e+00
2.423978290389881440e+00
-8.151093639713215211e+00
4.626921948402857865e+00
-8.569647237783872384e+00
4.522199160973376375e-01
-9.139609466378107783e+00
-1.139574894014397710e+00
-6.675941093880426891e+00
3.719625929714437951e-01
-2.313012466177115922e-01
2.177519550405439475e+01
2.087482748708168145e+01
-9.266532387176654950e+00
-4.583798423965300906e+00
9.299164702763373924e+00
1.801882488497344337e+00
-9.385724221338271889e-01
-4.954713912121571973e+00
-1.538946433407413439e+00
1.033373970903020478e+01
-3.035100672933042087e+00
-9.004949728305495782e+00
-4.430059891626367263e-01
-3.583928683406077731e+00
3.340346744233807730e+00
1.441350693622153045e+01
-1.571781356714503142e+00
6.209923466891736910e-01
-5.858393361059743398e+00
-1.193257237335061482e+01
-1.100444854149379204e+01
5.414326220202678286e+00
7.973068787450374728e-01
3.271259314774601634e+00
-4.443299217752564978e+00
2.119821860989122442e+01
3.681056047999111680e+00
-8.915665990057778600e+00
-1.032309037074776903e+01
5.597579195333017843e+00
1.931712070507350498e+00
-6.123443145534203103e-01
-1.077475524925012884e+01
-2.255431872477204891e+00
9.482210364539678693e+00
-3.414746058391373573e+00
-3.643992689379038197e+00
-5.377175214456803021e-01
-1.948554478611690621e+00
-9.942325995595323596e-01
1.017116607248301818e+01
8.746282032325124189e-02
-2.281246741146206958e+00
-9.643981184465637568e-01
-9.356392323761903995e+00
-2.267000813835486905e+00
2.678882336876915904e+00
2.244046199496315452e+01
5.232457823454256918e+00
-3.702954731116735232e+00
1.310061483064595933e+01
-5.107864831634969072e+00
-1.187786912657968763e+00
-1.064814066229605771e+01
-2.883843557181629880e+00
-5.910164562533804400e+00
-1.065128417526817639e+00
-6.880635471596609598e+00
-5.457953730739421028e-01
-3.339820238694458876e+00
-9.697019806827882338e-01
3.075143818444333377e+00
-2.963390287007470203e+00
2.672005235390245037e+00
-7.179363340996728127e+00
2.911469542745866779e+00
-3.223762065843600588e+00
-6.082706124484625221e+00
2.657103724451451487e+00
2.922601374270194174e+00
4.865414980262130484e+00
-5.132552801421871536e+00
3.522096247241140077e+01
2.134995754899518428e+00
4.057461373576330410e-01
8.618666694872514356e+00
-8.685223204134574493e-01
1.252318192566210797e+01
-8.112852379250087509e+00
2.722963014160451056e+00
-1.679761724804235801e+00
-1.346497432203131339e+01
-3.343038875779882346e+00
-4.689027880530088233e+00
1.625565490573306349e+00
-5.995216154269074060e+00
-1.130575281166235513e+00
-2.969940665250195178e+00
2.870262581071596841e+01
3.181384450022920696e+00
1.180712456257691390e+00
3.087253667989628081e+00
4.810562590582717846e+00
1.063260542782921192e+01
9.818937746371833933e-03
-5.256697969079911381e+00
-8.538792268694978205e+00
-4.794283632003782714e+00
4.221097826765653593e+00
-4.650202917552099358e+00
-1.928830338393836552e+00
3.648424813411453638e+00
2.025450295492526642e+00
-3.924997543751493012e+00
3.827448637455276970e+00
-2.078628706142590765e+00
-1.444654014819151300e+01
-8.600176410872119703e+00
5.285548603117737887e-01
7.615668670112165639e-01
-7.029471751756743103e+00
-3.384858990289857150e+00
4.669082389725415894e+00
1.427468226286891628e+01
1.558764386173753236e+00
-1.193419773432154773e+00
2.238052089960352209e+00
1.277101455593448165e+01
8.534966008471156940e+00
-6.875841448713694959e+00
1.146687101671889408e+01
-8.147457921168497208e+00
-6.143728923729609548e+00
1.462124704586997126e+01
-6.014122864939343671e+00
5.036962325799709816e-01
1.458902037546690178e-01
-4.731534154745335563e+00
1.152719330346127391e+00
6.559642563003119875e+00
8.507618788946357258e-01
-8.947106983927257673e+00
-4.938566431637790188e+00
4.584071300719968711e+00
-3.998515826248260074e-01
3.671165930336227401e+00
5.036776691608114698e-01
3.400605235449144725e+00
1.662427110271697206e+00
-8.985008705567555154e+00
-6.362707180113635452e+00
-1.969461087444416947e+00
1.062098460907414932e+01
-5.987775473689798567e+00
-1.394101270401996118e+01
2.413071108562141021e+01
-2.327980548455407472e+00
-4.119044322332101160e+00
1.523132626798692968e+01
-7.828072814322680761e-01
3.232058697924246715e+00
-1.722186487728234239e+00
6.824272813841943730e+00
-1.170987764566705280e+00
5.929575056417713874e+00
5.221777391372002253e-01
-5.913674152388384009e+00
2.791738678963270104e+00
1.728771902977303432e+00
-5.073288183551689645e-01
1.328910681232360069e+01
6.103767529382547075e+00
-6.108384627503924413e+00
1.160285560980973019e+00
-1.867353148556581033e+01
-8.712387871864914146e+00
-7.852510445920279913e+00
3.338816590943149976e+00
-1.621990100069909246e+01
-5.583849032216072317e+00
7.508800771927479190e+00
-1.999408156621643451e-01
-6.139833602387145817e+00
7.374044312818942792e+00
3.598087117819082636e-01
1.314828828294404417e+01
1.046456835482759029e+00
1.502097912162665416e+01
-6.219258435565115484e+00
7.915104648140867116e-01
-3.792089471511671750e+00
-1.566870046506088299e+00
1.347344611987402185e+00
-1.406650567873971136e+00
4.376968549524328900e+00
8.992904143724560484e+00
-5.752614305971734954e-01
-3.735729790281308471e+00
-2.896921760960468717e+00
-8.535975239232543643e+00
7.010962665266992078e-01
-7.237010252478633276e+00
-1.690411835093599047e+00
-1.154925086147847679e+01
6.274981492651701132e-01
-5.903499145982695318e+00
3.709637435721715448e+00
-7.909397203033727841e+00
1.918508518578284860e+00
-5.663707351458189265e+00
2.281270778090885543e+01
3.971895235314896411e+00
5.384911246066490520e+00
-1.424308635929574152e+01
3.716340034082323385e+00
-3.958385656556051124e+00
5.939365622560544011e+00
-4.344674446582295957e+00
-2.780729749967957520e+00
1.426558597695847830e+01
-1.558328355460213421e+00
-8.292696745062610120e+00
5.255817552407667570e+00
-7.548807533432178474e+00
3.520208553523661799e+00
1.042567698193168013e+01
3.962376745869006789e-01
-3.611212888731774484e+00
-2.180908711708618331e+00
-6.900383749337372308e+00
-2.716027244109425087e+00
7.661534286827859752e+00
-4.715914578148512781e+00
2.815872639195776683e-01
-6.852156545680827548e+00
1.862131027319192000e+01
-2.812186976049419140e+00
-2.546770011856426486e+00
-2.323551188644486132e+01
5.151593540642527280e+00
-7.409088042707489663e+00
1.298583914797029948e+01
-4.926155064789846882e+00
-3.540824677612811389e+00
9.241766611928193598e+00
-2.972261249358886914e+00
-5.092404259459576643e+00
4.319196526730038066e+00
-1.894782523749040937e-01
-1.164220822824725943e+00
8.533932569280514358e+00
5.331117544945059628e+00
-4.158656127443420836e+00
3.950865932192312857e-01
-6.819312597749375371e+00
5.581887814214311128e+00
-6.853487604246058691e-03
7.583647475878626310e+00
1.917399693831253471e-01
2.586655002192033148e+00
9.375303995712913618e+00
-1.025165436996235435e+01
4.550359432856900810e-01
-1.648692900144290618e+01
9.809894262254705843e-01
-1.029464360512245591e+01
1.371145871448268139e+01
8.770502233919971191e-01
-5.139851731084332798e+00
-3.945983825938427891e+00
-9.182151636087489965e-01
6.888904724452273864e-01
-2.770595365579936242e+00
7.776390361342625290e+00
-9.631348831912058372e+00
3.387322564929570845e+00
3.874496480713432334e+00
-5.099914620063014326e+00
-8.781656858371021945e-01
8.896282558101519244e-01
6.732329067694453606e+00
-1.226674850150336304e+01
1.634700135454330194e+01
-3.549378236552098997e-02
9.229911360587703228e+00
4.504922397903341924e+00
-7.357747638418370428e+00
9.758289781815912889e+00
-6.185011464362863087e+00
-5.840583075117322664e+00
1.620987126869418038e+00
-1.353411242456594366e+01
1.510872232965349671e+00
-5.581668689403413097e+00
2.820264359274359478e+00
1.390520486020008661e+00
1.091252258893268712e+00
-7.131053654878436454e-01
1.526620184906610511e+01
2.885160660204196148e+00
1.566219941212979139e+00
6.192718096939065830e+00
1.448367559112013225e+01
8.348121369220228516e+00
5.735562364034201277e-01
-7.598415727398941222e+00
-1.624377868294240201e+01
-2.349137003065589813e+00
2.021868684242722924e+00
-1.138546405882193291e+01
3.596323227640159992e+00
-3.063904414912328456e+00
3.008368998224965729e+00
-4.292885909811664291e+00
-6.849492788471519766e+00
2.634338790769677807e+00
-1.380722190909014557e+01
-8.847365031836945448e+00
2.240937425738401600e+00
1.624644441493121150e+00
-2.317242878079575075e+00
2.385400905676295646e-01
5.862937341783486467e+00
5.104870080391415321e+00
-2.338989641074280090e+00
3.676271968410483648e+00
4.689733000837125410e+00
2.587237343552331126e+01
7.670005073771244852e+00
-7.863835878820281344e+00
6.723048874459447433e+00
-1.917146043007392464e+01
-3.202282011651069737e+00
7.041473976053452821e-01
-5.417098042862170004e+00
5.201111334676471465e+00
-2.675167498861231952e+00
4.580088356979559738e-01
4.237831058541641660e+00
1.628625192037820579e-01
4.043303029348195743e+00
-9.821048994052681280e+00
-1.143473907237444820e+01
8.405707469661241049e+00
1.081402879657859195e+00
3.258891937632551805e+00
8.151511277871236194e-01
4.569356092239887701e+00
-1.971724720258164920e+00
-1.159526535074038733e+01
6.205221719603157826e-01
1.399053414706163956e+00
1.621463769267488431e+01
-1.907934687126337847e+00
-1.891518731805770770e+01
1.656998225326692520e+01
-9.596578986349259210e+00
-9.010625628189160574e-01
-3.030586448554911438e+00
6.355725422340449349e+00
5.556983260385368162e+00
-4.815687311689021755e+00
1.916876875013779369e+01
8.737969208498455487e+00
4.364286936535465067e+00
1.716554175457600140e+00
-9.450654068510106143e+00
-2.239597997859504641e+00
2.764730008001574202e+00
-7.731946157111480034e-02
9.691143533245973885e+00
2.713477189449165827e+00
-8.516557879457988811e-01
-4.064756397422019107e-01
-1.680991011198848994e+01
-4.699099017078334661e+00
-1.688472987105323675e+00
-1.355187746376675939e+00
-8.253311664054670871e+00
-1.420030478807647789e+01
6.777491557720897397e+00
-3.747066288121475575e-01
8.764893989266745455e-01
-4.759439345993963677e+00
5.027039698460007422e+00
7.866979155419155489e+00
-6.233384815519779742e+00
3.706730352891861457e+01
8.624224357124150586e-01
-1.578840580598610543e+00
-1.704421854014450677e+00
-3.595706333047141712e+00
2.853724186262238671e+00
-1.881154527659651965e+00
2.150970019939542066e+00
4.456098931575777300e+00
-4.546627579871126201e+00
4.425021803675134535e+00
-4.739924691799398460e+00
-6.182710729229461855e+00
-2.680673154526076463e+00
-3.053063426841822192e+00
-7.560730460435921785e+00
-3.503289406175895682e+00
-5.474961595419197913e+00
-6.358791089783278894e-01
2.665741429772916504e+00
-1.409787878329347821e+00
-3.093242648454010091e+00
-4.358085809062148819e+00
6.358948705082737796e+00
-2.295846328090219157e-01
2.166375094313152161e+01
-1.337885810744991666e+01
-1.506243732995219631e+00
-3.610126890142082434e+00
8.020162825333359891e+00
1.693408369675050151e+00
-1.560602605835977430e+00
8.408958749882900818e+00
-1.403463688408931764e+00
-1.329827429665491145e+01
1.186081551715797033e+01
-8.174370339708687538e+00
4.088114766480553719e+00
6.817547829595052011e-01
1.147809667832558000e+00
-4.720951972041945943e+00
1.968933018021807424e+00
-4.861816663786617809e+00
2.333442016690884468e+00
2.954209964963641966e+00
-4.711883851220335373e+00
-2.943946284507085731e-01
-4.036253534556824896e+00
1.516019595291230537e+00
-2.093298765357133551e+00
3.158478501975536812e+00
-2.111518947084092446e+01
1.104526689298469089e+00
-5.111190464291643920e+00
1.815945863818505046e+01
3.738082619139369900e+00
-1.459639341325374540e+00
5.594780691264038097e+00
3.277106533992730331e+00
-1.103366253942781228e+01
9.452263640771199960e+00
1.132633318214537832e+00
-4.870121653893041969e-01
-1.947660825631418957e+00
6.295823036252006233e+00
-9.965220399500365200e-01
-9.274192856691145792e-01
-2.471067156697977829e+00
5.592111996130519458e+00
-4.549481225400678674e+00
-1.166069394099369161e+00
3.000107440489500732e+00
7.855424489108038699e+00
-6.953342700675829713e-01
-1.057384326303449029e+01
3.542645300386755847e-01
-1.294138994086487493e+01
1.233027772330244076e+00
-5.578985897536477445e+00
1.807109625026255983e+01
7.411440545096267485e+00
-3.743969886489387555e+00
-2.511996665716534682e+00
4.815951041869764637e+00
-3.828124096708874102e+00
2.296036199352454177e-01
9.655816905382327064e+00
-7.583170301543817438e+00
-2.203082805280732082e+00
6.495790655430750071e+00
2.705190669981218932e-01
-4.113213307846390165e+00
2.123187161282422686e+00
2.826668407528112326e+00
-1.337973832410042618e+01
2.765752355101974036e+00
3.614234208913047475e+00
1.204569137141729307e+01
-1.321137394284500610e+00
-1.127733849529328403e+01
-7.102634493804829141e+00
1.089576104001830775e-01
-9.770267098793818050e+00
-5.211784356859638478e+00
-4.340453451847459121e+00
-5.814794489231229768e-01
-7.597217187562391061e+00
-3.930635697187350619e+00
-9.110714675347960423e+00
-1.935925581712235610e+00
-8.008788269866780496e+00
-6.919167099764571560e+00
3.420237554248699019e-01
-5.535242847507301001e+00
-8.012658100538548211e+00
-3.532344352131551179e+00
-4.329538154376819215e+00
-3.552972209376886958e+00
-3.131865185612950686e+00
-1.593295837432318951e+00
-5.813914447091875104e+00
-7.565399933462545690e+00
-6.547945219448526588e-01
-6.563316926600338164e+00
-7.078819563891179278e+00
1.052136158326024834e-01
-1.197902508069379757e-01
-8.160386478776140984e-02
9.583594244685138264e-02
6.592717023831851965e-03
-7.648157314015766040e-02
7.325379063160327581e-05
1.687018760399572673e-02
1.827647115526523369e-02
-7.549698278467278922e-02
-3.532582314095433079e-02
-3.806781712608263164e-03
-4.773753063592441753e-02
-2.052591834358488427e-03
4.156778001068442419e-02
-3.499709734432322056e-02
-2.126621707669747435e-06
-4.167652000551841547e-03
-3.814225007183121366e-03
-6.254342111285760009e-02
-1.175411193113965191e-01
1.914803484109038265e-02
5.511114546830972460e-02
-1.119962242629182064e-01
-3.087753410137692583e-02
3.381930072364108808e-02
2.860115071397425698e-02
1.467949956858407776e-02
-9.903231410917402722e-02
-3.628524574010885684e-02
5.008067305640949429e-02
-9.579626307326624679e-02
-3.060397148496179012e-02
3.070693352264743797e-02
5.374385533819996119e-02
-1.582631001145341429e-02
-1.301752547355494727e-01
-4.631187035745972652e-02
-3.372797932375518060e-02
-9.010368582349123634e-02
-3.450452238928120724e-02
-8.526538114363245435e-02
-6.067218550909118241e-02
2.203645915882431611e-02
-3.816922626035557792e-02
-3.462904368200691446e-02
-2.814795317956120951e-02
-3.929639959612194616e-02
-9.282750224446044418e-02
-9.694254631616681939e-02
-1.088855022814780443e-01
4.970524093263911647e-02
2.986879032719766403e-02
-4.969604900100218353e-02
4.784686679073489948e-03
7.147068192230754402e-02
-9.907309582119496263e-03
2.258956730762542303e-02
1.525600136812237106e-03
1.247542172992683988e-02
-5.084038948652156581e-02
-4.753509348128393680e-02
-8.062879035483931645e-02
-3.903463871459410262e-02
