Using TensorFlow backend.
Loading images...
Finished.
____________________________________________________________________________________________________
Layer (type)                     Output Shape          Param #     Connected to                     
====================================================================================================
encoder_input (InputLayer)       (None, 10000)         0                                            
____________________________________________________________________________________________________
dense_1 (Dense)                  (None, 512)           5120512     encoder_input[0][0]              
____________________________________________________________________________________________________
dropout_1 (Dropout)              (None, 512)           0           dense_1[0][0]                    
____________________________________________________________________________________________________
dense_2 (Dense)                  (None, 320)           164160      dropout_1[0][0]                  
____________________________________________________________________________________________________
dropout_2 (Dropout)              (None, 320)           0           dense_2[0][0]                    
____________________________________________________________________________________________________
dense_3 (Dense)                  (None, 240)           77040       dropout_2[0][0]                  
____________________________________________________________________________________________________
dropout_3 (Dropout)              (None, 240)           0           dense_3[0][0]                    
____________________________________________________________________________________________________
dense_4 (Dense)                  (None, 192)           46272       dropout_3[0][0]                  
____________________________________________________________________________________________________
z_mean (Dense)                   (None, 2)             386         dense_4[0][0]                    
____________________________________________________________________________________________________
z_log_var (Dense)                (None, 2)             386         dense_4[0][0]                    
____________________________________________________________________________________________________
z (Lambda)                       (None, 2)             0           z_mean[0][0]                     
                                                                   z_log_var[0][0]                  
====================================================================================================
Total params: 5,408,756
Trainable params: 5,408,756
Non-trainable params: 0
____________________________________________________________________________________________________
_________________________________________________________________
Layer (type)                 Output Shape              Param #   
=================================================================
z_sampling (InputLayer)      (None, 2)                 0         
_________________________________________________________________
dense_5 (Dense)              (None, 192)               576       
_________________________________________________________________
dropout_4 (Dropout)          (None, 192)               0         
_________________________________________________________________
dense_6 (Dense)              (None, 240)               46320     
_________________________________________________________________
dropout_5 (Dropout)          (None, 240)               0         
_________________________________________________________________
dense_7 (Dense)              (None, 320)               77120     
_________________________________________________________________
dropout_6 (Dropout)          (None, 320)               0         
_________________________________________________________________
dense_8 (Dense)              (None, 512)               164352    
_________________________________________________________________
dense_9 (Dense)              (None, 10000)             5130000   
=================================================================
Total params: 5,418,368
Trainable params: 5,418,368
Non-trainable params: 0
_________________________________________________________________
VAE_modified.py:260: UserWarning: Output "decoder" missing from loss dictionary. We assume this was done on purpose, and we will not be expecting any data to be passed to "decoder" during training.
  vae.compile(optimizer='adam', loss = None)
_________________________________________________________________
Layer (type)                 Output Shape              Param #   
=================================================================
encoder_input (InputLayer)   (None, 10000)             0         
_________________________________________________________________
encoder (Model)              [(None, 2), (None, 2), (N 5408756   
_________________________________________________________________
decoder (Model)              (None, 10000)             5418368   
=================================================================
Total params: 10,827,124
Trainable params: 10,827,124
Non-trainable params: 0
_________________________________________________________________
Training model...
2018-07-24 15:32:41.188582: W tensorflow/core/platform/cpu_feature_guard.cc:45] The TensorFlow library wasn't compiled to use SSE4.1 instructions, but these are available on your machine and could speed up CPU computations.
2018-07-24 15:32:41.188629: W tensorflow/core/platform/cpu_feature_guard.cc:45] The TensorFlow library wasn't compiled to use SSE4.2 instructions, but these are available on your machine and could speed up CPU computations.
Epoch 00000: val_loss improved from inf to 4193.07520, saving model to VAE/vae_mlp_leaves_weights_nn_dim100.h5
Epoch 00001: val_loss improved from 4193.07520 to 3381.86938, saving model to VAE/vae_mlp_leaves_weights_nn_dim100.h5
Epoch 00002: val_loss did not improve
Epoch 00003: val_loss improved from 3381.86938 to 3227.55298, saving model to VAE/vae_mlp_leaves_weights_nn_dim100.h5
Epoch 00004: val_loss improved from 3227.55298 to 3176.52905, saving model to VAE/vae_mlp_leaves_weights_nn_dim100.h5
Epoch 00005: val_loss improved from 3176.52905 to 3129.67163, saving model to VAE/vae_mlp_leaves_weights_nn_dim100.h5
Epoch 00006: val_loss improved from 3129.67163 to 2990.53125, saving model to VAE/vae_mlp_leaves_weights_nn_dim100.h5
Epoch 00007: val_loss improved from 2990.53125 to 2918.23169, saving model to VAE/vae_mlp_leaves_weights_nn_dim100.h5
Epoch 00008: val_loss did not improve
Epoch 00009: val_loss improved from 2918.23169 to 2865.14624, saving model to VAE/vae_mlp_leaves_weights_nn_dim100.h5
Epoch 00010: val_loss improved from 2865.14624 to 2723.50415, saving model to VAE/vae_mlp_leaves_weights_nn_dim100.h5
Epoch 00011: val_loss improved from 2723.50415 to 2538.59521, saving model to VAE/vae_mlp_leaves_weights_nn_dim100.h5
Epoch 00012: val_loss improved from 2538.59521 to 2333.37476, saving model to VAE/vae_mlp_leaves_weights_nn_dim100.h5
Epoch 00013: val_loss improved from 2333.37476 to 2320.62451, saving model to VAE/vae_mlp_leaves_weights_nn_dim100.h5
Epoch 00014: val_loss improved from 2320.62451 to 2309.67432, saving model to VAE/vae_mlp_leaves_weights_nn_dim100.h5
Epoch 00015: val_loss improved from 2309.67432 to 2204.21899, saving model to VAE/vae_mlp_leaves_weights_nn_dim100.h5
Epoch 00016: val_loss improved from 2204.21899 to 2178.68677, saving model to VAE/vae_mlp_leaves_weights_nn_dim100.h5
Epoch 00017: val_loss improved from 2178.68677 to 2175.77173, saving model to VAE/vae_mlp_leaves_weights_nn_dim100.h5
Epoch 00018: val_loss improved from 2175.77173 to 2089.36792, saving model to VAE/vae_mlp_leaves_weights_nn_dim100.h5
Epoch 00019: val_loss did not improve
Epoch 00020: val_loss did not improve
Epoch 00021: val_loss improved from 2089.36792 to 2064.75220, saving model to VAE/vae_mlp_leaves_weights_nn_dim100.h5
Epoch 00022: val_loss improved from 2064.75220 to 2027.88647, saving model to VAE/vae_mlp_leaves_weights_nn_dim100.h5
Epoch 00023: val_loss improved from 2027.88647 to 2003.46069, saving model to VAE/vae_mlp_leaves_weights_nn_dim100.h5
Epoch 00024: val_loss did not improve
Epoch 00025: val_loss improved from 2003.46069 to 1951.87329, saving model to VAE/vae_mlp_leaves_weights_nn_dim100.h5
Epoch 00026: val_loss did not improve
Epoch 00027: val_loss improved from 1951.87329 to 1945.27783, saving model to VAE/vae_mlp_leaves_weights_nn_dim100.h5
Epoch 00028: val_loss improved from 1945.27783 to 1901.49133, saving model to VAE/vae_mlp_leaves_weights_nn_dim100.h5
Epoch 00029: val_loss improved from 1901.49133 to 1900.41748, saving model to VAE/vae_mlp_leaves_weights_nn_dim100.h5
Epoch 00030: val_loss improved from 1900.41748 to 1847.92883, saving model to VAE/vae_mlp_leaves_weights_nn_dim100.h5
Epoch 00031: val_loss improved from 1847.92883 to 1798.72510, saving model to VAE/vae_mlp_leaves_weights_nn_dim100.h5
Epoch 00032: val_loss improved from 1798.72510 to 1777.31702, saving model to VAE/vae_mlp_leaves_weights_nn_dim100.h5
Epoch 00033: val_loss did not improve
Epoch 00034: val_loss did not improve
Epoch 00035: val_loss improved from 1777.31702 to 1775.93909, saving model to VAE/vae_mlp_leaves_weights_nn_dim100.h5
Epoch 00036: val_loss improved from 1775.93909 to 1772.15417, saving model to VAE/vae_mlp_leaves_weights_nn_dim100.h5
Epoch 00037: val_loss did not improve
Epoch 00038: val_loss did not improve
Epoch 00039: val_loss improved from 1772.15417 to 1747.62463, saving model to VAE/vae_mlp_leaves_weights_nn_dim100.h5
Epoch 00040: val_loss did not improve
Epoch 00041: val_loss did not improve
Epoch 00042: val_loss did not improve
Epoch 00043: val_loss improved from 1747.62463 to 1742.74927, saving model to VAE/vae_mlp_leaves_weights_nn_dim100.h5
Epoch 00044: val_loss improved from 1742.74927 to 1721.02576, saving model to VAE/vae_mlp_leaves_weights_nn_dim100.h5
Epoch 00045: val_loss did not improve
Epoch 00046: val_loss did not improve
Epoch 00047: val_loss did not improve
Epoch 00048: val_loss did not improve
Epoch 00049: val_loss improved from 1721.02576 to 1710.83960, saving model to VAE/vae_mlp_leaves_weights_nn_dim100.h5
Epoch 00050: val_loss did not improve
Epoch 00051: val_loss did not improve
Epoch 00052: val_loss improved from 1710.83960 to 1703.41772, saving model to VAE/vae_mlp_leaves_weights_nn_dim100.h5
Epoch 00053: val_loss improved from 1703.41772 to 1676.59644, saving model to VAE/vae_mlp_leaves_weights_nn_dim100.h5
Epoch 00054: val_loss did not improve
Epoch 00055: val_loss did not improve
Epoch 00056: val_loss did not improve
Epoch 00057: val_loss did not improve
Epoch 00058: val_loss did not improve
Epoch 00059: val_loss improved from 1676.59644 to 1662.96130, saving model to VAE/vae_mlp_leaves_weights_nn_dim100.h5
Epoch 00060: val_loss improved from 1662.96130 to 1632.17249, saving model to VAE/vae_mlp_leaves_weights_nn_dim100.h5
Epoch 00061: val_loss did not improve
Epoch 00062: val_loss did not improve
Epoch 00063: val_loss did not improve
Epoch 00064: val_loss did not improve
Epoch 00065: val_loss did not improve
Epoch 00066: val_loss did not improve
Epoch 00067: val_loss did not improve
Epoch 00068: val_loss did not improve
Epoch 00069: val_loss did not improve
Epoch 00070: val_loss did not improve
Epoch 00071: val_loss did not improve
Epoch 00072: val_loss did not improve
Epoch 00073: val_loss did not improve
Epoch 00074: val_loss did not improve
Epoch 00075: val_loss did not improve
Epoch 00076: val_loss did not improve
Epoch 00077: val_loss did not improve
Epoch 00078: val_loss did not improve
Epoch 00079: val_loss did not improve
Epoch 00080: val_loss did not improve
Epoch 00081: val_loss did not improve
Epoch 00082: val_loss did not improve
Epoch 00083: val_loss did not improve
Epoch 00084: val_loss did not improve
Epoch 00085: val_loss did not improve
Epoch 00086: val_loss did not improve
Epoch 00087: val_loss did not improve
Epoch 00088: val_loss did not improve
Epoch 00089: val_loss did not improve
Epoch 00090: val_loss did not improve
Epoch 00091: val_loss did not improve
Epoch 00092: val_loss did not improve
Epoch 00093: val_loss did not improve
Epoch 00094: val_loss did not improve
Epoch 00095: val_loss did not improve
Epoch 00096: val_loss did not improve
Epoch 00097: val_loss did not improve
Epoch 00098: val_loss did not improve
Epoch 00099: val_loss did not improve
Epoch 00100: val_loss did not improve
Epoch 00101: val_loss did not improve
Epoch 00102: val_loss did not improve
Epoch 00103: val_loss did not improve
Epoch 00104: val_loss did not improve
Epoch 00105: val_loss did not improve
Epoch 00106: val_loss did not improve
Epoch 00107: val_loss improved from 1632.17249 to 1613.60034, saving model to VAE/vae_mlp_leaves_weights_nn_dim100.h5
Epoch 00108: val_loss did not improve
Epoch 00109: val_loss did not improve
Epoch 00110: val_loss did not improve
Epoch 00111: val_loss did not improve
Epoch 00112: val_loss did not improve
Epoch 00113: val_loss did not improve
Epoch 00114: val_loss did not improve
Epoch 00115: val_loss did not improve
Epoch 00116: val_loss did not improve
Epoch 00117: val_loss improved from 1613.60034 to 1610.06628, saving model to VAE/vae_mlp_leaves_weights_nn_dim100.h5
Epoch 00118: val_loss did not improve
Epoch 00119: val_loss improved from 1610.06628 to 1530.20947, saving model to VAE/vae_mlp_leaves_weights_nn_dim100.h5
Epoch 00120: val_loss did not improve
Epoch 00121: val_loss did not improve
Epoch 00122: val_loss did not improve
Epoch 00123: val_loss did not improve
Epoch 00124: val_loss did not improve
Epoch 00125: val_loss did not improve
Epoch 00126: val_loss did not improve
Epoch 00127: val_loss did not improve
Epoch 00128: val_loss did not improve
Epoch 00129: val_loss did not improve
Epoch 00130: val_loss did not improve
Epoch 00131: val_loss did not improve
Epoch 00132: val_loss did not improve
Epoch 00133: val_loss did not improve
Epoch 00134: val_loss did not improve
Epoch 00135: val_loss did not improve
Epoch 00136: val_loss did not improve
Epoch 00137: val_loss did not improve
Epoch 00138: val_loss did not improve
Epoch 00139: val_loss did not improve
Epoch 00140: val_loss did not improve
Epoch 00141: val_loss did not improve
Epoch 00142: val_loss did not improve
Epoch 00143: val_loss did not improve
Epoch 00144: val_loss did not improve
Epoch 00145: val_loss did not improve
Epoch 00146: val_loss did not improve
Epoch 00147: val_loss did not improve
Epoch 00148: val_loss did not improve
Epoch 00149: val_loss did not improve
