4.668405098039390411e-01
4.676011372549203071e-01
4.686229411764860631e-01
4.689259215686402138e-01
4.680141568627656512e-01
4.666673333333450913e-01
4.657776078431600242e-01
4.643289803921774594e-01
4.680707450980581275e-01
4.687536862745299571e-01
4.696226274509937570e-01
4.697490588235465614e-01
4.685034509803960856e-01
4.673709411764909727e-01
4.668145882353110232e-01
4.654669803921748228e-01
4.683540784313824368e-01
4.687780784313897997e-01
4.694980000000127385e-01
4.695256470588416997e-01
4.684903921568768226e-01
4.677763137255046000e-01
4.676097254902223388e-01
4.658447843137475397e-01
4.682190588235456974e-01
4.682606274509956701e-01
4.690052941176681145e-01
4.693145882353123577e-01
4.686107843137432560e-01
4.685596078431638056e-01
4.678277647058995403e-01
4.659019215686385218e-01
4.680155686274609650e-01
4.681501568627625121e-01
4.689311372549270773e-01
4.691273725490343605e-01
4.687960784313924267e-01
4.686802352941374372e-01
4.673967843137425415e-01
4.656593725490353886e-01
4.675487058823648012e-01
4.677221176470719999e-01
4.684021176470781755e-01
4.687971764706058697e-01
4.682644705882512692e-01
4.681092549019783000e-01
4.668435294117903589e-01
4.657003921568775850e-01
4.674574901960918960e-01
4.674075686274581920e-01
4.682966274509982041e-01
4.687962745098173678e-01
4.680271372549220654e-01
4.673445490196347918e-01
4.664364313725656297e-01
4.657067843137365215e-01
4.674574901960921736e-01
4.673609803921737194e-01
4.679705098039393940e-01
4.681910588235418391e-01
4.675663921568842252e-01
4.671434901960932473e-01
4.659833725490404310e-01
4.647445098039367228e-01
4.472909019608121151e-01
4.474138039215925788e-01
4.480422352941483277e-01
4.482337647059135843e-01
4.472316470588582615e-01
4.458167058823826467e-01
4.449223529412096867e-01
4.435246666667060356e-01
4.482771372549331779e-01
4.484476862745344072e-01
4.486649803921841650e-01
4.486004705882657984e-01
4.474274901961134976e-01
4.462677254902286950e-01
4.457352549019854560e-01
4.444509411765014129e-01
4.482204705882624762e-01
4.482209803921846647e-01
4.484076078431720735e-01
4.481625098039523913e-01
4.471172549019924447e-01
4.465182352941456934e-01
4.464193725490448461e-01
4.447162352941466112e-01
4.479391372549270667e-01
4.475775294117912417e-01
4.480190980392459443e-01
4.479875294117999784e-01
4.472381568627786796e-01
4.471842745098321137e-01
4.464662352941427548e-01
4.447166666666935719e-01
4.477878431372759316e-01
4.475916862745353830e-01
4.482362352941530181e-01
4.479663529412102330e-01
4.475088627451295764e-01
4.474967058823778876e-01
4.460900392157144956e-01
4.443923137255105238e-01
4.475872156863014428e-01
4.473314901961099044e-01
4.477809803921824483e-01
4.477101176470932864e-01
4.470818431372891033e-01
4.470026666667037407e-01
4.456743921568877553e-01
4.444912156862984021e-01
4.476361960784643323e-01
4.471150980392451513e-01
4.476083921568995150e-01
4.477289019608177711e-01
4.468894901961126265e-01
4.462134509804229765e-01
4.455734509804201160e-01
4.447509411764979381e-01
4.477864313725763434e-01
4.473416078431630694e-01
4.475941960784626250e-01
4.474822745098282484e-01
4.467708235294492458e-01
4.463505882353272503e-01
4.453560784314055665e-01
4.441410196078781625e-01
3.999424705882944076e-01
3.994795686275119939e-01
3.996779607843683468e-01
3.994891764706473558e-01
3.984457647059402308e-01
3.970755294118248901e-01
3.961989019608446183e-01
3.949672156863316408e-01
4.007395294118177298e-01
4.002921568628062809e-01
4.001596078431959302e-01
3.998478039216225577e-01
3.986282352941791229e-01
3.973939607843745558e-01
3.967639215686887266e-01
3.956511372549564309e-01
4.005518823529953254e-01
4.000170980392747655e-01
3.999181568628025762e-01
3.993439215686861998e-01
3.983370588235904952e-01
3.976381176471195933e-01
3.974804313726065241e-01
3.959528235294753062e-01
4.002304313726077201e-01
3.994462352941703931e-01
3.995589019608478121e-01
3.993372549020243745e-01
3.984389411765286160e-01
3.982915686275092515e-01
3.976071372549637717e-01
3.959125882353601855e-01
3.999844705883007778e-01
3.993651764706487861e-01
3.997218823529998244e-01
3.992214117647642779e-01
3.986829803922172233e-01
3.984815294118219109e-01
3.971604705882894049e-01
3.954557647059467884e-01
3.997845882353560087e-01
3.991915686275017694e-01
3.993254509804515795e-01
3.989947058824118153e-01
3.982890980392722047e-01
3.980599215686836390e-01
3.967681176471143378e-01
3.955783529412396637e-01
3.997803921569236807e-01
3.990775294118200645e-01
3.992709411765331118e-01
3.992115686275152786e-01
3.982370196079035862e-01
3.974304705882978905e-01
3.967360000000679232e-01
3.958336078432048155e-01
3.998586274510373961e-01
3.993740784314284697e-01
3.994826274510390740e-01
3.991271372549630714e-01
3.983191372549572673e-01
3.976509803922181341e-01
3.967045490196727808e-01
3.954905490196750639e-01
