(60000, 784)
(60000, 1)
6.50042064525
Our initial cost value is 6.50042.
6.50042064525
3.67065462713
3.35461467481
3.48155879929
3.26442182939
3.24293553369
3.20720610596
3.17824740272
3.16238003837
3.06962659627
2.79076887502
2.50944158937
2.3555761948
2.25790287281
2.13678754156
1.97618661898
1.86786425975
1.72227501588
1.66384646243
1.60855283874
1.54282049659
1.44253507759
1.36565145264
1.30832020613
1.26547393384
1.22451697466
1.15819018385
1.0850628434
1.01272842878
0.978695738918
0.942920129616
0.92136154995
0.880671300726
0.853639183796
0.81904087277
0.807187003496
0.791133756915
0.779125235389
0.752202714666
0.743125678825
0.722816450224
0.715465337975
0.697926328816
0.690545093988
0.670043770194
0.664131168478
0.658035168968
0.646577983764
0.63956770047
0.626312089562
0.62204360293
0.610398269049
0.607160131443
0.601745978073
0.59416266057
0.590980262015
0.582790046623
0.580733332189
0.575425264211
0.57381655775
0.569371365206
0.56832511455
0.566248809119
0.563474430582
0.559853375693
0.55617340062
0.55376544661
0.546587664417
0.543057238107
0.540648287053
0.535138781502
0.533611107642
0.529112789029
0.527228340969
0.524432448258
0.519324568604
0.517372341455
0.512494151153
0.510428710014
0.505920336232
0.504531399619
0.501084165645
0.500315571937
0.498016853166
0.496876560333
0.49479749323
0.489293073448
0.486213097607
0.480544234607
0.477889899013
0.473182081628
0.470970320451
0.466041244942
0.463975670068
0.460173075672
0.458621559134
0.455293473768
0.453765644695
0.450146673977
0.448792275413
0.445958060088
0.444890725358
0.44192272515
0.441002482784
0.438876135925
0.432878088399
0.430829685391
0.423841532261
0.40450938198
0.400453373029
0.394563564421
0.38389855948
0.380330914461
0.375870764385
0.374112870121
0.372115974344
0.371083120773
0.36924765324
0.368114305467
0.365891072678
0.364856857208
0.362137857815
0.361465629798
0.359658225755
0.359123074368
0.357726424115
0.357325912685
0.35599509495
0.354566729919
0.353601552227
0.352020201062
0.350916036006
0.348635822422
0.34748710357
0.344548569352
0.344099168822
0.342986727281
0.342778694809
0.342230876572
0.342042110044
0.341417377499
0.340774753296
0.340257471298
0.33911475092
0.338518849073
0.337487288882
0.336892854351
0.335292481964
0.334894307432
0.334146718968
0.333959302353
0.333484947313
0.333284055674
0.332694216008
0.332440617224
0.332170488345
0.331322400889
0.330744210202
0.329912360626
0.327706568994
0.32718588725
0.32586073774
0.325520269283
0.324484636776
0.323901148233
0.323218223492
0.322496840934
0.32226793026
0.321982486303
0.321782187176
0.321165374224
0.320793057637
0.320458092478
0.31961489344
0.319428453151
0.319024714951
0.31879186841
0.31817590698
0.318016590869
0.317576351813
0.317457037515
0.317156704915
0.316749713239
0.316168803201
0.31514128441
0.314439237121
0.313361469442
0.312759250897
0.311249911121
0.310412612476
0.308690137391
0.308327684348
0.307554588393
0.306941221741
0.305341545358
0.30477814541
0.303809683161
0.303187850673
0.302203548463
0.301074347051
0.2987725498
0.297010794543
0.294583474678
0.293311280182
0.291387289122
0.289877556651
0.287175197761
0.284823513495
0.282122594237
0.280501049632
0.276751043538
0.274906864705
0.273823672673
0.273141224946
0.271591852406
0.27089388445
0.270524209683
0.270159566515
0.269532195568
0.269270645454
0.269013892842
0.268682577778
0.268065016559
0.267804470587
0.267302461202
0.266936840604
0.266354618055
0.265888280562
0.264971845718
0.264369102854
0.263122173058
0.262255266718
0.261140298571
0.260348630993
0.258376673036
0.257490093258
0.256822336724
0.256267767586
0.255435800766
0.255028572004
0.254678941099
0.254301754577
0.253834169014
0.253602930912
0.253237855366
0.252999161518
0.252672812514
0.25235357687
0.2517745659
0.251454764093
0.250770558525
0.250255896597
0.249611469376
0.249224836252
0.248292473467
0.247793686179
0.247187061628
0.246741466789
0.246222179902
0.245803236421
0.245267974814
0.244843113685
0.24441457217
0.24401090677
0.243327751817
0.24298155223
0.242454888674
0.241855193995
0.240939196004
0.240486259028
0.239531319501
0.238767599066
0.237986290193
0.237522732538
0.236414236667
0.235848701324
0.2353056059
0.234803928668
0.234159568606
0.233794969212
0.233450023756
0.233077273719
0.232683755848
0.232454877877
0.232108643105
0.231878436869
0.231578108065
0.231289534943
0.230873972354
0.230595944055
0.22998982413
0.229643147396
0.229318474562
0.229036828843
0.22848080862
0.228170725041
0.227851456426
0.227460504562
0.226823045003
0.226519462288
0.226157929433
0.225775944716
0.225287721904
0.224896445411
0.224321691466
0.223984130643
0.223392596292
0.222719713025
0.221845218922
0.221359348891
0.220398326318
0.219566048729
0.218732796485
0.218226068987
0.217411490484
0.216717949959
0.215313707453
0.214120681939
0.213034417592
0.212346415855
0.210762188787
0.20995686376
0.209209121756
0.208532614896
0.207940923386
0.207480054007
0.207029167833
0.206561051376
0.206181506715
0.205893106189
0.205612208664
0.205402713066
0.205077585933
0.204755426295
0.204517114077
0.204330957844
