(60000, 784)
(60000, 1)
6.88654009779
Our initial cost value is 6.88654.
6.88654009779
3.45718262815
3.24416931727
3.22570995346
3.21734691752
3.16656776757
3.05800758675
2.88661552993
2.42460083554
2.21115644185
2.10232099179
1.98416647153
1.82729171153
1.78913089515
1.73524951821
1.66252150672
1.51443062439
1.44746522593
1.39256677935
1.34276347142
1.23020353376
1.18266550903
1.13233003752
1.10776163748
1.06320796782
1.01977008998
0.942322520105
0.90483364361
0.862866853159
0.830508525316
0.790339801322
0.770806908488
0.735335012834
0.721968996561
0.708231676184
0.699811189203
0.677095366169
0.669772960577
0.658658567981
0.65402740967
0.641864148181
0.636684502396
0.627812570201
0.624498943871
0.616093547185
0.612454407304
0.60482330044
0.602364745778
0.595928850569
0.592973387018
0.585157363367
0.582850359846
0.57681785684
0.573831941807
0.564443766906
0.557747052315
0.549471326853
0.540757155504
0.528181207061
0.516466660165
0.510313494484
0.506255180949
0.504148919041
0.500275198736
0.49814537657
0.493360626331
0.490554589102
0.484300337821
0.482042487952
0.475721778452
0.473639948286
0.470968175691
0.464889550283
0.462012237304
0.456979102553
0.455957890002
0.453243821971
0.451981892806
0.449255771479
0.448187051524
0.44551960032
0.444497574986
0.441530177969
0.440394344819
0.439152009229
0.435900240525
0.434289712309
0.431650064675
0.431025476398
0.429307444195
0.428874790375
0.427089576142
0.422560152396
0.420638084804
0.41808899427
0.417468837315
0.416274965694
0.415500303577
0.41358171953
0.412881086281
0.411417107097
0.410871617075
0.409175040668
0.408074362692
0.406918645498
0.403718990751
0.402867068617
0.399621495869
0.391404552121
0.388717170762
0.384151313833
0.38267036507
0.380366238309
0.37923671773
0.376816740604
0.376086787203
0.374789679996
0.374283045258
0.373051610035
0.372705198758
0.372036368842
0.371750587391
0.370945992421
0.37068209303
0.370257447867
0.369031462951
0.368560810638
0.3678238847
0.365871977753
0.365329965555
0.364061711129
0.363673789489
0.362624819262
0.36238862306
0.36172148205
0.361499664374
0.361048267568
0.360388868704
0.359794072523
0.358965368601
0.358428730678
0.357283427995
0.356814377855
0.355485613208
0.355031041771
0.354477168077
0.353461954231
0.352824500367
0.351634143287
0.351089527786
0.349387280219
0.348229983672
0.347100875612
0.343617719102
0.34143381056
0.338413089429
0.332645404961
0.330816406145
0.326023039647
0.324809359201
0.322337617193
0.321403744069
0.319512850466
0.319087561374
0.318394886187
0.318176733417
0.317661385144
0.317455149186
0.316900857559
0.31674793394
0.316362481029
0.316227976398
0.315846058318
0.315716688165
0.315483491806
0.315095496666
0.314756942923
0.314338511759
0.313982854518
0.312904483927
0.312297630623
0.311770817456
0.310885628944
0.310603838521
0.309999341955
0.309599319133
0.30851464703
0.308243119687
0.307542488133
0.307389199503
0.306989829327
0.306890806741
0.306581954326
0.306377261189
0.306154221895
0.305744438044
0.305270347748
0.304022758239
0.303540846558
0.302619277657
0.302084478324
0.300743781512
0.30036246836
0.300019689879
0.299851203283
0.299615731861
0.29949723238
0.29922289256
0.299089215621
0.298795788907
0.298672410517
0.298284462913
0.298012039014
0.297625229462
0.296787456807
0.29632503109
0.295265306615
0.29476982979
0.293938418704
0.293714607784
0.293294873223
0.292949803648
0.291884939172
0.291258107162
0.290352250026
0.288664666579
0.28787620193
0.285907448383
0.284695482578
0.281900740438
0.281417587607
0.280267914576
0.279948625295
0.279089438561
0.278864451526
0.278273429109
0.278115328037
0.27764582842
0.277422532278
0.277068635087
0.276512174929
0.275999552045
0.275426028163
0.275037280274
0.274257491671
0.273976746457
0.273343621763
0.273111156648
0.272649622798
0.272524628254
0.272285712834
0.272167537391
0.271857099253
0.271715660587
0.271349978782
0.271243481459
0.270976274071
0.270904653223
0.270713470752
0.270629840719
0.270359339539
0.270125593701
0.269926395679
0.269578304883
0.269159640562
0.268113560378
0.267546285321
0.266197713359
0.265826761334
0.264990328559
0.264671469093
0.263917262895
0.263694770723
0.263179260485
0.262995477809
0.262411810088
0.261973104049
0.26147128941
0.260638896184
0.259991670779
0.258726151238
0.258282182224
0.257416244825
0.256961695437
0.255931192899
0.255496166351
0.25464216737
0.254320549003
0.253699733087
0.253477774854
0.252896893156
0.252686495456
0.252347507755
0.252167553669
0.251858742992
0.251700144339
0.251470681446
0.251305143445
0.251063766773
0.250952940943
0.250748171628
0.250628420993
0.250357597268
0.250245591254
0.250071033305
0.249995023163
0.249853492482
0.249732147029
0.249406815082
0.249280038204
0.249074783091
0.248948266911
0.248747549212
0.248566117844
0.248383722347
0.248187510547
0.247819589647
0.247688043764
0.247437036988
0.247270705537
0.2470160796
0.246840355601
0.246373689441
0.246190421898
0.246020351058
0.245934070628
0.245757547151
0.24560692139
0.245393771709
0.245239029741
0.244993388146
0.244836545815
0.244567860308
0.244322222943
0.243813490811
0.243541331228
0.243126169802
