(40000, 784)
(40000, 1)
7.20141488863
Our initial cost value is 7.20141.
7.20141488863
3.45275368278
3.25977949541
3.24579768493
3.2060132565
3.19099493659
3.12502622371
3.06850464463
2.85313307482
2.90274305489
2.66178003079
2.44896983223
2.30996431931
2.08875415362
1.95914718155
1.81903605129
1.64956298373
1.57771253758
1.50623245187
1.45061086915
1.36551449001
1.32726229442
1.24605054718
1.22334178456
1.17801302051
1.15875232238
1.11156673995
1.09589141323
1.05392510214
1.04388194395
1.01584644506
1.00625083983
0.984589096938
0.934922793291
0.908109005617
0.872917621767
0.861394412264
0.839298493211
0.830012242213
0.806440607537
0.800102464502
0.785061980792
0.781496708461
0.770115751122
0.761295318269
0.749663235184
0.722598178491
0.707787393806
0.684637395709
0.67659293401
0.664154458043
0.659472121767
0.648680464636
0.644738674472
0.635907495165
0.633954105
0.628977498878
0.62691875279
0.620008829761
0.612119896318
0.606432997355
0.593317777765
0.586474428275
0.577748736891
0.574410253448
0.567102681685
0.565088737608
0.560571821065
0.559318331635
0.555722348312
0.554401677251
0.552344994692
0.54621702189
0.543264738065
0.540790937661
0.535742929854
0.533891073752
0.52946905007
0.52835202658
0.524496865756
0.518721038167
0.515993646016
0.510758492333
0.508524950907
0.504407026759
0.503010023903
0.498973063954
0.497416115214
0.494699859278
0.487606625832
0.485717618954
0.480971090414
0.480529164633
0.47933046305
0.478902878309
0.477683632784
0.477238706335
0.476382620532
0.474319219719
0.47346479239
0.472187321635
0.471357017091
0.468999772435
0.468209157124
0.467277050726
0.465521618464
0.464491089333
0.461205065514
0.458650291543
0.456343047406
0.450834688599
0.448711345615
0.443241056841
0.442230498818
0.440150028889
0.439362939819
0.437557310793
0.43715021033
0.435917169973
0.435257538264
0.434280866285
0.432125981166
0.43114025694
0.428522672323
0.427720769376
0.426086369873
0.425611821282
0.424320903109
0.424010220831
0.423174186767
0.420867714362
0.420340835105
0.417894253078
0.411642747311
0.409524640797
0.40516067909
0.403438558814
0.39991508421
0.399187613907
0.39700621829
0.395956938877
0.395135001445
0.394155659362
0.393458919986
0.391574222521
0.391148048645
0.389943720272
0.389559161578
0.388979597833
0.388053114888
0.387577748816
0.386671676505
0.386275565516
0.385123533709
0.384661672061
0.384189149751
0.38288281434
0.382540099549
0.381219502132
0.378112375837
0.376687671934
0.373254892619
0.372306595319
0.370872053221
0.370233236136
0.369125679429
0.36865505663
0.368080329173
0.367667505447
0.366622908236
0.366233741211
0.365611532747
0.365346511462
0.36467965858
0.364269810012
0.363446234834
0.363112929285
0.362126333448
0.361671344457
0.360612238294
0.357893544595
0.356457558634
0.353684599596
0.352575317676
0.350415057875
0.349249454732
0.346910372823
0.345765326707
0.343616787666
0.342707207078
0.340156216395
0.339361701032
0.337177089606
0.334854798226
0.333357430648
0.329840353256
0.328350022597
0.326469645297
0.325856223571
0.324955024971
0.324420574705
0.323694209108
0.323119088297
0.321779733353
0.321445483269
0.321028025464
0.320800272196
0.320361947086
0.320095548817
0.319546778311
0.319243081816
0.318497814126
0.31827435384
0.317777951909
0.317495303243
0.316774403143
0.316518888297
0.315861142578
0.31560616665
0.314919457518
0.314696415078
0.314116792631
0.31380663853
0.312801194746
0.311917732965
0.311144045565
0.309749921249
0.307613734317
0.302243063775
0.300219290875
0.297379451176
0.295765282446
0.293113088023
0.292100188238
0.291101954419
0.290501844299
0.289607334553
0.289279276835
0.288900019805
0.288655328383
0.288175900075
0.287998135234
0.287529128782
0.287355940534
0.286966015042
0.286818612176
0.286412489541
0.286306826015
0.286026341056
0.285751174085
0.285297669965
0.28435932696
0.283762666718
0.283152935862
0.282951330718
0.282532524237
0.282316385737
0.281895930822
0.281676415881
0.281362564253
0.281117288503
0.280481151797
0.280212917962
0.279878425632
0.279661909817
0.27936782378
0.279154809779
0.278812362971
0.278477865095
0.277848075195
0.277579028024
0.277217440444
0.276884239632
0.276060012259
0.275665388323
0.275278427457
0.275105864341
0.27472244495
0.274328610023
0.273585577766
0.273220039262
0.272295543527
0.271703415273
0.271006022313
0.27062211311
0.269381966876
0.268360821976
0.266338107772
0.264450493334
0.263274066632
0.260569927214
0.259212770752
0.257351388316
0.256991224812
0.256187341134
0.255845087037
0.25517102032
0.254792375526
0.254050027634
0.253793409974
0.25325442066
0.252935520872
0.252163792194
0.251896687198
0.251253628518
0.251021650576
0.250613853381
0.250428850184
0.250124700193
0.249787431323
0.249041459826
0.248678041863
0.248259432263
0.24799305714
0.247684133261
0.247526807662
0.247315550821
0.247134760342
0.246918828972
0.246792836777
0.246538194191
0.246352506293
0.245976099133
0.245804428991
0.245554215847
0.245342290245
0.244716094436
0.244429924711
0.243720685627
0.242884747555
0.242421936481
0.241730485695
0.241269579874
0.240522357486
0.240150241784
0.2398408904
0.239586392648
0.238982926792
0.238726641092
0.238228263891
0.237892071716
0.237291899324
0.236927140274
0.236259940848
0.235795755134
0.234833364477
0.234448987014
0.234158672543
0.233940379866
0.233475175287
0.23330464735
0.23309171467
0.232862322372
0.232348580591
0.232125445714
0.231894408087
0.231719368152
0.231433432024
0.231222659911
0.230939151141
0.230764707117
0.230547207176
0.230388803292
0.230201865493
0.230078482351
0.229821871875
0.229686083209
0.229562576019
0.229467907049
0.229186067394
0.229053346216
0.228761186608
0.228275143064
0.227860321148
0.227147211829
0.226732615705
0.226106740808
0.225886143755
0.225696095026
0.225482161521
0.225080149197
0.224924930254
0.224697699038
0.224500023446
0.224004826045
0.223762695187
0.22352305176
0.223405572392
0.22309368952
0.222905175761
0.222730996887
0.222632443553
0.222369956654
0.222208158052
0.222048767135
0.221968768063
0.221762248629
0.221601721843
0.221385101145
0.221286590432
0.221002917184
0.220892984142
0.22049384653
0.219910315681
0.219643425538
0.219215848429
0.218991417114
0.218714774346
0.218571650039
0.218299112521
0.218132062663
0.217860471512
0.217677079556
0.217220296493
0.21703149535
0.216813871339
0.216717563402
0.216523342281
0.216360701285
0.216019755957
0.215847411497
0.215508378563
0.215318501722
0.214931476409
0.214743595738
0.214420085999
0.214197779614
0.213830258502
0.213622443631
0.213344719092
0.213135545588
0.212835808952
0.212658890384
0.212294142244
0.212088607922
0.211779475075
0.211591583727
0.211203698704
0.210980818191
0.210664223281
0.210470747943
0.210113892548
0.209897508612
0.20957598268
0.209363005605
0.209037726214
0.208832695647
0.208486445157
0.208266009678
0.207912948667
0.207704904841
0.207407473146
0.207201505385
0.206859374009
0.206688681708
0.206446220313
0.206239435923
0.205825136002
0.205639776187
0.205397029185
0.20523541972
0.204926491746
0.204728659135
0.204429542754
0.204243951092
0.203959040282
0.203747592934
0.203372874044
0.203174162516
0.202896968973
0.202687521617
0.202370212028
0.202177739321
0.20183124004
0.201605629054
0.201335017114
0.201156641097
0.200797908301
0.200602806089
0.200410357739
0.200290060078
0.199974371977
0.199807967337
0.199642167651
0.199563867116
0.19937690258
0.199203492459
0.198909672644
0.198765708664
0.198534471885
0.198316043922
0.198056968696
